Building DAG of jobs...
Using shell: /usr/bin/bash
Provided cores: 2
Rules claiming more threads will be scaled down.
Singularity containers: ignored
Job stats:
job          count    min threads    max threads
---------  -------  -------------  -------------
all              1              1              1
heudiconv        3              1              1
total            4              1              1

Select jobs to execute...

[Tue Oct  4 17:13:33 2022]
rule heudiconv:
    output: bids/sub-ctrl18/ses-a/anat/sub-ctrl18_ses-a_run-001_T1w.nii.gz, bids/sub-ctrl18/ses-a/anat/sub-ctrl18_ses-a_run-001_T1w.json, bids/sub-ctrl18/ses-a/func/sub-ctrl18_ses-a_task-rest_run-001_bold.nii.gz, bids/sub-ctrl18/ses-a/func/sub-ctrl18_ses-a_task-rest_run-001_bold.json, bids/sub-ctrl18/ses-a/func/sub-ctrl18_ses-a_task-rest_run-001_events.tsv
    jobid: 3
    wildcards: cohort=ctrl1, subject=8, session=a
    resources: tmpdir=/tmp


[Tue Oct  4 17:13:33 2022]
rule heudiconv:
    output: bids/sub-control17/ses-tbd/anat/sub-control17_ses-tbd_run-001_T1w.nii.gz, bids/sub-control17/ses-tbd/anat/sub-control17_ses-tbd_run-001_T1w.json, bids/sub-control17/ses-tbd/func/sub-control17_ses-tbd_task-rest_run-001_bold.nii.gz, bids/sub-control17/ses-tbd/func/sub-control17_ses-tbd_task-rest_run-001_bold.json, bids/sub-control17/ses-tbd/func/sub-control17_ses-tbd_task-rest_run-001_events.tsv
    jobid: 1
    wildcards: cohort=control1, subject=7, session=tbd
    resources: tmpdir=/tmp

Waiting at most 5 seconds for missing files.
MissingOutputException in line 56 of /home/jpmcgeown/github/fmri_workflow/Snakefile:
Job Missing files after 5 seconds:
bids/sub-control17/ses-tbd/anat/sub-control17_ses-tbd_run-001_T1w.nii.gz
bids/sub-control17/ses-tbd/anat/sub-control17_ses-tbd_run-001_T1w.json
bids/sub-control17/ses-tbd/func/sub-control17_ses-tbd_task-rest_run-001_bold.nii.gz
bids/sub-control17/ses-tbd/func/sub-control17_ses-tbd_task-rest_run-001_bold.json
bids/sub-control17/ses-tbd/func/sub-control17_ses-tbd_task-rest_run-001_events.tsv
This might be due to filesystem latency. If that is the case, consider to increase the wait time with --latency-wait.
Job id: 1 completed successfully, but some output files are missing. 1
Waiting at most 5 seconds for missing files.
MissingOutputException in line 56 of /home/jpmcgeown/github/fmri_workflow/Snakefile:
Job Missing files after 5 seconds:
bids/sub-control17/ses-tbd/anat/sub-control17_ses-tbd_run-001_T1w.nii.gz
bids/sub-control17/ses-tbd/anat/sub-control17_ses-tbd_run-001_T1w.json
bids/sub-control17/ses-tbd/func/sub-control17_ses-tbd_task-rest_run-001_bold.nii.gz
bids/sub-control17/ses-tbd/func/sub-control17_ses-tbd_task-rest_run-001_bold.json
bids/sub-control17/ses-tbd/func/sub-control17_ses-tbd_task-rest_run-001_events.tsv
This might be due to filesystem latency. If that is the case, consider to increase the wait time with --latency-wait.
Job id: 1 completed successfully, but some output files are missing. 1
