Building DAG of jobs...
Using shell: /usr/bin/bash
Provided cores: 2
Rules claiming more threads will be scaled down.
Singularity containers: ignored
Job stats:
job          count    min threads    max threads
---------  -------  -------------  -------------
all              1              1              1
heudiconv        3              1              1
total            4              1              1

Select jobs to execute...

[Wed Oct  5 17:40:35 2022]
rule heudiconv:
    input: scan_list.csv
    output: bids/sub-control17/ses-a/anat/sub-control17_ses-a_run-001_T1w.nii.gz, bids/sub-control17/ses-a/anat/sub-control17_ses-a_run-001_T1w.json, bids/sub-control17/ses-a/func/sub-control17_ses-a_task-rest_run-001_bold.nii.gz, bids/sub-control17/ses-a/func/sub-control17_ses-a_task-rest_run-001_bold.json, bids/sub-control17/ses-a/func/sub-control17_ses-a_task-rest_run-001_events.tsv
    jobid: 4
    wildcards: cohort=control1, subject=7, session=a
    resources: tmpdir=/tmp


[Wed Oct  5 17:40:35 2022]
rule heudiconv:
    input: scan_list.csv
    output: bids/sub-control19/ses-a/anat/sub-control19_ses-a_run-001_T1w.nii.gz, bids/sub-control19/ses-a/anat/sub-control19_ses-a_run-001_T1w.json, bids/sub-control19/ses-a/func/sub-control19_ses-a_task-rest_run-001_bold.nii.gz, bids/sub-control19/ses-a/func/sub-control19_ses-a_task-rest_run-001_bold.json, bids/sub-control19/ses-a/func/sub-control19_ses-a_task-rest_run-001_events.tsv
    jobid: 3
    wildcards: cohort=control1, subject=9, session=a
    resources: tmpdir=/tmp

Waiting at most 5 seconds for missing files.
Terminating processes on user request, this might take some time.
Complete log: /home/jpmcgeown/github/fmri_workflow/.snakemake/log/2022-10-05T174035.328797.snakemake.log
