Building DAG of jobs...
Using shell: /usr/bin/bash
Provided cores: 2
Rules claiming more threads will be scaled down.
Job stats:
job                 count    min threads    max threads
----------------  -------  -------------  -------------
all                     1              1              1
tidy_and_compile        1              1              1
total                   2              1              1

Select jobs to execute...

[Wed Oct  5 17:10:50 2022]
rule tidy_and_compile:
    output: scan_list.csv
    jobid: 1
    resources: tmpdir=/tmp

[Wed Oct  5 17:10:50 2022]
Finished job 1.
1 of 2 steps (50%) done
Select jobs to execute...

[Wed Oct  5 17:10:50 2022]
localrule all:
    input: scan_list.csv
    jobid: 0
    resources: tmpdir=/tmp

[Wed Oct  5 17:10:50 2022]
Finished job 0.
2 of 2 steps (100%) done
Complete log: /home/jpmcgeown/github/fmri_workflow/.snakemake/log/2022-10-05T171050.029864.snakemake.log
