Building DAG of jobs...
Using shell: /usr/bin/bash
Provided cores: 2
Rules claiming more threads will be scaled down.
Job stats:
job                 count    min threads    max threads
----------------  -------  -------------  -------------
all                     1              1              1
tidy_and_compile        1              1              1
total                   2              1              1

Select jobs to execute...

[Thu Oct  6 17:47:07 2022]
rule tidy_and_compile:
    output: scans.txt
    jobid: 1
    resources: tmpdir=/tmp

[Thu Oct  6 17:47:08 2022]
Error in rule tidy_and_compile:
    jobid: 1
    output: scans.txt
    shell:
        python ./scripts/prep_data.py /home/jpmcgeown/github/fmri_workflow /home/jpmcgeown/data/fmri Conc_20Ntb14_ .zip; touch scans.txt
        (one of the commands exited with non-zero exit code; note that snakemake uses bash strict mode!)

Shutting down, this might take some time.
Exiting because a job execution failed. Look above for error message
Complete log: /home/jpmcgeown/github/fmri_workflow/.snakemake/log/2022-10-06T174707.624947.snakemake.log
