Building DAG of jobs...
Using shell: /usr/bin/bash
Provided cores: 2
Rules claiming more threads will be scaled down.
Job stats:
job                 count    min threads    max threads
----------------  -------  -------------  -------------
all                     1              1              1
tidy_and_compile        1              1              1
total                   2              1              1

Select jobs to execute...

[Thu Oct  6 17:54:08 2022]
rule tidy_and_compile:
    output: scans.txt
    jobid: 1
    resources: tmpdir=/tmp

[Thu Oct  6 17:54:08 2022]
Finished job 1.
1 of 2 steps (50%) done
Select jobs to execute...

[Thu Oct  6 17:54:08 2022]
localrule all:
    input: scans.txt
    jobid: 0
    resources: tmpdir=/tmp

Removing temporary output file scans.txt.
[Thu Oct  6 17:54:08 2022]
Finished job 0.
2 of 2 steps (100%) done
Complete log: /home/jpmcgeown/github/fmri_workflow/.snakemake/log/2022-10-06T175407.888059.snakemake.log
