Building DAG of jobs...
Using shell: /usr/bin/bash
Provided cores: 2
Rules claiming more threads will be scaled down.
Job stats:
job                 count    min threads    max threads
----------------  -------  -------------  -------------
all                     1              1              1
tidy_and_compile        1              1              1
total                   2              1              1

Select jobs to execute...

[Wed Oct  5 16:57:28 2022]
rule tidy_and_compile:
    output: scan_list.csv
    jobid: 1
    resources: tmpdir=/tmp

[Wed Oct  5 16:57:34 2022]
Error in rule tidy_and_compile:
    jobid: 1
    output: scan_list.csv
    shell:
        bash ./scripts/unzip_and_tidy.sh /home/data/fmri /home/jpmcgeown/github/fmri_workflow ;         python ./scripts/tidying.py /home/data/fmri Conc_20Ntb14_ /home/jpmcgeown/github/fmri_workflow
        (one of the commands exited with non-zero exit code; note that snakemake uses bash strict mode!)

Shutting down, this might take some time.
Exiting because a job execution failed. Look above for error message
Complete log: /home/jpmcgeown/github/fmri_workflow/.snakemake/log/2022-10-05T165728.488979.snakemake.log
