Building DAG of jobs...
Using shell: /usr/bin/bash
Provided cores: 2
Rules claiming more threads will be scaled down.
Singularity containers: ignored
Job stats:
job          count    min threads    max threads
---------  -------  -------------  -------------
all              1              1              1
heudiconv        3              1              1
total            4              1              1

Select jobs to execute...

[Wed Oct  5 18:18:38 2022]
rule heudiconv:
    input: scan_list.csv
    output: bids/sub-control_17/ses-a/anat/sub-control_17_ses-a_run-001_T1w.nii.gz
    jobid: 4
    wildcards: cohort=control, subject=17, session=a
    resources: tmpdir=/tmp


[Wed Oct  5 18:18:38 2022]
rule heudiconv:
    input: scan_list.csv
    output: bids/sub-control_19/ses-a/anat/sub-control_19_ses-a_run-001_T1w.nii.gz
    jobid: 3
    wildcards: cohort=control, subject=19, session=a
    resources: tmpdir=/tmp

Waiting at most 5 seconds for missing files.
MissingOutputException in line 71 of /home/jpmcgeown/github/fmri_workflow/Snakefile:
Job Missing files after 5 seconds:
bids/sub-control_19/ses-a/anat/sub-control_19_ses-a_run-001_T1w.nii.gz
This might be due to filesystem latency. If that is the case, consider to increase the wait time with --latency-wait.
Job id: 3 completed successfully, but some output files are missing. 3
Waiting at most 5 seconds for missing files.
MissingOutputException in line 71 of /home/jpmcgeown/github/fmri_workflow/Snakefile:
Job Missing files after 5 seconds:
bids/sub-control_19/ses-a/anat/sub-control_19_ses-a_run-001_T1w.nii.gz
This might be due to filesystem latency. If that is the case, consider to increase the wait time with --latency-wait.
Job id: 3 completed successfully, but some output files are missing. 3
