Building DAG of jobs...
Using shell: /usr/bin/bash
Provided cores: 2
Rules claiming more threads will be scaled down.
Select jobs to execute...

[Sat Dec 10 07:32:15 2022]
rule heudiconv:
    input: /nesi/nobackup/uoa03264/fMRIpipeline_data/processed_test_josh/tidy/sub_rugby1/ses_b/.completed
    output: /nesi/nobackup/uoa03264/fMRIpipeline_data/processed_test_josh/bids/sub-rugby1/ses-b, /nesi/nobackup/uoa03264/fMRIpipeline_data/processed_test_josh/bids/.heudiconv/rugby1/ses-b
    jobid: 0
    wildcards: resultsdir=/nesi/nobackup/uoa03264/fMRIpipeline_data/processed_test_josh, subject=rugby1, session=b
    resources: mem_mb=4000, disk_mb=1000, tmpdir=/dev/shm/jobs/31863134, cpus=2, time_min=60, gpu=0

heudiconv --dicom_dir_template '/nesi/nobackup/uoa03264/fMRIpipeline_data/processed_test_josh/tidy/sub_{subject}/ses_{session}/*/*' --outdir /nesi/nobackup/uoa03264/fMRIpipeline_data/processed_test_josh/bids --heuristic scripts/heuristic.py --subjects rugby1 --ses b --converter dcm2niix --bids --overwrite
Activating singularity image /scale_wlg_persistent/filesets/project/uoa03264/fmri_workflow/.snakemake/singularity/10b2306ed15c5efc917232958423bfe6.simg
INFO: Running heudiconv version 0.11.4.post18+g1fe815b.d20221025 latest 0.11.6
INFO: Need to process 1 study sessions
INFO: PROCESSING STARTS: {'subject': 'rugby1', 'outdir': '/nesi/nobackup/uoa03264/fMRIpipeline_data/processed_test_josh/bids/', 'session': 'b'}
INFO: Processing 10700 dicoms
INFO: Analyzing 10700 dicoms
INFO: Generated sequence info for 2 studies with 10700 entries total
INFO: Doing conversion using dcm2niix
INFO: Converting /nesi/nobackup/uoa03264/fMRIpipeline_data/processed_test_josh/bids/sub-rugby1/ses-b/anat/sub-rugby1_ses-b_run-001_T1w (300 DICOMs) -> /nesi/nobackup/uoa03264/fMRIpipeline_data/processed_test_josh/bids/sub-rugby1/ses-b/anat . Converter: dcm2niix . Output types: ('nii.gz',)
221210-07:36:50,740 nipype.workflow INFO:
	 [Node] Setting-up "convert" in "/dev/shm/jobs/31863134/dcm2niixzs242t45/convert".
INFO: [Node] Setting-up "convert" in "/dev/shm/jobs/31863134/dcm2niixzs242t45/convert".
221210-07:36:50,897 nipype.workflow INFO:
	 [Node] Executing "convert" <nipype.interfaces.dcm2nii.Dcm2niix>
INFO: [Node] Executing "convert" <nipype.interfaces.dcm2nii.Dcm2niix>
221210-07:36:51,467 nipype.interface INFO:
	 stdout 2022-12-10T07:36:51.467488:Chris Rorden's dcm2niiX version v1.0.20220720  (JP2:OpenJPEG) (JP-LS:CharLS) GCC10.2.1 x86-64 (64-bit Linux)
INFO: stdout 2022-12-10T07:36:51.467488:Chris Rorden's dcm2niiX version v1.0.20220720  (JP2:OpenJPEG) (JP-LS:CharLS) GCC10.2.1 x86-64 (64-bit Linux)
221210-07:36:51,467 nipype.interface INFO:
	 stdout 2022-12-10T07:36:51.467488:Found 300 DICOM file(s)
INFO: stdout 2022-12-10T07:36:51.467488:Found 300 DICOM file(s)
221210-07:36:51,468 nipype.interface INFO:
	 stdout 2022-12-10T07:36:51.467488:Resolved discrepancy between tags (0020,1002; 0021,104F; 0054,0081)
INFO: stdout 2022-12-10T07:36:51.467488:Resolved discrepancy between tags (0020,1002; 0021,104F; 0054,0081)
221210-07:36:51,468 nipype.interface INFO:
	 stdout 2022-12-10T07:36:51.467488:Convert 300 DICOM as /nesi/nobackup/uoa03264/fMRIpipeline_data/processed_test_josh/bids/sub-rugby1/ses-b/anat/sub-rugby1_ses-b_run-001_T1w_heudiconv115 (512x512x300x1)
INFO: stdout 2022-12-10T07:36:51.467488:Convert 300 DICOM as /nesi/nobackup/uoa03264/fMRIpipeline_data/processed_test_josh/bids/sub-rugby1/ses-b/anat/sub-rugby1_ses-b_run-001_T1w_heudiconv115 (512x512x300x1)
221210-07:37:00,930 nipype.interface INFO:
	 stdout 2022-12-10T07:37:00.930659:Compress: "/usr/bin/pigz" -b 960 -n -f -6 "/nesi/nobackup/uoa03264/fMRIpipeline_data/processed_test_josh/bids/sub-rugby1/ses-b/anat/sub-rugby1_ses-b_run-001_T1w_heudiconv115.nii"
INFO: stdout 2022-12-10T07:37:00.930659:Compress: "/usr/bin/pigz" -b 960 -n -f -6 "/nesi/nobackup/uoa03264/fMRIpipeline_data/processed_test_josh/bids/sub-rugby1/ses-b/anat/sub-rugby1_ses-b_run-001_T1w_heudiconv115.nii"
221210-07:37:00,931 nipype.interface INFO:
	 stdout 2022-12-10T07:37:00.930659:Conversion required 9.945714 seconds (0.761503 for core code).
INFO: stdout 2022-12-10T07:37:00.930659:Conversion required 9.945714 seconds (0.761503 for core code).
221210-07:37:00,968 nipype.workflow INFO:
	 [Node] Finished "convert", elapsed time 9.999735s.
INFO: [Node] Finished "convert", elapsed time 9.999735s.
WARNING: Failed to find task field in /nesi/nobackup/uoa03264/fMRIpipeline_data/processed_test_josh/bids/sub-rugby1/ses-b/anat/sub-rugby1_ses-b_run-001_T1w.json.
221210-07:37:01,9 nipype.workflow INFO:
	 [Node] Setting-up "embedder" in "/dev/shm/jobs/31863134/embedmetadxpdnj0c/embedder".
INFO: [Node] Setting-up "embedder" in "/dev/shm/jobs/31863134/embedmetadxpdnj0c/embedder".
221210-07:37:01,64 nipype.workflow INFO:
	 [Node] Executing "embedder" <nipype.interfaces.utility.wrappers.Function>
INFO: [Node] Executing "embedder" <nipype.interfaces.utility.wrappers.Function>
/opt/miniconda-py39_4.12.0/lib/python3.9/site-packages/pydicom/valuerep.py:290: UserWarning: The value length (32) exceeds the maximum length of 16 allowed for VR SH.
  warnings.warn(msg)
221210-07:37:08,397 nipype.workflow INFO:
	 [Node] Finished "embedder", elapsed time 7.329123s.
INFO: [Node] Finished "embedder", elapsed time 7.329123s.
INFO: Post-treating /nesi/nobackup/uoa03264/fMRIpipeline_data/processed_test_josh/bids/sub-rugby1/ses-b/anat/sub-rugby1_ses-b_run-001_T1w.json file
INFO: Converting /nesi/nobackup/uoa03264/fMRIpipeline_data/processed_test_josh/bids/sub-rugby1/ses-b/func/sub-rugby1_ses-b_task-rest_run-001_bold (10400 DICOMs) -> /nesi/nobackup/uoa03264/fMRIpipeline_data/processed_test_josh/bids/sub-rugby1/ses-b/func . Converter: dcm2niix . Output types: ('nii.gz',)
221210-07:37:09,401 nipype.workflow INFO:
	 [Node] Setting-up "convert" in "/dev/shm/jobs/31863134/dcm2niixjyq6y0f7/convert".
INFO: [Node] Setting-up "convert" in "/dev/shm/jobs/31863134/dcm2niixjyq6y0f7/convert".
221210-07:37:15,762 nipype.workflow INFO:
	 [Node] Executing "convert" <nipype.interfaces.dcm2nii.Dcm2niix>
INFO: [Node] Executing "convert" <nipype.interfaces.dcm2nii.Dcm2niix>
221210-07:37:30,920 nipype.interface INFO:
	 stdout 2022-12-10T07:37:30.920595:Chris Rorden's dcm2niiX version v1.0.20220720  (JP2:OpenJPEG) (JP-LS:CharLS) GCC10.2.1 x86-64 (64-bit Linux)
INFO: stdout 2022-12-10T07:37:30.920595:Chris Rorden's dcm2niiX version v1.0.20220720  (JP2:OpenJPEG) (JP-LS:CharLS) GCC10.2.1 x86-64 (64-bit Linux)
221210-07:37:30,920 nipype.interface INFO:
	 stdout 2022-12-10T07:37:30.920595:Found 10400 DICOM file(s)
INFO: stdout 2022-12-10T07:37:30.920595:Found 10400 DICOM file(s)
221210-07:37:30,921 nipype.interface INFO:
	 stdout 2022-12-10T07:37:30.920595:Warning: Unable to determine slice times for early GE HyperBand.
INFO: stdout 2022-12-10T07:37:30.920595:Warning: Unable to determine slice times for early GE HyperBand.
221210-07:37:30,921 nipype.interface INFO:
	 stdout 2022-12-10T07:37:30.920595:Convert 10400 DICOM as /nesi/nobackup/uoa03264/fMRIpipeline_data/processed_test_josh/bids/sub-rugby1/ses-b/func/sub-rugby1_ses-b_task-rest_run-001_bold_heudiconv417 (64x64x52x200)
INFO: stdout 2022-12-10T07:37:30.920595:Convert 10400 DICOM as /nesi/nobackup/uoa03264/fMRIpipeline_data/processed_test_josh/bids/sub-rugby1/ses-b/func/sub-rugby1_ses-b_task-rest_run-001_bold_heudiconv417 (64x64x52x200)
221210-07:37:36,370 nipype.interface INFO:
	 stdout 2022-12-10T07:37:36.370136:Compress: "/usr/bin/pigz" -b 960 -n -f -6 "/nesi/nobackup/uoa03264/fMRIpipeline_data/processed_test_josh/bids/sub-rugby1/ses-b/func/sub-rugby1_ses-b_task-rest_run-001_bold_heudiconv417.nii"
INFO: stdout 2022-12-10T07:37:36.370136:Compress: "/usr/bin/pigz" -b 960 -n -f -6 "/nesi/nobackup/uoa03264/fMRIpipeline_data/processed_test_josh/bids/sub-rugby1/ses-b/func/sub-rugby1_ses-b_task-rest_run-001_bold_heudiconv417.nii"
221210-07:37:36,370 nipype.interface INFO:
	 stdout 2022-12-10T07:37:36.370136:Conversion required 20.560382 seconds (5.006020 for core code).
INFO: stdout 2022-12-10T07:37:36.370136:Conversion required 20.560382 seconds (5.006020 for core code).
221210-07:37:36,448 nipype.workflow INFO:
	 [Node] Finished "convert", elapsed time 20.681877s.
INFO: [Node] Finished "convert", elapsed time 20.681877s.
221210-07:37:36,940 nipype.workflow INFO:
	 [Node] Setting-up "embedder" in "/dev/shm/jobs/31863134/embedmetad4woyr1y/embedder".
INFO: [Node] Setting-up "embedder" in "/dev/shm/jobs/31863134/embedmetad4woyr1y/embedder".
221210-07:37:38,540 nipype.workflow INFO:
	 [Node] Executing "embedder" <nipype.interfaces.utility.wrappers.Function>
INFO: [Node] Executing "embedder" <nipype.interfaces.utility.wrappers.Function>
221210-07:42:41,633 nipype.workflow INFO:
	 [Node] Finished "embedder", elapsed time 303.091832s.
INFO: [Node] Finished "embedder", elapsed time 303.091832s.
INFO: Post-treating /nesi/nobackup/uoa03264/fMRIpipeline_data/processed_test_josh/bids/sub-rugby1/ses-b/func/sub-rugby1_ses-b_task-rest_run-001_bold.json file
INFO: Populating template files under /nesi/nobackup/uoa03264/fMRIpipeline_data/processed_test_josh/bids/
INFO: PROCESSING DONE: {'subject': 'rugby1', 'outdir': '/nesi/nobackup/uoa03264/fMRIpipeline_data/processed_test_josh/bids/', 'session': 'b'}
[Sat Dec 10 07:42:43 2022]
Finished job 0.
1 of 1 steps (100%) done
