Building DAG of jobs...
Using shell: /usr/bin/bash
Provided cores: 8
Rules claiming more threads will be scaled down.
Provided resources: mem_mb=25000, mem_mib=23842, disk_mb=1000, disk_mib=954, cpus=8, time_min=180, gpu=0
Select jobs to execute...

[Tue Mar 14 11:40:05 2023]
rule fmriprep:
    input: /nesi/nobackup/uoa03264/fMRIpipeline_data/processed_test_josh/bids/sub-control17/ses-a, /nesi/nobackup/uoa03264/fMRIpipeline_data/processed_test_josh/bids/derivatives/freesurfer_agg/sub-control17
    output: /nesi/nobackup/uoa03264/fMRIpipeline_data/processed_test_josh/bids/derivatives/fmriprep/sub-control17, /nesi/nobackup/uoa03264/fMRIpipeline_data/processed_test_josh/bids/derivatives/fmriprep/sub-control17.html
    jobid: 0
    reason: Missing output files: /nesi/nobackup/uoa03264/fMRIpipeline_data/processed_test_josh/bids/derivatives/fmriprep/sub-control17, /nesi/nobackup/uoa03264/fMRIpipeline_data/processed_test_josh/bids/derivatives/fmriprep/sub-control17.html
    wildcards: resultsdir=/nesi/nobackup/uoa03264/fMRIpipeline_data/processed_test_josh, subject=control17
    threads: 8
    resources: mem_mb=25000, mem_mib=23842, disk_mb=1000, disk_mib=954, tmpdir=/dev/shm/jobs/33427792, cpus=8, time_min=180, gpu=0

fmriprep /nesi/nobackup/uoa03264/fMRIpipeline_data/processed_test_josh/bids /nesi/nobackup/uoa03264/fMRIpipeline_data/processed_test_josh/bids/derivatives/fmriprep participant --participant-label control17 --skip-bids-validation --md-only-boilerplate --fs-subjects-dir /nesi/nobackup/uoa03264/fMRIpipeline_data/processed_test_josh/bids/derivatives/freesurfer_agg --output-spaces MNI152NLin2009cAsym:res-2 --stop-on-first-crash --low-mem --mem-mb 25000 --nprocs 8 -w /nesi/nobackup/uoa03264/fMRIpipeline_data/processed_test_josh/work --fs-license-file ./license.txt
Activating singularity image /scale_wlg_persistent/filesets/project/uoa03264/fmri_workflow/.snakemake/singularity/8ba2e11db7a36df6ed76807c131c9dc5.simg
You are using fMRIPrep-22.0.2, and a newer version of fMRIPrep is available: 22.1.1.
Please check out our documentation about how and when to upgrade:
https://fmriprep.readthedocs.io/en/latest/faq.html#upgrading
230313-22:40:25,64 nipype.workflow IMPORTANT:
	 Running fMRIPrep version 22.0.2

         License NOTICE ##################################################
         fMRIPrep 22.0.2
         Copyright 2022 The NiPreps Developers.
         
         This product includes software developed by
         the NiPreps Community (https://nipreps.org/).
         
         Portions of this software were developed at the Department of
         Psychology at Stanford University, Stanford, CA, US.
         
         This software redistributes the versioneer Python package, which is
         Public domain source code.
         
         This software is also distributed as a Docker container image.
         The bootstraping file for the image ("Dockerfile") is licensed
         under the MIT License.
         
         This software may be distributed through an add-on package called
         "Docker Wrapper" that is under the BSD 3-clause License.
         #################################################################
230313-22:40:25,67 nipype.workflow WARNING:
	 Previous output generated by version 0+unknown found.
230313-22:40:25,119 nipype.workflow IMPORTANT:
	 Building fMRIPrep's workflow:
           * BIDS dataset path: /nesi/nobackup/uoa03264/fMRIpipeline_data/processed_test_josh/bids.
           * Participant list: ['control17'].
           * Run identifier: 20230313-224012_6831aa45-a01a-4ab7-add9-7136bfca7f2e.
           * Output spaces: MNI152NLin2009cAsym:res-2.
           * Pre-run FreeSurfer's SUBJECTS_DIR: /nesi/nobackup/uoa03264/fMRIpipeline_data/processed_test_josh/bids/derivatives/freesurfer_agg.
230313-22:40:26,487 nipype.workflow INFO:
	 No single-band-reference found for sub-control17_ses-a_task-rest_run-001_bold.nii.gz.
230313-22:40:26,851 nipype.workflow INFO:
	 No single-band-reference found for sub-control17_ses-a_task-rest_run-002_bold.nii.gz.
230313-22:40:26,939 nipype.workflow IMPORTANT:
	 BOLD series will be slice-timing corrected to an offset of 0.981s.
230313-22:40:29,918 nipype.workflow INFO:
	 fMRIPrep workflow graph with 579 nodes built successfully.
230313-22:40:42,574 nipype.workflow IMPORTANT:
	 fMRIPrep started!
230313-22:40:53,892 nipype.workflow INFO:
	 [Node] Setting-up "fmriprep_22_0_wf.single_subject_control17_wf.anat_preproc_wf.fs_isrunning" in "/nesi/nobackup/uoa03264/fMRIpipeline_data/processed_test_josh/work/fmriprep_22_0_wf/single_subject_control17_wf/anat_preproc_wf/fs_isrunning".
230313-22:40:53,907 nipype.workflow INFO:
	 [Node] Executing "fs_isrunning" <nipype.interfaces.utility.wrappers.Function>
230313-22:40:53,914 nipype.workflow INFO:
	 [Node] Finished "fs_isrunning", elapsed time 0.001644s.
230313-22:41:18,935 nipype.workflow INFO:
	 [Node] Setting-up "fmriprep_22_0_wf.single_subject_control17_wf.anat_preproc_wf.surface_recon_wf.autorecon1" in "/nesi/nobackup/uoa03264/fMRIpipeline_data/processed_test_josh/work/fmriprep_22_0_wf/single_subject_control17_wf/anat_preproc_wf/surface_recon_wf/autorecon1".
230313-22:41:18,953 nipype.workflow INFO:
	 [Node] Executing "autorecon1" <smriprep.interfaces.freesurfer.ReconAll>
230313-22:41:18,957 nipype.interface INFO:
	 recon-all complete : Not running
230313-22:41:18,958 nipype.interface INFO:
	 recon-all complete : Not running
230313-22:41:19,38 nipype.workflow INFO:
	 [Node] Finished "autorecon1", elapsed time 0.083421s.
230313-22:42:32,8 nipype.workflow INFO:
	 [Node] Setting-up "fmriprep_22_0_wf.single_subject_control17_wf.anat_preproc_wf.surface_recon_wf.skull_strip_extern" in "/nesi/nobackup/uoa03264/fMRIpipeline_data/processed_test_josh/work/fmriprep_22_0_wf/single_subject_control17_wf/anat_preproc_wf/surface_recon_wf/skull_strip_extern".
230313-22:42:32,25 nipype.workflow INFO:
	 [Node] Executing "skull_strip_extern" <niworkflows.interfaces.freesurfer.FSInjectBrainExtracted>
230313-22:42:32,351 nipype.workflow INFO:
	 [Node] Finished "skull_strip_extern", elapsed time 0.325066s.
230313-22:42:33,322 nipype.workflow INFO:
	 [Node] Setting-up "fmriprep_22_0_wf.single_subject_control17_wf.anat_preproc_wf.surface_recon_wf.autorecon_resume_wf.autorecon2_vol" in "/nesi/nobackup/uoa03264/fMRIpipeline_data/processed_test_josh/work/fmriprep_22_0_wf/single_subject_control17_wf/anat_preproc_wf/surface_recon_wf/autorecon_resume_wf/autorecon2_vol".
230313-22:42:33,341 nipype.workflow INFO:
	 [Node] Executing "autorecon2_vol" <smriprep.interfaces.freesurfer.ReconAll>
230313-22:42:33,343 nipype.interface INFO:
	 recon-all complete : Not running
230313-22:42:33,344 nipype.interface INFO:
	 recon-all complete : Not running
230313-22:42:33,426 nipype.workflow INFO:
	 [Node] Finished "autorecon2_vol", elapsed time 0.084109s.
230313-22:43:33,394 nipype.workflow INFO:
	 [Node] Setting-up "_autorecon_surfs0" in "/nesi/nobackup/uoa03264/fMRIpipeline_data/processed_test_josh/work/fmriprep_22_0_wf/single_subject_control17_wf/anat_preproc_wf/surface_recon_wf/autorecon_resume_wf/autorecon_surfs/mapflow/_autorecon_surfs0".
230313-22:43:33,507 nipype.workflow INFO:
	 [Node] Executing "_autorecon_surfs0" <smriprep.interfaces.freesurfer.ReconAll>
230313-22:43:33,513 nipype.interface INFO:
	 recon-all complete : Not running
230313-22:43:33,514 nipype.interface INFO:
	 recon-all complete : Not running
230313-22:43:33,589 nipype.workflow INFO:
	 [Node] Finished "_autorecon_surfs0", elapsed time 0.081684s.
230313-22:43:35,393 nipype.workflow INFO:
	 [Node] Setting-up "_autorecon_surfs1" in "/nesi/nobackup/uoa03264/fMRIpipeline_data/processed_test_josh/work/fmriprep_22_0_wf/single_subject_control17_wf/anat_preproc_wf/surface_recon_wf/autorecon_resume_wf/autorecon_surfs/mapflow/_autorecon_surfs1".
230313-22:43:35,408 nipype.workflow INFO:
	 [Node] Executing "_autorecon_surfs1" <smriprep.interfaces.freesurfer.ReconAll>
230313-22:43:35,413 nipype.interface INFO:
	 recon-all complete : Not running
230313-22:43:35,414 nipype.interface INFO:
	 recon-all complete : Not running
230313-22:43:35,494 nipype.workflow INFO:
	 [Node] Finished "_autorecon_surfs1", elapsed time 0.08477s.
230313-22:43:37,418 nipype.workflow INFO:
	 [Node] Setting-up "_autorecon_surfs0" in "/nesi/nobackup/uoa03264/fMRIpipeline_data/processed_test_josh/work/fmriprep_22_0_wf/single_subject_control17_wf/anat_preproc_wf/surface_recon_wf/autorecon_resume_wf/autorecon_surfs/mapflow/_autorecon_surfs0".
230313-22:43:37,423 nipype.workflow INFO:
	 [Node] Executing "_autorecon_surfs0" <smriprep.interfaces.freesurfer.ReconAll>
230313-22:43:37,425 nipype.interface INFO:
	 recon-all complete : Not running
230313-22:43:37,426 nipype.interface INFO:
	 recon-all complete : Not running
230313-22:43:37,505 nipype.workflow INFO:
	 [Node] Finished "_autorecon_surfs0", elapsed time 0.081455s.
230313-22:43:37,511 nipype.workflow INFO:
	 [Node] Setting-up "_autorecon_surfs1" in "/nesi/nobackup/uoa03264/fMRIpipeline_data/processed_test_josh/work/fmriprep_22_0_wf/single_subject_control17_wf/anat_preproc_wf/surface_recon_wf/autorecon_resume_wf/autorecon_surfs/mapflow/_autorecon_surfs1".
230313-22:43:37,518 nipype.workflow INFO:
	 [Node] Executing "_autorecon_surfs1" <smriprep.interfaces.freesurfer.ReconAll>
230313-22:43:37,520 nipype.interface INFO:
	 recon-all complete : Not running
230313-22:43:37,521 nipype.interface INFO:
	 recon-all complete : Not running
230313-22:43:37,593 nipype.workflow INFO:
	 [Node] Finished "_autorecon_surfs1", elapsed time 0.074557s.
230313-22:43:39,401 nipype.workflow INFO:
	 [Node] Setting-up "fmriprep_22_0_wf.single_subject_control17_wf.anat_preproc_wf.surface_recon_wf.autorecon_resume_wf.cortribbon" in "/nesi/nobackup/uoa03264/fMRIpipeline_data/processed_test_josh/work/fmriprep_22_0_wf/single_subject_control17_wf/anat_preproc_wf/surface_recon_wf/autorecon_resume_wf/cortribbon".
230313-22:43:39,462 nipype.workflow INFO:
	 [Node] Executing "cortribbon" <smriprep.interfaces.freesurfer.ReconAll>
230313-22:43:39,463 nipype.interface INFO:
	 recon-all complete : Not running
230313-22:43:39,464 nipype.interface INFO:
	 recon-all complete : Not running
230313-22:43:39,550 nipype.workflow INFO:
	 [Node] Finished "cortribbon", elapsed time 0.086515s.
230313-22:43:43,404 nipype.workflow INFO:
	 [Node] Setting-up "_parcstats0" in "/nesi/nobackup/uoa03264/fMRIpipeline_data/processed_test_josh/work/fmriprep_22_0_wf/single_subject_control17_wf/anat_preproc_wf/surface_recon_wf/autorecon_resume_wf/parcstats/mapflow/_parcstats0".
230313-22:43:43,481 nipype.workflow INFO:
	 [Node] Executing "_parcstats0" <smriprep.interfaces.freesurfer.ReconAll>
230313-22:43:43,483 nipype.interface INFO:
	 recon-all complete : Not running
230313-22:43:43,485 nipype.interface INFO:
	 recon-all complete : Not running
230313-22:43:43,560 nipype.workflow INFO:
	 [Node] Finished "_parcstats0", elapsed time 0.078606s.
230313-22:43:45,439 nipype.workflow INFO:
	 [Node] Setting-up "_parcstats1" in "/nesi/nobackup/uoa03264/fMRIpipeline_data/processed_test_josh/work/fmriprep_22_0_wf/single_subject_control17_wf/anat_preproc_wf/surface_recon_wf/autorecon_resume_wf/parcstats/mapflow/_parcstats1".
230313-22:43:45,488 nipype.workflow INFO:
	 [Node] Executing "_parcstats1" <smriprep.interfaces.freesurfer.ReconAll>
230313-22:43:45,491 nipype.interface INFO:
	 recon-all complete : Not running
230313-22:43:45,493 nipype.interface INFO:
	 recon-all complete : Not running
230313-22:43:45,572 nipype.workflow INFO:
	 [Node] Finished "_parcstats1", elapsed time 0.082288s.
230313-22:43:47,438 nipype.workflow INFO:
	 [Node] Setting-up "_parcstats0" in "/nesi/nobackup/uoa03264/fMRIpipeline_data/processed_test_josh/work/fmriprep_22_0_wf/single_subject_control17_wf/anat_preproc_wf/surface_recon_wf/autorecon_resume_wf/parcstats/mapflow/_parcstats0".
230313-22:43:47,443 nipype.workflow INFO:
	 [Node] Executing "_parcstats0" <smriprep.interfaces.freesurfer.ReconAll>
230313-22:43:47,445 nipype.interface INFO:
	 recon-all complete : Not running
230313-22:43:47,446 nipype.interface INFO:
	 recon-all complete : Not running
230313-22:43:47,527 nipype.workflow INFO:
	 [Node] Finished "_parcstats0", elapsed time 0.083183s.
230313-22:43:47,532 nipype.workflow INFO:
	 [Node] Setting-up "_parcstats1" in "/nesi/nobackup/uoa03264/fMRIpipeline_data/processed_test_josh/work/fmriprep_22_0_wf/single_subject_control17_wf/anat_preproc_wf/surface_recon_wf/autorecon_resume_wf/parcstats/mapflow/_parcstats1".
230313-22:43:47,548 nipype.workflow INFO:
	 [Node] Executing "_parcstats1" <smriprep.interfaces.freesurfer.ReconAll>
230313-22:43:47,550 nipype.interface INFO:
	 recon-all complete : Not running
230313-22:43:47,552 nipype.interface INFO:
	 recon-all complete : Not running
230313-22:43:47,623 nipype.workflow INFO:
	 [Node] Finished "_parcstats1", elapsed time 0.074535s.
230313-22:43:49,413 nipype.workflow INFO:
	 [Node] Setting-up "fmriprep_22_0_wf.single_subject_control17_wf.anat_preproc_wf.surface_recon_wf.autorecon_resume_wf.autorecon3" in "/nesi/nobackup/uoa03264/fMRIpipeline_data/processed_test_josh/work/fmriprep_22_0_wf/single_subject_control17_wf/anat_preproc_wf/surface_recon_wf/autorecon_resume_wf/autorecon3".
230313-22:43:49,428 nipype.workflow INFO:
	 [Node] Executing "autorecon3" <smriprep.interfaces.freesurfer.ReconAll>
230313-22:43:49,432 nipype.interface INFO:
	 resume recon-all : recon-all -autorecon3 -openmp 7 -subjid sub-control17 -sd /nesi/nobackup/uoa03264/fMRIpipeline_data/processed_test_josh/bids/derivatives/freesurfer_agg -nosphere -nosurfreg -nojacobian_white -noavgcurv -nocortparc -nopial -noparcstats -nocortparc2 -noparcstats2 -nocortparc3 -noparcstats3 -nopctsurfcon -nocortribbon -nohyporelabel -noaparc2aseg -nosegstats -nowmparc -nobalabels
230313-22:43:49,434 nipype.interface INFO:
	 resume recon-all : recon-all -autorecon3 -openmp 7 -subjid sub-control17 -sd /nesi/nobackup/uoa03264/fMRIpipeline_data/processed_test_josh/bids/derivatives/freesurfer_agg -nosphere -nosurfreg -nojacobian_white -noavgcurv -nocortparc -nopial -noparcstats -nocortparc2 -noparcstats2 -nocortparc3 -noparcstats3 -nopctsurfcon -nocortribbon -nohyporelabel -noaparc2aseg -nosegstats -nowmparc -nobalabels
230313-22:43:51,268 nipype.workflow INFO:
	 [Node] Finished "autorecon3", elapsed time 1.838859s.
230313-22:43:51,270 nipype.workflow WARNING:
	 [Node] Error on "fmriprep_22_0_wf.single_subject_control17_wf.anat_preproc_wf.surface_recon_wf.autorecon_resume_wf.autorecon3" (/nesi/nobackup/uoa03264/fMRIpipeline_data/processed_test_josh/work/fmriprep_22_0_wf/single_subject_control17_wf/anat_preproc_wf/surface_recon_wf/autorecon_resume_wf/autorecon3)
230313-22:43:51,325 nipype.workflow ERROR:
	 Node autorecon3 failed to run on host wmc009.
230313-22:43:51,328 nipype.workflow ERROR:
	 Saving crash info to /nesi/nobackup/uoa03264/fMRIpipeline_data/processed_test_josh/bids/derivatives/fmriprep/sub-control17/log/20230313-224012_6831aa45-a01a-4ab7-add9-7136bfca7f2e/crash-20230313-224351-jmcg465-autorecon3-4cda92b1-527a-4cda-9f56-225df17e6ca9.txt
Traceback (most recent call last):
  File "/opt/conda/lib/python3.9/site-packages/nipype/pipeline/plugins/multiproc.py", line 67, in run_node
    result["result"] = node.run(updatehash=updatehash)
  File "/opt/conda/lib/python3.9/site-packages/nipype/pipeline/engine/nodes.py", line 527, in run
    result = self._run_interface(execute=True)
  File "/opt/conda/lib/python3.9/site-packages/nipype/pipeline/engine/nodes.py", line 645, in _run_interface
    return self._run_command(execute)
  File "/opt/conda/lib/python3.9/site-packages/nipype/pipeline/engine/nodes.py", line 771, in _run_command
    raise NodeExecutionError(msg)
nipype.pipeline.engine.nodes.NodeExecutionError: Exception raised while executing Node autorecon3.

Cmdline:
	recon-all -autorecon3 -openmp 7 -subjid sub-control17 -sd /nesi/nobackup/uoa03264/fMRIpipeline_data/processed_test_josh/bids/derivatives/freesurfer_agg -nosphere -nosurfreg -nojacobian_white -noavgcurv -nocortparc -nopial -noparcstats -nocortparc2 -noparcstats2 -nocortparc3 -noparcstats3 -nopctsurfcon -nocortribbon -nohyporelabel -noaparc2aseg -nosegstats -nowmparc -nobalabels
Stdout:
	INFO: FreeSurfer build stamps do not match
	Subject Stamp: freesurfer-Linux-centos6_x86_64-stable-pub-v6.0.1-f53a55a
	Current Stamp: freesurfer-linux-ubuntu18_x86_64-7.2.0-20210721-aa8f76b
	INFO: SUBJECTS_DIR is /nesi/nobackup/uoa03264/fMRIpipeline_data/processed_test_josh/bids/derivatives/freesurfer_agg
	Actual FREESURFER_HOME /opt/freesurfer
	-rw-rw----+ 1 jmcg465 uoa03264 1027426 Mar 13 22:29 /nesi/nobackup/uoa03264/fMRIpipeline_data/processed_test_josh/bids/derivatives/freesurfer_agg/sub-control17/scripts/recon-all.log
	Linux wmc009 4.18.0-348.23.1.el8_5.x86_64 #1 SMP Wed Apr 27 15:32:52 UTC 2022 x86_64 x86_64 x86_64 GNU/Linux
	/nesi/nobackup/uoa03264/fMRIpipeline_data/processed_test_josh/bids/derivatives/freesurfer_agg/sub-control17/mri/transforms /nesi/nobackup/uoa03264/fMRIpipeline_data/processed_test_josh/bids/derivatives/freesurfer_agg/sub-control17 
	/nesi/nobackup/uoa03264/fMRIpipeline_data/processed_test_josh/bids/derivatives/freesurfer_agg/sub-control17 
	#--------------------------------------------
	#@# WhiteSurfs lh Mon Mar 13 22:43:51 UTC 2023
	cd /nesi/nobackup/uoa03264/fMRIpipeline_data/processed_test_josh/bids/derivatives/freesurfer_agg/sub-control17/mri
	mris_place_surface --adgws-in ../surf/autodet.gw.stats.lh.dat --seg aseg.presurf.mgz --threads 7 --wm wm.mgz --invol brain.finalsurfs.mgz --lh --i ../surf/lh.white.preaparc --o ../surf/lh.white --white --nsmooth 0 --rip-label ../label/lh.cortex.label --rip-bg --rip-surf ../surf/lh.white.preaparc --aparc ../label/lh.aparc.annot
	ERROR: reading ../surf/autodet.gw.stats.lh.dat
	Linux wmc009 4.18.0-348.23.1.el8_5.x86_64 #1 SMP Wed Apr 27 15:32:52 UTC 2022 x86_64 x86_64 x86_64 GNU/Linux

	recon-all -s sub-control17 exited with ERRORS at Mon Mar 13 22:43:51 UTC 2023

	For more details, see the log file /nesi/nobackup/uoa03264/fMRIpipeline_data/processed_test_josh/bids/derivatives/freesurfer_agg/sub-control17/scripts/recon-all.log
	To report a problem, see http://surfer.nmr.mgh.harvard.edu/fswiki/BugReporting

Stderr:

Traceback:
	RuntimeError: subprocess exited with code 1.

230313-22:43:51,343 nipype.workflow CRITICAL:
	 fMRIPrep failed: Traceback (most recent call last):
  File "/opt/conda/lib/python3.9/site-packages/nipype/pipeline/plugins/multiproc.py", line 67, in run_node
    result["result"] = node.run(updatehash=updatehash)
  File "/opt/conda/lib/python3.9/site-packages/nipype/pipeline/engine/nodes.py", line 527, in run
    result = self._run_interface(execute=True)
  File "/opt/conda/lib/python3.9/site-packages/nipype/pipeline/engine/nodes.py", line 645, in _run_interface
    return self._run_command(execute)
  File "/opt/conda/lib/python3.9/site-packages/nipype/pipeline/engine/nodes.py", line 771, in _run_command
    raise NodeExecutionError(msg)
nipype.pipeline.engine.nodes.NodeExecutionError: Exception raised while executing Node autorecon3.

Cmdline:
	recon-all -autorecon3 -openmp 7 -subjid sub-control17 -sd /nesi/nobackup/uoa03264/fMRIpipeline_data/processed_test_josh/bids/derivatives/freesurfer_agg -nosphere -nosurfreg -nojacobian_white -noavgcurv -nocortparc -nopial -noparcstats -nocortparc2 -noparcstats2 -nocortparc3 -noparcstats3 -nopctsurfcon -nocortribbon -nohyporelabel -noaparc2aseg -nosegstats -nowmparc -nobalabels
Stdout:
	INFO: FreeSurfer build stamps do not match
	Subject Stamp: freesurfer-Linux-centos6_x86_64-stable-pub-v6.0.1-f53a55a
	Current Stamp: freesurfer-linux-ubuntu18_x86_64-7.2.0-20210721-aa8f76b
	INFO: SUBJECTS_DIR is /nesi/nobackup/uoa03264/fMRIpipeline_data/processed_test_josh/bids/derivatives/freesurfer_agg
	Actual FREESURFER_HOME /opt/freesurfer
	-rw-rw----+ 1 jmcg465 uoa03264 1027426 Mar 13 22:29 /nesi/nobackup/uoa03264/fMRIpipeline_data/processed_test_josh/bids/derivatives/freesurfer_agg/sub-control17/scripts/recon-all.log
	Linux wmc009 4.18.0-348.23.1.el8_5.x86_64 #1 SMP Wed Apr 27 15:32:52 UTC 2022 x86_64 x86_64 x86_64 GNU/Linux
	/nesi/nobackup/uoa03264/fMRIpipeline_data/processed_test_josh/bids/derivatives/freesurfer_agg/sub-control17/mri/transforms /nesi/nobackup/uoa03264/fMRIpipeline_data/processed_test_josh/bids/derivatives/freesurfer_agg/sub-control17 
	/nesi/nobackup/uoa03264/fMRIpipeline_data/processed_test_josh/bids/derivatives/freesurfer_agg/sub-control17 
	#--------------------------------------------
	#@# WhiteSurfs lh Mon Mar 13 22:43:51 UTC 2023
	cd /nesi/nobackup/uoa03264/fMRIpipeline_data/processed_test_josh/bids/derivatives/freesurfer_agg/sub-control17/mri
	mris_place_surface --adgws-in ../surf/autodet.gw.stats.lh.dat --seg aseg.presurf.mgz --threads 7 --wm wm.mgz --invol brain.finalsurfs.mgz --lh --i ../surf/lh.white.preaparc --o ../surf/lh.white --white --nsmooth 0 --rip-label ../label/lh.cortex.label --rip-bg --rip-surf ../surf/lh.white.preaparc --aparc ../label/lh.aparc.annot
	ERROR: reading ../surf/autodet.gw.stats.lh.dat
	Linux wmc009 4.18.0-348.23.1.el8_5.x86_64 #1 SMP Wed Apr 27 15:32:52 UTC 2022 x86_64 x86_64 x86_64 GNU/Linux

	recon-all -s sub-control17 exited with ERRORS at Mon Mar 13 22:43:51 UTC 2023

	For more details, see the log file /nesi/nobackup/uoa03264/fMRIpipeline_data/processed_test_josh/bids/derivatives/freesurfer_agg/sub-control17/scripts/recon-all.log
	To report a problem, see http://surfer.nmr.mgh.harvard.edu/fswiki/BugReporting

Stderr:

Traceback:
	RuntimeError: subprocess exited with code 1.

230313-22:43:52,193 cli ERROR:
	 Preprocessing did not finish successfully. Errors occurred while processing data from participants: control17 (1). Check the HTML reports for details.
230313-22:43:52,193 cli ERROR:
	 Preprocessing did not finish successfully. Errors occurred while processing data from participants: control17 (1). Check the HTML reports for details.
Sentry is attempting to send 4 pending error messages
Waiting up to 2 seconds
Press Ctrl-C to quit
[Tue Mar 14 11:43:53 2023]
Error in rule fmriprep:
    jobid: 0
    input: /nesi/nobackup/uoa03264/fMRIpipeline_data/processed_test_josh/bids/sub-control17/ses-a, /nesi/nobackup/uoa03264/fMRIpipeline_data/processed_test_josh/bids/derivatives/freesurfer_agg/sub-control17
    output: /nesi/nobackup/uoa03264/fMRIpipeline_data/processed_test_josh/bids/derivatives/fmriprep/sub-control17, /nesi/nobackup/uoa03264/fMRIpipeline_data/processed_test_josh/bids/derivatives/fmriprep/sub-control17.html
    shell:
        fmriprep /nesi/nobackup/uoa03264/fMRIpipeline_data/processed_test_josh/bids /nesi/nobackup/uoa03264/fMRIpipeline_data/processed_test_josh/bids/derivatives/fmriprep participant --participant-label control17 --skip-bids-validation --md-only-boilerplate --fs-subjects-dir /nesi/nobackup/uoa03264/fMRIpipeline_data/processed_test_josh/bids/derivatives/freesurfer_agg --output-spaces MNI152NLin2009cAsym:res-2 --stop-on-first-crash --low-mem --mem-mb 25000 --nprocs 8 -w /nesi/nobackup/uoa03264/fMRIpipeline_data/processed_test_josh/work --fs-license-file ./license.txt
        (one of the commands exited with non-zero exit code; note that snakemake uses bash strict mode!)

Removing output files of failed job fmriprep since they might be corrupted:
/nesi/nobackup/uoa03264/fMRIpipeline_data/processed_test_josh/bids/derivatives/fmriprep/sub-control17, /nesi/nobackup/uoa03264/fMRIpipeline_data/processed_test_josh/bids/derivatives/fmriprep/sub-control17.html
Shutting down, this might take some time.
Exiting because a job execution failed. Look above for error message
