Building DAG of jobs...
Using shell: /usr/bin/bash
Provided cores: 2
Rules claiming more threads will be scaled down.
Select jobs to execute...

[Sat Dec 10 07:33:18 2022]
rule heudiconv:
    input: /nesi/nobackup/uoa03264/fMRIpipeline_data/processed_test_josh/tidy/sub_control17/ses_a/.completed
    output: /nesi/nobackup/uoa03264/fMRIpipeline_data/processed_test_josh/bids/sub-control17/ses-a, /nesi/nobackup/uoa03264/fMRIpipeline_data/processed_test_josh/bids/.heudiconv/control17/ses-a
    jobid: 0
    wildcards: resultsdir=/nesi/nobackup/uoa03264/fMRIpipeline_data/processed_test_josh, subject=control17, session=a
    resources: mem_mb=4000, disk_mb=1000, tmpdir=/dev/shm/jobs/31863164, cpus=2, time_min=60, gpu=0

heudiconv --dicom_dir_template '/nesi/nobackup/uoa03264/fMRIpipeline_data/processed_test_josh/tidy/sub_{subject}/ses_{session}/*/*' --outdir /nesi/nobackup/uoa03264/fMRIpipeline_data/processed_test_josh/bids --heuristic scripts/heuristic.py --subjects control17 --ses a --converter dcm2niix --bids --overwrite
Activating singularity image /scale_wlg_persistent/filesets/project/uoa03264/fmri_workflow/.snakemake/singularity/10b2306ed15c5efc917232958423bfe6.simg
INFO: Running heudiconv version 0.11.4.post18+g1fe815b.d20221025 latest 0.11.6
INFO: Need to process 1 study sessions
INFO: PROCESSING STARTS: {'subject': 'control17', 'outdir': '/nesi/nobackup/uoa03264/fMRIpipeline_data/processed_test_josh/bids/', 'session': 'a'}
INFO: Processing 16504 dicoms
INFO: Analyzing 16504 dicoms
INFO: Generated sequence info for 5 studies with 16504 entries total
INFO: Doing conversion using dcm2niix
INFO: Converting /nesi/nobackup/uoa03264/fMRIpipeline_data/processed_test_josh/bids/sub-control17/ses-a/anat/sub-control17_ses-a_run-001_T1w (320 DICOMs) -> /nesi/nobackup/uoa03264/fMRIpipeline_data/processed_test_josh/bids/sub-control17/ses-a/anat . Converter: dcm2niix . Output types: ('nii.gz',)
221210-07:40:54,571 nipype.workflow INFO:
	 [Node] Setting-up "convert" in "/dev/shm/jobs/31863164/dcm2niixxvr1gm0g/convert".
INFO: [Node] Setting-up "convert" in "/dev/shm/jobs/31863164/dcm2niixxvr1gm0g/convert".
221210-07:40:54,779 nipype.workflow INFO:
	 [Node] Executing "convert" <nipype.interfaces.dcm2nii.Dcm2niix>
INFO: [Node] Executing "convert" <nipype.interfaces.dcm2nii.Dcm2niix>
221210-07:41:09,689 nipype.interface INFO:
	 stdout 2022-12-10T07:41:09.689244:Chris Rorden's dcm2niiX version v1.0.20220720  (JP2:OpenJPEG) (JP-LS:CharLS) GCC10.2.1 x86-64 (64-bit Linux)
INFO: stdout 2022-12-10T07:41:09.689244:Chris Rorden's dcm2niiX version v1.0.20220720  (JP2:OpenJPEG) (JP-LS:CharLS) GCC10.2.1 x86-64 (64-bit Linux)
221210-07:41:09,689 nipype.interface INFO:
	 stdout 2022-12-10T07:41:09.689244:Found 320 DICOM file(s)
INFO: stdout 2022-12-10T07:41:09.689244:Found 320 DICOM file(s)
221210-07:41:09,689 nipype.interface INFO:
	 stdout 2022-12-10T07:41:09.689244:Image Decompression is new: please validate conversions
INFO: stdout 2022-12-10T07:41:09.689244:Image Decompression is new: please validate conversions
221210-07:41:09,689 nipype.interface INFO:
	 stdout 2022-12-10T07:41:09.689244:Resolved discrepancy between tags (0020,1002; 0021,104F; 0054,0081)
INFO: stdout 2022-12-10T07:41:09.689244:Resolved discrepancy between tags (0020,1002; 0021,104F; 0054,0081)
221210-07:41:09,689 nipype.interface INFO:
	 stdout 2022-12-10T07:41:09.689244:Convert 320 DICOM as /nesi/nobackup/uoa03264/fMRIpipeline_data/processed_test_josh/bids/sub-control17/ses-a/anat/sub-control17_ses-a_run-001_T1w_heudiconv161 (512x512x320x1)
INFO: stdout 2022-12-10T07:41:09.689244:Convert 320 DICOM as /nesi/nobackup/uoa03264/fMRIpipeline_data/processed_test_josh/bids/sub-control17/ses-a/anat/sub-control17_ses-a_run-001_T1w_heudiconv161 (512x512x320x1)
221210-07:41:18,440 nipype.interface INFO:
	 stdout 2022-12-10T07:41:18.440546:Compress: "/usr/bin/pigz" -b 960 -n -f -6 "/nesi/nobackup/uoa03264/fMRIpipeline_data/processed_test_josh/bids/sub-control17/ses-a/anat/sub-control17_ses-a_run-001_T1w_heudiconv161.nii"
INFO: stdout 2022-12-10T07:41:18.440546:Compress: "/usr/bin/pigz" -b 960 -n -f -6 "/nesi/nobackup/uoa03264/fMRIpipeline_data/processed_test_josh/bids/sub-control17/ses-a/anat/sub-control17_ses-a_run-001_T1w_heudiconv161.nii"
221210-07:41:18,443 nipype.interface INFO:
	 stdout 2022-12-10T07:41:18.440546:Conversion required 23.545824 seconds (13.553905 for core code).
INFO: stdout 2022-12-10T07:41:18.440546:Conversion required 23.545824 seconds (13.553905 for core code).
221210-07:41:18,484 nipype.workflow INFO:
	 [Node] Finished "convert", elapsed time 23.610714s.
INFO: [Node] Finished "convert", elapsed time 23.610714s.
WARNING: Failed to find task field in /nesi/nobackup/uoa03264/fMRIpipeline_data/processed_test_josh/bids/sub-control17/ses-a/anat/sub-control17_ses-a_run-001_T1w.json.
221210-07:41:18,522 nipype.workflow INFO:
	 [Node] Setting-up "embedder" in "/dev/shm/jobs/31863164/embedmetakkyb23qe/embedder".
INFO: [Node] Setting-up "embedder" in "/dev/shm/jobs/31863164/embedmetakkyb23qe/embedder".
221210-07:41:18,577 nipype.workflow INFO:
	 [Node] Executing "embedder" <nipype.interfaces.utility.wrappers.Function>
INFO: [Node] Executing "embedder" <nipype.interfaces.utility.wrappers.Function>
/opt/miniconda-py39_4.12.0/lib/python3.9/site-packages/pydicom/valuerep.py:290: UserWarning: The value length (32) exceeds the maximum length of 16 allowed for VR SH.
  warnings.warn(msg)
221210-07:41:37,50 nipype.workflow INFO:
	 [Node] Finished "embedder", elapsed time 18.471285s.
INFO: [Node] Finished "embedder", elapsed time 18.471285s.
INFO: Post-treating /nesi/nobackup/uoa03264/fMRIpipeline_data/processed_test_josh/bids/sub-control17/ses-a/anat/sub-control17_ses-a_run-001_T1w.json file
INFO: Converting /nesi/nobackup/uoa03264/fMRIpipeline_data/processed_test_josh/bids/sub-control17/ses-a/func/sub-control17_ses-a_task-rest_run-001_bold (10400 DICOMs) -> /nesi/nobackup/uoa03264/fMRIpipeline_data/processed_test_josh/bids/sub-control17/ses-a/func . Converter: dcm2niix . Output types: ('nii.gz',)
221210-07:41:39,500 nipype.workflow INFO:
	 [Node] Setting-up "convert" in "/dev/shm/jobs/31863164/dcm2niix_dqjwh4a/convert".
INFO: [Node] Setting-up "convert" in "/dev/shm/jobs/31863164/dcm2niix_dqjwh4a/convert".
221210-07:41:47,311 nipype.workflow INFO:
	 [Node] Executing "convert" <nipype.interfaces.dcm2nii.Dcm2niix>
INFO: [Node] Executing "convert" <nipype.interfaces.dcm2nii.Dcm2niix>
221210-07:43:23,749 nipype.interface INFO:
	 stdout 2022-12-10T07:43:23.749726:Chris Rorden's dcm2niiX version v1.0.20220720  (JP2:OpenJPEG) (JP-LS:CharLS) GCC10.2.1 x86-64 (64-bit Linux)
INFO: stdout 2022-12-10T07:43:23.749726:Chris Rorden's dcm2niiX version v1.0.20220720  (JP2:OpenJPEG) (JP-LS:CharLS) GCC10.2.1 x86-64 (64-bit Linux)
221210-07:43:23,750 nipype.interface INFO:
	 stdout 2022-12-10T07:43:23.749726:Found 10400 DICOM file(s)
INFO: stdout 2022-12-10T07:43:23.749726:Found 10400 DICOM file(s)
221210-07:43:23,750 nipype.interface INFO:
	 stdout 2022-12-10T07:43:23.749726:Image Decompression is new: please validate conversions
INFO: stdout 2022-12-10T07:43:23.749726:Image Decompression is new: please validate conversions
221210-07:43:23,750 nipype.interface INFO:
	 stdout 2022-12-10T07:43:23.749726:Warning: Unable to determine slice times for early GE HyperBand.
INFO: stdout 2022-12-10T07:43:23.749726:Warning: Unable to determine slice times for early GE HyperBand.
221210-07:43:23,750 nipype.interface INFO:
	 stdout 2022-12-10T07:43:23.749726:Convert 10400 DICOM as /nesi/nobackup/uoa03264/fMRIpipeline_data/processed_test_josh/bids/sub-control17/ses-a/func/sub-control17_ses-a_task-rest_run-001_bold_heudiconv866 (64x64x52x200)
INFO: stdout 2022-12-10T07:43:23.749726:Convert 10400 DICOM as /nesi/nobackup/uoa03264/fMRIpipeline_data/processed_test_josh/bids/sub-control17/ses-a/func/sub-control17_ses-a_task-rest_run-001_bold_heudiconv866 (64x64x52x200)
221210-07:43:29,481 nipype.interface INFO:
	 stdout 2022-12-10T07:43:29.481459:Compress: "/usr/bin/pigz" -b 960 -n -f -6 "/nesi/nobackup/uoa03264/fMRIpipeline_data/processed_test_josh/bids/sub-control17/ses-a/func/sub-control17_ses-a_task-rest_run-001_bold_heudiconv866.nii"
INFO: stdout 2022-12-10T07:43:29.481459:Compress: "/usr/bin/pigz" -b 960 -n -f -6 "/nesi/nobackup/uoa03264/fMRIpipeline_data/processed_test_josh/bids/sub-control17/ses-a/func/sub-control17_ses-a_task-rest_run-001_bold_heudiconv866.nii"
221210-07:43:29,495 nipype.interface INFO:
	 stdout 2022-12-10T07:43:29.481459:Conversion required 102.112686 seconds (16.641426 for core code).
INFO: stdout 2022-12-10T07:43:29.481459:Conversion required 102.112686 seconds (16.641426 for core code).
221210-07:43:29,558 nipype.workflow INFO:
	 [Node] Finished "convert", elapsed time 102.24419s.
INFO: [Node] Finished "convert", elapsed time 102.24419s.
221210-07:43:30,41 nipype.workflow INFO:
	 [Node] Setting-up "embedder" in "/dev/shm/jobs/31863164/embedmetabpor6mbo/embedder".
INFO: [Node] Setting-up "embedder" in "/dev/shm/jobs/31863164/embedmetabpor6mbo/embedder".
221210-07:43:31,764 nipype.workflow INFO:
	 [Node] Executing "embedder" <nipype.interfaces.utility.wrappers.Function>
INFO: [Node] Executing "embedder" <nipype.interfaces.utility.wrappers.Function>
221210-07:47:53,95 nipype.workflow INFO:
	 [Node] Finished "embedder", elapsed time 261.328904s.
INFO: [Node] Finished "embedder", elapsed time 261.328904s.
INFO: Post-treating /nesi/nobackup/uoa03264/fMRIpipeline_data/processed_test_josh/bids/sub-control17/ses-a/func/sub-control17_ses-a_task-rest_run-001_bold.json file
INFO: Converting /nesi/nobackup/uoa03264/fMRIpipeline_data/processed_test_josh/bids/sub-control17/ses-a/func/sub-control17_ses-a_task-rest_run-002_bold (5460 DICOMs) -> /nesi/nobackup/uoa03264/fMRIpipeline_data/processed_test_josh/bids/sub-control17/ses-a/func . Converter: dcm2niix . Output types: ('nii.gz',)
221210-07:47:55,138 nipype.workflow INFO:
	 [Node] Setting-up "convert" in "/dev/shm/jobs/31863164/dcm2niixdh48e8s3/convert".
INFO: [Node] Setting-up "convert" in "/dev/shm/jobs/31863164/dcm2niixdh48e8s3/convert".
221210-07:47:59,572 nipype.workflow INFO:
	 [Node] Executing "convert" <nipype.interfaces.dcm2nii.Dcm2niix>
INFO: [Node] Executing "convert" <nipype.interfaces.dcm2nii.Dcm2niix>
221210-07:49:21,486 nipype.interface INFO:
	 stdout 2022-12-10T07:49:21.486855:Chris Rorden's dcm2niiX version v1.0.20220720  (JP2:OpenJPEG) (JP-LS:CharLS) GCC10.2.1 x86-64 (64-bit Linux)
INFO: stdout 2022-12-10T07:49:21.486855:Chris Rorden's dcm2niiX version v1.0.20220720  (JP2:OpenJPEG) (JP-LS:CharLS) GCC10.2.1 x86-64 (64-bit Linux)
221210-07:49:21,487 nipype.interface INFO:
	 stdout 2022-12-10T07:49:21.486855:Found 5460 DICOM file(s)
INFO: stdout 2022-12-10T07:49:21.486855:Found 5460 DICOM file(s)
221210-07:49:21,487 nipype.interface INFO:
	 stdout 2022-12-10T07:49:21.486855:Image Decompression is new: please validate conversions
INFO: stdout 2022-12-10T07:49:21.486855:Image Decompression is new: please validate conversions
221210-07:49:21,487 nipype.interface INFO:
	 stdout 2022-12-10T07:49:21.486855:Convert 5460 DICOM as /nesi/nobackup/uoa03264/fMRIpipeline_data/processed_test_josh/bids/sub-control17/ses-a/func/sub-control17_ses-a_task-rest_run-002_bold_heudiconv247 (64x64x52x105)
INFO: stdout 2022-12-10T07:49:21.486855:Convert 5460 DICOM as /nesi/nobackup/uoa03264/fMRIpipeline_data/processed_test_josh/bids/sub-control17/ses-a/func/sub-control17_ses-a_task-rest_run-002_bold_heudiconv247 (64x64x52x105)
221210-07:49:25,24 nipype.interface INFO:
	 stdout 2022-12-10T07:49:25.024681:Compress: "/usr/bin/pigz" -b 960 -n -f -6 "/nesi/nobackup/uoa03264/fMRIpipeline_data/processed_test_josh/bids/sub-control17/ses-a/func/sub-control17_ses-a_task-rest_run-002_bold_heudiconv247.nii"
INFO: stdout 2022-12-10T07:49:25.024681:Compress: "/usr/bin/pigz" -b 960 -n -f -6 "/nesi/nobackup/uoa03264/fMRIpipeline_data/processed_test_josh/bids/sub-control17/ses-a/func/sub-control17_ses-a_task-rest_run-002_bold_heudiconv247.nii"
221210-07:49:25,25 nipype.interface INFO:
	 stdout 2022-12-10T07:49:25.024681:Conversion required 85.279718 seconds (9.136780 for core code).
INFO: stdout 2022-12-10T07:49:25.024681:Conversion required 85.279718 seconds (9.136780 for core code).
221210-07:49:26,885 nipype.workflow INFO:
	 [Node] Finished "convert", elapsed time 87.310805s.
INFO: [Node] Finished "convert", elapsed time 87.310805s.
221210-07:49:27,225 nipype.workflow INFO:
	 [Node] Setting-up "embedder" in "/dev/shm/jobs/31863164/embedmetag_htp4w6/embedder".
INFO: [Node] Setting-up "embedder" in "/dev/shm/jobs/31863164/embedmetag_htp4w6/embedder".
221210-07:49:28,294 nipype.workflow INFO:
	 [Node] Executing "embedder" <nipype.interfaces.utility.wrappers.Function>
INFO: [Node] Executing "embedder" <nipype.interfaces.utility.wrappers.Function>
221210-07:51:45,779 nipype.workflow INFO:
	 [Node] Finished "embedder", elapsed time 137.482486s.
INFO: [Node] Finished "embedder", elapsed time 137.482486s.
INFO: Post-treating /nesi/nobackup/uoa03264/fMRIpipeline_data/processed_test_josh/bids/sub-control17/ses-a/func/sub-control17_ses-a_task-rest_run-002_bold.json file
INFO: Populating template files under /nesi/nobackup/uoa03264/fMRIpipeline_data/processed_test_josh/bids/
INFO: PROCESSING DONE: {'subject': 'control17', 'outdir': '/nesi/nobackup/uoa03264/fMRIpipeline_data/processed_test_josh/bids/', 'session': 'a'}
[Sat Dec 10 07:51:47 2022]
Finished job 0.
1 of 1 steps (100%) done
