Building DAG of jobs...
Using shell: /usr/bin/bash
Provided cores: 2
Rules claiming more threads will be scaled down.
Provided resources: mem_mb=4000, mem_mib=3815, disk_mb=1000, disk_mib=954, cpus=2, time_min=60, gpu=0
Select jobs to execute...

[Wed Mar 22 14:46:22 2023]
rule heudiconv:
    input: /nesi/nobackup/uoa03264/fMRIpipeline_data/processed_test_long/tidy/sub_control17/ses_a
    output: /nesi/nobackup/uoa03264/fMRIpipeline_data/processed_test_long/bids/sub-control17/ses-a, /nesi/nobackup/uoa03264/fMRIpipeline_data/processed_test_long/bids/.heudiconv/control17/ses-a
    jobid: 0
    reason: Missing output files: /nesi/nobackup/uoa03264/fMRIpipeline_data/processed_test_long/bids/sub-control17/ses-a, /nesi/nobackup/uoa03264/fMRIpipeline_data/processed_test_long/bids/.heudiconv/control17/ses-a
    wildcards: resultsdir=/nesi/nobackup/uoa03264/fMRIpipeline_data/processed_test_long, subject=control17, session=a
    resources: mem_mb=4000, mem_mib=3815, disk_mb=1000, disk_mib=954, tmpdir=/dev/shm/jobs/33574427, cpus=2, time_min=60, gpu=0

heudiconv --dicom_dir_template '/nesi/nobackup/uoa03264/fMRIpipeline_data/processed_test_long/tidy/sub_{subject}/ses_{session}/*/*' --outdir /nesi/nobackup/uoa03264/fMRIpipeline_data/processed_test_long/bids --heuristic scripts/heuristic.py --subjects control17 --ses a --converter dcm2niix --bids --overwrite
Activating singularity image /scale_wlg_persistent/filesets/project/uoa03264/fmri_workflow/.snakemake/singularity/10b2306ed15c5efc917232958423bfe6.simg
INFO: Running heudiconv version 0.11.4.post18+g1fe815b.d20221025 latest 0.12.2
INFO: Need to process 1 study sessions
INFO: PROCESSING STARTS: {'subject': 'control17', 'outdir': '/nesi/nobackup/uoa03264/fMRIpipeline_data/processed_test_long/bids/', 'session': 'a'}
INFO: Processing 16504 dicoms
INFO: Analyzing 16504 dicoms
INFO: Generated sequence info for 5 studies with 16504 entries total
INFO: Doing conversion using dcm2niix
INFO: Converting /nesi/nobackup/uoa03264/fMRIpipeline_data/processed_test_long/bids/sub-control17/ses-a/anat/sub-control17_ses-a_run-001_T1w (320 DICOMs) -> /nesi/nobackup/uoa03264/fMRIpipeline_data/processed_test_long/bids/sub-control17/ses-a/anat . Converter: dcm2niix . Output types: ('nii.gz',)
230322-01:57:51,796 nipype.workflow INFO:
	 [Node] Setting-up "convert" in "/tmp/dcm2niixdao61bp4/convert".
INFO: [Node] Setting-up "convert" in "/tmp/dcm2niixdao61bp4/convert".
230322-01:57:52,98 nipype.workflow INFO:
	 [Node] Executing "convert" <nipype.interfaces.dcm2nii.Dcm2niix>
INFO: [Node] Executing "convert" <nipype.interfaces.dcm2nii.Dcm2niix>
230322-01:58:08,591 nipype.interface INFO:
	 stdout 2023-03-22T01:58:08.591651:Chris Rorden's dcm2niiX version v1.0.20220720  (JP2:OpenJPEG) (JP-LS:CharLS) GCC10.2.1 x86-64 (64-bit Linux)
INFO: stdout 2023-03-22T01:58:08.591651:Chris Rorden's dcm2niiX version v1.0.20220720  (JP2:OpenJPEG) (JP-LS:CharLS) GCC10.2.1 x86-64 (64-bit Linux)
230322-01:58:08,592 nipype.interface INFO:
	 stdout 2023-03-22T01:58:08.591651:Found 320 DICOM file(s)
INFO: stdout 2023-03-22T01:58:08.591651:Found 320 DICOM file(s)
230322-01:58:08,592 nipype.interface INFO:
	 stdout 2023-03-22T01:58:08.591651:Image Decompression is new: please validate conversions
INFO: stdout 2023-03-22T01:58:08.591651:Image Decompression is new: please validate conversions
230322-01:58:08,592 nipype.interface INFO:
	 stdout 2023-03-22T01:58:08.591651:Resolved discrepancy between tags (0020,1002; 0021,104F; 0054,0081)
INFO: stdout 2023-03-22T01:58:08.591651:Resolved discrepancy between tags (0020,1002; 0021,104F; 0054,0081)
230322-01:58:08,592 nipype.interface INFO:
	 stdout 2023-03-22T01:58:08.591651:Convert 320 DICOM as /nesi/nobackup/uoa03264/fMRIpipeline_data/processed_test_long/bids/sub-control17/ses-a/anat/sub-control17_ses-a_run-001_T1w_heudiconv816 (512x512x320x1)
INFO: stdout 2023-03-22T01:58:08.591651:Convert 320 DICOM as /nesi/nobackup/uoa03264/fMRIpipeline_data/processed_test_long/bids/sub-control17/ses-a/anat/sub-control17_ses-a_run-001_T1w_heudiconv816 (512x512x320x1)
230322-01:58:15,943 nipype.interface INFO:
	 stdout 2023-03-22T01:58:15.943877:Compress: "/usr/bin/pigz" -b 960 -n -f -6 "/nesi/nobackup/uoa03264/fMRIpipeline_data/processed_test_long/bids/sub-control17/ses-a/anat/sub-control17_ses-a_run-001_T1w_heudiconv816.nii"
INFO: stdout 2023-03-22T01:58:15.943877:Compress: "/usr/bin/pigz" -b 960 -n -f -6 "/nesi/nobackup/uoa03264/fMRIpipeline_data/processed_test_long/bids/sub-control17/ses-a/anat/sub-control17_ses-a_run-001_T1w_heudiconv816.nii"
230322-01:58:15,944 nipype.interface INFO:
	 stdout 2023-03-22T01:58:15.943877:Conversion required 23.491443 seconds (11.487347 for core code).
INFO: stdout 2023-03-22T01:58:15.943877:Conversion required 23.491443 seconds (11.487347 for core code).
230322-01:58:15,982 nipype.workflow INFO:
	 [Node] Finished "convert", elapsed time 23.54864s.
INFO: [Node] Finished "convert", elapsed time 23.54864s.
WARNING: Failed to find task field in /nesi/nobackup/uoa03264/fMRIpipeline_data/processed_test_long/bids/sub-control17/ses-a/anat/sub-control17_ses-a_run-001_T1w.json.
230322-01:58:16,28 nipype.workflow INFO:
	 [Node] Setting-up "embedder" in "/tmp/embedmeta46hrjj1a/embedder".
INFO: [Node] Setting-up "embedder" in "/tmp/embedmeta46hrjj1a/embedder".
230322-01:58:16,116 nipype.workflow INFO:
	 [Node] Executing "embedder" <nipype.interfaces.utility.wrappers.Function>
INFO: [Node] Executing "embedder" <nipype.interfaces.utility.wrappers.Function>
/opt/miniconda-py39_4.12.0/lib/python3.9/site-packages/pydicom/valuerep.py:290: UserWarning: The value length (32) exceeds the maximum length of 16 allowed for VR SH.
  warnings.warn(msg)
230322-01:58:32,925 nipype.workflow INFO:
	 [Node] Finished "embedder", elapsed time 16.807598s.
INFO: [Node] Finished "embedder", elapsed time 16.807598s.
INFO: Post-treating /nesi/nobackup/uoa03264/fMRIpipeline_data/processed_test_long/bids/sub-control17/ses-a/anat/sub-control17_ses-a_run-001_T1w.json file
INFO: Converting /nesi/nobackup/uoa03264/fMRIpipeline_data/processed_test_long/bids/sub-control17/ses-a/func/sub-control17_ses-a_task-rest_run-001_bold (10400 DICOMs) -> /nesi/nobackup/uoa03264/fMRIpipeline_data/processed_test_long/bids/sub-control17/ses-a/func . Converter: dcm2niix . Output types: ('nii.gz',)
230322-01:58:34,826 nipype.workflow INFO:
	 [Node] Setting-up "convert" in "/tmp/dcm2niixpommwp0o/convert".
INFO: [Node] Setting-up "convert" in "/tmp/dcm2niixpommwp0o/convert".
230322-01:58:44,990 nipype.workflow INFO:
	 [Node] Executing "convert" <nipype.interfaces.dcm2nii.Dcm2niix>
INFO: [Node] Executing "convert" <nipype.interfaces.dcm2nii.Dcm2niix>
230322-02:01:46,573 nipype.interface INFO:
	 stdout 2023-03-22T02:01:46.572934:Chris Rorden's dcm2niiX version v1.0.20220720  (JP2:OpenJPEG) (JP-LS:CharLS) GCC10.2.1 x86-64 (64-bit Linux)
INFO: stdout 2023-03-22T02:01:46.572934:Chris Rorden's dcm2niiX version v1.0.20220720  (JP2:OpenJPEG) (JP-LS:CharLS) GCC10.2.1 x86-64 (64-bit Linux)
230322-02:01:46,573 nipype.interface INFO:
	 stdout 2023-03-22T02:01:46.572934:Found 10400 DICOM file(s)
INFO: stdout 2023-03-22T02:01:46.572934:Found 10400 DICOM file(s)
230322-02:01:46,573 nipype.interface INFO:
	 stdout 2023-03-22T02:01:46.572934:Image Decompression is new: please validate conversions
INFO: stdout 2023-03-22T02:01:46.572934:Image Decompression is new: please validate conversions
230322-02:01:46,573 nipype.interface INFO:
	 stdout 2023-03-22T02:01:46.572934:Warning: Unable to determine slice times for early GE HyperBand.
INFO: stdout 2023-03-22T02:01:46.572934:Warning: Unable to determine slice times for early GE HyperBand.
230322-02:01:46,573 nipype.interface INFO:
	 stdout 2023-03-22T02:01:46.572934:Convert 10400 DICOM as /nesi/nobackup/uoa03264/fMRIpipeline_data/processed_test_long/bids/sub-control17/ses-a/func/sub-control17_ses-a_task-rest_run-001_bold_heudiconv390 (64x64x52x200)
INFO: stdout 2023-03-22T02:01:46.572934:Convert 10400 DICOM as /nesi/nobackup/uoa03264/fMRIpipeline_data/processed_test_long/bids/sub-control17/ses-a/func/sub-control17_ses-a_task-rest_run-001_bold_heudiconv390 (64x64x52x200)
230322-02:01:51,498 nipype.interface INFO:
	 stdout 2023-03-22T02:01:51.498610:Compress: "/usr/bin/pigz" -b 960 -n -f -6 "/nesi/nobackup/uoa03264/fMRIpipeline_data/processed_test_long/bids/sub-control17/ses-a/func/sub-control17_ses-a_task-rest_run-001_bold_heudiconv390.nii"
INFO: stdout 2023-03-22T02:01:51.498610:Compress: "/usr/bin/pigz" -b 960 -n -f -6 "/nesi/nobackup/uoa03264/fMRIpipeline_data/processed_test_long/bids/sub-control17/ses-a/func/sub-control17_ses-a_task-rest_run-001_bold_heudiconv390.nii"
230322-02:01:51,499 nipype.interface INFO:
	 stdout 2023-03-22T02:01:51.498610:Conversion required 186.467353 seconds (16.424623 for core code).
INFO: stdout 2023-03-22T02:01:51.498610:Conversion required 186.467353 seconds (16.424623 for core code).
230322-02:01:51,623 nipype.workflow INFO:
	 [Node] Finished "convert", elapsed time 186.631953s.
INFO: [Node] Finished "convert", elapsed time 186.631953s.
230322-02:01:52,399 nipype.workflow INFO:
	 [Node] Setting-up "embedder" in "/tmp/embedmetajxyci9sn/embedder".
INFO: [Node] Setting-up "embedder" in "/tmp/embedmetajxyci9sn/embedder".
230322-02:01:55,250 nipype.workflow INFO:
	 [Node] Executing "embedder" <nipype.interfaces.utility.wrappers.Function>
INFO: [Node] Executing "embedder" <nipype.interfaces.utility.wrappers.Function>
230322-02:05:57,282 nipype.workflow INFO:
	 [Node] Finished "embedder", elapsed time 242.031671s.
INFO: [Node] Finished "embedder", elapsed time 242.031671s.
INFO: Post-treating /nesi/nobackup/uoa03264/fMRIpipeline_data/processed_test_long/bids/sub-control17/ses-a/func/sub-control17_ses-a_task-rest_run-001_bold.json file
INFO: Converting /nesi/nobackup/uoa03264/fMRIpipeline_data/processed_test_long/bids/sub-control17/ses-a/func/sub-control17_ses-a_task-rest_run-002_bold (5460 DICOMs) -> /nesi/nobackup/uoa03264/fMRIpipeline_data/processed_test_long/bids/sub-control17/ses-a/func . Converter: dcm2niix . Output types: ('nii.gz',)
230322-02:05:59,136 nipype.workflow INFO:
	 [Node] Setting-up "convert" in "/tmp/dcm2niix_8p6ae0q/convert".
INFO: [Node] Setting-up "convert" in "/tmp/dcm2niix_8p6ae0q/convert".
230322-02:06:04,334 nipype.workflow INFO:
	 [Node] Executing "convert" <nipype.interfaces.dcm2nii.Dcm2niix>
INFO: [Node] Executing "convert" <nipype.interfaces.dcm2nii.Dcm2niix>
230322-02:07:53,535 nipype.interface INFO:
	 stdout 2023-03-22T02:07:53.535735:Chris Rorden's dcm2niiX version v1.0.20220720  (JP2:OpenJPEG) (JP-LS:CharLS) GCC10.2.1 x86-64 (64-bit Linux)
INFO: stdout 2023-03-22T02:07:53.535735:Chris Rorden's dcm2niiX version v1.0.20220720  (JP2:OpenJPEG) (JP-LS:CharLS) GCC10.2.1 x86-64 (64-bit Linux)
230322-02:07:53,536 nipype.interface INFO:
	 stdout 2023-03-22T02:07:53.535735:Found 5460 DICOM file(s)
INFO: stdout 2023-03-22T02:07:53.535735:Found 5460 DICOM file(s)
230322-02:07:53,536 nipype.interface INFO:
	 stdout 2023-03-22T02:07:53.535735:Image Decompression is new: please validate conversions
INFO: stdout 2023-03-22T02:07:53.535735:Image Decompression is new: please validate conversions
230322-02:07:53,536 nipype.interface INFO:
	 stdout 2023-03-22T02:07:53.535735:Convert 5460 DICOM as /nesi/nobackup/uoa03264/fMRIpipeline_data/processed_test_long/bids/sub-control17/ses-a/func/sub-control17_ses-a_task-rest_run-002_bold_heudiconv261 (64x64x52x105)
INFO: stdout 2023-03-22T02:07:53.535735:Convert 5460 DICOM as /nesi/nobackup/uoa03264/fMRIpipeline_data/processed_test_long/bids/sub-control17/ses-a/func/sub-control17_ses-a_task-rest_run-002_bold_heudiconv261 (64x64x52x105)
230322-02:07:56,82 nipype.interface INFO:
	 stdout 2023-03-22T02:07:56.082838:Compress: "/usr/bin/pigz" -b 960 -n -f -6 "/nesi/nobackup/uoa03264/fMRIpipeline_data/processed_test_long/bids/sub-control17/ses-a/func/sub-control17_ses-a_task-rest_run-002_bold_heudiconv261.nii"
INFO: stdout 2023-03-22T02:07:56.082838:Compress: "/usr/bin/pigz" -b 960 -n -f -6 "/nesi/nobackup/uoa03264/fMRIpipeline_data/processed_test_long/bids/sub-control17/ses-a/func/sub-control17_ses-a_task-rest_run-002_bold_heudiconv261.nii"
230322-02:07:56,83 nipype.interface INFO:
	 stdout 2023-03-22T02:07:56.082838:Conversion required 111.612376 seconds (9.083443 for core code).
INFO: stdout 2023-03-22T02:07:56.082838:Conversion required 111.612376 seconds (9.083443 for core code).
230322-02:07:57,806 nipype.workflow INFO:
	 [Node] Finished "convert", elapsed time 113.470276s.
INFO: [Node] Finished "convert", elapsed time 113.470276s.
230322-02:07:58,196 nipype.workflow INFO:
	 [Node] Setting-up "embedder" in "/tmp/embedmeta92ign80k/embedder".
INFO: [Node] Setting-up "embedder" in "/tmp/embedmeta92ign80k/embedder".
230322-02:07:59,634 nipype.workflow INFO:
	 [Node] Executing "embedder" <nipype.interfaces.utility.wrappers.Function>
INFO: [Node] Executing "embedder" <nipype.interfaces.utility.wrappers.Function>
230322-02:10:09,42 nipype.workflow INFO:
	 [Node] Finished "embedder", elapsed time 129.40647s.
INFO: [Node] Finished "embedder", elapsed time 129.40647s.
INFO: Post-treating /nesi/nobackup/uoa03264/fMRIpipeline_data/processed_test_long/bids/sub-control17/ses-a/func/sub-control17_ses-a_task-rest_run-002_bold.json file
INFO: Populating template files under /nesi/nobackup/uoa03264/fMRIpipeline_data/processed_test_long/bids/
INFO: PROCESSING DONE: {'subject': 'control17', 'outdir': '/nesi/nobackup/uoa03264/fMRIpipeline_data/processed_test_long/bids/', 'session': 'a'}
[Wed Mar 22 15:10:10 2023]
Finished job 0.
1 of 1 steps (100%) done
