Building DAG of jobs...
Using shell: /usr/bin/bash
Provided cores: 2
Rules claiming more threads will be scaled down.
Select jobs to execute...

[Thu Feb 23 12:39:46 2023]
rule heudiconv:
    input: /nesi/nobackup/uoa03264/fMRIpipeline_data/processed_test_long2/tidy/sub_rugby1/ses_a/.completed
    output: /nesi/nobackup/uoa03264/fMRIpipeline_data/processed_test_long2/bids/sub-rugby1/ses-a, /nesi/nobackup/uoa03264/fMRIpipeline_data/processed_test_long2/bids/.heudiconv/rugby1/ses-a
    jobid: 0
    wildcards: resultsdir=/nesi/nobackup/uoa03264/fMRIpipeline_data/processed_test_long2, subject=rugby1, session=a
    resources: mem_mb=4000, disk_mb=1000, tmpdir=/dev/shm/jobs/33121810, cpus=2, time_min=60, gpu=0

heudiconv --dicom_dir_template '/nesi/nobackup/uoa03264/fMRIpipeline_data/processed_test_long2/tidy/sub_{subject}/ses_{session}/*/*' --outdir /nesi/nobackup/uoa03264/fMRIpipeline_data/processed_test_long2/bids --heuristic scripts/heuristic.py --subjects rugby1 --ses a --converter dcm2niix --bids --overwrite
Activating singularity image /scale_wlg_persistent/filesets/project/uoa03264/fmri_workflow/.snakemake/singularity/10b2306ed15c5efc917232958423bfe6.simg
INFO: Running heudiconv version 0.11.4.post18+g1fe815b.d20221025 latest 0.12.0
INFO: Need to process 1 study sessions
INFO: PROCESSING STARTS: {'subject': 'rugby1', 'outdir': '/nesi/nobackup/uoa03264/fMRIpipeline_data/processed_test_long2/bids/', 'session': 'a'}
INFO: Processing 10599 dicoms
INFO: Analyzing 10599 dicoms
INFO: Generated sequence info for 2 studies with 10599 entries total
INFO: Doing conversion using dcm2niix
INFO: Converting /nesi/nobackup/uoa03264/fMRIpipeline_data/processed_test_long2/bids/sub-rugby1/ses-a/anat/sub-rugby1_ses-a_run-001_T1w (199 DICOMs) -> /nesi/nobackup/uoa03264/fMRIpipeline_data/processed_test_long2/bids/sub-rugby1/ses-a/anat . Converter: dcm2niix . Output types: ('nii.gz',)
230223-12:43:45,784 nipype.workflow INFO:
	 [Node] Setting-up "convert" in "/dev/shm/jobs/33121810/dcm2niixmht315gz/convert".
INFO: [Node] Setting-up "convert" in "/dev/shm/jobs/33121810/dcm2niixmht315gz/convert".
230223-12:43:45,872 nipype.workflow INFO:
	 [Node] Executing "convert" <nipype.interfaces.dcm2nii.Dcm2niix>
INFO: [Node] Executing "convert" <nipype.interfaces.dcm2nii.Dcm2niix>
230223-12:43:46,206 nipype.interface INFO:
	 stdout 2023-02-23T12:43:46.205948:Chris Rorden's dcm2niiX version v1.0.20220720  (JP2:OpenJPEG) (JP-LS:CharLS) GCC10.2.1 x86-64 (64-bit Linux)
INFO: stdout 2023-02-23T12:43:46.205948:Chris Rorden's dcm2niiX version v1.0.20220720  (JP2:OpenJPEG) (JP-LS:CharLS) GCC10.2.1 x86-64 (64-bit Linux)
230223-12:43:46,206 nipype.interface INFO:
	 stdout 2023-02-23T12:43:46.205948:Found 199 DICOM file(s)
INFO: stdout 2023-02-23T12:43:46.205948:Found 199 DICOM file(s)
230223-12:43:46,206 nipype.interface INFO:
	 stdout 2023-02-23T12:43:46.205948:DICOM images may be missing, expected 300 spatial locations per volume, but found 199 slices.
INFO: stdout 2023-02-23T12:43:46.205948:DICOM images may be missing, expected 300 spatial locations per volume, but found 199 slices.
230223-12:43:46,206 nipype.interface INFO:
	 stdout 2023-02-23T12:43:46.205948:Convert 199 DICOM as /nesi/nobackup/uoa03264/fMRIpipeline_data/processed_test_long2/bids/sub-rugby1/ses-a/anat/sub-rugby1_ses-a_run-001_T1w_heudiconv785 (512x512x199x1)
INFO: stdout 2023-02-23T12:43:46.205948:Convert 199 DICOM as /nesi/nobackup/uoa03264/fMRIpipeline_data/processed_test_long2/bids/sub-rugby1/ses-a/anat/sub-rugby1_ses-a_run-001_T1w_heudiconv785 (512x512x199x1)
230223-12:43:50,305 nipype.interface INFO:
	 stdout 2023-02-23T12:43:50.304987:Compress: "/usr/bin/pigz" -b 960 -n -f -6 "/nesi/nobackup/uoa03264/fMRIpipeline_data/processed_test_long2/bids/sub-rugby1/ses-a/anat/sub-rugby1_ses-a_run-001_T1w_heudiconv785.nii"
INFO: stdout 2023-02-23T12:43:50.304987:Compress: "/usr/bin/pigz" -b 960 -n -f -6 "/nesi/nobackup/uoa03264/fMRIpipeline_data/processed_test_long2/bids/sub-rugby1/ses-a/anat/sub-rugby1_ses-a_run-001_T1w_heudiconv785.nii"
230223-12:43:50,306 nipype.interface INFO:
	 stdout 2023-02-23T12:43:50.304987:Conversion required 4.211619 seconds (0.405334 for core code).
INFO: stdout 2023-02-23T12:43:50.304987:Conversion required 4.211619 seconds (0.405334 for core code).
230223-12:43:50,332 nipype.workflow INFO:
	 [Node] Finished "convert", elapsed time 4.254692s.
INFO: [Node] Finished "convert", elapsed time 4.254692s.
WARNING: Failed to find task field in /nesi/nobackup/uoa03264/fMRIpipeline_data/processed_test_long2/bids/sub-rugby1/ses-a/anat/sub-rugby1_ses-a_run-001_T1w.json.
230223-12:43:50,354 nipype.workflow INFO:
	 [Node] Setting-up "embedder" in "/dev/shm/jobs/33121810/embedmetao0cl4ntm/embedder".
INFO: [Node] Setting-up "embedder" in "/dev/shm/jobs/33121810/embedmetao0cl4ntm/embedder".
230223-12:43:50,379 nipype.workflow INFO:
	 [Node] Executing "embedder" <nipype.interfaces.utility.wrappers.Function>
INFO: [Node] Executing "embedder" <nipype.interfaces.utility.wrappers.Function>
230223-12:43:53,848 nipype.workflow INFO:
	 [Node] Finished "embedder", elapsed time 3.468081s.
INFO: [Node] Finished "embedder", elapsed time 3.468081s.
INFO: Post-treating /nesi/nobackup/uoa03264/fMRIpipeline_data/processed_test_long2/bids/sub-rugby1/ses-a/anat/sub-rugby1_ses-a_run-001_T1w.json file
INFO: Converting /nesi/nobackup/uoa03264/fMRIpipeline_data/processed_test_long2/bids/sub-rugby1/ses-a/func/sub-rugby1_ses-a_task-rest_run-001_bold (10400 DICOMs) -> /nesi/nobackup/uoa03264/fMRIpipeline_data/processed_test_long2/bids/sub-rugby1/ses-a/func . Converter: dcm2niix . Output types: ('nii.gz',)
230223-12:43:54,453 nipype.workflow INFO:
	 [Node] Setting-up "convert" in "/dev/shm/jobs/33121810/dcm2niix0v27mrg_/convert".
INFO: [Node] Setting-up "convert" in "/dev/shm/jobs/33121810/dcm2niix0v27mrg_/convert".
230223-12:44:00,619 nipype.workflow INFO:
	 [Node] Executing "convert" <nipype.interfaces.dcm2nii.Dcm2niix>
INFO: [Node] Executing "convert" <nipype.interfaces.dcm2nii.Dcm2niix>
230223-12:44:04,58 nipype.interface INFO:
	 stdout 2023-02-23T12:44:04.058835:Chris Rorden's dcm2niiX version v1.0.20220720  (JP2:OpenJPEG) (JP-LS:CharLS) GCC10.2.1 x86-64 (64-bit Linux)
INFO: stdout 2023-02-23T12:44:04.058835:Chris Rorden's dcm2niiX version v1.0.20220720  (JP2:OpenJPEG) (JP-LS:CharLS) GCC10.2.1 x86-64 (64-bit Linux)
230223-12:44:04,59 nipype.interface INFO:
	 stdout 2023-02-23T12:44:04.058835:Found 10400 DICOM file(s)
INFO: stdout 2023-02-23T12:44:04.058835:Found 10400 DICOM file(s)
230223-12:44:04,59 nipype.interface INFO:
	 stdout 2023-02-23T12:44:04.058835:Convert 10400 DICOM as /nesi/nobackup/uoa03264/fMRIpipeline_data/processed_test_long2/bids/sub-rugby1/ses-a/func/sub-rugby1_ses-a_task-rest_run-001_bold_heudiconv493 (64x64x52x200)
INFO: stdout 2023-02-23T12:44:04.058835:Convert 10400 DICOM as /nesi/nobackup/uoa03264/fMRIpipeline_data/processed_test_long2/bids/sub-rugby1/ses-a/func/sub-rugby1_ses-a_task-rest_run-001_bold_heudiconv493 (64x64x52x200)
230223-12:44:08,76 nipype.interface INFO:
	 stdout 2023-02-23T12:44:08.076642:Compress: "/usr/bin/pigz" -b 960 -n -f -6 "/nesi/nobackup/uoa03264/fMRIpipeline_data/processed_test_long2/bids/sub-rugby1/ses-a/func/sub-rugby1_ses-a_task-rest_run-001_bold_heudiconv493.nii"
INFO: stdout 2023-02-23T12:44:08.076642:Compress: "/usr/bin/pigz" -b 960 -n -f -6 "/nesi/nobackup/uoa03264/fMRIpipeline_data/processed_test_long2/bids/sub-rugby1/ses-a/func/sub-rugby1_ses-a_task-rest_run-001_bold_heudiconv493.nii"
230223-12:44:08,77 nipype.interface INFO:
	 stdout 2023-02-23T12:44:08.076642:Conversion required 7.426676 seconds (3.409603 for core code).
INFO: stdout 2023-02-23T12:44:08.076642:Conversion required 7.426676 seconds (3.409603 for core code).
230223-12:44:08,125 nipype.workflow INFO:
	 [Node] Finished "convert", elapsed time 7.504812s.
INFO: [Node] Finished "convert", elapsed time 7.504812s.
230223-12:44:08,505 nipype.workflow INFO:
	 [Node] Setting-up "embedder" in "/dev/shm/jobs/33121810/embedmetal_zebemp/embedder".
INFO: [Node] Setting-up "embedder" in "/dev/shm/jobs/33121810/embedmetal_zebemp/embedder".
230223-12:44:10,125 nipype.workflow INFO:
	 [Node] Executing "embedder" <nipype.interfaces.utility.wrappers.Function>
INFO: [Node] Executing "embedder" <nipype.interfaces.utility.wrappers.Function>
230223-12:47:14,274 nipype.workflow INFO:
	 [Node] Finished "embedder", elapsed time 184.147442s.
INFO: [Node] Finished "embedder", elapsed time 184.147442s.
INFO: Post-treating /nesi/nobackup/uoa03264/fMRIpipeline_data/processed_test_long2/bids/sub-rugby1/ses-a/func/sub-rugby1_ses-a_task-rest_run-001_bold.json file
INFO: Populating template files under /nesi/nobackup/uoa03264/fMRIpipeline_data/processed_test_long2/bids/
INFO: PROCESSING DONE: {'subject': 'rugby1', 'outdir': '/nesi/nobackup/uoa03264/fMRIpipeline_data/processed_test_long2/bids/', 'session': 'a'}
[Thu Feb 23 12:47:16 2023]
Finished job 0.
1 of 1 steps (100%) done
