Building DAG of jobs...
Using shell: /usr/bin/bash
Provided cores: 8
Rules claiming more threads will be scaled down.
Provided resources: mem_mb=25000, mem_mib=23842, disk_mb=1000, disk_mib=954, cpus=8, time_min=180, gpu=0
Select jobs to execute...

[Thu Apr  6 11:22:49 2023]
rule fmriprep:
    input: /nesi/nobackup/uoa03264/fMRIpipeline_data/processed_test_cross/bids/sub-control17/ses-a, /nesi/nobackup/uoa03264/fMRIpipeline_data/processed_test_cross/bids/derivatives/freesurfer_agg/sub-control17
    output: /nesi/nobackup/uoa03264/fMRIpipeline_data/processed_test_cross/bids/derivatives/fmriprep/sub-control17
    log: /nesi/nobackup/uoa03264/fMRIpipeline_data/processed_test_cross/bids/derivatives/fmriprep/sub-control17.html
    jobid: 0
    reason: Missing output files: /nesi/nobackup/uoa03264/fMRIpipeline_data/processed_test_cross/bids/derivatives/fmriprep/sub-control17
    wildcards: resultsdir=/nesi/nobackup/uoa03264/fMRIpipeline_data/processed_test_cross, subject=control17
    threads: 8
    resources: mem_mb=25000, mem_mib=23842, disk_mb=1000, disk_mib=954, tmpdir=/dev/shm/jobs/33909855, cpus=8, time_min=180, gpu=0

fmriprep /nesi/nobackup/uoa03264/fMRIpipeline_data/processed_test_cross/bids /nesi/nobackup/uoa03264/fMRIpipeline_data/processed_test_cross/bids/derivatives/fmriprep participant --participant-label control17 --skip-bids-validation --md-only-boilerplate --fs-subjects-dir /nesi/nobackup/uoa03264/fMRIpipeline_data/processed_test_cross/bids/derivatives/freesurfer_agg --output-spaces MNI152NLin2009cAsym:res-2 --stop-on-first-crash --low-mem --mem-mb 25000 --nprocs 8 -w /nesi/nobackup/uoa03264/fMRIpipeline_data/processed_test_cross/work --fs-license-file ./license.txt
Activating singularity image /scale_wlg_persistent/filesets/project/uoa03264/fmri_workflow/.snakemake/singularity/8ba2e11db7a36df6ed76807c131c9dc5.simg
You are using fMRIPrep-22.0.2, and a newer version of fMRIPrep is available: 23.0.1.
Please check out our documentation about how and when to upgrade:
https://fmriprep.readthedocs.io/en/latest/faq.html#upgrading
230405-23:23:09,886 nipype.workflow IMPORTANT:
	 Running fMRIPrep version 22.0.2

         License NOTICE ##################################################
         fMRIPrep 22.0.2
         Copyright 2022 The NiPreps Developers.
         
         This product includes software developed by
         the NiPreps Community (https://nipreps.org/).
         
         Portions of this software were developed at the Department of
         Psychology at Stanford University, Stanford, CA, US.
         
         This software redistributes the versioneer Python package, which is
         Public domain source code.
         
         This software is also distributed as a Docker container image.
         The bootstraping file for the image ("Dockerfile") is licensed
         under the MIT License.
         
         This software may be distributed through an add-on package called
         "Docker Wrapper" that is under the BSD 3-clause License.
         #################################################################
230405-23:23:09,889 nipype.workflow WARNING:
	 Previous output generated by version 0+unknown found.
230405-23:23:09,939 nipype.workflow IMPORTANT:
	 Building fMRIPrep's workflow:
           * BIDS dataset path: /nesi/nobackup/uoa03264/fMRIpipeline_data/processed_test_cross/bids.
           * Participant list: ['control17'].
           * Run identifier: 20230405-232253_d63e0096-e5d5-49cf-bcbc-c641eed71d9c.
           * Output spaces: MNI152NLin2009cAsym:res-2.
           * Pre-run FreeSurfer's SUBJECTS_DIR: /nesi/nobackup/uoa03264/fMRIpipeline_data/processed_test_cross/bids/derivatives/freesurfer_agg.
230405-23:23:11,910 nipype.workflow INFO:
	 No single-band-reference found for sub-control17_ses-a_task-rest_run-001_bold.nii.gz.
230405-23:23:12,289 nipype.workflow INFO:
	 No single-band-reference found for sub-control17_ses-a_task-rest_run-002_bold.nii.gz.
230405-23:23:12,398 nipype.workflow IMPORTANT:
	 BOLD series will be slice-timing corrected to an offset of 0.981s.
230405-23:23:16,286 nipype.workflow INFO:
	 fMRIPrep workflow graph with 579 nodes built successfully.
230405-23:23:30,872 nipype.workflow IMPORTANT:
	 fMRIPrep started!
230405-23:23:42,838 nipype.workflow INFO:
	 [Node] Setting-up "fmriprep_22_0_wf.single_subject_control17_wf.anat_preproc_wf.fs_isrunning" in "/nesi/nobackup/uoa03264/fMRIpipeline_data/processed_test_cross/work/fmriprep_22_0_wf/single_subject_control17_wf/anat_preproc_wf/fs_isrunning".
230405-23:23:42,849 nipype.workflow INFO:
	 [Node] Executing "fs_isrunning" <nipype.interfaces.utility.wrappers.Function>
230405-23:23:42,861 nipype.workflow INFO:
	 [Node] Finished "fs_isrunning", elapsed time 0.002857s.
230405-23:24:07,146 nipype.workflow INFO:
	 [Node] Setting-up "fmriprep_22_0_wf.single_subject_control17_wf.anat_preproc_wf.surface_recon_wf.autorecon1" in "/nesi/nobackup/uoa03264/fMRIpipeline_data/processed_test_cross/work/fmriprep_22_0_wf/single_subject_control17_wf/anat_preproc_wf/surface_recon_wf/autorecon1".
230405-23:24:07,155 nipype.workflow INFO:
	 [Node] Executing "autorecon1" <smriprep.interfaces.freesurfer.ReconAll>
230405-23:24:07,156 nipype.interface INFO:
	 recon-all complete : Not running
230405-23:24:07,157 nipype.interface INFO:
	 recon-all complete : Not running
230405-23:24:07,281 nipype.workflow INFO:
	 [Node] Finished "autorecon1", elapsed time 0.125365s.
230405-23:25:21,642 nipype.workflow INFO:
	 [Node] Setting-up "fmriprep_22_0_wf.single_subject_control17_wf.anat_preproc_wf.surface_recon_wf.skull_strip_extern" in "/nesi/nobackup/uoa03264/fMRIpipeline_data/processed_test_cross/work/fmriprep_22_0_wf/single_subject_control17_wf/anat_preproc_wf/surface_recon_wf/skull_strip_extern".
230405-23:25:21,650 nipype.workflow INFO:
	 [Node] Executing "skull_strip_extern" <niworkflows.interfaces.freesurfer.FSInjectBrainExtracted>
230405-23:25:22,75 nipype.workflow INFO:
	 [Node] Finished "skull_strip_extern", elapsed time 0.424354s.
230405-23:25:22,805 nipype.workflow INFO:
	 [Node] Setting-up "fmriprep_22_0_wf.single_subject_control17_wf.anat_preproc_wf.surface_recon_wf.autorecon_resume_wf.autorecon2_vol" in "/nesi/nobackup/uoa03264/fMRIpipeline_data/processed_test_cross/work/fmriprep_22_0_wf/single_subject_control17_wf/anat_preproc_wf/surface_recon_wf/autorecon_resume_wf/autorecon2_vol".
230405-23:25:22,811 nipype.workflow INFO:
	 [Node] Executing "autorecon2_vol" <smriprep.interfaces.freesurfer.ReconAll>
230405-23:25:22,813 nipype.interface INFO:
	 recon-all complete : Not running
230405-23:25:22,813 nipype.interface INFO:
	 recon-all complete : Not running
230405-23:25:22,988 nipype.workflow INFO:
	 [Node] Finished "autorecon2_vol", elapsed time 0.175218s.
230405-23:26:22,804 nipype.workflow INFO:
	 [Node] Setting-up "_autorecon_surfs0" in "/nesi/nobackup/uoa03264/fMRIpipeline_data/processed_test_cross/work/fmriprep_22_0_wf/single_subject_control17_wf/anat_preproc_wf/surface_recon_wf/autorecon_resume_wf/autorecon_surfs/mapflow/_autorecon_surfs0".
230405-23:26:22,810 nipype.workflow INFO:
	 [Node] Executing "_autorecon_surfs0" <smriprep.interfaces.freesurfer.ReconAll>
230405-23:26:22,813 nipype.interface INFO:
	 recon-all complete : Not running
230405-23:26:22,815 nipype.interface INFO:
	 recon-all complete : Not running
230405-23:26:22,948 nipype.workflow INFO:
	 [Node] Finished "_autorecon_surfs0", elapsed time 0.136105s.
230405-23:26:24,821 nipype.workflow INFO:
	 [Node] Setting-up "_autorecon_surfs1" in "/nesi/nobackup/uoa03264/fMRIpipeline_data/processed_test_cross/work/fmriprep_22_0_wf/single_subject_control17_wf/anat_preproc_wf/surface_recon_wf/autorecon_resume_wf/autorecon_surfs/mapflow/_autorecon_surfs1".
230405-23:26:24,827 nipype.workflow INFO:
	 [Node] Executing "_autorecon_surfs1" <smriprep.interfaces.freesurfer.ReconAll>
230405-23:26:24,830 nipype.interface INFO:
	 recon-all complete : Not running
230405-23:26:24,832 nipype.interface INFO:
	 recon-all complete : Not running
230405-23:26:24,961 nipype.workflow INFO:
	 [Node] Finished "_autorecon_surfs1", elapsed time 0.132907s.
230405-23:26:26,828 nipype.workflow INFO:
	 [Node] Setting-up "_autorecon_surfs0" in "/nesi/nobackup/uoa03264/fMRIpipeline_data/processed_test_cross/work/fmriprep_22_0_wf/single_subject_control17_wf/anat_preproc_wf/surface_recon_wf/autorecon_resume_wf/autorecon_surfs/mapflow/_autorecon_surfs0".
230405-23:26:26,846 nipype.workflow INFO:
	 [Node] Executing "_autorecon_surfs0" <smriprep.interfaces.freesurfer.ReconAll>
230405-23:26:26,849 nipype.interface INFO:
	 recon-all complete : Not running
230405-23:26:26,850 nipype.interface INFO:
	 recon-all complete : Not running
230405-23:26:27,0 nipype.workflow INFO:
	 [Node] Finished "_autorecon_surfs0", elapsed time 0.152308s.
230405-23:26:27,6 nipype.workflow INFO:
	 [Node] Setting-up "_autorecon_surfs1" in "/nesi/nobackup/uoa03264/fMRIpipeline_data/processed_test_cross/work/fmriprep_22_0_wf/single_subject_control17_wf/anat_preproc_wf/surface_recon_wf/autorecon_resume_wf/autorecon_surfs/mapflow/_autorecon_surfs1".
230405-23:26:27,10 nipype.workflow INFO:
	 [Node] Executing "_autorecon_surfs1" <smriprep.interfaces.freesurfer.ReconAll>
230405-23:26:27,12 nipype.interface INFO:
	 recon-all complete : Not running
230405-23:26:27,14 nipype.interface INFO:
	 recon-all complete : Not running
230405-23:26:27,175 nipype.workflow INFO:
	 [Node] Finished "_autorecon_surfs1", elapsed time 0.164215s.
230405-23:26:28,861 nipype.workflow INFO:
	 [Node] Setting-up "fmriprep_22_0_wf.single_subject_control17_wf.anat_preproc_wf.surface_recon_wf.autorecon_resume_wf.cortribbon" in "/nesi/nobackup/uoa03264/fMRIpipeline_data/processed_test_cross/work/fmriprep_22_0_wf/single_subject_control17_wf/anat_preproc_wf/surface_recon_wf/autorecon_resume_wf/cortribbon".
230405-23:26:28,866 nipype.workflow INFO:
	 [Node] Executing "cortribbon" <smriprep.interfaces.freesurfer.ReconAll>
230405-23:26:28,867 nipype.interface INFO:
	 recon-all complete : Not running
230405-23:26:28,868 nipype.interface INFO:
	 recon-all complete : Not running
230405-23:26:29,59 nipype.workflow INFO:
	 [Node] Finished "cortribbon", elapsed time 0.192229s.
230405-23:26:32,880 nipype.workflow INFO:
	 [Node] Setting-up "_parcstats0" in "/nesi/nobackup/uoa03264/fMRIpipeline_data/processed_test_cross/work/fmriprep_22_0_wf/single_subject_control17_wf/anat_preproc_wf/surface_recon_wf/autorecon_resume_wf/parcstats/mapflow/_parcstats0".
230405-23:26:32,886 nipype.workflow INFO:
	 [Node] Executing "_parcstats0" <smriprep.interfaces.freesurfer.ReconAll>
230405-23:26:32,889 nipype.interface INFO:
	 recon-all complete : Not running
230405-23:26:32,890 nipype.interface INFO:
	 recon-all complete : Not running
230405-23:26:33,71 nipype.workflow INFO:
	 [Node] Finished "_parcstats0", elapsed time 0.184371s.
230405-23:26:34,885 nipype.workflow INFO:
	 [Node] Setting-up "_parcstats1" in "/nesi/nobackup/uoa03264/fMRIpipeline_data/processed_test_cross/work/fmriprep_22_0_wf/single_subject_control17_wf/anat_preproc_wf/surface_recon_wf/autorecon_resume_wf/parcstats/mapflow/_parcstats1".
230405-23:26:34,891 nipype.workflow INFO:
	 [Node] Executing "_parcstats1" <smriprep.interfaces.freesurfer.ReconAll>
230405-23:26:34,893 nipype.interface INFO:
	 recon-all complete : Not running
230405-23:26:34,895 nipype.interface INFO:
	 recon-all complete : Not running
230405-23:26:35,51 nipype.workflow INFO:
	 [Node] Finished "_parcstats1", elapsed time 0.158802s.
230405-23:26:36,866 nipype.workflow INFO:
	 [Node] Setting-up "_parcstats0" in "/nesi/nobackup/uoa03264/fMRIpipeline_data/processed_test_cross/work/fmriprep_22_0_wf/single_subject_control17_wf/anat_preproc_wf/surface_recon_wf/autorecon_resume_wf/parcstats/mapflow/_parcstats0".
230405-23:26:36,872 nipype.workflow INFO:
	 [Node] Executing "_parcstats0" <smriprep.interfaces.freesurfer.ReconAll>
230405-23:26:36,875 nipype.interface INFO:
	 recon-all complete : Not running
230405-23:26:36,876 nipype.interface INFO:
	 recon-all complete : Not running
230405-23:26:37,15 nipype.workflow INFO:
	 [Node] Finished "_parcstats0", elapsed time 0.141994s.
230405-23:26:37,22 nipype.workflow INFO:
	 [Node] Setting-up "_parcstats1" in "/nesi/nobackup/uoa03264/fMRIpipeline_data/processed_test_cross/work/fmriprep_22_0_wf/single_subject_control17_wf/anat_preproc_wf/surface_recon_wf/autorecon_resume_wf/parcstats/mapflow/_parcstats1".
230405-23:26:37,27 nipype.workflow INFO:
	 [Node] Executing "_parcstats1" <smriprep.interfaces.freesurfer.ReconAll>
230405-23:26:37,30 nipype.interface INFO:
	 recon-all complete : Not running
230405-23:26:37,31 nipype.interface INFO:
	 recon-all complete : Not running
230405-23:26:37,182 nipype.workflow INFO:
	 [Node] Finished "_parcstats1", elapsed time 0.153789s.
230405-23:26:38,861 nipype.workflow INFO:
	 [Node] Setting-up "fmriprep_22_0_wf.single_subject_control17_wf.anat_preproc_wf.surface_recon_wf.autorecon_resume_wf.autorecon3" in "/nesi/nobackup/uoa03264/fMRIpipeline_data/processed_test_cross/work/fmriprep_22_0_wf/single_subject_control17_wf/anat_preproc_wf/surface_recon_wf/autorecon_resume_wf/autorecon3".
230405-23:26:38,867 nipype.workflow INFO:
	 [Node] Executing "autorecon3" <smriprep.interfaces.freesurfer.ReconAll>
230405-23:26:38,870 nipype.interface INFO:
	 resume recon-all : recon-all -autorecon3 -openmp 7 -subjid sub-control17 -sd /nesi/nobackup/uoa03264/fMRIpipeline_data/processed_test_cross/bids/derivatives/freesurfer_agg -nosphere -nosurfreg -nojacobian_white -noavgcurv -nocortparc -nopial -noparcstats -nocortparc2 -noparcstats2 -nocortparc3 -noparcstats3 -nopctsurfcon -nocortribbon -nohyporelabel -noaparc2aseg -nosegstats -nowmparc -nobalabels
230405-23:26:38,872 nipype.interface INFO:
	 resume recon-all : recon-all -autorecon3 -openmp 7 -subjid sub-control17 -sd /nesi/nobackup/uoa03264/fMRIpipeline_data/processed_test_cross/bids/derivatives/freesurfer_agg -nosphere -nosurfreg -nojacobian_white -noavgcurv -nocortparc -nopial -noparcstats -nocortparc2 -noparcstats2 -nocortparc3 -noparcstats3 -nopctsurfcon -nocortribbon -nohyporelabel -noaparc2aseg -nosegstats -nowmparc -nobalabels
230405-23:26:41,987 nipype.workflow INFO:
	 [Node] Finished "autorecon3", elapsed time 3.118896s.
230405-23:26:41,990 nipype.workflow WARNING:
	 [Node] Error on "fmriprep_22_0_wf.single_subject_control17_wf.anat_preproc_wf.surface_recon_wf.autorecon_resume_wf.autorecon3" (/nesi/nobackup/uoa03264/fMRIpipeline_data/processed_test_cross/work/fmriprep_22_0_wf/single_subject_control17_wf/anat_preproc_wf/surface_recon_wf/autorecon_resume_wf/autorecon3)
230405-23:26:42,704 nipype.workflow ERROR:
	 Node autorecon3 failed to run on host wmc016.
230405-23:26:42,708 nipype.workflow ERROR:
	 Saving crash info to /nesi/nobackup/uoa03264/fMRIpipeline_data/processed_test_cross/bids/derivatives/fmriprep/sub-control17/log/20230405-232253_d63e0096-e5d5-49cf-bcbc-c641eed71d9c/crash-20230405-232642-jmcg465-autorecon3-125a94f2-b61b-4342-a186-d9f52c6a4cf6.txt
Traceback (most recent call last):
  File "/opt/conda/lib/python3.9/site-packages/nipype/pipeline/plugins/multiproc.py", line 67, in run_node
    result["result"] = node.run(updatehash=updatehash)
  File "/opt/conda/lib/python3.9/site-packages/nipype/pipeline/engine/nodes.py", line 527, in run
    result = self._run_interface(execute=True)
  File "/opt/conda/lib/python3.9/site-packages/nipype/pipeline/engine/nodes.py", line 645, in _run_interface
    return self._run_command(execute)
  File "/opt/conda/lib/python3.9/site-packages/nipype/pipeline/engine/nodes.py", line 771, in _run_command
    raise NodeExecutionError(msg)
nipype.pipeline.engine.nodes.NodeExecutionError: Exception raised while executing Node autorecon3.

Cmdline:
	recon-all -autorecon3 -openmp 7 -subjid sub-control17 -sd /nesi/nobackup/uoa03264/fMRIpipeline_data/processed_test_cross/bids/derivatives/freesurfer_agg -nosphere -nosurfreg -nojacobian_white -noavgcurv -nocortparc -nopial -noparcstats -nocortparc2 -noparcstats2 -nocortparc3 -noparcstats3 -nopctsurfcon -nocortribbon -nohyporelabel -noaparc2aseg -nosegstats -nowmparc -nobalabels
Stdout:
	INFO: FreeSurfer build stamps do not match
	Subject Stamp: freesurfer-Linux-centos6_x86_64-stable-pub-v6.0.1-f53a55a
	Current Stamp: freesurfer-linux-ubuntu18_x86_64-7.2.0-20210721-aa8f76b
	INFO: SUBJECTS_DIR is /nesi/nobackup/uoa03264/fMRIpipeline_data/processed_test_cross/bids/derivatives/freesurfer_agg
	Actual FREESURFER_HOME /opt/freesurfer
	-rw-rw----+ 1 jmcg465 uoa03264 937341 Apr  5 23:14 /nesi/nobackup/uoa03264/fMRIpipeline_data/processed_test_cross/bids/derivatives/freesurfer_agg/sub-control17/scripts/recon-all.log
	Linux wmc016 4.18.0-348.23.1.el8_5.x86_64 #1 SMP Wed Apr 27 15:32:52 UTC 2022 x86_64 x86_64 x86_64 GNU/Linux
	/nesi/nobackup/uoa03264/fMRIpipeline_data/processed_test_cross/bids/derivatives/freesurfer_agg/sub-control17/mri/transforms /nesi/nobackup/uoa03264/fMRIpipeline_data/processed_test_cross/bids/derivatives/freesurfer_agg/sub-control17 
	/nesi/nobackup/uoa03264/fMRIpipeline_data/processed_test_cross/bids/derivatives/freesurfer_agg/sub-control17 
	#--------------------------------------------
	#@# WhiteSurfs lh Wed Apr  5 23:26:41 UTC 2023
	cd /nesi/nobackup/uoa03264/fMRIpipeline_data/processed_test_cross/bids/derivatives/freesurfer_agg/sub-control17/mri
	mris_place_surface --adgws-in ../surf/autodet.gw.stats.lh.dat --seg aseg.presurf.mgz --threads 7 --wm wm.mgz --invol brain.finalsurfs.mgz --lh --i ../surf/lh.white.preaparc --o ../surf/lh.white --white --nsmooth 0 --rip-label ../label/lh.cortex.label --rip-bg --rip-surf ../surf/lh.white.preaparc --aparc ../label/lh.aparc.annot
	ERROR: reading ../surf/autodet.gw.stats.lh.dat
	Linux wmc016 4.18.0-348.23.1.el8_5.x86_64 #1 SMP Wed Apr 27 15:32:52 UTC 2022 x86_64 x86_64 x86_64 GNU/Linux

	recon-all -s sub-control17 exited with ERRORS at Wed Apr  5 23:26:41 UTC 2023

	For more details, see the log file /nesi/nobackup/uoa03264/fMRIpipeline_data/processed_test_cross/bids/derivatives/freesurfer_agg/sub-control17/scripts/recon-all.log
	To report a problem, see http://surfer.nmr.mgh.harvard.edu/fswiki/BugReporting

Stderr:

Traceback:
	RuntimeError: subprocess exited with code 1.

230405-23:26:42,726 nipype.workflow CRITICAL:
	 fMRIPrep failed: Traceback (most recent call last):
  File "/opt/conda/lib/python3.9/site-packages/nipype/pipeline/plugins/multiproc.py", line 67, in run_node
    result["result"] = node.run(updatehash=updatehash)
  File "/opt/conda/lib/python3.9/site-packages/nipype/pipeline/engine/nodes.py", line 527, in run
    result = self._run_interface(execute=True)
  File "/opt/conda/lib/python3.9/site-packages/nipype/pipeline/engine/nodes.py", line 645, in _run_interface
    return self._run_command(execute)
  File "/opt/conda/lib/python3.9/site-packages/nipype/pipeline/engine/nodes.py", line 771, in _run_command
    raise NodeExecutionError(msg)
nipype.pipeline.engine.nodes.NodeExecutionError: Exception raised while executing Node autorecon3.

Cmdline:
	recon-all -autorecon3 -openmp 7 -subjid sub-control17 -sd /nesi/nobackup/uoa03264/fMRIpipeline_data/processed_test_cross/bids/derivatives/freesurfer_agg -nosphere -nosurfreg -nojacobian_white -noavgcurv -nocortparc -nopial -noparcstats -nocortparc2 -noparcstats2 -nocortparc3 -noparcstats3 -nopctsurfcon -nocortribbon -nohyporelabel -noaparc2aseg -nosegstats -nowmparc -nobalabels
Stdout:
	INFO: FreeSurfer build stamps do not match
	Subject Stamp: freesurfer-Linux-centos6_x86_64-stable-pub-v6.0.1-f53a55a
	Current Stamp: freesurfer-linux-ubuntu18_x86_64-7.2.0-20210721-aa8f76b
	INFO: SUBJECTS_DIR is /nesi/nobackup/uoa03264/fMRIpipeline_data/processed_test_cross/bids/derivatives/freesurfer_agg
	Actual FREESURFER_HOME /opt/freesurfer
	-rw-rw----+ 1 jmcg465 uoa03264 937341 Apr  5 23:14 /nesi/nobackup/uoa03264/fMRIpipeline_data/processed_test_cross/bids/derivatives/freesurfer_agg/sub-control17/scripts/recon-all.log
	Linux wmc016 4.18.0-348.23.1.el8_5.x86_64 #1 SMP Wed Apr 27 15:32:52 UTC 2022 x86_64 x86_64 x86_64 GNU/Linux
	/nesi/nobackup/uoa03264/fMRIpipeline_data/processed_test_cross/bids/derivatives/freesurfer_agg/sub-control17/mri/transforms /nesi/nobackup/uoa03264/fMRIpipeline_data/processed_test_cross/bids/derivatives/freesurfer_agg/sub-control17 
	/nesi/nobackup/uoa03264/fMRIpipeline_data/processed_test_cross/bids/derivatives/freesurfer_agg/sub-control17 
	#--------------------------------------------
	#@# WhiteSurfs lh Wed Apr  5 23:26:41 UTC 2023
	cd /nesi/nobackup/uoa03264/fMRIpipeline_data/processed_test_cross/bids/derivatives/freesurfer_agg/sub-control17/mri
	mris_place_surface --adgws-in ../surf/autodet.gw.stats.lh.dat --seg aseg.presurf.mgz --threads 7 --wm wm.mgz --invol brain.finalsurfs.mgz --lh --i ../surf/lh.white.preaparc --o ../surf/lh.white --white --nsmooth 0 --rip-label ../label/lh.cortex.label --rip-bg --rip-surf ../surf/lh.white.preaparc --aparc ../label/lh.aparc.annot
	ERROR: reading ../surf/autodet.gw.stats.lh.dat
	Linux wmc016 4.18.0-348.23.1.el8_5.x86_64 #1 SMP Wed Apr 27 15:32:52 UTC 2022 x86_64 x86_64 x86_64 GNU/Linux

	recon-all -s sub-control17 exited with ERRORS at Wed Apr  5 23:26:41 UTC 2023

	For more details, see the log file /nesi/nobackup/uoa03264/fMRIpipeline_data/processed_test_cross/bids/derivatives/freesurfer_agg/sub-control17/scripts/recon-all.log
	To report a problem, see http://surfer.nmr.mgh.harvard.edu/fswiki/BugReporting

Stderr:

Traceback:
	RuntimeError: subprocess exited with code 1.

230405-23:26:43,675 cli ERROR:
	 Preprocessing did not finish successfully. Errors occurred while processing data from participants: control17 (1). Check the HTML reports for details.
230405-23:26:43,675 cli ERROR:
	 Preprocessing did not finish successfully. Errors occurred while processing data from participants: control17 (1). Check the HTML reports for details.
Sentry is attempting to send 3 pending error messages
Waiting up to 2 seconds
Press Ctrl-C to quit
[Thu Apr  6 11:26:45 2023]
Error in rule fmriprep:
    jobid: 0
    input: /nesi/nobackup/uoa03264/fMRIpipeline_data/processed_test_cross/bids/sub-control17/ses-a, /nesi/nobackup/uoa03264/fMRIpipeline_data/processed_test_cross/bids/derivatives/freesurfer_agg/sub-control17
    output: /nesi/nobackup/uoa03264/fMRIpipeline_data/processed_test_cross/bids/derivatives/fmriprep/sub-control17
    log: /nesi/nobackup/uoa03264/fMRIpipeline_data/processed_test_cross/bids/derivatives/fmriprep/sub-control17.html (check log file(s) for error details)
    shell:
        fmriprep /nesi/nobackup/uoa03264/fMRIpipeline_data/processed_test_cross/bids /nesi/nobackup/uoa03264/fMRIpipeline_data/processed_test_cross/bids/derivatives/fmriprep participant --participant-label control17 --skip-bids-validation --md-only-boilerplate --fs-subjects-dir /nesi/nobackup/uoa03264/fMRIpipeline_data/processed_test_cross/bids/derivatives/freesurfer_agg --output-spaces MNI152NLin2009cAsym:res-2 --stop-on-first-crash --low-mem --mem-mb 25000 --nprocs 8 -w /nesi/nobackup/uoa03264/fMRIpipeline_data/processed_test_cross/work --fs-license-file ./license.txt
        (one of the commands exited with non-zero exit code; note that snakemake uses bash strict mode!)

Removing output files of failed job fmriprep since they might be corrupted:
/nesi/nobackup/uoa03264/fMRIpipeline_data/processed_test_cross/bids/derivatives/fmriprep/sub-control17
Shutting down, this might take some time.
Exiting because a job execution failed. Look above for error message
