Building DAG of jobs...
Using shell: /usr/bin/bash
Provided cores: 8
Rules claiming more threads will be scaled down.
Provided resources: mem_mb=25000, mem_mib=23842, disk_mb=1000, disk_mib=954, cpus=8, time_min=180, gpu=0
Select jobs to execute...

[Thu Apr  6 12:09:54 2023]
rule fmriprep:
    input: /nesi/nobackup/uoa03264/fMRIpipeline_data/processed_test_cross/bids/sub-control17/ses-a, /nesi/nobackup/uoa03264/fMRIpipeline_data/processed_test_cross/bids/derivatives/freesurfer_agg/sub-control17
    output: /nesi/nobackup/uoa03264/fMRIpipeline_data/processed_test_cross/bids/derivatives/fmriprep/sub-control17
    log: /nesi/nobackup/uoa03264/fMRIpipeline_data/processed_test_cross/bids/derivatives/fmriprep/sub-control17.html
    jobid: 0
    reason: Missing output files: /nesi/nobackup/uoa03264/fMRIpipeline_data/processed_test_cross/bids/derivatives/fmriprep/sub-control17
    wildcards: resultsdir=/nesi/nobackup/uoa03264/fMRIpipeline_data/processed_test_cross, subject=control17
    threads: 8
    resources: mem_mb=25000, mem_mib=23842, disk_mb=1000, disk_mib=954, tmpdir=/dev/shm/jobs/33910212, cpus=8, time_min=180, gpu=0

fmriprep /nesi/nobackup/uoa03264/fMRIpipeline_data/processed_test_cross/bids /nesi/nobackup/uoa03264/fMRIpipeline_data/processed_test_cross/bids/derivatives/fmriprep participant --participant-label control17 --skip-bids-validation --md-only-boilerplate --fs-subjects-dir /nesi/nobackup/uoa03264/fMRIpipeline_data/processed_test_cross/bids/derivatives/freesurfer_agg --output-spaces MNI152NLin2009cAsym:res-2 --stop-on-first-crash --low-mem --mem-mb 25000 --nprocs 8 -w /nesi/nobackup/uoa03264/fMRIpipeline_data/processed_test_cross/work --fs-license-file ./license.txt
Activating singularity image /scale_wlg_persistent/filesets/project/uoa03264/fmri_workflow/.snakemake/singularity/8ba2e11db7a36df6ed76807c131c9dc5.simg
You are using fMRIPrep-22.0.2, and a newer version of fMRIPrep is available: 23.0.1.
Please check out our documentation about how and when to upgrade:
https://fmriprep.readthedocs.io/en/latest/faq.html#upgrading
230406-00:10:30,206 nipype.workflow IMPORTANT:
	 Running fMRIPrep version 22.0.2

         License NOTICE ##################################################
         fMRIPrep 22.0.2
         Copyright 2022 The NiPreps Developers.
         
         This product includes software developed by
         the NiPreps Community (https://nipreps.org/).
         
         Portions of this software were developed at the Department of
         Psychology at Stanford University, Stanford, CA, US.
         
         This software redistributes the versioneer Python package, which is
         Public domain source code.
         
         This software is also distributed as a Docker container image.
         The bootstraping file for the image ("Dockerfile") is licensed
         under the MIT License.
         
         This software may be distributed through an add-on package called
         "Docker Wrapper" that is under the BSD 3-clause License.
         #################################################################
230406-00:10:30,209 nipype.workflow WARNING:
	 Previous output generated by version 0+unknown found.
230406-00:10:30,257 nipype.workflow IMPORTANT:
	 Building fMRIPrep's workflow:
           * BIDS dataset path: /nesi/nobackup/uoa03264/fMRIpipeline_data/processed_test_cross/bids.
           * Participant list: ['control17'].
           * Run identifier: 20230406-001011_02c6eea4-c6fd-45a9-966f-2a6208d2e7b9.
           * Output spaces: MNI152NLin2009cAsym:res-2.
           * Pre-run FreeSurfer's SUBJECTS_DIR: /nesi/nobackup/uoa03264/fMRIpipeline_data/processed_test_cross/bids/derivatives/freesurfer_agg.
230406-00:10:33,45 nipype.workflow INFO:
	 No single-band-reference found for sub-control17_ses-a_task-rest_run-001_bold.nii.gz.
230406-00:10:33,539 nipype.workflow INFO:
	 No single-band-reference found for sub-control17_ses-a_task-rest_run-002_bold.nii.gz.
230406-00:10:33,657 nipype.workflow IMPORTANT:
	 BOLD series will be slice-timing corrected to an offset of 0.981s.
230406-00:10:37,989 nipype.workflow INFO:
	 fMRIPrep workflow graph with 579 nodes built successfully.
230406-00:10:54,780 nipype.workflow IMPORTANT:
	 fMRIPrep started!
230406-00:11:07,219 nipype.workflow INFO:
	 [Node] Setting-up "fmriprep_22_0_wf.single_subject_control17_wf.anat_preproc_wf.fs_isrunning" in "/nesi/nobackup/uoa03264/fMRIpipeline_data/processed_test_cross/work/fmriprep_22_0_wf/single_subject_control17_wf/anat_preproc_wf/fs_isrunning".
230406-00:11:07,241 nipype.workflow INFO:
	 [Node] Executing "fs_isrunning" <nipype.interfaces.utility.wrappers.Function>
230406-00:11:07,253 nipype.workflow INFO:
	 [Node] Finished "fs_isrunning", elapsed time 0.002588s.
230406-00:11:31,488 nipype.workflow INFO:
	 [Node] Setting-up "fmriprep_22_0_wf.single_subject_control17_wf.anat_preproc_wf.surface_recon_wf.autorecon1" in "/nesi/nobackup/uoa03264/fMRIpipeline_data/processed_test_cross/work/fmriprep_22_0_wf/single_subject_control17_wf/anat_preproc_wf/surface_recon_wf/autorecon1".
230406-00:11:31,509 nipype.workflow INFO:
	 [Node] Executing "autorecon1" <smriprep.interfaces.freesurfer.ReconAll>
230406-00:11:31,513 nipype.interface INFO:
	 recon-all complete : Not running
230406-00:11:31,514 nipype.interface INFO:
	 recon-all complete : Not running
230406-00:11:31,709 nipype.workflow INFO:
	 [Node] Finished "autorecon1", elapsed time 0.198607s.
230406-00:12:47,452 nipype.workflow INFO:
	 [Node] Setting-up "fmriprep_22_0_wf.single_subject_control17_wf.anat_preproc_wf.surface_recon_wf.skull_strip_extern" in "/nesi/nobackup/uoa03264/fMRIpipeline_data/processed_test_cross/work/fmriprep_22_0_wf/single_subject_control17_wf/anat_preproc_wf/surface_recon_wf/skull_strip_extern".
230406-00:12:47,473 nipype.workflow INFO:
	 [Node] Executing "skull_strip_extern" <niworkflows.interfaces.freesurfer.FSInjectBrainExtracted>
230406-00:12:47,971 nipype.workflow INFO:
	 [Node] Finished "skull_strip_extern", elapsed time 0.496943s.
230406-00:12:48,409 nipype.workflow INFO:
	 [Node] Setting-up "fmriprep_22_0_wf.single_subject_control17_wf.anat_preproc_wf.surface_recon_wf.autorecon_resume_wf.autorecon2_vol" in "/nesi/nobackup/uoa03264/fMRIpipeline_data/processed_test_cross/work/fmriprep_22_0_wf/single_subject_control17_wf/anat_preproc_wf/surface_recon_wf/autorecon_resume_wf/autorecon2_vol".
230406-00:12:48,430 nipype.workflow INFO:
	 [Node] Executing "autorecon2_vol" <smriprep.interfaces.freesurfer.ReconAll>
230406-00:12:48,433 nipype.interface INFO:
	 recon-all complete : Not running
230406-00:12:48,434 nipype.interface INFO:
	 recon-all complete : Not running
230406-00:12:48,692 nipype.workflow INFO:
	 [Node] Finished "autorecon2_vol", elapsed time 0.261223s.
230406-00:13:48,450 nipype.workflow INFO:
	 [Node] Setting-up "_autorecon_surfs0" in "/nesi/nobackup/uoa03264/fMRIpipeline_data/processed_test_cross/work/fmriprep_22_0_wf/single_subject_control17_wf/anat_preproc_wf/surface_recon_wf/autorecon_resume_wf/autorecon_surfs/mapflow/_autorecon_surfs0".
230406-00:13:48,497 nipype.workflow INFO:
	 [Node] Executing "_autorecon_surfs0" <smriprep.interfaces.freesurfer.ReconAll>
230406-00:13:48,509 nipype.interface INFO:
	 recon-all complete : Not running
230406-00:13:48,511 nipype.interface INFO:
	 recon-all complete : Not running
230406-00:13:48,748 nipype.workflow INFO:
	 [Node] Finished "_autorecon_surfs0", elapsed time 0.25025s.
230406-00:13:50,399 nipype.workflow INFO:
	 [Node] Setting-up "_autorecon_surfs1" in "/nesi/nobackup/uoa03264/fMRIpipeline_data/processed_test_cross/work/fmriprep_22_0_wf/single_subject_control17_wf/anat_preproc_wf/surface_recon_wf/autorecon_resume_wf/autorecon_surfs/mapflow/_autorecon_surfs1".
230406-00:13:50,416 nipype.workflow INFO:
	 [Node] Executing "_autorecon_surfs1" <smriprep.interfaces.freesurfer.ReconAll>
230406-00:13:50,423 nipype.interface INFO:
	 recon-all complete : Not running
230406-00:13:50,424 nipype.interface INFO:
	 recon-all complete : Not running
230406-00:13:50,635 nipype.workflow INFO:
	 [Node] Finished "_autorecon_surfs1", elapsed time 0.217538s.
230406-00:13:52,506 nipype.workflow INFO:
	 [Node] Setting-up "_autorecon_surfs0" in "/nesi/nobackup/uoa03264/fMRIpipeline_data/processed_test_cross/work/fmriprep_22_0_wf/single_subject_control17_wf/anat_preproc_wf/surface_recon_wf/autorecon_resume_wf/autorecon_surfs/mapflow/_autorecon_surfs0".
230406-00:13:52,510 nipype.workflow INFO:
	 [Node] Executing "_autorecon_surfs0" <smriprep.interfaces.freesurfer.ReconAll>
230406-00:13:52,512 nipype.interface INFO:
	 recon-all complete : Not running
230406-00:13:52,513 nipype.interface INFO:
	 recon-all complete : Not running
230406-00:13:52,748 nipype.workflow INFO:
	 [Node] Finished "_autorecon_surfs0", elapsed time 0.237593s.
230406-00:13:52,755 nipype.workflow INFO:
	 [Node] Setting-up "_autorecon_surfs1" in "/nesi/nobackup/uoa03264/fMRIpipeline_data/processed_test_cross/work/fmriprep_22_0_wf/single_subject_control17_wf/anat_preproc_wf/surface_recon_wf/autorecon_resume_wf/autorecon_surfs/mapflow/_autorecon_surfs1".
230406-00:13:52,760 nipype.workflow INFO:
	 [Node] Executing "_autorecon_surfs1" <smriprep.interfaces.freesurfer.ReconAll>
230406-00:13:52,763 nipype.interface INFO:
	 recon-all complete : Not running
230406-00:13:52,764 nipype.interface INFO:
	 recon-all complete : Not running
230406-00:13:53,15 nipype.workflow INFO:
	 [Node] Finished "_autorecon_surfs1", elapsed time 0.253329s.
230406-00:13:54,488 nipype.workflow INFO:
	 [Node] Setting-up "fmriprep_22_0_wf.single_subject_control17_wf.anat_preproc_wf.surface_recon_wf.autorecon_resume_wf.cortribbon" in "/nesi/nobackup/uoa03264/fMRIpipeline_data/processed_test_cross/work/fmriprep_22_0_wf/single_subject_control17_wf/anat_preproc_wf/surface_recon_wf/autorecon_resume_wf/cortribbon".
230406-00:13:54,527 nipype.workflow INFO:
	 [Node] Executing "cortribbon" <smriprep.interfaces.freesurfer.ReconAll>
230406-00:13:54,529 nipype.interface INFO:
	 recon-all complete : Not running
230406-00:13:54,530 nipype.interface INFO:
	 recon-all complete : Not running
230406-00:13:54,815 nipype.workflow INFO:
	 [Node] Finished "cortribbon", elapsed time 0.286712s.
230406-00:13:58,499 nipype.workflow INFO:
	 [Node] Setting-up "_parcstats0" in "/nesi/nobackup/uoa03264/fMRIpipeline_data/processed_test_cross/work/fmriprep_22_0_wf/single_subject_control17_wf/anat_preproc_wf/surface_recon_wf/autorecon_resume_wf/parcstats/mapflow/_parcstats0".
230406-00:13:58,544 nipype.workflow INFO:
	 [Node] Executing "_parcstats0" <smriprep.interfaces.freesurfer.ReconAll>
230406-00:13:58,548 nipype.interface INFO:
	 recon-all complete : Not running
230406-00:13:58,549 nipype.interface INFO:
	 recon-all complete : Not running
230406-00:13:58,816 nipype.workflow INFO:
	 [Node] Finished "_parcstats0", elapsed time 0.270091s.
230406-00:14:00,519 nipype.workflow INFO:
	 [Node] Setting-up "_parcstats1" in "/nesi/nobackup/uoa03264/fMRIpipeline_data/processed_test_cross/work/fmriprep_22_0_wf/single_subject_control17_wf/anat_preproc_wf/surface_recon_wf/autorecon_resume_wf/parcstats/mapflow/_parcstats1".
230406-00:14:00,539 nipype.workflow INFO:
	 [Node] Executing "_parcstats1" <smriprep.interfaces.freesurfer.ReconAll>
230406-00:14:00,542 nipype.interface INFO:
	 recon-all complete : Not running
230406-00:14:00,544 nipype.interface INFO:
	 recon-all complete : Not running
230406-00:14:00,823 nipype.workflow INFO:
	 [Node] Finished "_parcstats1", elapsed time 0.28193s.
230406-00:14:02,525 nipype.workflow INFO:
	 [Node] Setting-up "_parcstats0" in "/nesi/nobackup/uoa03264/fMRIpipeline_data/processed_test_cross/work/fmriprep_22_0_wf/single_subject_control17_wf/anat_preproc_wf/surface_recon_wf/autorecon_resume_wf/parcstats/mapflow/_parcstats0".
230406-00:14:02,530 nipype.workflow INFO:
	 [Node] Executing "_parcstats0" <smriprep.interfaces.freesurfer.ReconAll>
230406-00:14:02,533 nipype.interface INFO:
	 recon-all complete : Not running
230406-00:14:02,535 nipype.interface INFO:
	 recon-all complete : Not running
230406-00:14:02,791 nipype.workflow INFO:
	 [Node] Finished "_parcstats0", elapsed time 0.259135s.
230406-00:14:02,799 nipype.workflow INFO:
	 [Node] Setting-up "_parcstats1" in "/nesi/nobackup/uoa03264/fMRIpipeline_data/processed_test_cross/work/fmriprep_22_0_wf/single_subject_control17_wf/anat_preproc_wf/surface_recon_wf/autorecon_resume_wf/parcstats/mapflow/_parcstats1".
230406-00:14:02,805 nipype.workflow INFO:
	 [Node] Executing "_parcstats1" <smriprep.interfaces.freesurfer.ReconAll>
230406-00:14:02,808 nipype.interface INFO:
	 recon-all complete : Not running
230406-00:14:02,809 nipype.interface INFO:
	 recon-all complete : Not running
230406-00:14:03,19 nipype.workflow INFO:
	 [Node] Finished "_parcstats1", elapsed time 0.212259s.
230406-00:14:04,506 nipype.workflow INFO:
	 [Node] Setting-up "fmriprep_22_0_wf.single_subject_control17_wf.anat_preproc_wf.surface_recon_wf.autorecon_resume_wf.autorecon3" in "/nesi/nobackup/uoa03264/fMRIpipeline_data/processed_test_cross/work/fmriprep_22_0_wf/single_subject_control17_wf/anat_preproc_wf/surface_recon_wf/autorecon_resume_wf/autorecon3".
230406-00:14:04,522 nipype.workflow INFO:
	 [Node] Executing "autorecon3" <smriprep.interfaces.freesurfer.ReconAll>
230406-00:14:04,525 nipype.interface INFO:
	 resume recon-all : recon-all -autorecon3 -openmp 7 -subjid sub-control17 -sd /nesi/nobackup/uoa03264/fMRIpipeline_data/processed_test_cross/bids/derivatives/freesurfer_agg -nosphere -nosurfreg -nojacobian_white -noavgcurv -nocortparc -nopial -noparcstats -nocortparc2 -noparcstats2 -nocortparc3 -noparcstats3 -nopctsurfcon -nocortribbon -nohyporelabel -noaparc2aseg -nosegstats -nowmparc -nobalabels
230406-00:14:04,528 nipype.interface INFO:
	 resume recon-all : recon-all -autorecon3 -openmp 7 -subjid sub-control17 -sd /nesi/nobackup/uoa03264/fMRIpipeline_data/processed_test_cross/bids/derivatives/freesurfer_agg -nosphere -nosurfreg -nojacobian_white -noavgcurv -nocortparc -nopial -noparcstats -nocortparc2 -noparcstats2 -nocortparc3 -noparcstats3 -nopctsurfcon -nocortribbon -nohyporelabel -noaparc2aseg -nosegstats -nowmparc -nobalabels
230406-00:14:09,30 nipype.workflow INFO:
	 [Node] Finished "autorecon3", elapsed time 4.506381s.
230406-00:14:09,34 nipype.workflow WARNING:
	 [Node] Error on "fmriprep_22_0_wf.single_subject_control17_wf.anat_preproc_wf.surface_recon_wf.autorecon_resume_wf.autorecon3" (/nesi/nobackup/uoa03264/fMRIpipeline_data/processed_test_cross/work/fmriprep_22_0_wf/single_subject_control17_wf/anat_preproc_wf/surface_recon_wf/autorecon_resume_wf/autorecon3)
230406-00:14:10,203 nipype.workflow ERROR:
	 Node autorecon3 failed to run on host wmc013.
230406-00:14:10,208 nipype.workflow ERROR:
	 Saving crash info to /nesi/nobackup/uoa03264/fMRIpipeline_data/processed_test_cross/bids/derivatives/fmriprep/sub-control17/log/20230406-001011_02c6eea4-c6fd-45a9-966f-2a6208d2e7b9/crash-20230406-001410-jmcg465-autorecon3-011854d6-6726-4b8a-8ba5-8850e81e339d.txt
Traceback (most recent call last):
  File "/opt/conda/lib/python3.9/site-packages/nipype/pipeline/plugins/multiproc.py", line 67, in run_node
    result["result"] = node.run(updatehash=updatehash)
  File "/opt/conda/lib/python3.9/site-packages/nipype/pipeline/engine/nodes.py", line 527, in run
    result = self._run_interface(execute=True)
  File "/opt/conda/lib/python3.9/site-packages/nipype/pipeline/engine/nodes.py", line 645, in _run_interface
    return self._run_command(execute)
  File "/opt/conda/lib/python3.9/site-packages/nipype/pipeline/engine/nodes.py", line 771, in _run_command
    raise NodeExecutionError(msg)
nipype.pipeline.engine.nodes.NodeExecutionError: Exception raised while executing Node autorecon3.

Cmdline:
	recon-all -autorecon3 -openmp 7 -subjid sub-control17 -sd /nesi/nobackup/uoa03264/fMRIpipeline_data/processed_test_cross/bids/derivatives/freesurfer_agg -nosphere -nosurfreg -nojacobian_white -noavgcurv -nocortparc -nopial -noparcstats -nocortparc2 -noparcstats2 -nocortparc3 -noparcstats3 -nopctsurfcon -nocortribbon -nohyporelabel -noaparc2aseg -nosegstats -nowmparc -nobalabels
Stdout:
	INFO: FreeSurfer build stamps do not match
	Subject Stamp: freesurfer-Linux-centos6_x86_64-stable-pub-v6.0.1-f53a55a
	Current Stamp: freesurfer-linux-ubuntu18_x86_64-7.2.0-20210721-aa8f76b
	INFO: SUBJECTS_DIR is /nesi/nobackup/uoa03264/fMRIpipeline_data/processed_test_cross/bids/derivatives/freesurfer_agg
	Actual FREESURFER_HOME /opt/freesurfer
	-rw-rw----+ 1 jmcg465 uoa03264 967731 Apr  5 23:26 /nesi/nobackup/uoa03264/fMRIpipeline_data/processed_test_cross/bids/derivatives/freesurfer_agg/sub-control17/scripts/recon-all.log
	Linux wmc013 4.18.0-348.23.1.el8_5.x86_64 #1 SMP Wed Apr 27 15:32:52 UTC 2022 x86_64 x86_64 x86_64 GNU/Linux
	/nesi/nobackup/uoa03264/fMRIpipeline_data/processed_test_cross/bids/derivatives/freesurfer_agg/sub-control17/mri/transforms /nesi/nobackup/uoa03264/fMRIpipeline_data/processed_test_cross/bids/derivatives/freesurfer_agg/sub-control17 
	/nesi/nobackup/uoa03264/fMRIpipeline_data/processed_test_cross/bids/derivatives/freesurfer_agg/sub-control17 
	#--------------------------------------------
	#@# WhiteSurfs lh Thu Apr  6 00:14:08 UTC 2023
	cd /nesi/nobackup/uoa03264/fMRIpipeline_data/processed_test_cross/bids/derivatives/freesurfer_agg/sub-control17/mri
	mris_place_surface --adgws-in ../surf/autodet.gw.stats.lh.dat --seg aseg.presurf.mgz --threads 7 --wm wm.mgz --invol brain.finalsurfs.mgz --lh --i ../surf/lh.white.preaparc --o ../surf/lh.white --white --nsmooth 0 --rip-label ../label/lh.cortex.label --rip-bg --rip-surf ../surf/lh.white.preaparc --aparc ../label/lh.aparc.annot
	ERROR: reading ../surf/autodet.gw.stats.lh.dat
	Linux wmc013 4.18.0-348.23.1.el8_5.x86_64 #1 SMP Wed Apr 27 15:32:52 UTC 2022 x86_64 x86_64 x86_64 GNU/Linux

	recon-all -s sub-control17 exited with ERRORS at Thu Apr  6 00:14:08 UTC 2023

	For more details, see the log file /nesi/nobackup/uoa03264/fMRIpipeline_data/processed_test_cross/bids/derivatives/freesurfer_agg/sub-control17/scripts/recon-all.log
	To report a problem, see http://surfer.nmr.mgh.harvard.edu/fswiki/BugReporting

Stderr:

Traceback:
	RuntimeError: subprocess exited with code 1.

230406-00:14:10,230 nipype.workflow CRITICAL:
	 fMRIPrep failed: Traceback (most recent call last):
  File "/opt/conda/lib/python3.9/site-packages/nipype/pipeline/plugins/multiproc.py", line 67, in run_node
    result["result"] = node.run(updatehash=updatehash)
  File "/opt/conda/lib/python3.9/site-packages/nipype/pipeline/engine/nodes.py", line 527, in run
    result = self._run_interface(execute=True)
  File "/opt/conda/lib/python3.9/site-packages/nipype/pipeline/engine/nodes.py", line 645, in _run_interface
    return self._run_command(execute)
  File "/opt/conda/lib/python3.9/site-packages/nipype/pipeline/engine/nodes.py", line 771, in _run_command
    raise NodeExecutionError(msg)
nipype.pipeline.engine.nodes.NodeExecutionError: Exception raised while executing Node autorecon3.

Cmdline:
	recon-all -autorecon3 -openmp 7 -subjid sub-control17 -sd /nesi/nobackup/uoa03264/fMRIpipeline_data/processed_test_cross/bids/derivatives/freesurfer_agg -nosphere -nosurfreg -nojacobian_white -noavgcurv -nocortparc -nopial -noparcstats -nocortparc2 -noparcstats2 -nocortparc3 -noparcstats3 -nopctsurfcon -nocortribbon -nohyporelabel -noaparc2aseg -nosegstats -nowmparc -nobalabels
Stdout:
	INFO: FreeSurfer build stamps do not match
	Subject Stamp: freesurfer-Linux-centos6_x86_64-stable-pub-v6.0.1-f53a55a
	Current Stamp: freesurfer-linux-ubuntu18_x86_64-7.2.0-20210721-aa8f76b
	INFO: SUBJECTS_DIR is /nesi/nobackup/uoa03264/fMRIpipeline_data/processed_test_cross/bids/derivatives/freesurfer_agg
	Actual FREESURFER_HOME /opt/freesurfer
	-rw-rw----+ 1 jmcg465 uoa03264 967731 Apr  5 23:26 /nesi/nobackup/uoa03264/fMRIpipeline_data/processed_test_cross/bids/derivatives/freesurfer_agg/sub-control17/scripts/recon-all.log
	Linux wmc013 4.18.0-348.23.1.el8_5.x86_64 #1 SMP Wed Apr 27 15:32:52 UTC 2022 x86_64 x86_64 x86_64 GNU/Linux
	/nesi/nobackup/uoa03264/fMRIpipeline_data/processed_test_cross/bids/derivatives/freesurfer_agg/sub-control17/mri/transforms /nesi/nobackup/uoa03264/fMRIpipeline_data/processed_test_cross/bids/derivatives/freesurfer_agg/sub-control17 
	/nesi/nobackup/uoa03264/fMRIpipeline_data/processed_test_cross/bids/derivatives/freesurfer_agg/sub-control17 
	#--------------------------------------------
	#@# WhiteSurfs lh Thu Apr  6 00:14:08 UTC 2023
	cd /nesi/nobackup/uoa03264/fMRIpipeline_data/processed_test_cross/bids/derivatives/freesurfer_agg/sub-control17/mri
	mris_place_surface --adgws-in ../surf/autodet.gw.stats.lh.dat --seg aseg.presurf.mgz --threads 7 --wm wm.mgz --invol brain.finalsurfs.mgz --lh --i ../surf/lh.white.preaparc --o ../surf/lh.white --white --nsmooth 0 --rip-label ../label/lh.cortex.label --rip-bg --rip-surf ../surf/lh.white.preaparc --aparc ../label/lh.aparc.annot
	ERROR: reading ../surf/autodet.gw.stats.lh.dat
	Linux wmc013 4.18.0-348.23.1.el8_5.x86_64 #1 SMP Wed Apr 27 15:32:52 UTC 2022 x86_64 x86_64 x86_64 GNU/Linux

	recon-all -s sub-control17 exited with ERRORS at Thu Apr  6 00:14:08 UTC 2023

	For more details, see the log file /nesi/nobackup/uoa03264/fMRIpipeline_data/processed_test_cross/bids/derivatives/freesurfer_agg/sub-control17/scripts/recon-all.log
	To report a problem, see http://surfer.nmr.mgh.harvard.edu/fswiki/BugReporting

Stderr:

Traceback:
	RuntimeError: subprocess exited with code 1.

230406-00:14:11,201 cli ERROR:
	 Preprocessing did not finish successfully. Errors occurred while processing data from participants: control17 (1). Check the HTML reports for details.
230406-00:14:11,201 cli ERROR:
	 Preprocessing did not finish successfully. Errors occurred while processing data from participants: control17 (1). Check the HTML reports for details.
Sentry is attempting to send 3 pending error messages
Waiting up to 2 seconds
Press Ctrl-C to quit
[Thu Apr  6 12:14:13 2023]
Error in rule fmriprep:
    jobid: 0
    input: /nesi/nobackup/uoa03264/fMRIpipeline_data/processed_test_cross/bids/sub-control17/ses-a, /nesi/nobackup/uoa03264/fMRIpipeline_data/processed_test_cross/bids/derivatives/freesurfer_agg/sub-control17
    output: /nesi/nobackup/uoa03264/fMRIpipeline_data/processed_test_cross/bids/derivatives/fmriprep/sub-control17
    log: /nesi/nobackup/uoa03264/fMRIpipeline_data/processed_test_cross/bids/derivatives/fmriprep/sub-control17.html (check log file(s) for error details)
    shell:
        fmriprep /nesi/nobackup/uoa03264/fMRIpipeline_data/processed_test_cross/bids /nesi/nobackup/uoa03264/fMRIpipeline_data/processed_test_cross/bids/derivatives/fmriprep participant --participant-label control17 --skip-bids-validation --md-only-boilerplate --fs-subjects-dir /nesi/nobackup/uoa03264/fMRIpipeline_data/processed_test_cross/bids/derivatives/freesurfer_agg --output-spaces MNI152NLin2009cAsym:res-2 --stop-on-first-crash --low-mem --mem-mb 25000 --nprocs 8 -w /nesi/nobackup/uoa03264/fMRIpipeline_data/processed_test_cross/work --fs-license-file ./license.txt
        (one of the commands exited with non-zero exit code; note that snakemake uses bash strict mode!)

Removing output files of failed job fmriprep since they might be corrupted:
/nesi/nobackup/uoa03264/fMRIpipeline_data/processed_test_cross/bids/derivatives/fmriprep/sub-control17
Shutting down, this might take some time.
Exiting because a job execution failed. Look above for error message
