Building DAG of jobs...
Using shell: /usr/bin/bash
Provided cores: 8
Rules claiming more threads will be scaled down.
Provided resources: mem_mb=25000, mem_mib=23842, disk_mb=1000, disk_mib=954, cpus=8, time_min=180, gpu=0
Select jobs to execute...

[Tue Mar 14 12:04:40 2023]
rule fmriprep:
    input: /nesi/nobackup/uoa03264/fMRIpipeline_data/processed_test_josh/bids/sub-ctrl18/ses-a, /nesi/nobackup/uoa03264/fMRIpipeline_data/processed_test_josh/bids/derivatives/freesurfer_agg/sub-ctrl18
    output: /nesi/nobackup/uoa03264/fMRIpipeline_data/processed_test_josh/bids/derivatives/fmriprep/sub-ctrl18, /nesi/nobackup/uoa03264/fMRIpipeline_data/processed_test_josh/bids/derivatives/fmriprep/sub-ctrl18.html
    jobid: 0
    reason: Missing output files: /nesi/nobackup/uoa03264/fMRIpipeline_data/processed_test_josh/bids/derivatives/fmriprep/sub-ctrl18, /nesi/nobackup/uoa03264/fMRIpipeline_data/processed_test_josh/bids/derivatives/fmriprep/sub-ctrl18.html
    wildcards: resultsdir=/nesi/nobackup/uoa03264/fMRIpipeline_data/processed_test_josh, subject=ctrl18
    threads: 8
    resources: mem_mb=25000, mem_mib=23842, disk_mb=1000, disk_mib=954, tmpdir=/dev/shm/jobs/33431076, cpus=8, time_min=180, gpu=0

fmriprep /nesi/nobackup/uoa03264/fMRIpipeline_data/processed_test_josh/bids /nesi/nobackup/uoa03264/fMRIpipeline_data/processed_test_josh/bids/derivatives/fmriprep participant --participant-label ctrl18 --skip-bids-validation --md-only-boilerplate --fs-subjects-dir /nesi/nobackup/uoa03264/fMRIpipeline_data/processed_test_josh/bids/derivatives/freesurfer_agg --output-spaces MNI152NLin2009cAsym:res-2 --stop-on-first-crash --low-mem --mem-mb 25000 --nprocs 8 -w /nesi/nobackup/uoa03264/fMRIpipeline_data/processed_test_josh/work --fs-license-file ./license.txt
Activating singularity image /scale_wlg_persistent/filesets/project/uoa03264/fmri_workflow/.snakemake/singularity/8ba2e11db7a36df6ed76807c131c9dc5.simg
You are using fMRIPrep-22.0.2, and a newer version of fMRIPrep is available: 22.1.1.
Please check out our documentation about how and when to upgrade:
https://fmriprep.readthedocs.io/en/latest/faq.html#upgrading
230313-23:04:57,62 nipype.workflow IMPORTANT:
	 Running fMRIPrep version 22.0.2

         License NOTICE ##################################################
         fMRIPrep 22.0.2
         Copyright 2022 The NiPreps Developers.
         
         This product includes software developed by
         the NiPreps Community (https://nipreps.org/).
         
         Portions of this software were developed at the Department of
         Psychology at Stanford University, Stanford, CA, US.
         
         This software redistributes the versioneer Python package, which is
         Public domain source code.
         
         This software is also distributed as a Docker container image.
         The bootstraping file for the image ("Dockerfile") is licensed
         under the MIT License.
         
         This software may be distributed through an add-on package called
         "Docker Wrapper" that is under the BSD 3-clause License.
         #################################################################
230313-23:04:57,65 nipype.workflow WARNING:
	 Previous output generated by version 0+unknown found.
230313-23:04:57,120 nipype.workflow IMPORTANT:
	 Building fMRIPrep's workflow:
           * BIDS dataset path: /nesi/nobackup/uoa03264/fMRIpipeline_data/processed_test_josh/bids.
           * Participant list: ['ctrl18'].
           * Run identifier: 20230313-230443_b6858957-228d-46f9-a8b9-40869b2b5f6c.
           * Output spaces: MNI152NLin2009cAsym:res-2.
           * Pre-run FreeSurfer's SUBJECTS_DIR: /nesi/nobackup/uoa03264/fMRIpipeline_data/processed_test_josh/bids/derivatives/freesurfer_agg.
230313-23:04:58,580 nipype.workflow INFO:
	 No single-band-reference found for sub-ctrl18_ses-a_task-rest_run-001_bold.nii.gz.
230313-23:04:58,693 nipype.workflow IMPORTANT:
	 BOLD series will be slice-timing corrected to an offset of 0.721s.
230313-23:04:58,954 nipype.workflow INFO:
	 No single-band-reference found for sub-ctrl18_ses-a_task-rest_run-002_bold.nii.gz.
230313-23:04:59,60 nipype.workflow IMPORTANT:
	 BOLD series will be slice-timing corrected to an offset of 0.981s.
230313-23:05:02,348 nipype.workflow INFO:
	 fMRIPrep workflow graph with 583 nodes built successfully.
230313-23:05:14,523 nipype.workflow IMPORTANT:
	 fMRIPrep started!
230313-23:05:25,598 nipype.workflow INFO:
	 [Node] Setting-up "fmriprep_22_0_wf.single_subject_ctrl18_wf.anat_preproc_wf.fs_isrunning" in "/nesi/nobackup/uoa03264/fMRIpipeline_data/processed_test_josh/work/fmriprep_22_0_wf/single_subject_ctrl18_wf/anat_preproc_wf/fs_isrunning".
230313-23:05:25,614 nipype.workflow INFO:
	 [Node] Executing "fs_isrunning" <nipype.interfaces.utility.wrappers.Function>
230313-23:05:25,621 nipype.workflow INFO:
	 [Node] Finished "fs_isrunning", elapsed time 0.001813s.
230313-23:05:50,431 nipype.workflow INFO:
	 [Node] Setting-up "fmriprep_22_0_wf.single_subject_ctrl18_wf.anat_preproc_wf.surface_recon_wf.autorecon1" in "/nesi/nobackup/uoa03264/fMRIpipeline_data/processed_test_josh/work/fmriprep_22_0_wf/single_subject_ctrl18_wf/anat_preproc_wf/surface_recon_wf/autorecon1".
230313-23:05:50,451 nipype.workflow INFO:
	 [Node] Executing "autorecon1" <smriprep.interfaces.freesurfer.ReconAll>
230313-23:05:50,452 nipype.interface INFO:
	 recon-all complete : Not running
230313-23:05:50,453 nipype.interface INFO:
	 recon-all complete : Not running
230313-23:05:50,507 nipype.workflow INFO:
	 [Node] Finished "autorecon1", elapsed time 0.054802s.
230313-23:07:02,878 nipype.workflow INFO:
	 [Node] Setting-up "fmriprep_22_0_wf.single_subject_ctrl18_wf.anat_preproc_wf.surface_recon_wf.skull_strip_extern" in "/nesi/nobackup/uoa03264/fMRIpipeline_data/processed_test_josh/work/fmriprep_22_0_wf/single_subject_ctrl18_wf/anat_preproc_wf/surface_recon_wf/skull_strip_extern".
230313-23:07:02,894 nipype.workflow INFO:
	 [Node] Executing "skull_strip_extern" <niworkflows.interfaces.freesurfer.FSInjectBrainExtracted>
230313-23:07:03,220 nipype.workflow INFO:
	 [Node] Finished "skull_strip_extern", elapsed time 0.325921s.
230313-23:07:04,206 nipype.workflow INFO:
	 [Node] Setting-up "fmriprep_22_0_wf.single_subject_ctrl18_wf.anat_preproc_wf.surface_recon_wf.autorecon_resume_wf.autorecon2_vol" in "/nesi/nobackup/uoa03264/fMRIpipeline_data/processed_test_josh/work/fmriprep_22_0_wf/single_subject_ctrl18_wf/anat_preproc_wf/surface_recon_wf/autorecon_resume_wf/autorecon2_vol".
230313-23:07:04,224 nipype.workflow INFO:
	 [Node] Executing "autorecon2_vol" <smriprep.interfaces.freesurfer.ReconAll>
230313-23:07:04,226 nipype.interface INFO:
	 recon-all complete : Not running
230313-23:07:04,227 nipype.interface INFO:
	 recon-all complete : Not running
230313-23:07:04,313 nipype.workflow INFO:
	 [Node] Finished "autorecon2_vol", elapsed time 0.087525s.
230313-23:08:04,268 nipype.workflow INFO:
	 [Node] Setting-up "_autorecon_surfs0" in "/nesi/nobackup/uoa03264/fMRIpipeline_data/processed_test_josh/work/fmriprep_22_0_wf/single_subject_ctrl18_wf/anat_preproc_wf/surface_recon_wf/autorecon_resume_wf/autorecon_surfs/mapflow/_autorecon_surfs0".
230313-23:08:04,285 nipype.workflow INFO:
	 [Node] Executing "_autorecon_surfs0" <smriprep.interfaces.freesurfer.ReconAll>
230313-23:08:04,288 nipype.interface INFO:
	 recon-all complete : Not running
230313-23:08:04,289 nipype.interface INFO:
	 recon-all complete : Not running
230313-23:08:04,367 nipype.workflow INFO:
	 [Node] Finished "_autorecon_surfs0", elapsed time 0.080754s.
230313-23:08:06,269 nipype.workflow INFO:
	 [Node] Setting-up "_autorecon_surfs1" in "/nesi/nobackup/uoa03264/fMRIpipeline_data/processed_test_josh/work/fmriprep_22_0_wf/single_subject_ctrl18_wf/anat_preproc_wf/surface_recon_wf/autorecon_resume_wf/autorecon_surfs/mapflow/_autorecon_surfs1".
230313-23:08:06,285 nipype.workflow INFO:
	 [Node] Executing "_autorecon_surfs1" <smriprep.interfaces.freesurfer.ReconAll>
230313-23:08:06,287 nipype.interface INFO:
	 recon-all complete : Not running
230313-23:08:06,289 nipype.interface INFO:
	 recon-all complete : Not running
230313-23:08:06,366 nipype.workflow INFO:
	 [Node] Finished "_autorecon_surfs1", elapsed time 0.080693s.
230313-23:08:08,284 nipype.workflow INFO:
	 [Node] Setting-up "_autorecon_surfs0" in "/nesi/nobackup/uoa03264/fMRIpipeline_data/processed_test_josh/work/fmriprep_22_0_wf/single_subject_ctrl18_wf/anat_preproc_wf/surface_recon_wf/autorecon_resume_wf/autorecon_surfs/mapflow/_autorecon_surfs0".
230313-23:08:08,288 nipype.workflow INFO:
	 [Node] Executing "_autorecon_surfs0" <smriprep.interfaces.freesurfer.ReconAll>
230313-23:08:08,290 nipype.interface INFO:
	 recon-all complete : Not running
230313-23:08:08,292 nipype.interface INFO:
	 recon-all complete : Not running
230313-23:08:08,371 nipype.workflow INFO:
	 [Node] Finished "_autorecon_surfs0", elapsed time 0.081819s.
230313-23:08:08,376 nipype.workflow INFO:
	 [Node] Setting-up "_autorecon_surfs1" in "/nesi/nobackup/uoa03264/fMRIpipeline_data/processed_test_josh/work/fmriprep_22_0_wf/single_subject_ctrl18_wf/anat_preproc_wf/surface_recon_wf/autorecon_resume_wf/autorecon_surfs/mapflow/_autorecon_surfs1".
230313-23:08:08,380 nipype.workflow INFO:
	 [Node] Executing "_autorecon_surfs1" <smriprep.interfaces.freesurfer.ReconAll>
230313-23:08:08,382 nipype.interface INFO:
	 recon-all complete : Not running
230313-23:08:08,383 nipype.interface INFO:
	 recon-all complete : Not running
230313-23:08:08,457 nipype.workflow INFO:
	 [Node] Finished "_autorecon_surfs1", elapsed time 0.076437s.
230313-23:08:10,271 nipype.workflow INFO:
	 [Node] Setting-up "fmriprep_22_0_wf.single_subject_ctrl18_wf.anat_preproc_wf.surface_recon_wf.autorecon_resume_wf.cortribbon" in "/nesi/nobackup/uoa03264/fMRIpipeline_data/processed_test_josh/work/fmriprep_22_0_wf/single_subject_ctrl18_wf/anat_preproc_wf/surface_recon_wf/autorecon_resume_wf/cortribbon".
230313-23:08:10,286 nipype.workflow INFO:
	 [Node] Executing "cortribbon" <smriprep.interfaces.freesurfer.ReconAll>
230313-23:08:10,287 nipype.interface INFO:
	 recon-all complete : Not running
230313-23:08:10,288 nipype.interface INFO:
	 recon-all complete : Not running
230313-23:08:10,375 nipype.workflow INFO:
	 [Node] Finished "cortribbon", elapsed time 0.08834s.
230313-23:08:14,287 nipype.workflow INFO:
	 [Node] Setting-up "_parcstats0" in "/nesi/nobackup/uoa03264/fMRIpipeline_data/processed_test_josh/work/fmriprep_22_0_wf/single_subject_ctrl18_wf/anat_preproc_wf/surface_recon_wf/autorecon_resume_wf/parcstats/mapflow/_parcstats0".
230313-23:08:14,303 nipype.workflow INFO:
	 [Node] Executing "_parcstats0" <smriprep.interfaces.freesurfer.ReconAll>
230313-23:08:14,306 nipype.interface INFO:
	 recon-all complete : Not running
230313-23:08:14,307 nipype.interface INFO:
	 recon-all complete : Not running
230313-23:08:14,387 nipype.workflow INFO:
	 [Node] Finished "_parcstats0", elapsed time 0.083335s.
slurmstepd: error: *** JOB 33431076 ON wmc009 CANCELLED AT 2023-03-13T23:08:15 ***
