Building DAG of jobs...
Using shell: /usr/bin/bash
Provided cores: 8
Rules claiming more threads will be scaled down.
Provided resources: mem_mb=25000, mem_mib=23842, disk_mb=1000, disk_mib=954, cpus=8, time_min=180, gpu=0
Select jobs to execute...

[Fri Feb 24 15:39:06 2023]
rule fmriprep:
    input: /nesi/nobackup/uoa03264/fMRIpipeline_data/processed_test_josh/bids/sub-ctrl18/ses-a, /nesi/nobackup/uoa03264/fMRIpipeline_data/processed_test_josh/bids/derivatives/freesurfer_agg/sub-ctrl18
    output: /nesi/nobackup/uoa03264/fMRIpipeline_data/processed_test_josh/bids/derivatives/fmriprep/sub-ctrl18, /nesi/nobackup/uoa03264/fMRIpipeline_data/processed_test_josh/bids/derivatives/fmriprep/sub-ctrl18.html
    jobid: 0
    reason: Missing output files: /nesi/nobackup/uoa03264/fMRIpipeline_data/processed_test_josh/bids/derivatives/fmriprep/sub-ctrl18, /nesi/nobackup/uoa03264/fMRIpipeline_data/processed_test_josh/bids/derivatives/fmriprep/sub-ctrl18.html
    wildcards: resultsdir=/nesi/nobackup/uoa03264/fMRIpipeline_data/processed_test_josh, subject=ctrl18
    threads: 8
    resources: mem_mb=25000, mem_mib=23842, disk_mb=1000, disk_mib=954, tmpdir=/dev/shm/jobs/33137147, cpus=8, time_min=180, gpu=0

fmriprep /nesi/nobackup/uoa03264/fMRIpipeline_data/processed_test_josh/bids /nesi/nobackup/uoa03264/fMRIpipeline_data/processed_test_josh/bids/derivatives/fmriprep participant --participant-label ctrl18 --skip-bids-validation --md-only-boilerplate --fs-subjects-dir /nesi/nobackup/uoa03264/fMRIpipeline_data/processed_test_josh/bids/derivatives/freesurfer_agg --output-spaces MNI152NLin2009cAsym:res-2 --stop-on-first-crash --low-mem --mem-mb 25000 --nprocs 8 -w /nesi/nobackup/uoa03264/fMRIpipeline_data/processed_test_josh/work --fs-license-file ./license.txt
Activating singularity image /scale_wlg_persistent/filesets/project/uoa03264/fmri_workflow/.snakemake/singularity/8ba2e11db7a36df6ed76807c131c9dc5.simg
You are using fMRIPrep-22.0.2, and a newer version of fMRIPrep is available: 22.1.1.
Please check out our documentation about how and when to upgrade:
https://fmriprep.readthedocs.io/en/latest/faq.html#upgrading
230224-02:39:31,547 nipype.workflow IMPORTANT:
	 Running fMRIPrep version 22.0.2

         License NOTICE ##################################################
         fMRIPrep 22.0.2
         Copyright 2022 The NiPreps Developers.
         
         This product includes software developed by
         the NiPreps Community (https://nipreps.org/).
         
         Portions of this software were developed at the Department of
         Psychology at Stanford University, Stanford, CA, US.
         
         This software redistributes the versioneer Python package, which is
         Public domain source code.
         
         This software is also distributed as a Docker container image.
         The bootstraping file for the image ("Dockerfile") is licensed
         under the MIT License.
         
         This software may be distributed through an add-on package called
         "Docker Wrapper" that is under the BSD 3-clause License.
         #################################################################
230224-02:39:31,549 nipype.workflow WARNING:
	 Previous output generated by version 0+unknown found.
230224-02:39:31,608 nipype.workflow IMPORTANT:
	 Building fMRIPrep's workflow:
           * BIDS dataset path: /nesi/nobackup/uoa03264/fMRIpipeline_data/processed_test_josh/bids.
           * Participant list: ['ctrl18'].
           * Run identifier: 20230224-023915_63b5f1a3-6fb3-44b6-ac97-766a1390e772.
           * Output spaces: MNI152NLin2009cAsym:res-2.
           * Pre-run FreeSurfer's SUBJECTS_DIR: /nesi/nobackup/uoa03264/fMRIpipeline_data/processed_test_josh/bids/derivatives/freesurfer_agg.
230224-02:39:33,488 nipype.workflow INFO:
	 No single-band-reference found for sub-ctrl18_ses-a_task-rest_run-001_bold.nii.gz.
230224-02:39:33,604 nipype.workflow IMPORTANT:
	 BOLD series will be slice-timing corrected to an offset of 0.721s.
230224-02:39:33,915 nipype.workflow INFO:
	 No single-band-reference found for sub-ctrl18_ses-a_task-rest_run-002_bold.nii.gz.
230224-02:39:34,19 nipype.workflow IMPORTANT:
	 BOLD series will be slice-timing corrected to an offset of 0.981s.
230224-02:39:37,512 nipype.workflow INFO:
	 fMRIPrep workflow graph with 583 nodes built successfully.
230224-02:39:51,172 nipype.workflow IMPORTANT:
	 fMRIPrep started!
230224-02:40:02,906 nipype.workflow INFO:
	 [Node] Setting-up "fmriprep_22_0_wf.single_subject_ctrl18_wf.anat_preproc_wf.fs_isrunning" in "/nesi/nobackup/uoa03264/fMRIpipeline_data/processed_test_josh/work/fmriprep_22_0_wf/single_subject_ctrl18_wf/anat_preproc_wf/fs_isrunning".
230224-02:40:02,919 nipype.workflow INFO:
	 [Node] Executing "fs_isrunning" <nipype.interfaces.utility.wrappers.Function>
230224-02:40:02,924 nipype.workflow INFO:
	 [Node] Finished "fs_isrunning", elapsed time 0.001607s.
230224-02:40:27,811 nipype.workflow INFO:
	 [Node] Setting-up "fmriprep_22_0_wf.single_subject_ctrl18_wf.anat_preproc_wf.surface_recon_wf.autorecon1" in "/nesi/nobackup/uoa03264/fMRIpipeline_data/processed_test_josh/work/fmriprep_22_0_wf/single_subject_ctrl18_wf/anat_preproc_wf/surface_recon_wf/autorecon1".
230224-02:40:27,829 nipype.workflow INFO:
	 [Node] Executing "autorecon1" <smriprep.interfaces.freesurfer.ReconAll>
230224-02:40:27,834 nipype.interface INFO:
	 recon-all complete : Not running
230224-02:40:27,835 nipype.interface INFO:
	 recon-all complete : Not running
230224-02:40:27,961 nipype.workflow INFO:
	 [Node] Finished "autorecon1", elapsed time 0.131531s.
230224-02:41:40,610 nipype.workflow INFO:
	 [Node] Setting-up "fmriprep_22_0_wf.single_subject_ctrl18_wf.anat_preproc_wf.surface_recon_wf.skull_strip_extern" in "/nesi/nobackup/uoa03264/fMRIpipeline_data/processed_test_josh/work/fmriprep_22_0_wf/single_subject_ctrl18_wf/anat_preproc_wf/surface_recon_wf/skull_strip_extern".
230224-02:41:40,626 nipype.workflow INFO:
	 [Node] Executing "skull_strip_extern" <niworkflows.interfaces.freesurfer.FSInjectBrainExtracted>
230224-02:41:40,974 nipype.workflow INFO:
	 [Node] Finished "skull_strip_extern", elapsed time 0.347302s.
230224-02:41:41,917 nipype.workflow INFO:
	 [Node] Setting-up "fmriprep_22_0_wf.single_subject_ctrl18_wf.anat_preproc_wf.surface_recon_wf.autorecon_resume_wf.autorecon2_vol" in "/nesi/nobackup/uoa03264/fMRIpipeline_data/processed_test_josh/work/fmriprep_22_0_wf/single_subject_ctrl18_wf/anat_preproc_wf/surface_recon_wf/autorecon_resume_wf/autorecon2_vol".
230224-02:41:41,945 nipype.workflow INFO:
	 [Node] Executing "autorecon2_vol" <smriprep.interfaces.freesurfer.ReconAll>
230224-02:41:41,948 nipype.interface INFO:
	 recon-all complete : Not running
230224-02:41:41,949 nipype.interface INFO:
	 recon-all complete : Not running
230224-02:41:42,44 nipype.workflow INFO:
	 [Node] Finished "autorecon2_vol", elapsed time 0.097278s.
230224-02:42:41,990 nipype.workflow INFO:
	 [Node] Setting-up "_autorecon_surfs0" in "/nesi/nobackup/uoa03264/fMRIpipeline_data/processed_test_josh/work/fmriprep_22_0_wf/single_subject_ctrl18_wf/anat_preproc_wf/surface_recon_wf/autorecon_resume_wf/autorecon_surfs/mapflow/_autorecon_surfs0".
230224-02:42:42,21 nipype.workflow INFO:
	 [Node] Executing "_autorecon_surfs0" <smriprep.interfaces.freesurfer.ReconAll>
230224-02:42:42,24 nipype.interface INFO:
	 recon-all complete : Not running
230224-02:42:42,26 nipype.interface INFO:
	 recon-all complete : Not running
230224-02:42:42,104 nipype.workflow INFO:
	 [Node] Finished "_autorecon_surfs0", elapsed time 0.08197s.
230224-02:42:44,5 nipype.workflow INFO:
	 [Node] Setting-up "_autorecon_surfs1" in "/nesi/nobackup/uoa03264/fMRIpipeline_data/processed_test_josh/work/fmriprep_22_0_wf/single_subject_ctrl18_wf/anat_preproc_wf/surface_recon_wf/autorecon_resume_wf/autorecon_surfs/mapflow/_autorecon_surfs1".
230224-02:42:44,34 nipype.workflow INFO:
	 [Node] Executing "_autorecon_surfs1" <smriprep.interfaces.freesurfer.ReconAll>
230224-02:42:44,37 nipype.interface INFO:
	 recon-all complete : Not running
230224-02:42:44,38 nipype.interface INFO:
	 recon-all complete : Not running
230224-02:42:44,116 nipype.workflow INFO:
	 [Node] Finished "_autorecon_surfs1", elapsed time 0.081256s.
230224-02:42:46,7 nipype.workflow INFO:
	 [Node] Setting-up "_autorecon_surfs0" in "/nesi/nobackup/uoa03264/fMRIpipeline_data/processed_test_josh/work/fmriprep_22_0_wf/single_subject_ctrl18_wf/anat_preproc_wf/surface_recon_wf/autorecon_resume_wf/autorecon_surfs/mapflow/_autorecon_surfs0".
230224-02:42:46,11 nipype.workflow INFO:
	 [Node] Executing "_autorecon_surfs0" <smriprep.interfaces.freesurfer.ReconAll>
230224-02:42:46,13 nipype.interface INFO:
	 recon-all complete : Not running
230224-02:42:46,15 nipype.interface INFO:
	 recon-all complete : Not running
230224-02:42:46,95 nipype.workflow INFO:
	 [Node] Finished "_autorecon_surfs0", elapsed time 0.082489s.
230224-02:42:46,100 nipype.workflow INFO:
	 [Node] Setting-up "_autorecon_surfs1" in "/nesi/nobackup/uoa03264/fMRIpipeline_data/processed_test_josh/work/fmriprep_22_0_wf/single_subject_ctrl18_wf/anat_preproc_wf/surface_recon_wf/autorecon_resume_wf/autorecon_surfs/mapflow/_autorecon_surfs1".
230224-02:42:46,104 nipype.workflow INFO:
	 [Node] Executing "_autorecon_surfs1" <smriprep.interfaces.freesurfer.ReconAll>
230224-02:42:46,106 nipype.interface INFO:
	 recon-all complete : Not running
230224-02:42:46,108 nipype.interface INFO:
	 recon-all complete : Not running
230224-02:42:46,183 nipype.workflow INFO:
	 [Node] Finished "_autorecon_surfs1", elapsed time 0.078054s.
230224-02:42:47,998 nipype.workflow INFO:
	 [Node] Setting-up "fmriprep_22_0_wf.single_subject_ctrl18_wf.anat_preproc_wf.surface_recon_wf.autorecon_resume_wf.cortribbon" in "/nesi/nobackup/uoa03264/fMRIpipeline_data/processed_test_josh/work/fmriprep_22_0_wf/single_subject_ctrl18_wf/anat_preproc_wf/surface_recon_wf/autorecon_resume_wf/cortribbon".
230224-02:42:48,27 nipype.workflow INFO:
	 [Node] Executing "cortribbon" <smriprep.interfaces.freesurfer.ReconAll>
230224-02:42:48,29 nipype.interface INFO:
	 recon-all complete : Not running
230224-02:42:48,29 nipype.interface INFO:
	 recon-all complete : Not running
230224-02:42:48,116 nipype.workflow INFO:
	 [Node] Finished "cortribbon", elapsed time 0.087218s.
230224-02:42:51,986 nipype.workflow INFO:
	 [Node] Setting-up "_parcstats0" in "/nesi/nobackup/uoa03264/fMRIpipeline_data/processed_test_josh/work/fmriprep_22_0_wf/single_subject_ctrl18_wf/anat_preproc_wf/surface_recon_wf/autorecon_resume_wf/parcstats/mapflow/_parcstats0".
230224-02:42:52,11 nipype.workflow INFO:
	 [Node] Executing "_parcstats0" <smriprep.interfaces.freesurfer.ReconAll>
230224-02:42:52,14 nipype.interface INFO:
	 recon-all complete : Not running
230224-02:42:52,16 nipype.interface INFO:
	 recon-all complete : Not running
230224-02:42:52,95 nipype.workflow INFO:
	 [Node] Finished "_parcstats0", elapsed time 0.08311s.
230224-02:42:53,991 nipype.workflow INFO:
	 [Node] Setting-up "_parcstats1" in "/nesi/nobackup/uoa03264/fMRIpipeline_data/processed_test_josh/work/fmriprep_22_0_wf/single_subject_ctrl18_wf/anat_preproc_wf/surface_recon_wf/autorecon_resume_wf/parcstats/mapflow/_parcstats1".
230224-02:42:54,23 nipype.workflow INFO:
	 [Node] Executing "_parcstats1" <smriprep.interfaces.freesurfer.ReconAll>
230224-02:42:54,26 nipype.interface INFO:
	 recon-all complete : Not running
230224-02:42:54,28 nipype.interface INFO:
	 recon-all complete : Not running
230224-02:42:54,109 nipype.workflow INFO:
	 [Node] Finished "_parcstats1", elapsed time 0.084274s.
230224-02:42:56,19 nipype.workflow INFO:
	 [Node] Setting-up "_parcstats0" in "/nesi/nobackup/uoa03264/fMRIpipeline_data/processed_test_josh/work/fmriprep_22_0_wf/single_subject_ctrl18_wf/anat_preproc_wf/surface_recon_wf/autorecon_resume_wf/parcstats/mapflow/_parcstats0".
230224-02:42:56,23 nipype.workflow INFO:
	 [Node] Executing "_parcstats0" <smriprep.interfaces.freesurfer.ReconAll>
230224-02:42:56,26 nipype.interface INFO:
	 recon-all complete : Not running
230224-02:42:56,27 nipype.interface INFO:
	 recon-all complete : Not running
230224-02:42:56,106 nipype.workflow INFO:
	 [Node] Finished "_parcstats0", elapsed time 0.082224s.
230224-02:42:56,112 nipype.workflow INFO:
	 [Node] Setting-up "_parcstats1" in "/nesi/nobackup/uoa03264/fMRIpipeline_data/processed_test_josh/work/fmriprep_22_0_wf/single_subject_ctrl18_wf/anat_preproc_wf/surface_recon_wf/autorecon_resume_wf/parcstats/mapflow/_parcstats1".
230224-02:42:56,116 nipype.workflow INFO:
	 [Node] Executing "_parcstats1" <smriprep.interfaces.freesurfer.ReconAll>
230224-02:42:56,118 nipype.interface INFO:
	 recon-all complete : Not running
230224-02:42:56,120 nipype.interface INFO:
	 recon-all complete : Not running
230224-02:42:56,192 nipype.workflow INFO:
	 [Node] Finished "_parcstats1", elapsed time 0.074961s.
230224-02:42:57,998 nipype.workflow INFO:
	 [Node] Setting-up "fmriprep_22_0_wf.single_subject_ctrl18_wf.anat_preproc_wf.surface_recon_wf.autorecon_resume_wf.autorecon3" in "/nesi/nobackup/uoa03264/fMRIpipeline_data/processed_test_josh/work/fmriprep_22_0_wf/single_subject_ctrl18_wf/anat_preproc_wf/surface_recon_wf/autorecon_resume_wf/autorecon3".
230224-02:42:58,9 nipype.workflow INFO:
	 [Node] Executing "autorecon3" <smriprep.interfaces.freesurfer.ReconAll>
230224-02:42:58,12 nipype.interface INFO:
	 resume recon-all : recon-all -autorecon3 -openmp 7 -subjid sub-ctrl18 -sd /nesi/nobackup/uoa03264/fMRIpipeline_data/processed_test_josh/bids/derivatives/freesurfer_agg -nosphere -nosurfreg -nojacobian_white -noavgcurv -nocortparc -nopial -noparcstats -nocortparc2 -noparcstats2 -nocortparc3 -noparcstats3 -nopctsurfcon -nocortribbon -nohyporelabel -noaparc2aseg -nosegstats -nowmparc -nobalabels
230224-02:42:58,15 nipype.interface INFO:
	 resume recon-all : recon-all -autorecon3 -openmp 7 -subjid sub-ctrl18 -sd /nesi/nobackup/uoa03264/fMRIpipeline_data/processed_test_josh/bids/derivatives/freesurfer_agg -nosphere -nosurfreg -nojacobian_white -noavgcurv -nocortparc -nopial -noparcstats -nocortparc2 -noparcstats2 -nocortparc3 -noparcstats3 -nopctsurfcon -nocortribbon -nohyporelabel -noaparc2aseg -nosegstats -nowmparc -nobalabels
230224-02:43:00,950 nipype.workflow INFO:
	 [Node] Finished "autorecon3", elapsed time 2.939463s.
230224-02:43:00,952 nipype.workflow WARNING:
	 [Node] Error on "fmriprep_22_0_wf.single_subject_ctrl18_wf.anat_preproc_wf.surface_recon_wf.autorecon_resume_wf.autorecon3" (/nesi/nobackup/uoa03264/fMRIpipeline_data/processed_test_josh/work/fmriprep_22_0_wf/single_subject_ctrl18_wf/anat_preproc_wf/surface_recon_wf/autorecon_resume_wf/autorecon3)
230224-02:43:01,917 nipype.workflow ERROR:
	 Node autorecon3 failed to run on host wmc010.
230224-02:43:01,924 nipype.workflow ERROR:
	 Saving crash info to /nesi/nobackup/uoa03264/fMRIpipeline_data/processed_test_josh/bids/derivatives/fmriprep/sub-ctrl18/log/20230224-023915_63b5f1a3-6fb3-44b6-ac97-766a1390e772/crash-20230224-024301-jmcg465-autorecon3-1960e063-63d8-4018-bfdf-e62006f2d65a.txt
Traceback (most recent call last):
  File "/opt/conda/lib/python3.9/site-packages/nipype/pipeline/plugins/multiproc.py", line 67, in run_node
    result["result"] = node.run(updatehash=updatehash)
  File "/opt/conda/lib/python3.9/site-packages/nipype/pipeline/engine/nodes.py", line 527, in run
    result = self._run_interface(execute=True)
  File "/opt/conda/lib/python3.9/site-packages/nipype/pipeline/engine/nodes.py", line 645, in _run_interface
    return self._run_command(execute)
  File "/opt/conda/lib/python3.9/site-packages/nipype/pipeline/engine/nodes.py", line 771, in _run_command
    raise NodeExecutionError(msg)
nipype.pipeline.engine.nodes.NodeExecutionError: Exception raised while executing Node autorecon3.

Cmdline:
	recon-all -autorecon3 -openmp 7 -subjid sub-ctrl18 -sd /nesi/nobackup/uoa03264/fMRIpipeline_data/processed_test_josh/bids/derivatives/freesurfer_agg -nosphere -nosurfreg -nojacobian_white -noavgcurv -nocortparc -nopial -noparcstats -nocortparc2 -noparcstats2 -nocortparc3 -noparcstats3 -nopctsurfcon -nocortribbon -nohyporelabel -noaparc2aseg -nosegstats -nowmparc -nobalabels
Stdout:
	INFO: FreeSurfer build stamps do not match
	Subject Stamp: freesurfer-Linux-centos6_x86_64-stable-pub-v6.0.1-f53a55a
	Current Stamp: freesurfer-linux-ubuntu18_x86_64-7.2.0-20210721-aa8f76b
	INFO: SUBJECTS_DIR is /nesi/nobackup/uoa03264/fMRIpipeline_data/processed_test_josh/bids/derivatives/freesurfer_agg
	Actual FREESURFER_HOME /opt/freesurfer
	-rw-rw----+ 1 jmcg465 uoa03264 901665 Feb 22 21:57 /nesi/nobackup/uoa03264/fMRIpipeline_data/processed_test_josh/bids/derivatives/freesurfer_agg/sub-ctrl18/scripts/recon-all.log
	Linux wmc010 4.18.0-348.23.1.el8_5.x86_64 #1 SMP Wed Apr 27 15:32:52 UTC 2022 x86_64 x86_64 x86_64 GNU/Linux
	/nesi/nobackup/uoa03264/fMRIpipeline_data/processed_test_josh/bids/derivatives/freesurfer_agg/sub-ctrl18/mri/transforms /nesi/nobackup/uoa03264/fMRIpipeline_data/processed_test_josh/bids/derivatives/freesurfer_agg/sub-ctrl18 
	/nesi/nobackup/uoa03264/fMRIpipeline_data/processed_test_josh/bids/derivatives/freesurfer_agg/sub-ctrl18 
	#--------------------------------------------
	#@# WhiteSurfs lh Fri Feb 24 02:43:00 UTC 2023
	cd /nesi/nobackup/uoa03264/fMRIpipeline_data/processed_test_josh/bids/derivatives/freesurfer_agg/sub-ctrl18/mri
	mris_place_surface --adgws-in ../surf/autodet.gw.stats.lh.dat --seg aseg.presurf.mgz --threads 7 --wm wm.mgz --invol brain.finalsurfs.mgz --lh --i ../surf/lh.white.preaparc --o ../surf/lh.white --white --nsmooth 0 --rip-label ../label/lh.cortex.label --rip-bg --rip-surf ../surf/lh.white.preaparc --aparc ../label/lh.aparc.annot
	ERROR: reading ../surf/autodet.gw.stats.lh.dat
	Linux wmc010 4.18.0-348.23.1.el8_5.x86_64 #1 SMP Wed Apr 27 15:32:52 UTC 2022 x86_64 x86_64 x86_64 GNU/Linux

	recon-all -s sub-ctrl18 exited with ERRORS at Fri Feb 24 02:43:00 UTC 2023

	For more details, see the log file /nesi/nobackup/uoa03264/fMRIpipeline_data/processed_test_josh/bids/derivatives/freesurfer_agg/sub-ctrl18/scripts/recon-all.log
	To report a problem, see http://surfer.nmr.mgh.harvard.edu/fswiki/BugReporting

Stderr:

Traceback:
	RuntimeError: subprocess exited with code 1.

230224-02:43:01,940 nipype.workflow CRITICAL:
	 fMRIPrep failed: Traceback (most recent call last):
  File "/opt/conda/lib/python3.9/site-packages/nipype/pipeline/plugins/multiproc.py", line 67, in run_node
    result["result"] = node.run(updatehash=updatehash)
  File "/opt/conda/lib/python3.9/site-packages/nipype/pipeline/engine/nodes.py", line 527, in run
    result = self._run_interface(execute=True)
  File "/opt/conda/lib/python3.9/site-packages/nipype/pipeline/engine/nodes.py", line 645, in _run_interface
    return self._run_command(execute)
  File "/opt/conda/lib/python3.9/site-packages/nipype/pipeline/engine/nodes.py", line 771, in _run_command
    raise NodeExecutionError(msg)
nipype.pipeline.engine.nodes.NodeExecutionError: Exception raised while executing Node autorecon3.

Cmdline:
	recon-all -autorecon3 -openmp 7 -subjid sub-ctrl18 -sd /nesi/nobackup/uoa03264/fMRIpipeline_data/processed_test_josh/bids/derivatives/freesurfer_agg -nosphere -nosurfreg -nojacobian_white -noavgcurv -nocortparc -nopial -noparcstats -nocortparc2 -noparcstats2 -nocortparc3 -noparcstats3 -nopctsurfcon -nocortribbon -nohyporelabel -noaparc2aseg -nosegstats -nowmparc -nobalabels
Stdout:
	INFO: FreeSurfer build stamps do not match
	Subject Stamp: freesurfer-Linux-centos6_x86_64-stable-pub-v6.0.1-f53a55a
	Current Stamp: freesurfer-linux-ubuntu18_x86_64-7.2.0-20210721-aa8f76b
	INFO: SUBJECTS_DIR is /nesi/nobackup/uoa03264/fMRIpipeline_data/processed_test_josh/bids/derivatives/freesurfer_agg
	Actual FREESURFER_HOME /opt/freesurfer
	-rw-rw----+ 1 jmcg465 uoa03264 901665 Feb 22 21:57 /nesi/nobackup/uoa03264/fMRIpipeline_data/processed_test_josh/bids/derivatives/freesurfer_agg/sub-ctrl18/scripts/recon-all.log
	Linux wmc010 4.18.0-348.23.1.el8_5.x86_64 #1 SMP Wed Apr 27 15:32:52 UTC 2022 x86_64 x86_64 x86_64 GNU/Linux
	/nesi/nobackup/uoa03264/fMRIpipeline_data/processed_test_josh/bids/derivatives/freesurfer_agg/sub-ctrl18/mri/transforms /nesi/nobackup/uoa03264/fMRIpipeline_data/processed_test_josh/bids/derivatives/freesurfer_agg/sub-ctrl18 
	/nesi/nobackup/uoa03264/fMRIpipeline_data/processed_test_josh/bids/derivatives/freesurfer_agg/sub-ctrl18 
	#--------------------------------------------
	#@# WhiteSurfs lh Fri Feb 24 02:43:00 UTC 2023
	cd /nesi/nobackup/uoa03264/fMRIpipeline_data/processed_test_josh/bids/derivatives/freesurfer_agg/sub-ctrl18/mri
	mris_place_surface --adgws-in ../surf/autodet.gw.stats.lh.dat --seg aseg.presurf.mgz --threads 7 --wm wm.mgz --invol brain.finalsurfs.mgz --lh --i ../surf/lh.white.preaparc --o ../surf/lh.white --white --nsmooth 0 --rip-label ../label/lh.cortex.label --rip-bg --rip-surf ../surf/lh.white.preaparc --aparc ../label/lh.aparc.annot
	ERROR: reading ../surf/autodet.gw.stats.lh.dat
	Linux wmc010 4.18.0-348.23.1.el8_5.x86_64 #1 SMP Wed Apr 27 15:32:52 UTC 2022 x86_64 x86_64 x86_64 GNU/Linux

	recon-all -s sub-ctrl18 exited with ERRORS at Fri Feb 24 02:43:00 UTC 2023

	For more details, see the log file /nesi/nobackup/uoa03264/fMRIpipeline_data/processed_test_josh/bids/derivatives/freesurfer_agg/sub-ctrl18/scripts/recon-all.log
	To report a problem, see http://surfer.nmr.mgh.harvard.edu/fswiki/BugReporting

Stderr:

Traceback:
	RuntimeError: subprocess exited with code 1.

230224-02:43:02,817 cli ERROR:
	 Preprocessing did not finish successfully. Errors occurred while processing data from participants: ctrl18 (1). Check the HTML reports for details.
230224-02:43:02,817 cli ERROR:
	 Preprocessing did not finish successfully. Errors occurred while processing data from participants: ctrl18 (1). Check the HTML reports for details.
Sentry is attempting to send 4 pending error messages
Waiting up to 2 seconds
Press Ctrl-C to quit
[Fri Feb 24 15:43:03 2023]
Error in rule fmriprep:
    jobid: 0
    input: /nesi/nobackup/uoa03264/fMRIpipeline_data/processed_test_josh/bids/sub-ctrl18/ses-a, /nesi/nobackup/uoa03264/fMRIpipeline_data/processed_test_josh/bids/derivatives/freesurfer_agg/sub-ctrl18
    output: /nesi/nobackup/uoa03264/fMRIpipeline_data/processed_test_josh/bids/derivatives/fmriprep/sub-ctrl18, /nesi/nobackup/uoa03264/fMRIpipeline_data/processed_test_josh/bids/derivatives/fmriprep/sub-ctrl18.html
    shell:
        fmriprep /nesi/nobackup/uoa03264/fMRIpipeline_data/processed_test_josh/bids /nesi/nobackup/uoa03264/fMRIpipeline_data/processed_test_josh/bids/derivatives/fmriprep participant --participant-label ctrl18 --skip-bids-validation --md-only-boilerplate --fs-subjects-dir /nesi/nobackup/uoa03264/fMRIpipeline_data/processed_test_josh/bids/derivatives/freesurfer_agg --output-spaces MNI152NLin2009cAsym:res-2 --stop-on-first-crash --low-mem --mem-mb 25000 --nprocs 8 -w /nesi/nobackup/uoa03264/fMRIpipeline_data/processed_test_josh/work --fs-license-file ./license.txt
        (one of the commands exited with non-zero exit code; note that snakemake uses bash strict mode!)

Removing output files of failed job fmriprep since they might be corrupted:
/nesi/nobackup/uoa03264/fMRIpipeline_data/processed_test_josh/bids/derivatives/fmriprep/sub-ctrl18, /nesi/nobackup/uoa03264/fMRIpipeline_data/processed_test_josh/bids/derivatives/fmriprep/sub-ctrl18.html
Shutting down, this might take some time.
Exiting because a job execution failed. Look above for error message
