Building DAG of jobs...
Using shell: /usr/bin/bash
Provided cores: 2
Rules claiming more threads will be scaled down.
Provided resources: mem_mb=4000, mem_mib=3815, disk_mb=1000, disk_mib=954, cpus=2, time_min=60, gpu=0
Select jobs to execute...

[Thu Mar 23 12:03:02 2023]
rule heudiconv:
    input: /nesi/nobackup/uoa03264/fMRIpipeline_data/processed_test_long/tidy/sub_control17/ses_a
    output: /nesi/nobackup/uoa03264/fMRIpipeline_data/processed_test_long/bids/sub-control17/ses-a, /nesi/nobackup/uoa03264/fMRIpipeline_data/processed_test_long/bids/.heudiconv/control17/ses-a
    jobid: 0
    reason: Missing output files: /nesi/nobackup/uoa03264/fMRIpipeline_data/processed_test_long/bids/sub-control17/ses-a, /nesi/nobackup/uoa03264/fMRIpipeline_data/processed_test_long/bids/.heudiconv/control17/ses-a
    wildcards: resultsdir=/nesi/nobackup/uoa03264/fMRIpipeline_data/processed_test_long, subject=control17, session=a
    resources: mem_mb=4000, mem_mib=3815, disk_mb=1000, disk_mib=954, tmpdir=/dev/shm/jobs/33593750, cpus=2, time_min=60, gpu=0

heudiconv --dicom_dir_template '/nesi/nobackup/uoa03264/fMRIpipeline_data/processed_test_long/tidy/sub_{subject}/ses_{session}/*/*' --outdir /nesi/nobackup/uoa03264/fMRIpipeline_data/processed_test_long/bids --heuristic scripts/heuristic.py --subjects control17 --ses a --converter dcm2niix --bids --overwrite
Activating singularity image /scale_wlg_persistent/filesets/project/uoa03264/fmri_workflow/.snakemake/singularity/10b2306ed15c5efc917232958423bfe6.simg
INFO: Running heudiconv version 0.11.4.post18+g1fe815b.d20221025 latest 0.12.2
INFO: Need to process 1 study sessions
INFO: PROCESSING STARTS: {'subject': 'control17', 'outdir': '/nesi/nobackup/uoa03264/fMRIpipeline_data/processed_test_long/bids/', 'session': 'a'}
INFO: Processing 16504 dicoms
INFO: Analyzing 16504 dicoms
INFO: Generated sequence info for 5 studies with 16504 entries total
INFO: Doing conversion using dcm2niix
INFO: Converting /nesi/nobackup/uoa03264/fMRIpipeline_data/processed_test_long/bids/sub-control17/ses-a/anat/sub-control17_ses-a_run-001_T1w (320 DICOMs) -> /nesi/nobackup/uoa03264/fMRIpipeline_data/processed_test_long/bids/sub-control17/ses-a/anat . Converter: dcm2niix . Output types: ('nii.gz',)
230322-23:13:39,914 nipype.workflow INFO:
	 [Node] Setting-up "convert" in "/tmp/dcm2niixsp2b8jxn/convert".
INFO: [Node] Setting-up "convert" in "/tmp/dcm2niixsp2b8jxn/convert".
230322-23:13:40,194 nipype.workflow INFO:
	 [Node] Executing "convert" <nipype.interfaces.dcm2nii.Dcm2niix>
INFO: [Node] Executing "convert" <nipype.interfaces.dcm2nii.Dcm2niix>
230322-23:13:55,43 nipype.interface INFO:
	 stdout 2023-03-22T23:13:55.043315:Chris Rorden's dcm2niiX version v1.0.20220720  (JP2:OpenJPEG) (JP-LS:CharLS) GCC10.2.1 x86-64 (64-bit Linux)
INFO: stdout 2023-03-22T23:13:55.043315:Chris Rorden's dcm2niiX version v1.0.20220720  (JP2:OpenJPEG) (JP-LS:CharLS) GCC10.2.1 x86-64 (64-bit Linux)
230322-23:13:55,44 nipype.interface INFO:
	 stdout 2023-03-22T23:13:55.043315:Found 320 DICOM file(s)
INFO: stdout 2023-03-22T23:13:55.043315:Found 320 DICOM file(s)
230322-23:13:55,44 nipype.interface INFO:
	 stdout 2023-03-22T23:13:55.043315:Image Decompression is new: please validate conversions
INFO: stdout 2023-03-22T23:13:55.043315:Image Decompression is new: please validate conversions
230322-23:13:55,44 nipype.interface INFO:
	 stdout 2023-03-22T23:13:55.043315:Resolved discrepancy between tags (0020,1002; 0021,104F; 0054,0081)
INFO: stdout 2023-03-22T23:13:55.043315:Resolved discrepancy between tags (0020,1002; 0021,104F; 0054,0081)
230322-23:13:55,44 nipype.interface INFO:
	 stdout 2023-03-22T23:13:55.043315:Convert 320 DICOM as /nesi/nobackup/uoa03264/fMRIpipeline_data/processed_test_long/bids/sub-control17/ses-a/anat/sub-control17_ses-a_run-001_T1w_heudiconv619 (512x512x320x1)
INFO: stdout 2023-03-22T23:13:55.043315:Convert 320 DICOM as /nesi/nobackup/uoa03264/fMRIpipeline_data/processed_test_long/bids/sub-control17/ses-a/anat/sub-control17_ses-a_run-001_T1w_heudiconv619 (512x512x320x1)
230322-23:14:01,500 nipype.interface INFO:
	 stdout 2023-03-22T23:14:01.500028:Compress: "/usr/bin/pigz" -b 960 -n -f -6 "/nesi/nobackup/uoa03264/fMRIpipeline_data/processed_test_long/bids/sub-control17/ses-a/anat/sub-control17_ses-a_run-001_T1w_heudiconv619.nii"
INFO: stdout 2023-03-22T23:14:01.500028:Compress: "/usr/bin/pigz" -b 960 -n -f -6 "/nesi/nobackup/uoa03264/fMRIpipeline_data/processed_test_long/bids/sub-control17/ses-a/anat/sub-control17_ses-a_run-001_T1w_heudiconv619.nii"
230322-23:14:01,500 nipype.interface INFO:
	 stdout 2023-03-22T23:14:01.500028:Conversion required 20.976492 seconds (9.982313 for core code).
INFO: stdout 2023-03-22T23:14:01.500028:Conversion required 20.976492 seconds (9.982313 for core code).
230322-23:14:01,525 nipype.workflow INFO:
	 [Node] Finished "convert", elapsed time 21.013081s.
INFO: [Node] Finished "convert", elapsed time 21.013081s.
WARNING: Failed to find task field in /nesi/nobackup/uoa03264/fMRIpipeline_data/processed_test_long/bids/sub-control17/ses-a/anat/sub-control17_ses-a_run-001_T1w.json.
230322-23:14:01,559 nipype.workflow INFO:
	 [Node] Setting-up "embedder" in "/tmp/embedmeta7l36q1n_/embedder".
INFO: [Node] Setting-up "embedder" in "/tmp/embedmeta7l36q1n_/embedder".
230322-23:14:01,636 nipype.workflow INFO:
	 [Node] Executing "embedder" <nipype.interfaces.utility.wrappers.Function>
INFO: [Node] Executing "embedder" <nipype.interfaces.utility.wrappers.Function>
/opt/miniconda-py39_4.12.0/lib/python3.9/site-packages/pydicom/valuerep.py:290: UserWarning: The value length (32) exceeds the maximum length of 16 allowed for VR SH.
  warnings.warn(msg)
230322-23:14:15,385 nipype.workflow INFO:
	 [Node] Finished "embedder", elapsed time 13.747908s.
INFO: [Node] Finished "embedder", elapsed time 13.747908s.
INFO: Post-treating /nesi/nobackup/uoa03264/fMRIpipeline_data/processed_test_long/bids/sub-control17/ses-a/anat/sub-control17_ses-a_run-001_T1w.json file
INFO: Converting /nesi/nobackup/uoa03264/fMRIpipeline_data/processed_test_long/bids/sub-control17/ses-a/func/sub-control17_ses-a_task-rest_run-001_bold (10400 DICOMs) -> /nesi/nobackup/uoa03264/fMRIpipeline_data/processed_test_long/bids/sub-control17/ses-a/func . Converter: dcm2niix . Output types: ('nii.gz',)
230322-23:14:21,357 nipype.workflow INFO:
	 [Node] Setting-up "convert" in "/tmp/dcm2niixrw9uisle/convert".
INFO: [Node] Setting-up "convert" in "/tmp/dcm2niixrw9uisle/convert".
230322-23:14:30,833 nipype.workflow INFO:
	 [Node] Executing "convert" <nipype.interfaces.dcm2nii.Dcm2niix>
INFO: [Node] Executing "convert" <nipype.interfaces.dcm2nii.Dcm2niix>
230322-23:17:16,150 nipype.interface INFO:
	 stdout 2023-03-22T23:17:16.150329:Chris Rorden's dcm2niiX version v1.0.20220720  (JP2:OpenJPEG) (JP-LS:CharLS) GCC10.2.1 x86-64 (64-bit Linux)
INFO: stdout 2023-03-22T23:17:16.150329:Chris Rorden's dcm2niiX version v1.0.20220720  (JP2:OpenJPEG) (JP-LS:CharLS) GCC10.2.1 x86-64 (64-bit Linux)
230322-23:17:16,150 nipype.interface INFO:
	 stdout 2023-03-22T23:17:16.150329:Found 10400 DICOM file(s)
INFO: stdout 2023-03-22T23:17:16.150329:Found 10400 DICOM file(s)
230322-23:17:16,150 nipype.interface INFO:
	 stdout 2023-03-22T23:17:16.150329:Image Decompression is new: please validate conversions
INFO: stdout 2023-03-22T23:17:16.150329:Image Decompression is new: please validate conversions
230322-23:17:16,150 nipype.interface INFO:
	 stdout 2023-03-22T23:17:16.150329:Warning: Unable to determine slice times for early GE HyperBand.
INFO: stdout 2023-03-22T23:17:16.150329:Warning: Unable to determine slice times for early GE HyperBand.
230322-23:17:16,150 nipype.interface INFO:
	 stdout 2023-03-22T23:17:16.150329:Convert 10400 DICOM as /nesi/nobackup/uoa03264/fMRIpipeline_data/processed_test_long/bids/sub-control17/ses-a/func/sub-control17_ses-a_task-rest_run-001_bold_heudiconv399 (64x64x52x200)
INFO: stdout 2023-03-22T23:17:16.150329:Convert 10400 DICOM as /nesi/nobackup/uoa03264/fMRIpipeline_data/processed_test_long/bids/sub-control17/ses-a/func/sub-control17_ses-a_task-rest_run-001_bold_heudiconv399 (64x64x52x200)
230322-23:17:20,329 nipype.interface INFO:
	 stdout 2023-03-22T23:17:20.328952:Compress: "/usr/bin/pigz" -b 960 -n -f -6 "/nesi/nobackup/uoa03264/fMRIpipeline_data/processed_test_long/bids/sub-control17/ses-a/func/sub-control17_ses-a_task-rest_run-001_bold_heudiconv399.nii"
INFO: stdout 2023-03-22T23:17:20.328952:Compress: "/usr/bin/pigz" -b 960 -n -f -6 "/nesi/nobackup/uoa03264/fMRIpipeline_data/processed_test_long/bids/sub-control17/ses-a/func/sub-control17_ses-a_task-rest_run-001_bold_heudiconv399.nii"
230322-23:17:20,329 nipype.interface INFO:
	 stdout 2023-03-22T23:17:20.328952:Conversion required 169.465049 seconds (14.475237 for core code).
INFO: stdout 2023-03-22T23:17:20.328952:Conversion required 169.465049 seconds (14.475237 for core code).
230322-23:17:20,389 nipype.workflow INFO:
	 [Node] Finished "convert", elapsed time 169.554279s.
INFO: [Node] Finished "convert", elapsed time 169.554279s.
230322-23:17:20,986 nipype.workflow INFO:
	 [Node] Setting-up "embedder" in "/tmp/embedmetaai_u2gp7/embedder".
INFO: [Node] Setting-up "embedder" in "/tmp/embedmetaai_u2gp7/embedder".
230322-23:17:23,390 nipype.workflow INFO:
	 [Node] Executing "embedder" <nipype.interfaces.utility.wrappers.Function>
INFO: [Node] Executing "embedder" <nipype.interfaces.utility.wrappers.Function>
230322-23:20:52,116 nipype.workflow INFO:
	 [Node] Finished "embedder", elapsed time 208.723884s.
INFO: [Node] Finished "embedder", elapsed time 208.723884s.
INFO: Post-treating /nesi/nobackup/uoa03264/fMRIpipeline_data/processed_test_long/bids/sub-control17/ses-a/func/sub-control17_ses-a_task-rest_run-001_bold.json file
INFO: Converting /nesi/nobackup/uoa03264/fMRIpipeline_data/processed_test_long/bids/sub-control17/ses-a/func/sub-control17_ses-a_task-rest_run-002_bold (5460 DICOMs) -> /nesi/nobackup/uoa03264/fMRIpipeline_data/processed_test_long/bids/sub-control17/ses-a/func . Converter: dcm2niix . Output types: ('nii.gz',)
230322-23:20:55,268 nipype.workflow INFO:
	 [Node] Setting-up "convert" in "/tmp/dcm2niixjbdra4vu/convert".
INFO: [Node] Setting-up "convert" in "/tmp/dcm2niixjbdra4vu/convert".
230322-23:21:00,208 nipype.workflow INFO:
	 [Node] Executing "convert" <nipype.interfaces.dcm2nii.Dcm2niix>
INFO: [Node] Executing "convert" <nipype.interfaces.dcm2nii.Dcm2niix>
230322-23:22:41,249 nipype.interface INFO:
	 stdout 2023-03-22T23:22:41.249328:Chris Rorden's dcm2niiX version v1.0.20220720  (JP2:OpenJPEG) (JP-LS:CharLS) GCC10.2.1 x86-64 (64-bit Linux)
INFO: stdout 2023-03-22T23:22:41.249328:Chris Rorden's dcm2niiX version v1.0.20220720  (JP2:OpenJPEG) (JP-LS:CharLS) GCC10.2.1 x86-64 (64-bit Linux)
230322-23:22:41,249 nipype.interface INFO:
	 stdout 2023-03-22T23:22:41.249328:Found 5460 DICOM file(s)
INFO: stdout 2023-03-22T23:22:41.249328:Found 5460 DICOM file(s)
230322-23:22:41,249 nipype.interface INFO:
	 stdout 2023-03-22T23:22:41.249328:Image Decompression is new: please validate conversions
INFO: stdout 2023-03-22T23:22:41.249328:Image Decompression is new: please validate conversions
230322-23:22:41,249 nipype.interface INFO:
	 stdout 2023-03-22T23:22:41.249328:Convert 5460 DICOM as /nesi/nobackup/uoa03264/fMRIpipeline_data/processed_test_long/bids/sub-control17/ses-a/func/sub-control17_ses-a_task-rest_run-002_bold_heudiconv889 (64x64x52x105)
INFO: stdout 2023-03-22T23:22:41.249328:Convert 5460 DICOM as /nesi/nobackup/uoa03264/fMRIpipeline_data/processed_test_long/bids/sub-control17/ses-a/func/sub-control17_ses-a_task-rest_run-002_bold_heudiconv889 (64x64x52x105)
230322-23:22:43,561 nipype.interface INFO:
	 stdout 2023-03-22T23:22:43.561181:Compress: "/usr/bin/pigz" -b 960 -n -f -6 "/nesi/nobackup/uoa03264/fMRIpipeline_data/processed_test_long/bids/sub-control17/ses-a/func/sub-control17_ses-a_task-rest_run-002_bold_heudiconv889.nii"
INFO: stdout 2023-03-22T23:22:43.561181:Compress: "/usr/bin/pigz" -b 960 -n -f -6 "/nesi/nobackup/uoa03264/fMRIpipeline_data/processed_test_long/bids/sub-control17/ses-a/func/sub-control17_ses-a_task-rest_run-002_bold_heudiconv889.nii"
230322-23:22:43,561 nipype.interface INFO:
	 stdout 2023-03-22T23:22:43.561181:Conversion required 103.194364 seconds (8.139874 for core code).
INFO: stdout 2023-03-22T23:22:43.561181:Conversion required 103.194364 seconds (8.139874 for core code).
230322-23:22:45,228 nipype.workflow INFO:
	 [Node] Finished "convert", elapsed time 105.019219s.
INFO: [Node] Finished "convert", elapsed time 105.019219s.
230322-23:22:45,591 nipype.workflow INFO:
	 [Node] Setting-up "embedder" in "/tmp/embedmeta4hfc18da/embedder".
INFO: [Node] Setting-up "embedder" in "/tmp/embedmeta4hfc18da/embedder".
230322-23:22:46,894 nipype.workflow INFO:
	 [Node] Executing "embedder" <nipype.interfaces.utility.wrappers.Function>
INFO: [Node] Executing "embedder" <nipype.interfaces.utility.wrappers.Function>
230322-23:24:36,575 nipype.workflow INFO:
	 [Node] Finished "embedder", elapsed time 109.679794s.
INFO: [Node] Finished "embedder", elapsed time 109.679794s.
INFO: Post-treating /nesi/nobackup/uoa03264/fMRIpipeline_data/processed_test_long/bids/sub-control17/ses-a/func/sub-control17_ses-a_task-rest_run-002_bold.json file
INFO: Populating template files under /nesi/nobackup/uoa03264/fMRIpipeline_data/processed_test_long/bids/
INFO: PROCESSING DONE: {'subject': 'control17', 'outdir': '/nesi/nobackup/uoa03264/fMRIpipeline_data/processed_test_long/bids/', 'session': 'a'}
[Thu Mar 23 12:24:37 2023]
Finished job 0.
1 of 1 steps (100%) done
