Building DAG of jobs...
Using shell: /usr/bin/bash
Provided cores: 2
Rules claiming more threads will be scaled down.
Select jobs to execute...

[Fri Dec  9 15:51:35 2022]
rule heudiconv:
    input: /nesi/nobackup/uoa03264/fMRIpipeline_data/processed_test/tidy/sub_rugby1/ses_a/.completed
    output: /nesi/nobackup/uoa03264/fMRIpipeline_data/processed_test/bids/sub-rugby1/ses-a, /nesi/nobackup/uoa03264/fMRIpipeline_data/processed_test/bids/.heudiconv/rugby1/ses-a
    jobid: 0
    wildcards: resultsdir=/nesi/nobackup/uoa03264/fMRIpipeline_data/processed_test, subject=rugby1, session=a
    resources: mem_mb=4000, disk_mb=1000, tmpdir=/dev/shm/jobs/31829191, cpus=2, time_min=60, gpu=0

heudiconv --dicom_dir_template '/nesi/nobackup/uoa03264/fMRIpipeline_data/processed_test/tidy/sub_{subject}/ses_{session}/*/*' --outdir /nesi/nobackup/uoa03264/fMRIpipeline_data/processed_test/bids --heuristic scripts/heuristic.py --subjects rugby1 --ses a --converter dcm2niix --bids --overwrite
Activating singularity image /scale_wlg_persistent/filesets/project/uoa03264/fmri_workflow/.snakemake/singularity/10b2306ed15c5efc917232958423bfe6.simg
INFO: Running heudiconv version 0.11.4.post18+g1fe815b.d20221025 latest 0.11.6
INFO: Need to process 1 study sessions
INFO: PROCESSING STARTS: {'subject': 'rugby1', 'outdir': '/nesi/nobackup/uoa03264/fMRIpipeline_data/processed_test/bids/', 'session': 'a'}
INFO: Processing 10599 dicoms
INFO: Analyzing 10599 dicoms
INFO: Generated sequence info for 2 studies with 10599 entries total
INFO: Doing conversion using dcm2niix
INFO: Converting /nesi/nobackup/uoa03264/fMRIpipeline_data/processed_test/bids/sub-rugby1/ses-a/anat/sub-rugby1_ses-a_run-001_T1w (199 DICOMs) -> /nesi/nobackup/uoa03264/fMRIpipeline_data/processed_test/bids/sub-rugby1/ses-a/anat . Converter: dcm2niix . Output types: ('nii.gz',)
221209-15:56:13,15 nipype.workflow INFO:
	 [Node] Setting-up "convert" in "/dev/shm/jobs/31829191/dcm2niixlbbokxg6/convert".
INFO: [Node] Setting-up "convert" in "/dev/shm/jobs/31829191/dcm2niixlbbokxg6/convert".
221209-15:56:13,111 nipype.workflow INFO:
	 [Node] Executing "convert" <nipype.interfaces.dcm2nii.Dcm2niix>
INFO: [Node] Executing "convert" <nipype.interfaces.dcm2nii.Dcm2niix>
221209-15:56:13,424 nipype.interface INFO:
	 stdout 2022-12-09T15:56:13.424453:Chris Rorden's dcm2niiX version v1.0.20220720  (JP2:OpenJPEG) (JP-LS:CharLS) GCC10.2.1 x86-64 (64-bit Linux)
INFO: stdout 2022-12-09T15:56:13.424453:Chris Rorden's dcm2niiX version v1.0.20220720  (JP2:OpenJPEG) (JP-LS:CharLS) GCC10.2.1 x86-64 (64-bit Linux)
221209-15:56:13,425 nipype.interface INFO:
	 stdout 2022-12-09T15:56:13.424453:Found 199 DICOM file(s)
INFO: stdout 2022-12-09T15:56:13.424453:Found 199 DICOM file(s)
221209-15:56:13,425 nipype.interface INFO:
	 stdout 2022-12-09T15:56:13.424453:DICOM images may be missing, expected 300 spatial locations per volume, but found 199 slices.
INFO: stdout 2022-12-09T15:56:13.424453:DICOM images may be missing, expected 300 spatial locations per volume, but found 199 slices.
221209-15:56:13,425 nipype.interface INFO:
	 stdout 2022-12-09T15:56:13.424453:Convert 199 DICOM as /nesi/nobackup/uoa03264/fMRIpipeline_data/processed_test/bids/sub-rugby1/ses-a/anat/sub-rugby1_ses-a_run-001_T1w_heudiconv205 (512x512x199x1)
INFO: stdout 2022-12-09T15:56:13.424453:Convert 199 DICOM as /nesi/nobackup/uoa03264/fMRIpipeline_data/processed_test/bids/sub-rugby1/ses-a/anat/sub-rugby1_ses-a_run-001_T1w_heudiconv205 (512x512x199x1)
221209-15:56:17,970 nipype.interface INFO:
	 stdout 2022-12-09T15:56:17.970176:Compress: "/usr/bin/pigz" -b 960 -n -f -6 "/nesi/nobackup/uoa03264/fMRIpipeline_data/processed_test/bids/sub-rugby1/ses-a/anat/sub-rugby1_ses-a_run-001_T1w_heudiconv205.nii"
INFO: stdout 2022-12-09T15:56:17.970176:Compress: "/usr/bin/pigz" -b 960 -n -f -6 "/nesi/nobackup/uoa03264/fMRIpipeline_data/processed_test/bids/sub-rugby1/ses-a/anat/sub-rugby1_ses-a_run-001_T1w_heudiconv205.nii"
221209-15:56:17,970 nipype.interface INFO:
	 stdout 2022-12-09T15:56:17.970176:Conversion required 4.676510 seconds (0.426327 for core code).
INFO: stdout 2022-12-09T15:56:17.970176:Conversion required 4.676510 seconds (0.426327 for core code).
221209-15:56:18,0 nipype.workflow INFO:
	 [Node] Finished "convert", elapsed time 4.723897s.
INFO: [Node] Finished "convert", elapsed time 4.723897s.
WARNING: Failed to find task field in /nesi/nobackup/uoa03264/fMRIpipeline_data/processed_test/bids/sub-rugby1/ses-a/anat/sub-rugby1_ses-a_run-001_T1w.json.
221209-15:56:18,27 nipype.workflow INFO:
	 [Node] Setting-up "embedder" in "/dev/shm/jobs/31829191/embedmeta8o32wpn2/embedder".
INFO: [Node] Setting-up "embedder" in "/dev/shm/jobs/31829191/embedmeta8o32wpn2/embedder".
221209-15:56:18,56 nipype.workflow INFO:
	 [Node] Executing "embedder" <nipype.interfaces.utility.wrappers.Function>
INFO: [Node] Executing "embedder" <nipype.interfaces.utility.wrappers.Function>
221209-15:56:22,34 nipype.workflow INFO:
	 [Node] Finished "embedder", elapsed time 3.976108s.
INFO: [Node] Finished "embedder", elapsed time 3.976108s.
INFO: Post-treating /nesi/nobackup/uoa03264/fMRIpipeline_data/processed_test/bids/sub-rugby1/ses-a/anat/sub-rugby1_ses-a_run-001_T1w.json file
INFO: Converting /nesi/nobackup/uoa03264/fMRIpipeline_data/processed_test/bids/sub-rugby1/ses-a/func/sub-rugby1_ses-a_task-rest_run-001_bold (10400 DICOMs) -> /nesi/nobackup/uoa03264/fMRIpipeline_data/processed_test/bids/sub-rugby1/ses-a/func . Converter: dcm2niix . Output types: ('nii.gz',)
221209-15:56:22,587 nipype.workflow INFO:
	 [Node] Setting-up "convert" in "/dev/shm/jobs/31829191/dcm2niixkm8bgl7i/convert".
INFO: [Node] Setting-up "convert" in "/dev/shm/jobs/31829191/dcm2niixkm8bgl7i/convert".
221209-15:56:27,464 nipype.workflow INFO:
	 [Node] Executing "convert" <nipype.interfaces.dcm2nii.Dcm2niix>
INFO: [Node] Executing "convert" <nipype.interfaces.dcm2nii.Dcm2niix>
221209-15:56:31,375 nipype.interface INFO:
	 stdout 2022-12-09T15:56:31.375590:Chris Rorden's dcm2niiX version v1.0.20220720  (JP2:OpenJPEG) (JP-LS:CharLS) GCC10.2.1 x86-64 (64-bit Linux)
INFO: stdout 2022-12-09T15:56:31.375590:Chris Rorden's dcm2niiX version v1.0.20220720  (JP2:OpenJPEG) (JP-LS:CharLS) GCC10.2.1 x86-64 (64-bit Linux)
221209-15:56:31,375 nipype.interface INFO:
	 stdout 2022-12-09T15:56:31.375590:Found 10400 DICOM file(s)
INFO: stdout 2022-12-09T15:56:31.375590:Found 10400 DICOM file(s)
221209-15:56:31,376 nipype.interface INFO:
	 stdout 2022-12-09T15:56:31.375590:Convert 10400 DICOM as /nesi/nobackup/uoa03264/fMRIpipeline_data/processed_test/bids/sub-rugby1/ses-a/func/sub-rugby1_ses-a_task-rest_run-001_bold_heudiconv022 (64x64x52x200)
INFO: stdout 2022-12-09T15:56:31.375590:Convert 10400 DICOM as /nesi/nobackup/uoa03264/fMRIpipeline_data/processed_test/bids/sub-rugby1/ses-a/func/sub-rugby1_ses-a_task-rest_run-001_bold_heudiconv022 (64x64x52x200)
221209-15:56:35,844 nipype.interface INFO:
	 stdout 2022-12-09T15:56:35.844887:Compress: "/usr/bin/pigz" -b 960 -n -f -6 "/nesi/nobackup/uoa03264/fMRIpipeline_data/processed_test/bids/sub-rugby1/ses-a/func/sub-rugby1_ses-a_task-rest_run-001_bold_heudiconv022.nii"
INFO: stdout 2022-12-09T15:56:35.844887:Compress: "/usr/bin/pigz" -b 960 -n -f -6 "/nesi/nobackup/uoa03264/fMRIpipeline_data/processed_test/bids/sub-rugby1/ses-a/func/sub-rugby1_ses-a_task-rest_run-001_bold_heudiconv022.nii"
221209-15:56:35,845 nipype.interface INFO:
	 stdout 2022-12-09T15:56:35.844887:Conversion required 8.338107 seconds (3.859976 for core code).
INFO: stdout 2022-12-09T15:56:35.844887:Conversion required 8.338107 seconds (3.859976 for core code).
221209-15:56:35,896 nipype.workflow INFO:
	 [Node] Finished "convert", elapsed time 8.430097s.
INFO: [Node] Finished "convert", elapsed time 8.430097s.
221209-15:56:36,297 nipype.workflow INFO:
	 [Node] Setting-up "embedder" in "/dev/shm/jobs/31829191/embedmetarfytywyj/embedder".
INFO: [Node] Setting-up "embedder" in "/dev/shm/jobs/31829191/embedmetarfytywyj/embedder".
221209-15:56:37,778 nipype.workflow INFO:
	 [Node] Executing "embedder" <nipype.interfaces.utility.wrappers.Function>
INFO: [Node] Executing "embedder" <nipype.interfaces.utility.wrappers.Function>
slurmstepd: error: *** JOB 31829191 ON wmc011 CANCELLED AT 2022-12-09T02:58:25 ***
