Building DAG of jobs...
Using shell: /usr/bin/bash
Provided cores: 2
Rules claiming more threads will be scaled down.
Provided resources: mem_mb=4000, mem_mib=3815, disk_mb=1000, disk_mib=954, cpus=2, time_min=60, gpu=0
Select jobs to execute...

[Sun Apr  2 10:57:29 2023]
rule heudiconv:
    input: /nesi/nobackup/uoa03264/fMRIpipeline_data/processed_test_cross/tidy/sub_control17/ses_a
    output: /nesi/nobackup/uoa03264/fMRIpipeline_data/processed_test_cross/bids/sub-control17/ses-a, /nesi/nobackup/uoa03264/fMRIpipeline_data/processed_test_cross/bids/.heudiconv/control17/ses-a
    jobid: 0
    reason: Missing output files: /nesi/nobackup/uoa03264/fMRIpipeline_data/processed_test_cross/bids/sub-control17/ses-a, /nesi/nobackup/uoa03264/fMRIpipeline_data/processed_test_cross/bids/.heudiconv/control17/ses-a
    wildcards: resultsdir=/nesi/nobackup/uoa03264/fMRIpipeline_data/processed_test_cross, subject=control17, session=a
    resources: mem_mb=4000, mem_mib=3815, disk_mb=1000, disk_mib=954, tmpdir=/dev/shm/jobs/33835275, cpus=2, time_min=60, gpu=0

heudiconv --dicom_dir_template '/nesi/nobackup/uoa03264/fMRIpipeline_data/processed_test_cross/tidy/sub_{subject}/ses_{session}/*/*' --outdir /nesi/nobackup/uoa03264/fMRIpipeline_data/processed_test_cross/bids --heuristic scripts/heuristic.py --subjects control17 --ses a --converter dcm2niix --bids --overwrite
Activating singularity image /scale_wlg_persistent/filesets/project/uoa03264/fmri_workflow/.snakemake/singularity/10b2306ed15c5efc917232958423bfe6.simg
INFO: Running heudiconv version 0.11.4.post18+g1fe815b.d20221025 latest 0.12.2
INFO: Need to process 1 study sessions
INFO: PROCESSING STARTS: {'subject': 'control17', 'outdir': '/nesi/nobackup/uoa03264/fMRIpipeline_data/processed_test_cross/bids/', 'session': 'a'}
INFO: Processing 16504 dicoms
INFO: Analyzing 16504 dicoms
INFO: Generated sequence info for 5 studies with 16504 entries total
INFO: Doing conversion using dcm2niix
INFO: Converting /nesi/nobackup/uoa03264/fMRIpipeline_data/processed_test_cross/bids/sub-control17/ses-a/anat/sub-control17_ses-a_run-001_T1w (320 DICOMs) -> /nesi/nobackup/uoa03264/fMRIpipeline_data/processed_test_cross/bids/sub-control17/ses-a/anat . Converter: dcm2niix . Output types: ('nii.gz',)
230401-23:07:27,401 nipype.workflow INFO:
	 [Node] Setting-up "convert" in "/tmp/dcm2niix2njdw_v0/convert".
INFO: [Node] Setting-up "convert" in "/tmp/dcm2niix2njdw_v0/convert".
230401-23:07:27,669 nipype.workflow INFO:
	 [Node] Executing "convert" <nipype.interfaces.dcm2nii.Dcm2niix>
INFO: [Node] Executing "convert" <nipype.interfaces.dcm2nii.Dcm2niix>
230401-23:07:41,536 nipype.interface INFO:
	 stdout 2023-04-01T23:07:41.536197:Chris Rorden's dcm2niiX version v1.0.20220720  (JP2:OpenJPEG) (JP-LS:CharLS) GCC10.2.1 x86-64 (64-bit Linux)
INFO: stdout 2023-04-01T23:07:41.536197:Chris Rorden's dcm2niiX version v1.0.20220720  (JP2:OpenJPEG) (JP-LS:CharLS) GCC10.2.1 x86-64 (64-bit Linux)
230401-23:07:41,536 nipype.interface INFO:
	 stdout 2023-04-01T23:07:41.536197:Found 320 DICOM file(s)
INFO: stdout 2023-04-01T23:07:41.536197:Found 320 DICOM file(s)
230401-23:07:41,536 nipype.interface INFO:
	 stdout 2023-04-01T23:07:41.536197:Image Decompression is new: please validate conversions
INFO: stdout 2023-04-01T23:07:41.536197:Image Decompression is new: please validate conversions
230401-23:07:41,536 nipype.interface INFO:
	 stdout 2023-04-01T23:07:41.536197:Resolved discrepancy between tags (0020,1002; 0021,104F; 0054,0081)
INFO: stdout 2023-04-01T23:07:41.536197:Resolved discrepancy between tags (0020,1002; 0021,104F; 0054,0081)
230401-23:07:41,537 nipype.interface INFO:
	 stdout 2023-04-01T23:07:41.536197:Convert 320 DICOM as /nesi/nobackup/uoa03264/fMRIpipeline_data/processed_test_cross/bids/sub-control17/ses-a/anat/sub-control17_ses-a_run-001_T1w_heudiconv837 (512x512x320x1)
INFO: stdout 2023-04-01T23:07:41.536197:Convert 320 DICOM as /nesi/nobackup/uoa03264/fMRIpipeline_data/processed_test_cross/bids/sub-control17/ses-a/anat/sub-control17_ses-a_run-001_T1w_heudiconv837 (512x512x320x1)
230401-23:07:47,985 nipype.interface INFO:
	 stdout 2023-04-01T23:07:47.985726:Compress: "/usr/bin/pigz" -b 960 -n -f -6 "/nesi/nobackup/uoa03264/fMRIpipeline_data/processed_test_cross/bids/sub-control17/ses-a/anat/sub-control17_ses-a_run-001_T1w_heudiconv837.nii"
INFO: stdout 2023-04-01T23:07:47.985726:Compress: "/usr/bin/pigz" -b 960 -n -f -6 "/nesi/nobackup/uoa03264/fMRIpipeline_data/processed_test_cross/bids/sub-control17/ses-a/anat/sub-control17_ses-a_run-001_T1w_heudiconv837.nii"
230401-23:07:47,985 nipype.interface INFO:
	 stdout 2023-04-01T23:07:47.985726:Conversion required 20.244125 seconds (10.077567 for core code).
INFO: stdout 2023-04-01T23:07:47.985726:Conversion required 20.244125 seconds (10.077567 for core code).
230401-23:07:48,9 nipype.workflow INFO:
	 [Node] Finished "convert", elapsed time 20.280504s.
INFO: [Node] Finished "convert", elapsed time 20.280504s.
WARNING: Failed to find task field in /nesi/nobackup/uoa03264/fMRIpipeline_data/processed_test_cross/bids/sub-control17/ses-a/anat/sub-control17_ses-a_run-001_T1w.json.
230401-23:07:48,41 nipype.workflow INFO:
	 [Node] Setting-up "embedder" in "/tmp/embedmetaodl8h2z6/embedder".
INFO: [Node] Setting-up "embedder" in "/tmp/embedmetaodl8h2z6/embedder".
230401-23:07:48,113 nipype.workflow INFO:
	 [Node] Executing "embedder" <nipype.interfaces.utility.wrappers.Function>
INFO: [Node] Executing "embedder" <nipype.interfaces.utility.wrappers.Function>
/opt/miniconda-py39_4.12.0/lib/python3.9/site-packages/pydicom/valuerep.py:290: UserWarning: The value length (32) exceeds the maximum length of 16 allowed for VR SH.
  warnings.warn(msg)
230401-23:08:01,847 nipype.workflow INFO:
	 [Node] Finished "embedder", elapsed time 13.732998s.
INFO: [Node] Finished "embedder", elapsed time 13.732998s.
INFO: Post-treating /nesi/nobackup/uoa03264/fMRIpipeline_data/processed_test_cross/bids/sub-control17/ses-a/anat/sub-control17_ses-a_run-001_T1w.json file
INFO: Converting /nesi/nobackup/uoa03264/fMRIpipeline_data/processed_test_cross/bids/sub-control17/ses-a/func/sub-control17_ses-a_task-rest_run-001_bold (10400 DICOMs) -> /nesi/nobackup/uoa03264/fMRIpipeline_data/processed_test_cross/bids/sub-control17/ses-a/func . Converter: dcm2niix . Output types: ('nii.gz',)
230401-23:08:06,787 nipype.workflow INFO:
	 [Node] Setting-up "convert" in "/tmp/dcm2niixhe8gcgpu/convert".
INFO: [Node] Setting-up "convert" in "/tmp/dcm2niixhe8gcgpu/convert".
230401-23:08:15,795 nipype.workflow INFO:
	 [Node] Executing "convert" <nipype.interfaces.dcm2nii.Dcm2niix>
INFO: [Node] Executing "convert" <nipype.interfaces.dcm2nii.Dcm2niix>
230401-23:10:43,382 nipype.interface INFO:
	 stdout 2023-04-01T23:10:43.382586:Chris Rorden's dcm2niiX version v1.0.20220720  (JP2:OpenJPEG) (JP-LS:CharLS) GCC10.2.1 x86-64 (64-bit Linux)
INFO: stdout 2023-04-01T23:10:43.382586:Chris Rorden's dcm2niiX version v1.0.20220720  (JP2:OpenJPEG) (JP-LS:CharLS) GCC10.2.1 x86-64 (64-bit Linux)
230401-23:10:43,383 nipype.interface INFO:
	 stdout 2023-04-01T23:10:43.382586:Found 10400 DICOM file(s)
INFO: stdout 2023-04-01T23:10:43.382586:Found 10400 DICOM file(s)
230401-23:10:43,383 nipype.interface INFO:
	 stdout 2023-04-01T23:10:43.382586:Image Decompression is new: please validate conversions
INFO: stdout 2023-04-01T23:10:43.382586:Image Decompression is new: please validate conversions
230401-23:10:43,383 nipype.interface INFO:
	 stdout 2023-04-01T23:10:43.382586:Warning: Unable to determine slice times for early GE HyperBand.
INFO: stdout 2023-04-01T23:10:43.382586:Warning: Unable to determine slice times for early GE HyperBand.
230401-23:10:43,383 nipype.interface INFO:
	 stdout 2023-04-01T23:10:43.382586:Convert 10400 DICOM as /nesi/nobackup/uoa03264/fMRIpipeline_data/processed_test_cross/bids/sub-control17/ses-a/func/sub-control17_ses-a_task-rest_run-001_bold_heudiconv969 (64x64x52x200)
INFO: stdout 2023-04-01T23:10:43.382586:Convert 10400 DICOM as /nesi/nobackup/uoa03264/fMRIpipeline_data/processed_test_cross/bids/sub-control17/ses-a/func/sub-control17_ses-a_task-rest_run-001_bold_heudiconv969 (64x64x52x200)
230401-23:10:47,726 nipype.interface INFO:
	 stdout 2023-04-01T23:10:47.726781:Compress: "/usr/bin/pigz" -b 960 -n -f -6 "/nesi/nobackup/uoa03264/fMRIpipeline_data/processed_test_cross/bids/sub-control17/ses-a/func/sub-control17_ses-a_task-rest_run-001_bold_heudiconv969.nii"
INFO: stdout 2023-04-01T23:10:47.726781:Compress: "/usr/bin/pigz" -b 960 -n -f -6 "/nesi/nobackup/uoa03264/fMRIpipeline_data/processed_test_cross/bids/sub-control17/ses-a/func/sub-control17_ses-a_task-rest_run-001_bold_heudiconv969.nii"
230401-23:10:47,727 nipype.interface INFO:
	 stdout 2023-04-01T23:10:47.726781:Conversion required 151.900018 seconds (16.117676 for core code).
INFO: stdout 2023-04-01T23:10:47.726781:Conversion required 151.900018 seconds (16.117676 for core code).
230401-23:10:47,803 nipype.workflow INFO:
	 [Node] Finished "convert", elapsed time 152.007399s.
INFO: [Node] Finished "convert", elapsed time 152.007399s.
230401-23:10:48,481 nipype.workflow INFO:
	 [Node] Setting-up "embedder" in "/tmp/embedmeta_qrn2ufa/embedder".
INFO: [Node] Setting-up "embedder" in "/tmp/embedmeta_qrn2ufa/embedder".
230401-23:10:51,232 nipype.workflow INFO:
	 [Node] Executing "embedder" <nipype.interfaces.utility.wrappers.Function>
INFO: [Node] Executing "embedder" <nipype.interfaces.utility.wrappers.Function>
230401-23:14:47,626 nipype.workflow INFO:
	 [Node] Finished "embedder", elapsed time 236.393099s.
INFO: [Node] Finished "embedder", elapsed time 236.393099s.
INFO: Post-treating /nesi/nobackup/uoa03264/fMRIpipeline_data/processed_test_cross/bids/sub-control17/ses-a/func/sub-control17_ses-a_task-rest_run-001_bold.json file
INFO: Converting /nesi/nobackup/uoa03264/fMRIpipeline_data/processed_test_cross/bids/sub-control17/ses-a/func/sub-control17_ses-a_task-rest_run-002_bold (5460 DICOMs) -> /nesi/nobackup/uoa03264/fMRIpipeline_data/processed_test_cross/bids/sub-control17/ses-a/func . Converter: dcm2niix . Output types: ('nii.gz',)
230401-23:14:50,468 nipype.workflow INFO:
	 [Node] Setting-up "convert" in "/tmp/dcm2niixxh_cr2_5/convert".
INFO: [Node] Setting-up "convert" in "/tmp/dcm2niixxh_cr2_5/convert".
230401-23:14:55,112 nipype.workflow INFO:
	 [Node] Executing "convert" <nipype.interfaces.dcm2nii.Dcm2niix>
INFO: [Node] Executing "convert" <nipype.interfaces.dcm2nii.Dcm2niix>
230401-23:16:31,276 nipype.interface INFO:
	 stdout 2023-04-01T23:16:31.276790:Chris Rorden's dcm2niiX version v1.0.20220720  (JP2:OpenJPEG) (JP-LS:CharLS) GCC10.2.1 x86-64 (64-bit Linux)
INFO: stdout 2023-04-01T23:16:31.276790:Chris Rorden's dcm2niiX version v1.0.20220720  (JP2:OpenJPEG) (JP-LS:CharLS) GCC10.2.1 x86-64 (64-bit Linux)
230401-23:16:31,277 nipype.interface INFO:
	 stdout 2023-04-01T23:16:31.276790:Found 5460 DICOM file(s)
INFO: stdout 2023-04-01T23:16:31.276790:Found 5460 DICOM file(s)
230401-23:16:31,277 nipype.interface INFO:
	 stdout 2023-04-01T23:16:31.276790:Image Decompression is new: please validate conversions
INFO: stdout 2023-04-01T23:16:31.276790:Image Decompression is new: please validate conversions
230401-23:16:31,277 nipype.interface INFO:
	 stdout 2023-04-01T23:16:31.276790:Convert 5460 DICOM as /nesi/nobackup/uoa03264/fMRIpipeline_data/processed_test_cross/bids/sub-control17/ses-a/func/sub-control17_ses-a_task-rest_run-002_bold_heudiconv981 (64x64x52x105)
INFO: stdout 2023-04-01T23:16:31.276790:Convert 5460 DICOM as /nesi/nobackup/uoa03264/fMRIpipeline_data/processed_test_cross/bids/sub-control17/ses-a/func/sub-control17_ses-a_task-rest_run-002_bold_heudiconv981 (64x64x52x105)
230401-23:16:33,709 nipype.interface INFO:
	 stdout 2023-04-01T23:16:33.709641:Compress: "/usr/bin/pigz" -b 960 -n -f -6 "/nesi/nobackup/uoa03264/fMRIpipeline_data/processed_test_cross/bids/sub-control17/ses-a/func/sub-control17_ses-a_task-rest_run-002_bold_heudiconv981.nii"
INFO: stdout 2023-04-01T23:16:33.709641:Compress: "/usr/bin/pigz" -b 960 -n -f -6 "/nesi/nobackup/uoa03264/fMRIpipeline_data/processed_test_cross/bids/sub-control17/ses-a/func/sub-control17_ses-a_task-rest_run-002_bold_heudiconv981.nii"
230401-23:16:33,709 nipype.interface INFO:
	 stdout 2023-04-01T23:16:33.709641:Conversion required 98.454623 seconds (9.106758 for core code).
INFO: stdout 2023-04-01T23:16:33.709641:Conversion required 98.454623 seconds (9.106758 for core code).
230401-23:16:35,516 nipype.workflow INFO:
	 [Node] Finished "convert", elapsed time 100.402285s.
INFO: [Node] Finished "convert", elapsed time 100.402285s.
230401-23:16:35,907 nipype.workflow INFO:
	 [Node] Setting-up "embedder" in "/tmp/embedmetajq6atbw3/embedder".
INFO: [Node] Setting-up "embedder" in "/tmp/embedmetajq6atbw3/embedder".
230401-23:16:37,239 nipype.workflow INFO:
	 [Node] Executing "embedder" <nipype.interfaces.utility.wrappers.Function>
INFO: [Node] Executing "embedder" <nipype.interfaces.utility.wrappers.Function>
230401-23:18:27,161 nipype.workflow INFO:
	 [Node] Finished "embedder", elapsed time 109.921345s.
INFO: [Node] Finished "embedder", elapsed time 109.921345s.
INFO: Post-treating /nesi/nobackup/uoa03264/fMRIpipeline_data/processed_test_cross/bids/sub-control17/ses-a/func/sub-control17_ses-a_task-rest_run-002_bold.json file
INFO: Populating template files under /nesi/nobackup/uoa03264/fMRIpipeline_data/processed_test_cross/bids/
INFO: PROCESSING DONE: {'subject': 'control17', 'outdir': '/nesi/nobackup/uoa03264/fMRIpipeline_data/processed_test_cross/bids/', 'session': 'a'}
[Sun Apr  2 11:18:28 2023]
Finished job 0.
1 of 1 steps (100%) done
