Building DAG of jobs...
Using shell: /usr/bin/bash
Provided cores: 8
Rules claiming more threads will be scaled down.
Provided resources: mem_mb=25000, mem_mib=23842, disk_mb=1000, disk_mib=954, cpus=8, time_min=180, gpu=0
Select jobs to execute...

[Fri Mar  3 15:20:16 2023]
rule fmriprep:
    input: /nesi/nobackup/uoa03264/fMRIpipeline_data/processed_test_josh/bids/sub-ctrl18/ses-a, /nesi/nobackup/uoa03264/fMRIpipeline_data/processed_test_josh/bids/derivatives/freesurfer_agg/sub-ctrl18
    output: /nesi/nobackup/uoa03264/fMRIpipeline_data/processed_test_josh/bids/derivatives/fmriprep/sub-ctrl18, /nesi/nobackup/uoa03264/fMRIpipeline_data/processed_test_josh/bids/derivatives/fmriprep/sub-ctrl18.html
    jobid: 0
    reason: Missing output files: /nesi/nobackup/uoa03264/fMRIpipeline_data/processed_test_josh/bids/derivatives/fmriprep/sub-ctrl18, /nesi/nobackup/uoa03264/fMRIpipeline_data/processed_test_josh/bids/derivatives/fmriprep/sub-ctrl18.html
    wildcards: resultsdir=/nesi/nobackup/uoa03264/fMRIpipeline_data/processed_test_josh, subject=ctrl18
    threads: 8
    resources: mem_mb=25000, mem_mib=23842, disk_mb=1000, disk_mib=954, tmpdir=/dev/shm/jobs/33239090, cpus=8, time_min=180, gpu=0

fmriprep /nesi/nobackup/uoa03264/fMRIpipeline_data/processed_test_josh/bids /nesi/nobackup/uoa03264/fMRIpipeline_data/processed_test_josh/bids/derivatives/fmriprep participant --participant-label ctrl18 --skip-bids-validation --md-only-boilerplate --fs-subjects-dir /nesi/nobackup/uoa03264/fMRIpipeline_data/processed_test_josh/bids/derivatives/freesurfer_agg --output-spaces MNI152NLin2009cAsym:res-2 --stop-on-first-crash --low-mem --mem-mb 25000 --nprocs 8 -w /nesi/nobackup/uoa03264/fMRIpipeline_data/processed_test_josh/work --fs-license-file ./license.txt
Activating singularity image /scale_wlg_persistent/filesets/project/uoa03264/fmri_workflow/.snakemake/singularity/8ba2e11db7a36df6ed76807c131c9dc5.simg
You are using fMRIPrep-22.0.2, and a newer version of fMRIPrep is available: 22.1.1.
Please check out our documentation about how and when to upgrade:
https://fmriprep.readthedocs.io/en/latest/faq.html#upgrading
230303-02:20:38,727 nipype.workflow IMPORTANT:
	 Running fMRIPrep version 22.0.2

         License NOTICE ##################################################
         fMRIPrep 22.0.2
         Copyright 2022 The NiPreps Developers.
         
         This product includes software developed by
         the NiPreps Community (https://nipreps.org/).
         
         Portions of this software were developed at the Department of
         Psychology at Stanford University, Stanford, CA, US.
         
         This software redistributes the versioneer Python package, which is
         Public domain source code.
         
         This software is also distributed as a Docker container image.
         The bootstraping file for the image ("Dockerfile") is licensed
         under the MIT License.
         
         This software may be distributed through an add-on package called
         "Docker Wrapper" that is under the BSD 3-clause License.
         #################################################################
230303-02:20:38,729 nipype.workflow WARNING:
	 Previous output generated by version 0+unknown found.
230303-02:20:38,786 nipype.workflow IMPORTANT:
	 Building fMRIPrep's workflow:
           * BIDS dataset path: /nesi/nobackup/uoa03264/fMRIpipeline_data/processed_test_josh/bids.
           * Participant list: ['ctrl18'].
           * Run identifier: 20230303-022023_7500f659-f2eb-40e0-940b-3fc876673577.
           * Output spaces: MNI152NLin2009cAsym:res-2.
           * Pre-run FreeSurfer's SUBJECTS_DIR: /nesi/nobackup/uoa03264/fMRIpipeline_data/processed_test_josh/bids/derivatives/freesurfer_agg.
230303-02:20:41,1 nipype.workflow INFO:
	 No single-band-reference found for sub-ctrl18_ses-a_task-rest_run-001_bold.nii.gz.
230303-02:20:41,119 nipype.workflow IMPORTANT:
	 BOLD series will be slice-timing corrected to an offset of 0.721s.
230303-02:20:41,406 nipype.workflow INFO:
	 No single-band-reference found for sub-ctrl18_ses-a_task-rest_run-002_bold.nii.gz.
230303-02:20:41,509 nipype.workflow IMPORTANT:
	 BOLD series will be slice-timing corrected to an offset of 0.981s.
230303-02:20:45,24 nipype.workflow INFO:
	 fMRIPrep workflow graph with 583 nodes built successfully.
230303-02:20:58,590 nipype.workflow IMPORTANT:
	 fMRIPrep started!
230303-02:21:10,73 nipype.workflow INFO:
	 [Node] Setting-up "fmriprep_22_0_wf.single_subject_ctrl18_wf.anat_preproc_wf.fs_isrunning" in "/nesi/nobackup/uoa03264/fMRIpipeline_data/processed_test_josh/work/fmriprep_22_0_wf/single_subject_ctrl18_wf/anat_preproc_wf/fs_isrunning".
230303-02:21:10,78 nipype.workflow INFO:
	 [Node] Executing "fs_isrunning" <nipype.interfaces.utility.wrappers.Function>
230303-02:21:10,84 nipype.workflow INFO:
	 [Node] Finished "fs_isrunning", elapsed time 0.00109s.
230303-02:21:34,810 nipype.workflow INFO:
	 [Node] Setting-up "fmriprep_22_0_wf.single_subject_ctrl18_wf.anat_preproc_wf.surface_recon_wf.autorecon1" in "/nesi/nobackup/uoa03264/fMRIpipeline_data/processed_test_josh/work/fmriprep_22_0_wf/single_subject_ctrl18_wf/anat_preproc_wf/surface_recon_wf/autorecon1".
230303-02:21:34,816 nipype.workflow INFO:
	 [Node] Executing "autorecon1" <smriprep.interfaces.freesurfer.ReconAll>
230303-02:21:34,818 nipype.interface INFO:
	 recon-all complete : Not running
230303-02:21:34,819 nipype.interface INFO:
	 recon-all complete : Not running
230303-02:21:34,875 nipype.workflow INFO:
	 [Node] Finished "autorecon1", elapsed time 0.058557s.
230303-02:22:48,332 nipype.workflow INFO:
	 [Node] Setting-up "fmriprep_22_0_wf.single_subject_ctrl18_wf.anat_preproc_wf.surface_recon_wf.skull_strip_extern" in "/nesi/nobackup/uoa03264/fMRIpipeline_data/processed_test_josh/work/fmriprep_22_0_wf/single_subject_ctrl18_wf/anat_preproc_wf/surface_recon_wf/skull_strip_extern".
230303-02:22:48,337 nipype.workflow INFO:
	 [Node] Executing "skull_strip_extern" <niworkflows.interfaces.freesurfer.FSInjectBrainExtracted>
230303-02:22:48,741 nipype.workflow INFO:
	 [Node] Finished "skull_strip_extern", elapsed time 0.404171s.
230303-02:22:49,487 nipype.workflow INFO:
	 [Node] Setting-up "fmriprep_22_0_wf.single_subject_ctrl18_wf.anat_preproc_wf.surface_recon_wf.autorecon_resume_wf.autorecon2_vol" in "/nesi/nobackup/uoa03264/fMRIpipeline_data/processed_test_josh/work/fmriprep_22_0_wf/single_subject_ctrl18_wf/anat_preproc_wf/surface_recon_wf/autorecon_resume_wf/autorecon2_vol".
230303-02:22:49,499 nipype.workflow INFO:
	 [Node] Executing "autorecon2_vol" <smriprep.interfaces.freesurfer.ReconAll>
230303-02:22:49,500 nipype.interface INFO:
	 recon-all complete : Not running
230303-02:22:49,501 nipype.interface INFO:
	 recon-all complete : Not running
230303-02:22:49,620 nipype.workflow INFO:
	 [Node] Finished "autorecon2_vol", elapsed time 0.120709s.
230303-02:23:49,582 nipype.workflow INFO:
	 [Node] Setting-up "_autorecon_surfs0" in "/nesi/nobackup/uoa03264/fMRIpipeline_data/processed_test_josh/work/fmriprep_22_0_wf/single_subject_ctrl18_wf/anat_preproc_wf/surface_recon_wf/autorecon_resume_wf/autorecon_surfs/mapflow/_autorecon_surfs0".
230303-02:23:49,588 nipype.workflow INFO:
	 [Node] Executing "_autorecon_surfs0" <smriprep.interfaces.freesurfer.ReconAll>
230303-02:23:49,590 nipype.interface INFO:
	 recon-all complete : Not running
230303-02:23:49,592 nipype.interface INFO:
	 recon-all complete : Not running
230303-02:23:49,697 nipype.workflow INFO:
	 [Node] Finished "_autorecon_surfs0", elapsed time 0.108168s.
230303-02:23:51,575 nipype.workflow INFO:
	 [Node] Setting-up "_autorecon_surfs1" in "/nesi/nobackup/uoa03264/fMRIpipeline_data/processed_test_josh/work/fmriprep_22_0_wf/single_subject_ctrl18_wf/anat_preproc_wf/surface_recon_wf/autorecon_resume_wf/autorecon_surfs/mapflow/_autorecon_surfs1".
230303-02:23:51,580 nipype.workflow INFO:
	 [Node] Executing "_autorecon_surfs1" <smriprep.interfaces.freesurfer.ReconAll>
230303-02:23:51,583 nipype.interface INFO:
	 recon-all complete : Not running
230303-02:23:51,584 nipype.interface INFO:
	 recon-all complete : Not running
230303-02:23:51,688 nipype.workflow INFO:
	 [Node] Finished "_autorecon_surfs1", elapsed time 0.106459s.
230303-02:23:53,562 nipype.workflow INFO:
	 [Node] Setting-up "_autorecon_surfs0" in "/nesi/nobackup/uoa03264/fMRIpipeline_data/processed_test_josh/work/fmriprep_22_0_wf/single_subject_ctrl18_wf/anat_preproc_wf/surface_recon_wf/autorecon_resume_wf/autorecon_surfs/mapflow/_autorecon_surfs0".
230303-02:23:53,567 nipype.workflow INFO:
	 [Node] Executing "_autorecon_surfs0" <smriprep.interfaces.freesurfer.ReconAll>
230303-02:23:53,569 nipype.interface INFO:
	 recon-all complete : Not running
230303-02:23:53,571 nipype.interface INFO:
	 recon-all complete : Not running
230303-02:23:53,652 nipype.workflow INFO:
	 [Node] Finished "_autorecon_surfs0", elapsed time 0.083956s.
230303-02:23:53,658 nipype.workflow INFO:
	 [Node] Setting-up "_autorecon_surfs1" in "/nesi/nobackup/uoa03264/fMRIpipeline_data/processed_test_josh/work/fmriprep_22_0_wf/single_subject_ctrl18_wf/anat_preproc_wf/surface_recon_wf/autorecon_resume_wf/autorecon_surfs/mapflow/_autorecon_surfs1".
230303-02:23:53,663 nipype.workflow INFO:
	 [Node] Executing "_autorecon_surfs1" <smriprep.interfaces.freesurfer.ReconAll>
230303-02:23:53,665 nipype.interface INFO:
	 recon-all complete : Not running
230303-02:23:53,666 nipype.interface INFO:
	 recon-all complete : Not running
230303-02:23:53,741 nipype.workflow INFO:
	 [Node] Finished "_autorecon_surfs1", elapsed time 0.077651s.
230303-02:23:55,556 nipype.workflow INFO:
	 [Node] Setting-up "fmriprep_22_0_wf.single_subject_ctrl18_wf.anat_preproc_wf.surface_recon_wf.autorecon_resume_wf.cortribbon" in "/nesi/nobackup/uoa03264/fMRIpipeline_data/processed_test_josh/work/fmriprep_22_0_wf/single_subject_ctrl18_wf/anat_preproc_wf/surface_recon_wf/autorecon_resume_wf/cortribbon".
230303-02:23:55,561 nipype.workflow INFO:
	 [Node] Executing "cortribbon" <smriprep.interfaces.freesurfer.ReconAll>
230303-02:23:55,562 nipype.interface INFO:
	 recon-all complete : Not running
230303-02:23:55,562 nipype.interface INFO:
	 recon-all complete : Not running
230303-02:23:55,649 nipype.workflow INFO:
	 [Node] Finished "cortribbon", elapsed time 0.087432s.
230303-02:23:59,611 nipype.workflow INFO:
	 [Node] Setting-up "_parcstats0" in "/nesi/nobackup/uoa03264/fMRIpipeline_data/processed_test_josh/work/fmriprep_22_0_wf/single_subject_ctrl18_wf/anat_preproc_wf/surface_recon_wf/autorecon_resume_wf/parcstats/mapflow/_parcstats0".
230303-02:23:59,616 nipype.workflow INFO:
	 [Node] Executing "_parcstats0" <smriprep.interfaces.freesurfer.ReconAll>
230303-02:23:59,619 nipype.interface INFO:
	 recon-all complete : Not running
230303-02:23:59,621 nipype.interface INFO:
	 recon-all complete : Not running
230303-02:23:59,720 nipype.workflow INFO:
	 [Node] Finished "_parcstats0", elapsed time 0.102667s.
slurmstepd: error: *** JOB 33239090 ON wmc005 CANCELLED AT 2023-03-03T02:24:01 ***
