Building DAG of jobs...
Using shell: /usr/bin/bash
Provided cores: 2
Rules claiming more threads will be scaled down.
Select jobs to execute...

[Fri Dec  9 16:01:57 2022]
rule heudiconv:
    input: /nesi/nobackup/uoa03264/fMRIpipeline_data/processed_test/tidy/sub_rugby1/ses_a/.completed
    output: /nesi/nobackup/uoa03264/fMRIpipeline_data/processed_test/bids/sub-rugby1/ses-a, /nesi/nobackup/uoa03264/fMRIpipeline_data/processed_test/bids/.heudiconv/rugby1/ses-a
    jobid: 0
    wildcards: resultsdir=/nesi/nobackup/uoa03264/fMRIpipeline_data/processed_test, subject=rugby1, session=a
    resources: mem_mb=4000, disk_mb=1000, tmpdir=/dev/shm/jobs/31829895, cpus=2, time_min=60, gpu=0

heudiconv --dicom_dir_template '/nesi/nobackup/uoa03264/fMRIpipeline_data/processed_test/tidy/sub_{subject}/ses_{session}/*/*' --outdir /nesi/nobackup/uoa03264/fMRIpipeline_data/processed_test/bids --heuristic scripts/heuristic.py --subjects rugby1 --ses a --converter dcm2niix --bids --overwrite
Activating singularity image /scale_wlg_persistent/filesets/project/uoa03264/fmri_workflow/.snakemake/singularity/10b2306ed15c5efc917232958423bfe6.simg
INFO: Running heudiconv version 0.11.4.post18+g1fe815b.d20221025 latest 0.11.6
INFO: Need to process 1 study sessions
INFO: PROCESSING STARTS: {'subject': 'rugby1', 'outdir': '/nesi/nobackup/uoa03264/fMRIpipeline_data/processed_test/bids/', 'session': 'a'}
INFO: Processing 10599 dicoms
INFO: Analyzing 10599 dicoms
INFO: Generated sequence info for 2 studies with 10599 entries total
INFO: Doing conversion using dcm2niix
INFO: Converting /nesi/nobackup/uoa03264/fMRIpipeline_data/processed_test/bids/sub-rugby1/ses-a/anat/sub-rugby1_ses-a_run-001_T1w (199 DICOMs) -> /nesi/nobackup/uoa03264/fMRIpipeline_data/processed_test/bids/sub-rugby1/ses-a/anat . Converter: dcm2niix . Output types: ('nii.gz',)
221209-16:06:16,878 nipype.workflow INFO:
	 [Node] Setting-up "convert" in "/dev/shm/jobs/31829895/dcm2niixn6hvpvqt/convert".
INFO: [Node] Setting-up "convert" in "/dev/shm/jobs/31829895/dcm2niixn6hvpvqt/convert".
221209-16:06:16,960 nipype.workflow INFO:
	 [Node] Executing "convert" <nipype.interfaces.dcm2nii.Dcm2niix>
INFO: [Node] Executing "convert" <nipype.interfaces.dcm2nii.Dcm2niix>
221209-16:06:17,211 nipype.interface INFO:
	 stdout 2022-12-09T16:06:17.211297:Chris Rorden's dcm2niiX version v1.0.20220720  (JP2:OpenJPEG) (JP-LS:CharLS) GCC10.2.1 x86-64 (64-bit Linux)
INFO: stdout 2022-12-09T16:06:17.211297:Chris Rorden's dcm2niiX version v1.0.20220720  (JP2:OpenJPEG) (JP-LS:CharLS) GCC10.2.1 x86-64 (64-bit Linux)
221209-16:06:17,211 nipype.interface INFO:
	 stdout 2022-12-09T16:06:17.211297:Found 199 DICOM file(s)
INFO: stdout 2022-12-09T16:06:17.211297:Found 199 DICOM file(s)
221209-16:06:17,211 nipype.interface INFO:
	 stdout 2022-12-09T16:06:17.211297:DICOM images may be missing, expected 300 spatial locations per volume, but found 199 slices.
INFO: stdout 2022-12-09T16:06:17.211297:DICOM images may be missing, expected 300 spatial locations per volume, but found 199 slices.
221209-16:06:17,211 nipype.interface INFO:
	 stdout 2022-12-09T16:06:17.211297:Convert 199 DICOM as /nesi/nobackup/uoa03264/fMRIpipeline_data/processed_test/bids/sub-rugby1/ses-a/anat/sub-rugby1_ses-a_run-001_T1w_heudiconv172 (512x512x199x1)
INFO: stdout 2022-12-09T16:06:17.211297:Convert 199 DICOM as /nesi/nobackup/uoa03264/fMRIpipeline_data/processed_test/bids/sub-rugby1/ses-a/anat/sub-rugby1_ses-a_run-001_T1w_heudiconv172 (512x512x199x1)
221209-16:06:21,108 nipype.interface INFO:
	 stdout 2022-12-09T16:06:21.108325:Compress: "/usr/bin/pigz" -b 960 -n -f -6 "/nesi/nobackup/uoa03264/fMRIpipeline_data/processed_test/bids/sub-rugby1/ses-a/anat/sub-rugby1_ses-a_run-001_T1w_heudiconv172.nii"
INFO: stdout 2022-12-09T16:06:21.108325:Compress: "/usr/bin/pigz" -b 960 -n -f -6 "/nesi/nobackup/uoa03264/fMRIpipeline_data/processed_test/bids/sub-rugby1/ses-a/anat/sub-rugby1_ses-a_run-001_T1w_heudiconv172.nii"
221209-16:06:21,108 nipype.interface INFO:
	 stdout 2022-12-09T16:06:21.108325:Conversion required 3.998232 seconds (0.349713 for core code).
INFO: stdout 2022-12-09T16:06:21.108325:Conversion required 3.998232 seconds (0.349713 for core code).
221209-16:06:21,131 nipype.workflow INFO:
	 [Node] Finished "convert", elapsed time 4.035012s.
INFO: [Node] Finished "convert", elapsed time 4.035012s.
WARNING: Failed to find task field in /nesi/nobackup/uoa03264/fMRIpipeline_data/processed_test/bids/sub-rugby1/ses-a/anat/sub-rugby1_ses-a_run-001_T1w.json.
221209-16:06:21,153 nipype.workflow INFO:
	 [Node] Setting-up "embedder" in "/dev/shm/jobs/31829895/embedmetax9km7a95/embedder".
INFO: [Node] Setting-up "embedder" in "/dev/shm/jobs/31829895/embedmetax9km7a95/embedder".
221209-16:06:21,177 nipype.workflow INFO:
	 [Node] Executing "embedder" <nipype.interfaces.utility.wrappers.Function>
INFO: [Node] Executing "embedder" <nipype.interfaces.utility.wrappers.Function>
221209-16:06:24,399 nipype.workflow INFO:
	 [Node] Finished "embedder", elapsed time 3.22084s.
INFO: [Node] Finished "embedder", elapsed time 3.22084s.
INFO: Post-treating /nesi/nobackup/uoa03264/fMRIpipeline_data/processed_test/bids/sub-rugby1/ses-a/anat/sub-rugby1_ses-a_run-001_T1w.json file
INFO: Converting /nesi/nobackup/uoa03264/fMRIpipeline_data/processed_test/bids/sub-rugby1/ses-a/func/sub-rugby1_ses-a_task-rest_run-001_bold (10400 DICOMs) -> /nesi/nobackup/uoa03264/fMRIpipeline_data/processed_test/bids/sub-rugby1/ses-a/func . Converter: dcm2niix . Output types: ('nii.gz',)
221209-16:06:25,475 nipype.workflow INFO:
	 [Node] Setting-up "convert" in "/dev/shm/jobs/31829895/dcm2niixzxhs5hlf/convert".
INFO: [Node] Setting-up "convert" in "/dev/shm/jobs/31829895/dcm2niixzxhs5hlf/convert".
221209-16:06:29,638 nipype.workflow INFO:
	 [Node] Executing "convert" <nipype.interfaces.dcm2nii.Dcm2niix>
INFO: [Node] Executing "convert" <nipype.interfaces.dcm2nii.Dcm2niix>
221209-16:06:32,799 nipype.interface INFO:
	 stdout 2022-12-09T16:06:32.799195:Chris Rorden's dcm2niiX version v1.0.20220720  (JP2:OpenJPEG) (JP-LS:CharLS) GCC10.2.1 x86-64 (64-bit Linux)
INFO: stdout 2022-12-09T16:06:32.799195:Chris Rorden's dcm2niiX version v1.0.20220720  (JP2:OpenJPEG) (JP-LS:CharLS) GCC10.2.1 x86-64 (64-bit Linux)
221209-16:06:32,799 nipype.interface INFO:
	 stdout 2022-12-09T16:06:32.799195:Found 10400 DICOM file(s)
INFO: stdout 2022-12-09T16:06:32.799195:Found 10400 DICOM file(s)
221209-16:06:32,799 nipype.interface INFO:
	 stdout 2022-12-09T16:06:32.799195:Convert 10400 DICOM as /nesi/nobackup/uoa03264/fMRIpipeline_data/processed_test/bids/sub-rugby1/ses-a/func/sub-rugby1_ses-a_task-rest_run-001_bold_heudiconv662 (64x64x52x200)
INFO: stdout 2022-12-09T16:06:32.799195:Convert 10400 DICOM as /nesi/nobackup/uoa03264/fMRIpipeline_data/processed_test/bids/sub-rugby1/ses-a/func/sub-rugby1_ses-a_task-rest_run-001_bold_heudiconv662 (64x64x52x200)
221209-16:06:36,645 nipype.interface INFO:
	 stdout 2022-12-09T16:06:36.645791:Compress: "/usr/bin/pigz" -b 960 -n -f -6 "/nesi/nobackup/uoa03264/fMRIpipeline_data/processed_test/bids/sub-rugby1/ses-a/func/sub-rugby1_ses-a_task-rest_run-001_bold_heudiconv662.nii"
INFO: stdout 2022-12-09T16:06:36.645791:Compress: "/usr/bin/pigz" -b 960 -n -f -6 "/nesi/nobackup/uoa03264/fMRIpipeline_data/processed_test/bids/sub-rugby1/ses-a/func/sub-rugby1_ses-a_task-rest_run-001_bold_heudiconv662.nii"
221209-16:06:36,646 nipype.interface INFO:
	 stdout 2022-12-09T16:06:36.645791:Conversion required 6.975687 seconds (3.128597 for core code).
INFO: stdout 2022-12-09T16:06:36.645791:Conversion required 6.975687 seconds (3.128597 for core code).
221209-16:06:36,685 nipype.workflow INFO:
	 [Node] Finished "convert", elapsed time 7.045018s.
INFO: [Node] Finished "convert", elapsed time 7.045018s.
221209-16:06:37,27 nipype.workflow INFO:
	 [Node] Setting-up "embedder" in "/dev/shm/jobs/31829895/embedmetaqzutiz8d/embedder".
INFO: [Node] Setting-up "embedder" in "/dev/shm/jobs/31829895/embedmetaqzutiz8d/embedder".
slurmstepd: error: *** JOB 31829895 ON wmc019 CANCELLED AT 2022-12-09T03:06:37 ***
