Building DAG of jobs...
Using shell: /usr/bin/bash
Provided cores: 2
Rules claiming more threads will be scaled down.
Select jobs to execute...

[Sat Dec 10 07:33:18 2022]
rule heudiconv:
    input: /nesi/nobackup/uoa03264/fMRIpipeline_data/processed_test_josh/tidy/sub_ctrl18/ses_a/.completed
    output: /nesi/nobackup/uoa03264/fMRIpipeline_data/processed_test_josh/bids/sub-ctrl18/ses-a, /nesi/nobackup/uoa03264/fMRIpipeline_data/processed_test_josh/bids/.heudiconv/ctrl18/ses-a
    jobid: 0
    wildcards: resultsdir=/nesi/nobackup/uoa03264/fMRIpipeline_data/processed_test_josh, subject=ctrl18, session=a
    resources: mem_mb=4000, disk_mb=1000, tmpdir=/dev/shm/jobs/31863162, cpus=2, time_min=60, gpu=0

heudiconv --dicom_dir_template '/nesi/nobackup/uoa03264/fMRIpipeline_data/processed_test_josh/tidy/sub_{subject}/ses_{session}/*/*' --outdir /nesi/nobackup/uoa03264/fMRIpipeline_data/processed_test_josh/bids --heuristic scripts/heuristic.py --subjects ctrl18 --ses a --converter dcm2niix --bids --overwrite
Activating singularity image /scale_wlg_persistent/filesets/project/uoa03264/fmri_workflow/.snakemake/singularity/10b2306ed15c5efc917232958423bfe6.simg
INFO: Running heudiconv version 0.11.4.post18+g1fe815b.d20221025 latest 0.11.6
INFO: Need to process 1 study sessions
INFO: PROCESSING STARTS: {'subject': 'ctrl18', 'outdir': '/nesi/nobackup/uoa03264/fMRIpipeline_data/processed_test_josh/bids/', 'session': 'a'}
INFO: Processing 16516 dicoms
INFO: Analyzing 16516 dicoms
INFO: Generated sequence info for 5 studies with 16516 entries total
INFO: Doing conversion using dcm2niix
INFO: Converting /nesi/nobackup/uoa03264/fMRIpipeline_data/processed_test_josh/bids/sub-ctrl18/ses-a/anat/sub-ctrl18_ses-a_run-001_T1w (320 DICOMs) -> /nesi/nobackup/uoa03264/fMRIpipeline_data/processed_test_josh/bids/sub-ctrl18/ses-a/anat . Converter: dcm2niix . Output types: ('nii.gz',)
221210-07:40:58,832 nipype.workflow INFO:
	 [Node] Setting-up "convert" in "/dev/shm/jobs/31863162/dcm2niix4nkztzyo/convert".
INFO: [Node] Setting-up "convert" in "/dev/shm/jobs/31863162/dcm2niix4nkztzyo/convert".
221210-07:40:59,37 nipype.workflow INFO:
	 [Node] Executing "convert" <nipype.interfaces.dcm2nii.Dcm2niix>
INFO: [Node] Executing "convert" <nipype.interfaces.dcm2nii.Dcm2niix>
221210-07:41:14,945 nipype.interface INFO:
	 stdout 2022-12-10T07:41:14.945353:Chris Rorden's dcm2niiX version v1.0.20220720  (JP2:OpenJPEG) (JP-LS:CharLS) GCC10.2.1 x86-64 (64-bit Linux)
INFO: stdout 2022-12-10T07:41:14.945353:Chris Rorden's dcm2niiX version v1.0.20220720  (JP2:OpenJPEG) (JP-LS:CharLS) GCC10.2.1 x86-64 (64-bit Linux)
221210-07:41:14,946 nipype.interface INFO:
	 stdout 2022-12-10T07:41:14.945353:Found 320 DICOM file(s)
INFO: stdout 2022-12-10T07:41:14.945353:Found 320 DICOM file(s)
221210-07:41:14,946 nipype.interface INFO:
	 stdout 2022-12-10T07:41:14.945353:Image Decompression is new: please validate conversions
INFO: stdout 2022-12-10T07:41:14.945353:Image Decompression is new: please validate conversions
221210-07:41:14,947 nipype.interface INFO:
	 stdout 2022-12-10T07:41:14.945353:Convert 320 DICOM as /nesi/nobackup/uoa03264/fMRIpipeline_data/processed_test_josh/bids/sub-ctrl18/ses-a/anat/sub-ctrl18_ses-a_run-001_T1w_heudiconv789 (512x512x320x1)
INFO: stdout 2022-12-10T07:41:14.945353:Convert 320 DICOM as /nesi/nobackup/uoa03264/fMRIpipeline_data/processed_test_josh/bids/sub-ctrl18/ses-a/anat/sub-ctrl18_ses-a_run-001_T1w_heudiconv789 (512x512x320x1)
221210-07:41:24,516 nipype.interface INFO:
	 stdout 2022-12-10T07:41:24.516145:Compress: "/usr/bin/pigz" -b 960 -n -f -6 "/nesi/nobackup/uoa03264/fMRIpipeline_data/processed_test_josh/bids/sub-ctrl18/ses-a/anat/sub-ctrl18_ses-a_run-001_T1w_heudiconv789.nii"
INFO: stdout 2022-12-10T07:41:24.516145:Compress: "/usr/bin/pigz" -b 960 -n -f -6 "/nesi/nobackup/uoa03264/fMRIpipeline_data/processed_test_josh/bids/sub-ctrl18/ses-a/anat/sub-ctrl18_ses-a_run-001_T1w_heudiconv789.nii"
221210-07:41:24,516 nipype.interface INFO:
	 stdout 2022-12-10T07:41:24.516145:Conversion required 25.364864 seconds (12.929409 for core code).
INFO: stdout 2022-12-10T07:41:24.516145:Conversion required 25.364864 seconds (12.929409 for core code).
221210-07:41:24,542 nipype.workflow INFO:
	 [Node] Finished "convert", elapsed time 25.413823s.
INFO: [Node] Finished "convert", elapsed time 25.413823s.
WARNING: Failed to find task field in /nesi/nobackup/uoa03264/fMRIpipeline_data/processed_test_josh/bids/sub-ctrl18/ses-a/anat/sub-ctrl18_ses-a_run-001_T1w.json.
221210-07:41:24,574 nipype.workflow INFO:
	 [Node] Setting-up "embedder" in "/dev/shm/jobs/31863162/embedmetaw5hh61wr/embedder".
INFO: [Node] Setting-up "embedder" in "/dev/shm/jobs/31863162/embedmetaw5hh61wr/embedder".
221210-07:41:24,621 nipype.workflow INFO:
	 [Node] Executing "embedder" <nipype.interfaces.utility.wrappers.Function>
INFO: [Node] Executing "embedder" <nipype.interfaces.utility.wrappers.Function>
221210-07:41:42,753 nipype.workflow INFO:
	 [Node] Finished "embedder", elapsed time 18.130295s.
INFO: [Node] Finished "embedder", elapsed time 18.130295s.
INFO: Post-treating /nesi/nobackup/uoa03264/fMRIpipeline_data/processed_test_josh/bids/sub-ctrl18/ses-a/anat/sub-ctrl18_ses-a_run-001_T1w.json file
INFO: Converting /nesi/nobackup/uoa03264/fMRIpipeline_data/processed_test_josh/bids/sub-ctrl18/ses-a/func/sub-ctrl18_ses-a_task-rest_run-001_bold (10400 DICOMs) -> /nesi/nobackup/uoa03264/fMRIpipeline_data/processed_test_josh/bids/sub-ctrl18/ses-a/func . Converter: dcm2niix . Output types: ('nii.gz',)
221210-07:41:45,878 nipype.workflow INFO:
	 [Node] Setting-up "convert" in "/dev/shm/jobs/31863162/dcm2niixscybv20f/convert".
INFO: [Node] Setting-up "convert" in "/dev/shm/jobs/31863162/dcm2niixscybv20f/convert".
221210-07:41:52,924 nipype.workflow INFO:
	 [Node] Executing "convert" <nipype.interfaces.dcm2nii.Dcm2niix>
INFO: [Node] Executing "convert" <nipype.interfaces.dcm2nii.Dcm2niix>
221210-07:43:26,301 nipype.interface INFO:
	 stdout 2022-12-10T07:43:26.300972:Chris Rorden's dcm2niiX version v1.0.20220720  (JP2:OpenJPEG) (JP-LS:CharLS) GCC10.2.1 x86-64 (64-bit Linux)
INFO: stdout 2022-12-10T07:43:26.300972:Chris Rorden's dcm2niiX version v1.0.20220720  (JP2:OpenJPEG) (JP-LS:CharLS) GCC10.2.1 x86-64 (64-bit Linux)
221210-07:43:26,301 nipype.interface INFO:
	 stdout 2022-12-10T07:43:26.300972:Found 10400 DICOM file(s)
INFO: stdout 2022-12-10T07:43:26.300972:Found 10400 DICOM file(s)
221210-07:43:26,301 nipype.interface INFO:
	 stdout 2022-12-10T07:43:26.300972:Image Decompression is new: please validate conversions
INFO: stdout 2022-12-10T07:43:26.300972:Image Decompression is new: please validate conversions
221210-07:43:26,301 nipype.interface INFO:
	 stdout 2022-12-10T07:43:26.300972:Convert 10400 DICOM as /nesi/nobackup/uoa03264/fMRIpipeline_data/processed_test_josh/bids/sub-ctrl18/ses-a/func/sub-ctrl18_ses-a_task-rest_run-001_bold_heudiconv484 (64x64x52x200)
INFO: stdout 2022-12-10T07:43:26.300972:Convert 10400 DICOM as /nesi/nobackup/uoa03264/fMRIpipeline_data/processed_test_josh/bids/sub-ctrl18/ses-a/func/sub-ctrl18_ses-a_task-rest_run-001_bold_heudiconv484 (64x64x52x200)
221210-07:43:31,568 nipype.interface INFO:
	 stdout 2022-12-10T07:43:31.568103:Compress: "/usr/bin/pigz" -b 960 -n -f -6 "/nesi/nobackup/uoa03264/fMRIpipeline_data/processed_test_josh/bids/sub-ctrl18/ses-a/func/sub-ctrl18_ses-a_task-rest_run-001_bold_heudiconv484.nii"
INFO: stdout 2022-12-10T07:43:31.568103:Compress: "/usr/bin/pigz" -b 960 -n -f -6 "/nesi/nobackup/uoa03264/fMRIpipeline_data/processed_test_josh/bids/sub-ctrl18/ses-a/func/sub-ctrl18_ses-a_task-rest_run-001_bold_heudiconv484.nii"
221210-07:43:31,568 nipype.interface INFO:
	 stdout 2022-12-10T07:43:31.568103:Conversion required 98.600011 seconds (17.558481 for core code).
INFO: stdout 2022-12-10T07:43:31.568103:Conversion required 98.600011 seconds (17.558481 for core code).
221210-07:43:31,634 nipype.workflow INFO:
	 [Node] Finished "convert", elapsed time 98.708997s.
INFO: [Node] Finished "convert", elapsed time 98.708997s.
221210-07:43:32,93 nipype.workflow INFO:
	 [Node] Setting-up "embedder" in "/dev/shm/jobs/31863162/embedmetaidwj3tjm/embedder".
INFO: [Node] Setting-up "embedder" in "/dev/shm/jobs/31863162/embedmetaidwj3tjm/embedder".
221210-07:43:33,815 nipype.workflow INFO:
	 [Node] Executing "embedder" <nipype.interfaces.utility.wrappers.Function>
INFO: [Node] Executing "embedder" <nipype.interfaces.utility.wrappers.Function>
221210-07:47:54,155 nipype.workflow INFO:
	 [Node] Finished "embedder", elapsed time 260.338228s.
INFO: [Node] Finished "embedder", elapsed time 260.338228s.
INFO: Post-treating /nesi/nobackup/uoa03264/fMRIpipeline_data/processed_test_josh/bids/sub-ctrl18/ses-a/func/sub-ctrl18_ses-a_task-rest_run-001_bold.json file
INFO: Converting /nesi/nobackup/uoa03264/fMRIpipeline_data/processed_test_josh/bids/sub-ctrl18/ses-a/func/sub-ctrl18_ses-a_task-rest_run-002_bold (5460 DICOMs) -> /nesi/nobackup/uoa03264/fMRIpipeline_data/processed_test_josh/bids/sub-ctrl18/ses-a/func . Converter: dcm2niix . Output types: ('nii.gz',)
221210-07:47:55,948 nipype.workflow INFO:
	 [Node] Setting-up "convert" in "/dev/shm/jobs/31863162/dcm2niix7rm9ymsa/convert".
INFO: [Node] Setting-up "convert" in "/dev/shm/jobs/31863162/dcm2niix7rm9ymsa/convert".
221210-07:47:59,682 nipype.workflow INFO:
	 [Node] Executing "convert" <nipype.interfaces.dcm2nii.Dcm2niix>
INFO: [Node] Executing "convert" <nipype.interfaces.dcm2nii.Dcm2niix>
221210-07:49:20,628 nipype.interface INFO:
	 stdout 2022-12-10T07:49:20.628037:Chris Rorden's dcm2niiX version v1.0.20220720  (JP2:OpenJPEG) (JP-LS:CharLS) GCC10.2.1 x86-64 (64-bit Linux)
INFO: stdout 2022-12-10T07:49:20.628037:Chris Rorden's dcm2niiX version v1.0.20220720  (JP2:OpenJPEG) (JP-LS:CharLS) GCC10.2.1 x86-64 (64-bit Linux)
221210-07:49:20,628 nipype.interface INFO:
	 stdout 2022-12-10T07:49:20.628037:Found 5460 DICOM file(s)
INFO: stdout 2022-12-10T07:49:20.628037:Found 5460 DICOM file(s)
221210-07:49:20,628 nipype.interface INFO:
	 stdout 2022-12-10T07:49:20.628037:Image Decompression is new: please validate conversions
INFO: stdout 2022-12-10T07:49:20.628037:Image Decompression is new: please validate conversions
221210-07:49:20,628 nipype.interface INFO:
	 stdout 2022-12-10T07:49:20.628037:Convert 5460 DICOM as /nesi/nobackup/uoa03264/fMRIpipeline_data/processed_test_josh/bids/sub-ctrl18/ses-a/func/sub-ctrl18_ses-a_task-rest_run-002_bold_heudiconv789 (64x64x52x105)
INFO: stdout 2022-12-10T07:49:20.628037:Convert 5460 DICOM as /nesi/nobackup/uoa03264/fMRIpipeline_data/processed_test_josh/bids/sub-ctrl18/ses-a/func/sub-ctrl18_ses-a_task-rest_run-002_bold_heudiconv789 (64x64x52x105)
221210-07:49:23,903 nipype.interface INFO:
	 stdout 2022-12-10T07:49:23.903003:Compress: "/usr/bin/pigz" -b 960 -n -f -6 "/nesi/nobackup/uoa03264/fMRIpipeline_data/processed_test_josh/bids/sub-ctrl18/ses-a/func/sub-ctrl18_ses-a_task-rest_run-002_bold_heudiconv789.nii"
INFO: stdout 2022-12-10T07:49:23.903003:Compress: "/usr/bin/pigz" -b 960 -n -f -6 "/nesi/nobackup/uoa03264/fMRIpipeline_data/processed_test_josh/bids/sub-ctrl18/ses-a/func/sub-ctrl18_ses-a_task-rest_run-002_bold_heudiconv789.nii"
221210-07:49:23,903 nipype.interface INFO:
	 stdout 2022-12-10T07:49:23.903003:Conversion required 84.063152 seconds (9.289029 for core code).
INFO: stdout 2022-12-10T07:49:23.903003:Conversion required 84.063152 seconds (9.289029 for core code).
221210-07:49:25,827 nipype.workflow INFO:
	 [Node] Finished "convert", elapsed time 86.142774s.
INFO: [Node] Finished "convert", elapsed time 86.142774s.
221210-07:49:26,131 nipype.workflow INFO:
	 [Node] Setting-up "embedder" in "/dev/shm/jobs/31863162/embedmetazpyp2vg8/embedder".
INFO: [Node] Setting-up "embedder" in "/dev/shm/jobs/31863162/embedmetazpyp2vg8/embedder".
221210-07:49:27,186 nipype.workflow INFO:
	 [Node] Executing "embedder" <nipype.interfaces.utility.wrappers.Function>
INFO: [Node] Executing "embedder" <nipype.interfaces.utility.wrappers.Function>
221210-07:51:44,698 nipype.workflow INFO:
	 [Node] Finished "embedder", elapsed time 137.509687s.
INFO: [Node] Finished "embedder", elapsed time 137.509687s.
INFO: Post-treating /nesi/nobackup/uoa03264/fMRIpipeline_data/processed_test_josh/bids/sub-ctrl18/ses-a/func/sub-ctrl18_ses-a_task-rest_run-002_bold.json file
INFO: Populating template files under /nesi/nobackup/uoa03264/fMRIpipeline_data/processed_test_josh/bids/
INFO: PROCESSING DONE: {'subject': 'ctrl18', 'outdir': '/nesi/nobackup/uoa03264/fMRIpipeline_data/processed_test_josh/bids/', 'session': 'a'}
[Sat Dec 10 07:51:46 2022]
Finished job 0.
1 of 1 steps (100%) done
