Building DAG of jobs...
Using shell: /usr/bin/bash
Provided cores: 2
Rules claiming more threads will be scaled down.
Select jobs to execute...

[Thu Mar  9 15:21:04 2023]
rule heudiconv:
    input: /nesi/nobackup/uoa03264/fMRIpipeline_data/processed_test_long3/tidy/sub_control17/ses_a/.completed
    output: /nesi/nobackup/uoa03264/fMRIpipeline_data/processed_test_long3/bids/sub-control17/ses-a, /nesi/nobackup/uoa03264/fMRIpipeline_data/processed_test_long3/bids/.heudiconv/control17/ses-a
    jobid: 0
    wildcards: resultsdir=/nesi/nobackup/uoa03264/fMRIpipeline_data/processed_test_long3, subject=control17, session=a
    resources: mem_mb=4000, disk_mb=1000, tmpdir=/dev/shm/jobs/33339377, cpus=2, time_min=60, gpu=0

heudiconv --dicom_dir_template '/nesi/nobackup/uoa03264/fMRIpipeline_data/processed_test_long3/tidy/sub_{subject}/ses_{session}/*/*' --outdir /nesi/nobackup/uoa03264/fMRIpipeline_data/processed_test_long3/bids --heuristic scripts/heuristic.py --subjects control17 --ses a --converter dcm2niix --bids --overwrite
Activating singularity image /scale_wlg_persistent/filesets/project/uoa03264/fmri_workflow/.snakemake/singularity/10b2306ed15c5efc917232958423bfe6.simg
INFO: Running heudiconv version 0.11.4.post18+g1fe815b.d20221025 latest 0.12.0
INFO: Need to process 1 study sessions
INFO: PROCESSING STARTS: {'subject': 'control17', 'outdir': '/nesi/nobackup/uoa03264/fMRIpipeline_data/processed_test_long3/bids/', 'session': 'a'}
INFO: Processing 16504 dicoms
INFO: Analyzing 16504 dicoms
INFO: Generated sequence info for 5 studies with 16504 entries total
INFO: Doing conversion using dcm2niix
INFO: Converting /nesi/nobackup/uoa03264/fMRIpipeline_data/processed_test_long3/bids/sub-control17/ses-a/anat/sub-control17_ses-a_run-001_T1w (320 DICOMs) -> /nesi/nobackup/uoa03264/fMRIpipeline_data/processed_test_long3/bids/sub-control17/ses-a/anat . Converter: dcm2niix . Output types: ('nii.gz',)
230309-15:23:06,435 nipype.workflow INFO:
	 [Node] Setting-up "convert" in "/dev/shm/jobs/33339377/dcm2niix306l7m0j/convert".
INFO: [Node] Setting-up "convert" in "/dev/shm/jobs/33339377/dcm2niix306l7m0j/convert".
230309-15:23:06,599 nipype.workflow INFO:
	 [Node] Executing "convert" <nipype.interfaces.dcm2nii.Dcm2niix>
INFO: [Node] Executing "convert" <nipype.interfaces.dcm2nii.Dcm2niix>
230309-15:23:15,798 nipype.interface INFO:
	 stdout 2023-03-09T15:23:15.798609:Chris Rorden's dcm2niiX version v1.0.20220720  (JP2:OpenJPEG) (JP-LS:CharLS) GCC10.2.1 x86-64 (64-bit Linux)
INFO: stdout 2023-03-09T15:23:15.798609:Chris Rorden's dcm2niiX version v1.0.20220720  (JP2:OpenJPEG) (JP-LS:CharLS) GCC10.2.1 x86-64 (64-bit Linux)
230309-15:23:15,800 nipype.interface INFO:
	 stdout 2023-03-09T15:23:15.798609:Found 320 DICOM file(s)
INFO: stdout 2023-03-09T15:23:15.798609:Found 320 DICOM file(s)
230309-15:23:15,800 nipype.interface INFO:
	 stdout 2023-03-09T15:23:15.798609:Image Decompression is new: please validate conversions
INFO: stdout 2023-03-09T15:23:15.798609:Image Decompression is new: please validate conversions
230309-15:23:15,800 nipype.interface INFO:
	 stdout 2023-03-09T15:23:15.798609:Resolved discrepancy between tags (0020,1002; 0021,104F; 0054,0081)
INFO: stdout 2023-03-09T15:23:15.798609:Resolved discrepancy between tags (0020,1002; 0021,104F; 0054,0081)
230309-15:23:15,800 nipype.interface INFO:
	 stdout 2023-03-09T15:23:15.798609:Convert 320 DICOM as /nesi/nobackup/uoa03264/fMRIpipeline_data/processed_test_long3/bids/sub-control17/ses-a/anat/sub-control17_ses-a_run-001_T1w_heudiconv208 (512x512x320x1)
INFO: stdout 2023-03-09T15:23:15.798609:Convert 320 DICOM as /nesi/nobackup/uoa03264/fMRIpipeline_data/processed_test_long3/bids/sub-control17/ses-a/anat/sub-control17_ses-a_run-001_T1w_heudiconv208 (512x512x320x1)
230309-15:23:21,783 nipype.interface INFO:
	 stdout 2023-03-09T15:23:21.783452:Compress: "/usr/bin/pigz" -b 960 -n -f -6 "/nesi/nobackup/uoa03264/fMRIpipeline_data/processed_test_long3/bids/sub-control17/ses-a/anat/sub-control17_ses-a_run-001_T1w_heudiconv208.nii"
INFO: stdout 2023-03-09T15:23:21.783452:Compress: "/usr/bin/pigz" -b 960 -n -f -6 "/nesi/nobackup/uoa03264/fMRIpipeline_data/processed_test_long3/bids/sub-control17/ses-a/anat/sub-control17_ses-a_run-001_T1w_heudiconv208.nii"
230309-15:23:21,784 nipype.interface INFO:
	 stdout 2023-03-09T15:23:21.783452:Conversion required 14.923552 seconds (9.299071 for core code).
INFO: stdout 2023-03-09T15:23:21.783452:Conversion required 14.923552 seconds (9.299071 for core code).
230309-15:23:21,809 nipype.workflow INFO:
	 [Node] Finished "convert", elapsed time 14.963274s.
INFO: [Node] Finished "convert", elapsed time 14.963274s.
WARNING: Failed to find task field in /nesi/nobackup/uoa03264/fMRIpipeline_data/processed_test_long3/bids/sub-control17/ses-a/anat/sub-control17_ses-a_run-001_T1w.json.
230309-15:23:21,838 nipype.workflow INFO:
	 [Node] Setting-up "embedder" in "/dev/shm/jobs/33339377/embedmetarlfmaemo/embedder".
INFO: [Node] Setting-up "embedder" in "/dev/shm/jobs/33339377/embedmetarlfmaemo/embedder".
230309-15:23:21,883 nipype.workflow INFO:
	 [Node] Executing "embedder" <nipype.interfaces.utility.wrappers.Function>
INFO: [Node] Executing "embedder" <nipype.interfaces.utility.wrappers.Function>
/opt/miniconda-py39_4.12.0/lib/python3.9/site-packages/pydicom/valuerep.py:290: UserWarning: The value length (32) exceeds the maximum length of 16 allowed for VR SH.
  warnings.warn(msg)
230309-15:23:34,717 nipype.workflow INFO:
	 [Node] Finished "embedder", elapsed time 12.833131s.
INFO: [Node] Finished "embedder", elapsed time 12.833131s.
INFO: Post-treating /nesi/nobackup/uoa03264/fMRIpipeline_data/processed_test_long3/bids/sub-control17/ses-a/anat/sub-control17_ses-a_run-001_T1w.json file
INFO: Converting /nesi/nobackup/uoa03264/fMRIpipeline_data/processed_test_long3/bids/sub-control17/ses-a/func/sub-control17_ses-a_task-rest_run-001_bold (10400 DICOMs) -> /nesi/nobackup/uoa03264/fMRIpipeline_data/processed_test_long3/bids/sub-control17/ses-a/func . Converter: dcm2niix . Output types: ('nii.gz',)
230309-15:23:35,273 nipype.workflow INFO:
	 [Node] Setting-up "convert" in "/dev/shm/jobs/33339377/dcm2niixbv7mjdue/convert".
INFO: [Node] Setting-up "convert" in "/dev/shm/jobs/33339377/dcm2niixbv7mjdue/convert".
230309-15:23:40,2 nipype.workflow INFO:
	 [Node] Executing "convert" <nipype.interfaces.dcm2nii.Dcm2niix>
INFO: [Node] Executing "convert" <nipype.interfaces.dcm2nii.Dcm2niix>
230309-15:23:51,131 nipype.interface INFO:
	 stdout 2023-03-09T15:23:51.131756:Chris Rorden's dcm2niiX version v1.0.20220720  (JP2:OpenJPEG) (JP-LS:CharLS) GCC10.2.1 x86-64 (64-bit Linux)
INFO: stdout 2023-03-09T15:23:51.131756:Chris Rorden's dcm2niiX version v1.0.20220720  (JP2:OpenJPEG) (JP-LS:CharLS) GCC10.2.1 x86-64 (64-bit Linux)
230309-15:23:51,132 nipype.interface INFO:
	 stdout 2023-03-09T15:23:51.131756:Found 10400 DICOM file(s)
INFO: stdout 2023-03-09T15:23:51.131756:Found 10400 DICOM file(s)
230309-15:23:51,132 nipype.interface INFO:
	 stdout 2023-03-09T15:23:51.131756:Image Decompression is new: please validate conversions
INFO: stdout 2023-03-09T15:23:51.131756:Image Decompression is new: please validate conversions
230309-15:23:51,132 nipype.interface INFO:
	 stdout 2023-03-09T15:23:51.131756:Warning: Unable to determine slice times for early GE HyperBand.
INFO: stdout 2023-03-09T15:23:51.131756:Warning: Unable to determine slice times for early GE HyperBand.
230309-15:23:51,132 nipype.interface INFO:
	 stdout 2023-03-09T15:23:51.131756:Convert 10400 DICOM as /nesi/nobackup/uoa03264/fMRIpipeline_data/processed_test_long3/bids/sub-control17/ses-a/func/sub-control17_ses-a_task-rest_run-001_bold_heudiconv888 (64x64x52x200)
INFO: stdout 2023-03-09T15:23:51.131756:Convert 10400 DICOM as /nesi/nobackup/uoa03264/fMRIpipeline_data/processed_test_long3/bids/sub-control17/ses-a/func/sub-control17_ses-a_task-rest_run-001_bold_heudiconv888 (64x64x52x200)
230309-15:23:55,275 nipype.interface INFO:
	 stdout 2023-03-09T15:23:55.275012:Compress: "/usr/bin/pigz" -b 960 -n -f -6 "/nesi/nobackup/uoa03264/fMRIpipeline_data/processed_test_long3/bids/sub-control17/ses-a/func/sub-control17_ses-a_task-rest_run-001_bold_heudiconv888.nii"
INFO: stdout 2023-03-09T15:23:55.275012:Compress: "/usr/bin/pigz" -b 960 -n -f -6 "/nesi/nobackup/uoa03264/fMRIpipeline_data/processed_test_long3/bids/sub-control17/ses-a/func/sub-control17_ses-a_task-rest_run-001_bold_heudiconv888.nii"
230309-15:23:55,275 nipype.interface INFO:
	 stdout 2023-03-09T15:23:55.275012:Conversion required 15.240336 seconds (11.019507 for core code).
INFO: stdout 2023-03-09T15:23:55.275012:Conversion required 15.240336 seconds (11.019507 for core code).
230309-15:23:55,325 nipype.workflow INFO:
	 [Node] Finished "convert", elapsed time 15.321731s.
INFO: [Node] Finished "convert", elapsed time 15.321731s.
230309-15:23:55,701 nipype.workflow INFO:
	 [Node] Setting-up "embedder" in "/dev/shm/jobs/33339377/embedmeta1oanwsoy/embedder".
INFO: [Node] Setting-up "embedder" in "/dev/shm/jobs/33339377/embedmeta1oanwsoy/embedder".
230309-15:23:57,98 nipype.workflow INFO:
	 [Node] Executing "embedder" <nipype.interfaces.utility.wrappers.Function>
INFO: [Node] Executing "embedder" <nipype.interfaces.utility.wrappers.Function>
230309-15:27:06,239 nipype.workflow INFO:
	 [Node] Finished "embedder", elapsed time 189.13962s.
INFO: [Node] Finished "embedder", elapsed time 189.13962s.
INFO: Post-treating /nesi/nobackup/uoa03264/fMRIpipeline_data/processed_test_long3/bids/sub-control17/ses-a/func/sub-control17_ses-a_task-rest_run-001_bold.json file
INFO: Converting /nesi/nobackup/uoa03264/fMRIpipeline_data/processed_test_long3/bids/sub-control17/ses-a/func/sub-control17_ses-a_task-rest_run-002_bold (5460 DICOMs) -> /nesi/nobackup/uoa03264/fMRIpipeline_data/processed_test_long3/bids/sub-control17/ses-a/func . Converter: dcm2niix . Output types: ('nii.gz',)
230309-15:27:06,796 nipype.workflow INFO:
	 [Node] Setting-up "convert" in "/dev/shm/jobs/33339377/dcm2niixg3h0gp39/convert".
INFO: [Node] Setting-up "convert" in "/dev/shm/jobs/33339377/dcm2niixg3h0gp39/convert".
230309-15:27:09,225 nipype.workflow INFO:
	 [Node] Executing "convert" <nipype.interfaces.dcm2nii.Dcm2niix>
INFO: [Node] Executing "convert" <nipype.interfaces.dcm2nii.Dcm2niix>
230309-15:27:15,897 nipype.interface INFO:
	 stdout 2023-03-09T15:27:15.897848:Chris Rorden's dcm2niiX version v1.0.20220720  (JP2:OpenJPEG) (JP-LS:CharLS) GCC10.2.1 x86-64 (64-bit Linux)
INFO: stdout 2023-03-09T15:27:15.897848:Chris Rorden's dcm2niiX version v1.0.20220720  (JP2:OpenJPEG) (JP-LS:CharLS) GCC10.2.1 x86-64 (64-bit Linux)
230309-15:27:15,898 nipype.interface INFO:
	 stdout 2023-03-09T15:27:15.897848:Found 5460 DICOM file(s)
INFO: stdout 2023-03-09T15:27:15.897848:Found 5460 DICOM file(s)
230309-15:27:15,898 nipype.interface INFO:
	 stdout 2023-03-09T15:27:15.897848:Image Decompression is new: please validate conversions
INFO: stdout 2023-03-09T15:27:15.897848:Image Decompression is new: please validate conversions
230309-15:27:15,898 nipype.interface INFO:
	 stdout 2023-03-09T15:27:15.897848:Convert 5460 DICOM as /nesi/nobackup/uoa03264/fMRIpipeline_data/processed_test_long3/bids/sub-control17/ses-a/func/sub-control17_ses-a_task-rest_run-002_bold_heudiconv384 (64x64x52x105)
INFO: stdout 2023-03-09T15:27:15.897848:Convert 5460 DICOM as /nesi/nobackup/uoa03264/fMRIpipeline_data/processed_test_long3/bids/sub-control17/ses-a/func/sub-control17_ses-a_task-rest_run-002_bold_heudiconv384 (64x64x52x105)
230309-15:27:18,63 nipype.interface INFO:
	 stdout 2023-03-09T15:27:18.063286:Compress: "/usr/bin/pigz" -b 960 -n -f -6 "/nesi/nobackup/uoa03264/fMRIpipeline_data/processed_test_long3/bids/sub-control17/ses-a/func/sub-control17_ses-a_task-rest_run-002_bold_heudiconv384.nii"
INFO: stdout 2023-03-09T15:27:18.063286:Compress: "/usr/bin/pigz" -b 960 -n -f -6 "/nesi/nobackup/uoa03264/fMRIpipeline_data/processed_test_long3/bids/sub-control17/ses-a/func/sub-control17_ses-a_task-rest_run-002_bold_heudiconv384.nii"
230309-15:27:18,63 nipype.interface INFO:
	 stdout 2023-03-09T15:27:18.063286:Conversion required 8.663128 seconds (6.464002 for core code).
INFO: stdout 2023-03-09T15:27:18.063286:Conversion required 8.663128 seconds (6.464002 for core code).
230309-15:27:19,488 nipype.workflow INFO:
	 [Node] Finished "convert", elapsed time 10.261488s.
INFO: [Node] Finished "convert", elapsed time 10.261488s.
230309-15:27:19,673 nipype.workflow INFO:
	 [Node] Setting-up "embedder" in "/dev/shm/jobs/33339377/embedmeta9jkwezpn/embedder".
INFO: [Node] Setting-up "embedder" in "/dev/shm/jobs/33339377/embedmeta9jkwezpn/embedder".
230309-15:27:20,382 nipype.workflow INFO:
	 [Node] Executing "embedder" <nipype.interfaces.utility.wrappers.Function>
INFO: [Node] Executing "embedder" <nipype.interfaces.utility.wrappers.Function>
230309-15:29:08,224 nipype.workflow INFO:
	 [Node] Finished "embedder", elapsed time 107.840702s.
INFO: [Node] Finished "embedder", elapsed time 107.840702s.
INFO: Post-treating /nesi/nobackup/uoa03264/fMRIpipeline_data/processed_test_long3/bids/sub-control17/ses-a/func/sub-control17_ses-a_task-rest_run-002_bold.json file
INFO: Populating template files under /nesi/nobackup/uoa03264/fMRIpipeline_data/processed_test_long3/bids/
INFO: PROCESSING DONE: {'subject': 'control17', 'outdir': '/nesi/nobackup/uoa03264/fMRIpipeline_data/processed_test_long3/bids/', 'session': 'a'}
[Thu Mar  9 15:29:09 2023]
Finished job 0.
1 of 1 steps (100%) done
