Building DAG of jobs...
Using shell: /usr/bin/bash
Provided cores: 16
Rules claiming more threads will be scaled down.
Select jobs to execute...

[Fri Dec  9 16:08:01 2022]
rule fmriprep:
    input: /nesi/nobackup/uoa03264/fMRIpipeline_data/processed_test/bids/sub-ctrl18/ses-a, /nesi/nobackup/uoa03264/fMRIpipeline_data/processed_test/bids/derivatives/freesurfer_agg/sub-ctrl18
    output: /nesi/nobackup/uoa03264/fMRIpipeline_data/processed_test/bids/derivatives/fmriprep/sub-ctrl18
    jobid: 0
    wildcards: resultsdir=/nesi/nobackup/uoa03264/fMRIpipeline_data/processed_test, subject=ctrl18
    threads: 16
    resources: mem_mb=20000, disk_mb=1000, tmpdir=/dev/shm/jobs/31830278, cpus=16, time_min=1440, gpu=0

fmriprep /nesi/nobackup/uoa03264/fMRIpipeline_data/processed_test/bids /nesi/nobackup/uoa03264/fMRIpipeline_data/processed_test/bids/derivatives/fmriprep participant --participant-label ctrl18 --skip-bids-validation --md-only-boilerplate --fs-license-file license.txt --fs-subjects-dir /nesi/nobackup/uoa03264/fMRIpipeline_data/processed_test/bids/derivatives/freesurfer_agg --output-spaces MNI152NLin2009cAsym:res-2 --stop-on-first-crash --low-mem --mem-mb 20000 --nprocs 16 -w /nesi/nobackup/uoa03264/fMRIpipeline_data/processed_test/work
Activating singularity image /scale_wlg_persistent/filesets/project/uoa03264/fmri_workflow/.snakemake/singularity/8ba2e11db7a36df6ed76807c131c9dc5.simg
221209-03:08:21,408 nipype.workflow IMPORTANT:
	 Running fMRIPrep version 22.0.2

         License NOTICE ##################################################
         fMRIPrep 22.0.2
         Copyright 2022 The NiPreps Developers.
         
         This product includes software developed by
         the NiPreps Community (https://nipreps.org/).
         
         Portions of this software were developed at the Department of
         Psychology at Stanford University, Stanford, CA, US.
         
         This software redistributes the versioneer Python package, which is
         Public domain source code.
         
         This software is also distributed as a Docker container image.
         The bootstraping file for the image ("Dockerfile") is licensed
         under the MIT License.
         
         This software may be distributed through an add-on package called
         "Docker Wrapper" that is under the BSD 3-clause License.
         #################################################################
221209-03:08:21,446 nipype.workflow IMPORTANT:
	 Building fMRIPrep's workflow:
           * BIDS dataset path: /nesi/nobackup/uoa03264/fMRIpipeline_data/processed_test/bids.
           * Participant list: ['ctrl18'].
           * Run identifier: 20221209-030807_19c945f6-c228-4814-bbbb-f0cb6331de1d.
           * Output spaces: MNI152NLin2009cAsym:res-2.
           * Pre-run FreeSurfer's SUBJECTS_DIR: /nesi/nobackup/uoa03264/fMRIpipeline_data/processed_test/bids/derivatives/freesurfer_agg.
221209-03:08:23,329 nipype.workflow INFO:
	 No single-band-reference found for sub-ctrl18_ses-a_task-rest_run-001_bold.nii.gz.
221209-03:08:23,432 nipype.workflow IMPORTANT:
	 BOLD series will be slice-timing corrected to an offset of 0.721s.
221209-03:08:23,702 nipype.workflow INFO:
	 No single-band-reference found for sub-ctrl18_ses-a_task-rest_run-002_bold.nii.gz.
221209-03:08:23,793 nipype.workflow IMPORTANT:
	 BOLD series will be slice-timing corrected to an offset of 0.981s.
221209-03:08:26,709 nipype.workflow INFO:
	 fMRIPrep workflow graph with 583 nodes built successfully.
221209-03:08:39,121 nipype.workflow IMPORTANT:
	 fMRIPrep started!
221209-03:08:44,545 nipype.workflow INFO:
	 [Node] Setting-up "fmriprep_22_0_wf.single_subject_ctrl18_wf.anat_preproc_wf.brain_extraction_wf.full_wm" in "/nesi/nobackup/uoa03264/fMRIpipeline_data/processed_test/work/fmriprep_22_0_wf/single_subject_ctrl18_wf/anat_preproc_wf/brain_extraction_wf/full_wm".
221209-03:08:44,551 nipype.workflow INFO:
	 [Node] Executing "full_wm" <nipype.interfaces.utility.wrappers.Function>
221209-03:08:44,792 nipype.workflow INFO:
	 [Node] Setting-up "fmriprep_22_0_wf.single_subject_ctrl18_wf.anat_preproc_wf.brain_extraction_wf.res_tmpl" in "/nesi/nobackup/uoa03264/fMRIpipeline_data/processed_test/work/fmriprep_22_0_wf/single_subject_ctrl18_wf/anat_preproc_wf/brain_extraction_wf/res_tmpl".
221209-03:08:44,793 nipype.workflow INFO:
	 [Node] Setting-up "fmriprep_22_0_wf.single_subject_ctrl18_wf.anat_preproc_wf.brain_extraction_wf.lap_tmpl" in "/nesi/nobackup/uoa03264/fMRIpipeline_data/processed_test/work/fmriprep_22_0_wf/single_subject_ctrl18_wf/anat_preproc_wf/brain_extraction_wf/lap_tmpl".
221209-03:08:44,797 nipype.workflow INFO:
	 [Node] Executing "res_tmpl" <niworkflows.interfaces.nibabel.RegridToZooms>
221209-03:08:44,798 nipype.workflow INFO:
	 [Node] Executing "lap_tmpl" <nipype.interfaces.ants.utils.ImageMath>
221209-03:08:44,886 nipype.workflow INFO:
	 [Node] Setting-up "fmriprep_22_0_wf.single_subject_ctrl18_wf.func_preproc_ses_a_task_rest_run_001_wf.bold_source" in "/nesi/nobackup/uoa03264/fMRIpipeline_data/processed_test/work/fmriprep_22_0_wf/single_subject_ctrl18_wf/func_preproc_ses_a_task_rest_run_001_wf/bold_source".
221209-03:08:44,919 nipype.workflow INFO:
	 [Node] Executing "bold_source" <nipype.interfaces.utility.base.Select>
221209-03:08:44,929 nipype.workflow INFO:
	 [Node] Finished "bold_source", elapsed time 0.000608s.
221209-03:08:44,939 nipype.workflow INFO:
	 [Node] Setting-up "fmriprep_22_0_wf.single_subject_ctrl18_wf.func_preproc_ses_a_task_rest_run_001_wf.func_derivatives_wf.raw_sources" in "/nesi/nobackup/uoa03264/fMRIpipeline_data/processed_test/work/fmriprep_22_0_wf/single_subject_ctrl18_wf/func_preproc_ses_a_task_rest_run_001_wf/func_derivatives_wf/raw_sources".
221209-03:08:44,943 nipype.workflow INFO:
	 [Node] Executing "raw_sources" <nipype.interfaces.utility.wrappers.Function>
221209-03:08:44,945 nipype.workflow INFO:
	 [Node] Finished "raw_sources", elapsed time 0.00061s.
221209-03:08:44,975 nipype.workflow INFO:
	 [Node] Setting-up "fmriprep_22_0_wf.single_subject_ctrl18_wf.func_preproc_ses_a_task_rest_run_002_wf.bold_source" in "/nesi/nobackup/uoa03264/fMRIpipeline_data/processed_test/work/fmriprep_22_0_wf/single_subject_ctrl18_wf/func_preproc_ses_a_task_rest_run_002_wf/bold_source".
221209-03:08:44,980 nipype.workflow INFO:
	 [Node] Setting-up "fmriprep_22_0_wf.single_subject_ctrl18_wf.func_preproc_ses_a_task_rest_run_002_wf.func_derivatives_wf.raw_sources" in "/nesi/nobackup/uoa03264/fMRIpipeline_data/processed_test/work/fmriprep_22_0_wf/single_subject_ctrl18_wf/func_preproc_ses_a_task_rest_run_002_wf/func_derivatives_wf/raw_sources".
221209-03:08:44,980 nipype.workflow INFO:
	 [Node] Executing "bold_source" <nipype.interfaces.utility.base.Select>
221209-03:08:44,986 nipype.workflow INFO:
	 [Node] Executing "raw_sources" <nipype.interfaces.utility.wrappers.Function>
221209-03:08:44,990 nipype.workflow INFO:
	 [Node] Finished "bold_source", elapsed time 0.000599s.
221209-03:08:45,22 nipype.workflow INFO:
	 [Node] Finished "raw_sources", elapsed time 0.001012s.
221209-03:08:45,288 nipype.workflow INFO:
	 [Node] Setting-up "_val_bold0" in "/nesi/nobackup/uoa03264/fMRIpipeline_data/processed_test/work/fmriprep_22_0_wf/single_subject_ctrl18_wf/func_preproc_ses_a_task_rest_run_001_wf/initial_boldref_wf/val_bold/mapflow/_val_bold0".
221209-03:08:45,292 nipype.workflow INFO:
	 [Node] Executing "_val_bold0" <niworkflows.interfaces.header.ValidateImage>
221209-03:08:45,304 nipype.workflow INFO:
	 [Node] Setting-up "fmriprep_22_0_wf.single_subject_ctrl18_wf.func_preproc_ses_a_task_rest_run_001_wf.initial_boldref_wf.get_dummy" in "/nesi/nobackup/uoa03264/fMRIpipeline_data/processed_test/work/fmriprep_22_0_wf/single_subject_ctrl18_wf/func_preproc_ses_a_task_rest_run_001_wf/initial_boldref_wf/get_dummy".
221209-03:08:45,309 nipype.workflow INFO:
	 [Node] Executing "get_dummy" <niworkflows.interfaces.bold.NonsteadyStatesDetector>
221209-03:08:45,346 nipype.workflow INFO:
	 [Node] Finished "_val_bold0", elapsed time 0.052446s.
221209-03:08:45,378 nipype.workflow INFO:
	 [Node] Setting-up "_val_bold0" in "/nesi/nobackup/uoa03264/fMRIpipeline_data/processed_test/work/fmriprep_22_0_wf/single_subject_ctrl18_wf/func_preproc_ses_a_task_rest_run_002_wf/initial_boldref_wf/val_bold/mapflow/_val_bold0".
221209-03:08:45,382 nipype.workflow INFO:
	 [Node] Executing "_val_bold0" <niworkflows.interfaces.header.ValidateImage>
221209-03:08:45,397 nipype.workflow INFO:
	 [Node] Setting-up "fmriprep_22_0_wf.single_subject_ctrl18_wf.func_preproc_ses_a_task_rest_run_002_wf.initial_boldref_wf.get_dummy" in "/nesi/nobackup/uoa03264/fMRIpipeline_data/processed_test/work/fmriprep_22_0_wf/single_subject_ctrl18_wf/func_preproc_ses_a_task_rest_run_002_wf/initial_boldref_wf/get_dummy".
221209-03:08:45,402 nipype.workflow INFO:
	 [Node] Executing "get_dummy" <niworkflows.interfaces.bold.NonsteadyStatesDetector>
221209-03:08:45,403 nipype.workflow INFO:
	 [Node] Finished "full_wm", elapsed time 0.842424s.
221209-03:08:45,442 nipype.workflow INFO:
	 [Node] Finished "_val_bold0", elapsed time 0.058669s.
221209-03:08:45,886 nipype.workflow INFO:
	 [Node] Setting-up "fmriprep_22_0_wf.single_subject_ctrl18_wf.bidssrc" in "/nesi/nobackup/uoa03264/fMRIpipeline_data/processed_test/work/fmriprep_22_0_wf/single_subject_ctrl18_wf/bidssrc".
221209-03:08:45,890 nipype.workflow INFO:
	 [Node] Executing "bidssrc" <niworkflows.interfaces.bids.BIDSDataGrabber>
221209-03:08:45,896 nipype.interface INFO:
	 No "t2w" images found for sub-ctrl18
221209-03:08:45,897 nipype.interface INFO:
	 No "flair" images found for sub-ctrl18
221209-03:08:45,897 nipype.interface INFO:
	 No "fmap" images found for sub-ctrl18
221209-03:08:45,897 nipype.interface INFO:
	 No "sbref" images found for sub-ctrl18
221209-03:08:45,897 nipype.interface INFO:
	 No "roi" images found for sub-ctrl18
221209-03:08:45,898 nipype.workflow INFO:
	 [Node] Finished "bidssrc", elapsed time 0.000841s.
221209-03:08:45,920 nipype.workflow INFO:
	 [Node] Finished "get_dummy", elapsed time 0.51568s.
221209-03:08:46,17 nipype.workflow INFO:
	 [Node] Finished "get_dummy", elapsed time 0.699124s.
221209-03:08:46,121 nipype.workflow INFO:
	 [Node] Setting-up "fmriprep_22_0_wf.single_subject_ctrl18_wf.func_preproc_ses_a_task_rest_run_001_wf.select_bold" in "/nesi/nobackup/uoa03264/fMRIpipeline_data/processed_test/work/fmriprep_22_0_wf/single_subject_ctrl18_wf/func_preproc_ses_a_task_rest_run_001_wf/select_bold".
221209-03:08:46,127 nipype.workflow INFO:
	 [Node] Executing "select_bold" <nipype.interfaces.utility.base.Select>
221209-03:08:46,129 nipype.workflow INFO:
	 [Node] Finished "select_bold", elapsed time 0.000341s.
221209-03:08:46,203 nipype.workflow INFO:
	 [Node] Setting-up "fmriprep_22_0_wf.single_subject_ctrl18_wf.anat_preproc_wf.anat_template_wf.t1w_ref_dimensions" in "/nesi/nobackup/uoa03264/fMRIpipeline_data/processed_test/work/fmriprep_22_0_wf/single_subject_ctrl18_wf/anat_preproc_wf/anat_template_wf/t1w_ref_dimensions".
221209-03:08:46,224 nipype.workflow INFO:
	 [Node] Setting-up "fmriprep_22_0_wf.single_subject_ctrl18_wf.func_preproc_ses_a_task_rest_run_002_wf.select_bold" in "/nesi/nobackup/uoa03264/fMRIpipeline_data/processed_test/work/fmriprep_22_0_wf/single_subject_ctrl18_wf/func_preproc_ses_a_task_rest_run_002_wf/select_bold".
221209-03:08:46,272 nipype.workflow INFO:
	 [Node] Executing "select_bold" <nipype.interfaces.utility.base.Select>
221209-03:08:46,274 nipype.workflow INFO:
	 [Node] Finished "select_bold", elapsed time 0.000265s.
221209-03:08:46,307 nipype.workflow INFO:
	 [Node] Finished "res_tmpl", elapsed time 1.48823s.
221209-03:08:47,262 nipype.workflow INFO:
	 [Node] Executing "t1w_ref_dimensions" <niworkflows.interfaces.images.TemplateDimensions>
221209-03:08:47,301 nipype.workflow INFO:
	 [Node] Setting-up "fmriprep_22_0_wf.single_subject_ctrl18_wf.bids_info" in "/nesi/nobackup/uoa03264/fMRIpipeline_data/processed_test/work/fmriprep_22_0_wf/single_subject_ctrl18_wf/bids_info".
221209-03:08:47,305 nipype.workflow INFO:
	 [Node] Executing "bids_info" <niworkflows.interfaces.bids.BIDSInfo>
221209-03:08:47,317 nipype.workflow INFO:
	 [Node] Finished "bids_info", elapsed time 0.005304s.
221209-03:08:47,452 nipype.workflow INFO:
	 [Node] Finished "t1w_ref_dimensions", elapsed time 0.183643s.
221209-03:08:48,115 nipype.workflow INFO:
	 [Node] Setting-up "fmriprep_22_0_wf.single_subject_ctrl18_wf.func_preproc_ses_a_task_rest_run_001_wf.initial_boldref_wf.gen_avg" in "/nesi/nobackup/uoa03264/fMRIpipeline_data/processed_test/work/fmriprep_22_0_wf/single_subject_ctrl18_wf/func_preproc_ses_a_task_rest_run_001_wf/initial_boldref_wf/gen_avg".
221209-03:08:48,159 nipype.workflow INFO:
	 [Node] Executing "gen_avg" <niworkflows.interfaces.images.RobustAverage>
221209-03:08:48,364 nipype.workflow INFO:
	 [Node] Setting-up "fmriprep_22_0_wf.single_subject_ctrl18_wf.anat_preproc_wf.fs_isrunning" in "/nesi/nobackup/uoa03264/fMRIpipeline_data/processed_test/work/fmriprep_22_0_wf/single_subject_ctrl18_wf/anat_preproc_wf/fs_isrunning".
221209-03:08:48,403 nipype.workflow INFO:
	 [Node] Setting-up "_t1w_conform0" in "/nesi/nobackup/uoa03264/fMRIpipeline_data/processed_test/work/fmriprep_22_0_wf/single_subject_ctrl18_wf/anat_preproc_wf/anat_template_wf/t1w_conform/mapflow/_t1w_conform0".
221209-03:08:48,406 nipype.workflow INFO:
	 [Node] Executing "_t1w_conform0" <niworkflows.interfaces.images.Conform>
221209-03:08:48,472 nipype.workflow INFO:
	 [Node] Setting-up "fmriprep_22_0_wf.single_subject_ctrl18_wf.func_preproc_ses_a_task_rest_run_002_wf.initial_boldref_wf.gen_avg" in "/nesi/nobackup/uoa03264/fMRIpipeline_data/processed_test/work/fmriprep_22_0_wf/single_subject_ctrl18_wf/func_preproc_ses_a_task_rest_run_002_wf/initial_boldref_wf/gen_avg".
221209-03:08:48,485 nipype.workflow INFO:
	 [Node] Finished "_t1w_conform0", elapsed time 0.07749s.
221209-03:08:48,488 nipype.workflow INFO:
	 [Node] Executing "gen_avg" <niworkflows.interfaces.images.RobustAverage>
221209-03:08:48,536 nipype.workflow INFO:
	 [Node] Setting-up "fmriprep_22_0_wf.single_subject_ctrl18_wf.anat_preproc_wf.anat_derivatives_wf.raw_sources" in "/nesi/nobackup/uoa03264/fMRIpipeline_data/processed_test/work/fmriprep_22_0_wf/single_subject_ctrl18_wf/anat_preproc_wf/anat_derivatives_wf/raw_sources".
221209-03:08:48,576 nipype.workflow INFO:
	 [Node] Executing "raw_sources" <nipype.interfaces.utility.wrappers.Function>
221209-03:08:48,578 nipype.workflow INFO:
	 [Node] Finished "raw_sources", elapsed time 0.000438s.
221209-03:08:49,98 nipype.interface INFO:
	 stderr 2022-12-09T03:08:49.098018:++ 3dvolreg: AFNI version=AFNI_22.1.14 (Jun 24 2022) [64-bit]
221209-03:08:49,98 nipype.interface INFO:
	 stderr 2022-12-09T03:08:49.098018:++ Authored by: RW Cox
221209-03:08:49,103 nipype.interface INFO:
	 stderr 2022-12-09T03:08:49.103025:** AFNI converts NIFTI_datatype=4 (INT16) in file /nesi/nobackup/uoa03264/fMRIpipeline_data/processed_test/work/fmriprep_22_0_wf/single_subject_ctrl18_wf/func_preproc_ses_a_task_rest_run_001_wf/initial_boldref_wf/gen_avg/sub-ctrl18_ses-a_task-rest_run-001_bold_sliced.nii.gz to FLOAT32
221209-03:08:49,103 nipype.interface INFO:
	 stderr 2022-12-09T03:08:49.103133:     Warnings of this type will be muted for this session.
221209-03:08:49,103 nipype.interface INFO:
	 stderr 2022-12-09T03:08:49.103133:     Set AFNI_NIFTI_TYPE_WARN to YES to see them all, NO to see none.
221209-03:08:49,109 nipype.interface INFO:
	 stderr 2022-12-09T03:08:49.109292:++ Coarse del was 10, replaced with 5
221209-03:08:49,244 nipype.interface INFO:
	 stderr 2022-12-09T03:08:49.243989:++ 3dvolreg: AFNI version=AFNI_22.1.14 (Jun 24 2022) [64-bit]
221209-03:08:49,244 nipype.interface INFO:
	 stderr 2022-12-09T03:08:49.244362:++ Authored by: RW Cox
221209-03:08:49,245 nipype.interface INFO:
	 stderr 2022-12-09T03:08:49.245811:** AFNI converts NIFTI_datatype=4 (INT16) in file /nesi/nobackup/uoa03264/fMRIpipeline_data/processed_test/work/fmriprep_22_0_wf/single_subject_ctrl18_wf/func_preproc_ses_a_task_rest_run_002_wf/initial_boldref_wf/gen_avg/sub-ctrl18_ses-a_task-rest_run-002_bold_sliced.nii.gz to FLOAT32
221209-03:08:49,246 nipype.interface INFO:
	 stderr 2022-12-09T03:08:49.245988:     Warnings of this type will be muted for this session.
221209-03:08:49,246 nipype.interface INFO:
	 stderr 2022-12-09T03:08:49.245988:     Set AFNI_NIFTI_TYPE_WARN to YES to see them all, NO to see none.
221209-03:08:49,247 nipype.interface INFO:
	 stderr 2022-12-09T03:08:49.247068:++ Coarse del was 10, replaced with 5
221209-03:08:50,193 nipype.workflow INFO:
	 [Node] Executing "fs_isrunning" <nipype.interfaces.utility.wrappers.Function>
221209-03:08:50,201 nipype.workflow INFO:
	 [Node] Setting-up "fmriprep_22_0_wf.single_subject_ctrl18_wf.anat_preproc_wf.anat_template_wf.get1st" in "/nesi/nobackup/uoa03264/fMRIpipeline_data/processed_test/work/fmriprep_22_0_wf/single_subject_ctrl18_wf/anat_preproc_wf/anat_template_wf/get1st".
221209-03:08:50,205 nipype.workflow INFO:
	 [Node] Finished "fs_isrunning", elapsed time 0.001258s.
221209-03:08:50,205 nipype.workflow WARNING:
	 Storing result file without outputs
221209-03:08:50,209 nipype.workflow WARNING:
	 [Node] Error on "fmriprep_22_0_wf.single_subject_ctrl18_wf.anat_preproc_wf.fs_isrunning" (/nesi/nobackup/uoa03264/fMRIpipeline_data/processed_test/work/fmriprep_22_0_wf/single_subject_ctrl18_wf/anat_preproc_wf/fs_isrunning)
221209-03:08:50,210 nipype.workflow INFO:
	 [Node] Executing "get1st" <nipype.interfaces.utility.base.Select>
221209-03:08:50,213 nipype.workflow INFO:
	 [Node] Finished "get1st", elapsed time 0.000353s.
221209-03:08:51,927 nipype.workflow ERROR:
	 Node fs_isrunning failed to run on host wmc019.
221209-03:08:51,932 nipype.workflow ERROR:
	 Saving crash info to /nesi/nobackup/uoa03264/fMRIpipeline_data/processed_test/bids/derivatives/fmriprep/sub-ctrl18/log/20221209-030807_19c945f6-c228-4814-bbbb-f0cb6331de1d/crash-20221209-030851-jmcg465-fs_isrunning-c26b29f9-73e3-4cfe-9667-0f4d26044be6.txt
Traceback (most recent call last):
  File "/opt/conda/lib/python3.9/site-packages/nipype/pipeline/plugins/multiproc.py", line 67, in run_node
    result["result"] = node.run(updatehash=updatehash)
  File "/opt/conda/lib/python3.9/site-packages/nipype/pipeline/engine/nodes.py", line 527, in run
    result = self._run_interface(execute=True)
  File "/opt/conda/lib/python3.9/site-packages/nipype/pipeline/engine/nodes.py", line 645, in _run_interface
    return self._run_command(execute)
  File "/opt/conda/lib/python3.9/site-packages/nipype/pipeline/engine/nodes.py", line 771, in _run_command
    raise NodeExecutionError(msg)
nipype.pipeline.engine.nodes.NodeExecutionError: Exception raised while executing Node fs_isrunning.

Traceback:
	Traceback (most recent call last):
	  File "/opt/conda/lib/python3.9/site-packages/nipype/interfaces/base/core.py", line 398, in run
	    runtime = self._run_interface(runtime)
	  File "/opt/conda/lib/python3.9/site-packages/nipype/interfaces/utility/wrappers.py", line 142, in _run_interface
	    out = function_handle(**args)
	  File "<string>", line 36, in fs_isRunning
	RuntimeError: The FreeSurfer's subject folder </nesi/nobackup/uoa03264/fMRIpipeline_data/processed_test/bids/derivatives/freesurfer_agg/sub-ctrl18> contains IsRunning files that may pertain to a current or past execution: (PosixPath('/nesi/nobackup/uoa03264/fMRIpipeline_data/processed_test/bids/derivatives/freesurfer_agg/sub-ctrl18/scripts/IsRunning.lh+rh'),).
	FreeSurfer cannot run if these are present, to avoid interfering with a running process. Please, make sure no other process is running ``recon-all`` on this subject and proceed to delete the files listed above.


221209-03:08:52,866 nipype.workflow INFO:
	 [Node] Setting-up "fmriprep_22_0_wf.single_subject_ctrl18_wf.func_preproc_ses_a_task_rest_run_001_wf.bold_stc_wf.slice_timing_correction" in "/nesi/nobackup/uoa03264/fMRIpipeline_data/processed_test/work/fmriprep_22_0_wf/single_subject_ctrl18_wf/func_preproc_ses_a_task_rest_run_001_wf/bold_stc_wf/slice_timing_correction".
221209-03:08:52,892 nipype.workflow INFO:
	 [Node] Setting-up "fmriprep_22_0_wf.single_subject_ctrl18_wf.func_preproc_ses_a_task_rest_run_002_wf.bold_stc_wf.slice_timing_correction" in "/nesi/nobackup/uoa03264/fMRIpipeline_data/processed_test/work/fmriprep_22_0_wf/single_subject_ctrl18_wf/func_preproc_ses_a_task_rest_run_002_wf/bold_stc_wf/slice_timing_correction".
221209-03:08:52,909 nipype.workflow INFO:
	 [Node] Executing "slice_timing_correction" <fmriprep.workflows.bold.stc.TShift>
221209-03:08:52,914 nipype.workflow INFO:
	 [Node] Executing "slice_timing_correction" <fmriprep.workflows.bold.stc.TShift>
Traceback (most recent call last):
  File "/opt/conda/lib/python3.9/site-packages/fmriprep/cli/run.py", line 114, in main
    fmriprep_wf.run(**config.nipype.get_plugin())
  File "/opt/conda/lib/python3.9/site-packages/nipype/pipeline/engine/workflows.py", line 638, in run
    runner.run(execgraph, updatehash=updatehash, config=self.config)
  File "/opt/conda/lib/python3.9/site-packages/nipype/pipeline/plugins/base.py", line 166, in run
    self._clean_queue(jobid, graph, result=result)
  File "/opt/conda/lib/python3.9/site-packages/nipype/pipeline/plugins/base.py", line 244, in _clean_queue
    raise RuntimeError("".join(result["traceback"]))
RuntimeError: Traceback (most recent call last):
  File "/opt/conda/lib/python3.9/site-packages/nipype/pipeline/plugins/multiproc.py", line 67, in run_node
    result["result"] = node.run(updatehash=updatehash)
  File "/opt/conda/lib/python3.9/site-packages/nipype/pipeline/engine/nodes.py", line 527, in run
    result = self._run_interface(execute=True)
  File "/opt/conda/lib/python3.9/site-packages/nipype/pipeline/engine/nodes.py", line 645, in _run_interface
    return self._run_command(execute)
  File "/opt/conda/lib/python3.9/site-packages/nipype/pipeline/engine/nodes.py", line 771, in _run_command
    raise NodeExecutionError(msg)
nipype.pipeline.engine.nodes.NodeExecutionError: Exception raised while executing Node fs_isrunning.

Traceback:
	Traceback (most recent call last):
	  File "/opt/conda/lib/python3.9/site-packages/nipype/interfaces/base/core.py", line 398, in run
	    runtime = self._run_interface(runtime)
	  File "/opt/conda/lib/python3.9/site-packages/nipype/interfaces/utility/wrappers.py", line 142, in _run_interface
	    out = function_handle(**args)
	  File "<string>", line 36, in fs_isRunning
	RuntimeError: The FreeSurfer's subject folder </nesi/nobackup/uoa03264/fMRIpipeline_data/processed_test/bids/derivatives/freesurfer_agg/sub-ctrl18> contains IsRunning files that may pertain to a current or past execution: (PosixPath('/nesi/nobackup/uoa03264/fMRIpipeline_data/processed_test/bids/derivatives/freesurfer_agg/sub-ctrl18/scripts/IsRunning.lh+rh'),).
	FreeSurfer cannot run if these are present, to avoid interfering with a running process. Please, make sure no other process is running ``recon-all`` on this subject and proceed to delete the files listed above.



During handling of the above exception, another exception occurred:

Traceback (most recent call last):
  File "/opt/conda/lib/python3.9/site-packages/fmriprep/cli/run.py", line 128, in main
    process_crashfile(crashfile)
  File "/opt/conda/lib/python3.9/site-packages/fmriprep/utils/sentry.py", line 85, in process_crashfile
    crash_info = read_crashfile(str(crashfile))
  File "/opt/conda/lib/python3.9/site-packages/niworkflows/utils/misc.py", line 148, in read_crashfile
    return _read_txt(path)
  File "/opt/conda/lib/python3.9/site-packages/niworkflows/utils/misc.py", line 205, in _read_txt
    cur_key, cur_val = tuple(line.split(" = ", 1))
ValueError: not enough values to unpack (expected 2, got 1)

During handling of the above exception, another exception occurred:

Traceback (most recent call last):
  File "/opt/conda/bin/fmriprep", line 8, in <module>
    sys.exit(main())
  File "/opt/conda/lib/python3.9/site-packages/fmriprep/cli/run.py", line 172, in main
    failed_reports = generate_reports(
  File "/opt/conda/lib/python3.9/site-packages/fmriprep/reports/core.py", line 107, in generate_reports
    report_errors = [
  File "/opt/conda/lib/python3.9/site-packages/fmriprep/reports/core.py", line 108, in <listcomp>
    run_reports(
  File "/opt/conda/lib/python3.9/site-packages/fmriprep/reports/core.py", line 90, in run_reports
    return Report(
  File "/opt/conda/lib/python3.9/site-packages/niworkflows/reports/core.py", line 291, in __init__
    self._load_config(Path(config or pkgrf("niworkflows", "reports/default.yml")))
  File "/opt/conda/lib/python3.9/site-packages/fmriprep/reports/core.py", line 48, in _load_config
    self.index(settings["sections"])
  File "/opt/conda/lib/python3.9/site-packages/niworkflows/reports/core.py", line 378, in index
    self.errors = [read_crashfile(str(f)) for f in error_dir.glob("crash*.*")]
  File "/opt/conda/lib/python3.9/site-packages/niworkflows/reports/core.py", line 378, in <listcomp>
    self.errors = [read_crashfile(str(f)) for f in error_dir.glob("crash*.*")]
  File "/opt/conda/lib/python3.9/site-packages/niworkflows/utils/misc.py", line 148, in read_crashfile
    return _read_txt(path)
  File "/opt/conda/lib/python3.9/site-packages/niworkflows/utils/misc.py", line 205, in _read_txt
    cur_key, cur_val = tuple(line.split(" = ", 1))
ValueError: not enough values to unpack (expected 2, got 1)
221209-03:08:54,372 nipype.workflow INFO:
	 [Node] Finished "lap_tmpl", elapsed time 9.43032s.
221209-03:08:58,503 nipype.workflow INFO:
	 [Node] Finished "slice_timing_correction", elapsed time 5.586945s.
221209-03:09:02,587 nipype.workflow INFO:
	 [Node] Finished "slice_timing_correction", elapsed time 9.675817s.
221209-03:09:06,62 nipype.interface INFO:
	 stderr 2022-12-09T03:09:06.062216:++ Max displacement in automask = 0.53 (mm) at sub-brick 19
221209-03:09:06,62 nipype.interface INFO:
	 stderr 2022-12-09T03:09:06.062216:++ Max delta displ  in automask = 0.23 (mm) at sub-brick 6
221209-03:09:06,326 nipype.interface INFO:
	 stderr 2022-12-09T03:09:06.326629:++ Max displacement in automask = 0.98 (mm) at sub-brick 13
221209-03:09:06,326 nipype.interface INFO:
	 stderr 2022-12-09T03:09:06.326629:++ Max delta displ  in automask = 1.36 (mm) at sub-brick 19
221209-03:09:07,204 nipype.workflow INFO:
	 [Node] Finished "gen_avg", elapsed time 19.04378s.
221209-03:09:07,439 nipype.workflow INFO:
	 [Node] Finished "gen_avg", elapsed time 18.940563s.
[Fri Dec  9 16:09:07 2022]
Error in rule fmriprep:
    jobid: 0
    output: /nesi/nobackup/uoa03264/fMRIpipeline_data/processed_test/bids/derivatives/fmriprep/sub-ctrl18
    shell:
        fmriprep /nesi/nobackup/uoa03264/fMRIpipeline_data/processed_test/bids /nesi/nobackup/uoa03264/fMRIpipeline_data/processed_test/bids/derivatives/fmriprep participant --participant-label ctrl18 --skip-bids-validation --md-only-boilerplate --fs-license-file license.txt --fs-subjects-dir /nesi/nobackup/uoa03264/fMRIpipeline_data/processed_test/bids/derivatives/freesurfer_agg --output-spaces MNI152NLin2009cAsym:res-2 --stop-on-first-crash --low-mem --mem-mb 20000 --nprocs 16 -w /nesi/nobackup/uoa03264/fMRIpipeline_data/processed_test/work
        (one of the commands exited with non-zero exit code; note that snakemake uses bash strict mode!)

Removing output files of failed job fmriprep since they might be corrupted:
/nesi/nobackup/uoa03264/fMRIpipeline_data/processed_test/bids/derivatives/fmriprep/sub-ctrl18
Shutting down, this might take some time.
Exiting because a job execution failed. Look above for error message
