Building DAG of jobs...
Using shell: /usr/bin/bash
Provided cores: 2
Rules claiming more threads will be scaled down.
Provided resources: mem_mb=4000, mem_mib=3815, disk_mb=1000, disk_mib=954, cpus=2, time_min=60, gpu=0
Select jobs to execute...

[Wed Mar 29 12:52:47 2023]
rule heudiconv:
    input: /nesi/nobackup/uoa03264/fMRIpipeline_data/processed_test_long/tidy/sub_rugby1/ses_a
    output: /nesi/nobackup/uoa03264/fMRIpipeline_data/processed_test_long/bids/sub-rugby1/ses-a, /nesi/nobackup/uoa03264/fMRIpipeline_data/processed_test_long/bids/.heudiconv/rugby1/ses-a
    jobid: 0
    reason: Missing output files: /nesi/nobackup/uoa03264/fMRIpipeline_data/processed_test_long/bids/sub-rugby1/ses-a, /nesi/nobackup/uoa03264/fMRIpipeline_data/processed_test_long/bids/.heudiconv/rugby1/ses-a
    wildcards: resultsdir=/nesi/nobackup/uoa03264/fMRIpipeline_data/processed_test_long, subject=rugby1, session=a
    resources: mem_mb=4000, mem_mib=3815, disk_mb=1000, disk_mib=954, tmpdir=/dev/shm/jobs/33757629, cpus=2, time_min=60, gpu=0

heudiconv --dicom_dir_template '/nesi/nobackup/uoa03264/fMRIpipeline_data/processed_test_long/tidy/sub_{subject}/ses_{session}/*/*' --outdir /nesi/nobackup/uoa03264/fMRIpipeline_data/processed_test_long/bids --heuristic scripts/heuristic.py --subjects rugby1 --ses a --converter dcm2niix --bids --overwrite
Activating singularity image /scale_wlg_persistent/filesets/project/uoa03264/fmri_workflow/.snakemake/singularity/10b2306ed15c5efc917232958423bfe6.simg
INFO: Running heudiconv version 0.11.4.post18+g1fe815b.d20221025 latest 0.12.2
INFO: Need to process 1 study sessions
INFO: PROCESSING STARTS: {'subject': 'rugby1', 'outdir': '/nesi/nobackup/uoa03264/fMRIpipeline_data/processed_test_long/bids/', 'session': 'a'}
INFO: Processing 10599 dicoms
INFO: Analyzing 10599 dicoms
INFO: Generated sequence info for 2 studies with 10599 entries total
INFO: Doing conversion using dcm2niix
INFO: Converting /nesi/nobackup/uoa03264/fMRIpipeline_data/processed_test_long/bids/sub-rugby1/ses-a/anat/sub-rugby1_ses-a_run-001_T1w (199 DICOMs) -> /nesi/nobackup/uoa03264/fMRIpipeline_data/processed_test_long/bids/sub-rugby1/ses-a/anat . Converter: dcm2niix . Output types: ('nii.gz',)
230328-23:57:36,234 nipype.workflow INFO:
	 [Node] Setting-up "convert" in "/tmp/dcm2niix_iv0tps_/convert".
INFO: [Node] Setting-up "convert" in "/tmp/dcm2niix_iv0tps_/convert".
230328-23:57:36,411 nipype.workflow INFO:
	 [Node] Executing "convert" <nipype.interfaces.dcm2nii.Dcm2niix>
INFO: [Node] Executing "convert" <nipype.interfaces.dcm2nii.Dcm2niix>
230328-23:57:38,694 nipype.interface INFO:
	 stdout 2023-03-28T23:57:38.694754:Chris Rorden's dcm2niiX version v1.0.20220720  (JP2:OpenJPEG) (JP-LS:CharLS) GCC10.2.1 x86-64 (64-bit Linux)
INFO: stdout 2023-03-28T23:57:38.694754:Chris Rorden's dcm2niiX version v1.0.20220720  (JP2:OpenJPEG) (JP-LS:CharLS) GCC10.2.1 x86-64 (64-bit Linux)
230328-23:57:38,696 nipype.interface INFO:
	 stdout 2023-03-28T23:57:38.694754:Found 199 DICOM file(s)
INFO: stdout 2023-03-28T23:57:38.694754:Found 199 DICOM file(s)
230328-23:57:38,696 nipype.interface INFO:
	 stdout 2023-03-28T23:57:38.694754:DICOM images may be missing, expected 300 spatial locations per volume, but found 199 slices.
INFO: stdout 2023-03-28T23:57:38.694754:DICOM images may be missing, expected 300 spatial locations per volume, but found 199 slices.
230328-23:57:38,696 nipype.interface INFO:
	 stdout 2023-03-28T23:57:38.694754:Convert 199 DICOM as /nesi/nobackup/uoa03264/fMRIpipeline_data/processed_test_long/bids/sub-rugby1/ses-a/anat/sub-rugby1_ses-a_run-001_T1w_heudiconv777 (512x512x199x1)
INFO: stdout 2023-03-28T23:57:38.694754:Convert 199 DICOM as /nesi/nobackup/uoa03264/fMRIpipeline_data/processed_test_long/bids/sub-rugby1/ses-a/anat/sub-rugby1_ses-a_run-001_T1w_heudiconv777 (512x512x199x1)
230328-23:57:43,292 nipype.interface INFO:
	 stdout 2023-03-28T23:57:43.292281:Compress: "/usr/bin/pigz" -b 960 -n -f -6 "/nesi/nobackup/uoa03264/fMRIpipeline_data/processed_test_long/bids/sub-rugby1/ses-a/anat/sub-rugby1_ses-a_run-001_T1w_heudiconv777.nii"
INFO: stdout 2023-03-28T23:57:43.292281:Compress: "/usr/bin/pigz" -b 960 -n -f -6 "/nesi/nobackup/uoa03264/fMRIpipeline_data/processed_test_long/bids/sub-rugby1/ses-a/anat/sub-rugby1_ses-a_run-001_T1w_heudiconv777.nii"
230328-23:57:43,294 nipype.interface INFO:
	 stdout 2023-03-28T23:57:43.292281:Conversion required 6.611692 seconds (0.439768 for core code).
INFO: stdout 2023-03-28T23:57:43.292281:Conversion required 6.611692 seconds (0.439768 for core code).
230328-23:57:43,318 nipype.workflow INFO:
	 [Node] Finished "convert", elapsed time 6.651403s.
INFO: [Node] Finished "convert", elapsed time 6.651403s.
WARNING: Failed to find task field in /nesi/nobackup/uoa03264/fMRIpipeline_data/processed_test_long/bids/sub-rugby1/ses-a/anat/sub-rugby1_ses-a_run-001_T1w.json.
230328-23:57:43,347 nipype.workflow INFO:
	 [Node] Setting-up "embedder" in "/tmp/embedmetacjxlb9j8/embedder".
INFO: [Node] Setting-up "embedder" in "/tmp/embedmetacjxlb9j8/embedder".
230328-23:57:43,399 nipype.workflow INFO:
	 [Node] Executing "embedder" <nipype.interfaces.utility.wrappers.Function>
INFO: [Node] Executing "embedder" <nipype.interfaces.utility.wrappers.Function>
230328-23:57:47,344 nipype.workflow INFO:
	 [Node] Finished "embedder", elapsed time 3.944139s.
INFO: [Node] Finished "embedder", elapsed time 3.944139s.
INFO: Post-treating /nesi/nobackup/uoa03264/fMRIpipeline_data/processed_test_long/bids/sub-rugby1/ses-a/anat/sub-rugby1_ses-a_run-001_T1w.json file
INFO: Converting /nesi/nobackup/uoa03264/fMRIpipeline_data/processed_test_long/bids/sub-rugby1/ses-a/func/sub-rugby1_ses-a_task-rest_run-001_bold (10400 DICOMs) -> /nesi/nobackup/uoa03264/fMRIpipeline_data/processed_test_long/bids/sub-rugby1/ses-a/func . Converter: dcm2niix . Output types: ('nii.gz',)
230328-23:57:50,183 nipype.workflow INFO:
	 [Node] Setting-up "convert" in "/tmp/dcm2niix3o7a27z5/convert".
INFO: [Node] Setting-up "convert" in "/tmp/dcm2niix3o7a27z5/convert".
230328-23:58:00,634 nipype.workflow INFO:
	 [Node] Executing "convert" <nipype.interfaces.dcm2nii.Dcm2niix>
INFO: [Node] Executing "convert" <nipype.interfaces.dcm2nii.Dcm2niix>
230328-23:58:38,713 nipype.interface INFO:
	 stdout 2023-03-28T23:58:38.713482:Chris Rorden's dcm2niiX version v1.0.20220720  (JP2:OpenJPEG) (JP-LS:CharLS) GCC10.2.1 x86-64 (64-bit Linux)
INFO: stdout 2023-03-28T23:58:38.713482:Chris Rorden's dcm2niiX version v1.0.20220720  (JP2:OpenJPEG) (JP-LS:CharLS) GCC10.2.1 x86-64 (64-bit Linux)
230328-23:58:38,714 nipype.interface INFO:
	 stdout 2023-03-28T23:58:38.713482:Found 10400 DICOM file(s)
INFO: stdout 2023-03-28T23:58:38.713482:Found 10400 DICOM file(s)
230328-23:58:38,714 nipype.interface INFO:
	 stdout 2023-03-28T23:58:38.713482:Convert 10400 DICOM as /nesi/nobackup/uoa03264/fMRIpipeline_data/processed_test_long/bids/sub-rugby1/ses-a/func/sub-rugby1_ses-a_task-rest_run-001_bold_heudiconv482 (64x64x52x200)
INFO: stdout 2023-03-28T23:58:38.713482:Convert 10400 DICOM as /nesi/nobackup/uoa03264/fMRIpipeline_data/processed_test_long/bids/sub-rugby1/ses-a/func/sub-rugby1_ses-a_task-rest_run-001_bold_heudiconv482 (64x64x52x200)
230328-23:58:43,67 nipype.interface INFO:
	 stdout 2023-03-28T23:58:43.067496:Compress: "/usr/bin/pigz" -b 960 -n -f -6 "/nesi/nobackup/uoa03264/fMRIpipeline_data/processed_test_long/bids/sub-rugby1/ses-a/func/sub-rugby1_ses-a_task-rest_run-001_bold_heudiconv482.nii"
INFO: stdout 2023-03-28T23:58:43.067496:Compress: "/usr/bin/pigz" -b 960 -n -f -6 "/nesi/nobackup/uoa03264/fMRIpipeline_data/processed_test_long/bids/sub-rugby1/ses-a/func/sub-rugby1_ses-a_task-rest_run-001_bold_heudiconv482.nii"
230328-23:58:43,67 nipype.interface INFO:
	 stdout 2023-03-28T23:58:43.067496:Conversion required 42.400104 seconds (6.579787 for core code).
INFO: stdout 2023-03-28T23:58:43.067496:Conversion required 42.400104 seconds (6.579787 for core code).
230328-23:58:43,122 nipype.workflow INFO:
	 [Node] Finished "convert", elapsed time 42.486365s.
INFO: [Node] Finished "convert", elapsed time 42.486365s.
230328-23:58:43,764 nipype.workflow INFO:
	 [Node] Setting-up "embedder" in "/tmp/embedmeta0stu10pr/embedder".
INFO: [Node] Setting-up "embedder" in "/tmp/embedmeta0stu10pr/embedder".
230328-23:58:46,227 nipype.workflow INFO:
	 [Node] Executing "embedder" <nipype.interfaces.utility.wrappers.Function>
INFO: [Node] Executing "embedder" <nipype.interfaces.utility.wrappers.Function>
230329-00:02:53,641 nipype.workflow INFO:
	 [Node] Finished "embedder", elapsed time 247.413099s.
INFO: [Node] Finished "embedder", elapsed time 247.413099s.
INFO: Post-treating /nesi/nobackup/uoa03264/fMRIpipeline_data/processed_test_long/bids/sub-rugby1/ses-a/func/sub-rugby1_ses-a_task-rest_run-001_bold.json file
INFO: Populating template files under /nesi/nobackup/uoa03264/fMRIpipeline_data/processed_test_long/bids/
INFO: PROCESSING DONE: {'subject': 'rugby1', 'outdir': '/nesi/nobackup/uoa03264/fMRIpipeline_data/processed_test_long/bids/', 'session': 'a'}
[Wed Mar 29 13:02:55 2023]
Finished job 0.
1 of 1 steps (100%) done
