Building DAG of jobs...
Using shell: /usr/bin/bash
Provided cores: 2
Rules claiming more threads will be scaled down.
Select jobs to execute...

[Fri Feb 10 15:23:56 2023]
rule heudiconv:
    input: /nesi/nobackup/uoa03264/fMRIpipeline_data/processed_test_long1/tidy/sub_rugby1/ses_b/.completed
    output: /nesi/nobackup/uoa03264/fMRIpipeline_data/processed_test_long1/bids/sub-rugby1/ses-b, /nesi/nobackup/uoa03264/fMRIpipeline_data/processed_test_long1/bids/.heudiconv/rugby1/ses-b
    jobid: 0
    wildcards: resultsdir=/nesi/nobackup/uoa03264/fMRIpipeline_data/processed_test_long1, subject=rugby1, session=b
    resources: mem_mb=4000, disk_mb=1000, tmpdir=/dev/shm/jobs/32926059, cpus=2, time_min=60, gpu=0

heudiconv --dicom_dir_template '/nesi/nobackup/uoa03264/fMRIpipeline_data/processed_test_long1/tidy/sub_{subject}/ses_{session}/*/*' --outdir /nesi/nobackup/uoa03264/fMRIpipeline_data/processed_test_long1/bids --heuristic scripts/heuristic.py --subjects rugby1 --ses b --converter dcm2niix --bids --overwrite
Activating singularity image /scale_wlg_persistent/filesets/project/uoa03264/fmri_workflow/.snakemake/singularity/10b2306ed15c5efc917232958423bfe6.simg
INFO: Running heudiconv version 0.11.4.post18+g1fe815b.d20221025 latest 0.11.6
INFO: Need to process 1 study sessions
INFO: PROCESSING STARTS: {'subject': 'rugby1', 'outdir': '/nesi/nobackup/uoa03264/fMRIpipeline_data/processed_test_long1/bids/', 'session': 'b'}
INFO: Processing 10700 dicoms
INFO: Analyzing 10700 dicoms
INFO: Generated sequence info for 2 studies with 10700 entries total
INFO: Doing conversion using dcm2niix
INFO: Converting /nesi/nobackup/uoa03264/fMRIpipeline_data/processed_test_long1/bids/sub-rugby1/ses-b/anat/sub-rugby1_ses-b_run-001_T1w (300 DICOMs) -> /nesi/nobackup/uoa03264/fMRIpipeline_data/processed_test_long1/bids/sub-rugby1/ses-b/anat . Converter: dcm2niix . Output types: ('nii.gz',)
230210-15:29:19,579 nipype.workflow INFO:
	 [Node] Setting-up "convert" in "/dev/shm/jobs/32926059/dcm2niixtujokm08/convert".
INFO: [Node] Setting-up "convert" in "/dev/shm/jobs/32926059/dcm2niixtujokm08/convert".
230210-15:29:19,888 nipype.workflow INFO:
	 [Node] Executing "convert" <nipype.interfaces.dcm2nii.Dcm2niix>
INFO: [Node] Executing "convert" <nipype.interfaces.dcm2nii.Dcm2niix>
230210-15:29:26,787 nipype.interface INFO:
	 stdout 2023-02-10T15:29:26.787085:Chris Rorden's dcm2niiX version v1.0.20220720  (JP2:OpenJPEG) (JP-LS:CharLS) GCC10.2.1 x86-64 (64-bit Linux)
INFO: stdout 2023-02-10T15:29:26.787085:Chris Rorden's dcm2niiX version v1.0.20220720  (JP2:OpenJPEG) (JP-LS:CharLS) GCC10.2.1 x86-64 (64-bit Linux)
230210-15:29:26,787 nipype.interface INFO:
	 stdout 2023-02-10T15:29:26.787085:Found 300 DICOM file(s)
INFO: stdout 2023-02-10T15:29:26.787085:Found 300 DICOM file(s)
230210-15:29:26,787 nipype.interface INFO:
	 stdout 2023-02-10T15:29:26.787085:Resolved discrepancy between tags (0020,1002; 0021,104F; 0054,0081)
INFO: stdout 2023-02-10T15:29:26.787085:Resolved discrepancy between tags (0020,1002; 0021,104F; 0054,0081)
230210-15:29:26,787 nipype.interface INFO:
	 stdout 2023-02-10T15:29:26.787085:Convert 300 DICOM as /nesi/nobackup/uoa03264/fMRIpipeline_data/processed_test_long1/bids/sub-rugby1/ses-b/anat/sub-rugby1_ses-b_run-001_T1w_heudiconv752 (512x512x300x1)
INFO: stdout 2023-02-10T15:29:26.787085:Convert 300 DICOM as /nesi/nobackup/uoa03264/fMRIpipeline_data/processed_test_long1/bids/sub-rugby1/ses-b/anat/sub-rugby1_ses-b_run-001_T1w_heudiconv752 (512x512x300x1)
230210-15:29:34,218 nipype.interface INFO:
	 stdout 2023-02-10T15:29:34.218713:Compress: "/usr/bin/pigz" -b 960 -n -f -6 "/nesi/nobackup/uoa03264/fMRIpipeline_data/processed_test_long1/bids/sub-rugby1/ses-b/anat/sub-rugby1_ses-b_run-001_T1w_heudiconv752.nii"
INFO: stdout 2023-02-10T15:29:34.218713:Compress: "/usr/bin/pigz" -b 960 -n -f -6 "/nesi/nobackup/uoa03264/fMRIpipeline_data/processed_test_long1/bids/sub-rugby1/ses-b/anat/sub-rugby1_ses-b_run-001_T1w_heudiconv752.nii"
230210-15:29:34,220 nipype.interface INFO:
	 stdout 2023-02-10T15:29:34.218713:Conversion required 14.217249 seconds (0.806004 for core code).
INFO: stdout 2023-02-10T15:29:34.218713:Conversion required 14.217249 seconds (0.806004 for core code).
230210-15:29:34,265 nipype.workflow INFO:
	 [Node] Finished "convert", elapsed time 14.285878s.
INFO: [Node] Finished "convert", elapsed time 14.285878s.
WARNING: Failed to find task field in /nesi/nobackup/uoa03264/fMRIpipeline_data/processed_test_long1/bids/sub-rugby1/ses-b/anat/sub-rugby1_ses-b_run-001_T1w.json.
230210-15:29:34,296 nipype.workflow INFO:
	 [Node] Setting-up "embedder" in "/dev/shm/jobs/32926059/embedmetac30h15q9/embedder".
INFO: [Node] Setting-up "embedder" in "/dev/shm/jobs/32926059/embedmetac30h15q9/embedder".
230210-15:29:34,337 nipype.workflow INFO:
	 [Node] Executing "embedder" <nipype.interfaces.utility.wrappers.Function>
INFO: [Node] Executing "embedder" <nipype.interfaces.utility.wrappers.Function>
/opt/miniconda-py39_4.12.0/lib/python3.9/site-packages/pydicom/valuerep.py:290: UserWarning: The value length (32) exceeds the maximum length of 16 allowed for VR SH.
  warnings.warn(msg)
230210-15:29:41,187 nipype.workflow INFO:
	 [Node] Finished "embedder", elapsed time 6.847371s.
INFO: [Node] Finished "embedder", elapsed time 6.847371s.
INFO: Post-treating /nesi/nobackup/uoa03264/fMRIpipeline_data/processed_test_long1/bids/sub-rugby1/ses-b/anat/sub-rugby1_ses-b_run-001_T1w.json file
INFO: Converting /nesi/nobackup/uoa03264/fMRIpipeline_data/processed_test_long1/bids/sub-rugby1/ses-b/func/sub-rugby1_ses-b_task-rest_run-001_bold (10400 DICOMs) -> /nesi/nobackup/uoa03264/fMRIpipeline_data/processed_test_long1/bids/sub-rugby1/ses-b/func . Converter: dcm2niix . Output types: ('nii.gz',)
230210-15:29:41,765 nipype.workflow INFO:
	 [Node] Setting-up "convert" in "/dev/shm/jobs/32926059/dcm2niix91jp6ixj/convert".
INFO: [Node] Setting-up "convert" in "/dev/shm/jobs/32926059/dcm2niix91jp6ixj/convert".
230210-15:29:46,754 nipype.workflow INFO:
	 [Node] Executing "convert" <nipype.interfaces.dcm2nii.Dcm2niix>
INFO: [Node] Executing "convert" <nipype.interfaces.dcm2nii.Dcm2niix>
230210-15:30:23,244 nipype.interface INFO:
	 stdout 2023-02-10T15:30:23.244178:Chris Rorden's dcm2niiX version v1.0.20220720  (JP2:OpenJPEG) (JP-LS:CharLS) GCC10.2.1 x86-64 (64-bit Linux)
INFO: stdout 2023-02-10T15:30:23.244178:Chris Rorden's dcm2niiX version v1.0.20220720  (JP2:OpenJPEG) (JP-LS:CharLS) GCC10.2.1 x86-64 (64-bit Linux)
230210-15:30:23,244 nipype.interface INFO:
	 stdout 2023-02-10T15:30:23.244178:Found 10400 DICOM file(s)
INFO: stdout 2023-02-10T15:30:23.244178:Found 10400 DICOM file(s)
230210-15:30:23,244 nipype.interface INFO:
	 stdout 2023-02-10T15:30:23.244178:Warning: Unable to determine slice times for early GE HyperBand.
INFO: stdout 2023-02-10T15:30:23.244178:Warning: Unable to determine slice times for early GE HyperBand.
230210-15:30:23,244 nipype.interface INFO:
	 stdout 2023-02-10T15:30:23.244178:Convert 10400 DICOM as /nesi/nobackup/uoa03264/fMRIpipeline_data/processed_test_long1/bids/sub-rugby1/ses-b/func/sub-rugby1_ses-b_task-rest_run-001_bold_heudiconv399 (64x64x52x200)
INFO: stdout 2023-02-10T15:30:23.244178:Convert 10400 DICOM as /nesi/nobackup/uoa03264/fMRIpipeline_data/processed_test_long1/bids/sub-rugby1/ses-b/func/sub-rugby1_ses-b_task-rest_run-001_bold_heudiconv399 (64x64x52x200)
230210-15:30:27,18 nipype.interface INFO:
	 stdout 2023-02-10T15:30:27.018723:Compress: "/usr/bin/pigz" -b 960 -n -f -6 "/nesi/nobackup/uoa03264/fMRIpipeline_data/processed_test_long1/bids/sub-rugby1/ses-b/func/sub-rugby1_ses-b_task-rest_run-001_bold_heudiconv399.nii"
INFO: stdout 2023-02-10T15:30:27.018723:Compress: "/usr/bin/pigz" -b 960 -n -f -6 "/nesi/nobackup/uoa03264/fMRIpipeline_data/processed_test_long1/bids/sub-rugby1/ses-b/func/sub-rugby1_ses-b_task-rest_run-001_bold_heudiconv399.nii"
230210-15:30:27,19 nipype.interface INFO:
	 stdout 2023-02-10T15:30:27.018723:Conversion required 40.218004 seconds (3.869554 for core code).
INFO: stdout 2023-02-10T15:30:27.018723:Conversion required 40.218004 seconds (3.869554 for core code).
230210-15:30:27,118 nipype.workflow INFO:
	 [Node] Finished "convert", elapsed time 40.36199s.
INFO: [Node] Finished "convert", elapsed time 40.36199s.
230210-15:30:27,496 nipype.workflow INFO:
	 [Node] Setting-up "embedder" in "/dev/shm/jobs/32926059/embedmeta18nlr905/embedder".
INFO: [Node] Setting-up "embedder" in "/dev/shm/jobs/32926059/embedmeta18nlr905/embedder".
230210-15:30:28,856 nipype.workflow INFO:
	 [Node] Executing "embedder" <nipype.interfaces.utility.wrappers.Function>
INFO: [Node] Executing "embedder" <nipype.interfaces.utility.wrappers.Function>
230210-15:34:25,733 nipype.workflow INFO:
	 [Node] Finished "embedder", elapsed time 236.87495s.
INFO: [Node] Finished "embedder", elapsed time 236.87495s.
INFO: Post-treating /nesi/nobackup/uoa03264/fMRIpipeline_data/processed_test_long1/bids/sub-rugby1/ses-b/func/sub-rugby1_ses-b_task-rest_run-001_bold.json file
INFO: Populating template files under /nesi/nobackup/uoa03264/fMRIpipeline_data/processed_test_long1/bids/
INFO: PROCESSING DONE: {'subject': 'rugby1', 'outdir': '/nesi/nobackup/uoa03264/fMRIpipeline_data/processed_test_long1/bids/', 'session': 'b'}
[Fri Feb 10 15:34:28 2023]
Finished job 0.
1 of 1 steps (100%) done
