Building DAG of jobs...
Using shell: /usr/bin/bash
Provided cores: 2
Rules claiming more threads will be scaled down.
Select jobs to execute...

[Fri Dec  9 16:08:01 2022]
rule heudiconv:
    input: /nesi/nobackup/uoa03264/fMRIpipeline_data/processed_test/tidy/sub_rugby1/ses_b/.completed
    output: /nesi/nobackup/uoa03264/fMRIpipeline_data/processed_test/bids/sub-rugby1/ses-b, /nesi/nobackup/uoa03264/fMRIpipeline_data/processed_test/bids/.heudiconv/rugby1/ses-b
    jobid: 0
    wildcards: resultsdir=/nesi/nobackup/uoa03264/fMRIpipeline_data/processed_test, subject=rugby1, session=b
    resources: mem_mb=4000, disk_mb=1000, tmpdir=/dev/shm/jobs/31830281, cpus=2, time_min=60, gpu=0

heudiconv --dicom_dir_template '/nesi/nobackup/uoa03264/fMRIpipeline_data/processed_test/tidy/sub_{subject}/ses_{session}/*/*' --outdir /nesi/nobackup/uoa03264/fMRIpipeline_data/processed_test/bids --heuristic scripts/heuristic.py --subjects rugby1 --ses b --converter dcm2niix --bids --overwrite
Activating singularity image /scale_wlg_persistent/filesets/project/uoa03264/fmri_workflow/.snakemake/singularity/10b2306ed15c5efc917232958423bfe6.simg
INFO: Running heudiconv version 0.11.4.post18+g1fe815b.d20221025 latest 0.11.6
INFO: Need to process 1 study sessions
INFO: PROCESSING STARTS: {'subject': 'rugby1', 'outdir': '/nesi/nobackup/uoa03264/fMRIpipeline_data/processed_test/bids/', 'session': 'b'}
INFO: Processing 10700 dicoms
INFO: Analyzing 10700 dicoms
INFO: Generated sequence info for 2 studies with 10700 entries total
INFO: Doing conversion using dcm2niix
INFO: Converting /nesi/nobackup/uoa03264/fMRIpipeline_data/processed_test/bids/sub-rugby1/ses-b/anat/sub-rugby1_ses-b_run-001_T1w (300 DICOMs) -> /nesi/nobackup/uoa03264/fMRIpipeline_data/processed_test/bids/sub-rugby1/ses-b/anat . Converter: dcm2niix . Output types: ('nii.gz',)
221209-16:09:10,333 nipype.workflow INFO:
	 [Node] Setting-up "convert" in "/dev/shm/jobs/31830281/dcm2niix6q3r71z5/convert".
INFO: [Node] Setting-up "convert" in "/dev/shm/jobs/31830281/dcm2niix6q3r71z5/convert".
221209-16:09:10,455 nipype.workflow INFO:
	 [Node] Executing "convert" <nipype.interfaces.dcm2nii.Dcm2niix>
INFO: [Node] Executing "convert" <nipype.interfaces.dcm2nii.Dcm2niix>
221209-16:09:10,672 nipype.interface INFO:
	 stdout 2022-12-09T16:09:10.672576:Chris Rorden's dcm2niiX version v1.0.20220720  (JP2:OpenJPEG) (JP-LS:CharLS) GCC10.2.1 x86-64 (64-bit Linux)
INFO: stdout 2022-12-09T16:09:10.672576:Chris Rorden's dcm2niiX version v1.0.20220720  (JP2:OpenJPEG) (JP-LS:CharLS) GCC10.2.1 x86-64 (64-bit Linux)
221209-16:09:10,672 nipype.interface INFO:
	 stdout 2022-12-09T16:09:10.672576:Found 300 DICOM file(s)
INFO: stdout 2022-12-09T16:09:10.672576:Found 300 DICOM file(s)
221209-16:09:10,673 nipype.interface INFO:
	 stdout 2022-12-09T16:09:10.672576:Resolved discrepancy between tags (0020,1002; 0021,104F; 0054,0081)
INFO: stdout 2022-12-09T16:09:10.672576:Resolved discrepancy between tags (0020,1002; 0021,104F; 0054,0081)
221209-16:09:10,673 nipype.interface INFO:
	 stdout 2022-12-09T16:09:10.672576:Convert 300 DICOM as /nesi/nobackup/uoa03264/fMRIpipeline_data/processed_test/bids/sub-rugby1/ses-b/anat/sub-rugby1_ses-b_run-001_T1w_heudiconv158 (512x512x300x1)
INFO: stdout 2022-12-09T16:09:10.672576:Convert 300 DICOM as /nesi/nobackup/uoa03264/fMRIpipeline_data/processed_test/bids/sub-rugby1/ses-b/anat/sub-rugby1_ses-b_run-001_T1w_heudiconv158 (512x512x300x1)
221209-16:09:17,146 nipype.interface INFO:
	 stdout 2022-12-09T16:09:17.146470:Compress: "/usr/bin/pigz" -b 960 -n -f -6 "/nesi/nobackup/uoa03264/fMRIpipeline_data/processed_test/bids/sub-rugby1/ses-b/anat/sub-rugby1_ses-b_run-001_T1w_heudiconv158.nii"
INFO: stdout 2022-12-09T16:09:17.146470:Compress: "/usr/bin/pigz" -b 960 -n -f -6 "/nesi/nobackup/uoa03264/fMRIpipeline_data/processed_test/bids/sub-rugby1/ses-b/anat/sub-rugby1_ses-b_run-001_T1w_heudiconv158.nii"
221209-16:09:17,146 nipype.interface INFO:
	 stdout 2022-12-09T16:09:17.146470:Conversion required 6.618757 seconds (0.543245 for core code).
INFO: stdout 2022-12-09T16:09:17.146470:Conversion required 6.618757 seconds (0.543245 for core code).
221209-16:09:17,174 nipype.workflow INFO:
	 [Node] Finished "convert", elapsed time 6.659705s.
INFO: [Node] Finished "convert", elapsed time 6.659705s.
WARNING: Failed to find task field in /nesi/nobackup/uoa03264/fMRIpipeline_data/processed_test/bids/sub-rugby1/ses-b/anat/sub-rugby1_ses-b_run-001_T1w.json.
221209-16:09:17,199 nipype.workflow INFO:
	 [Node] Setting-up "embedder" in "/dev/shm/jobs/31830281/embedmetazxv6jne0/embedder".
INFO: [Node] Setting-up "embedder" in "/dev/shm/jobs/31830281/embedmetazxv6jne0/embedder".
221209-16:09:17,239 nipype.workflow INFO:
	 [Node] Executing "embedder" <nipype.interfaces.utility.wrappers.Function>
INFO: [Node] Executing "embedder" <nipype.interfaces.utility.wrappers.Function>
/opt/miniconda-py39_4.12.0/lib/python3.9/site-packages/pydicom/valuerep.py:290: UserWarning: The value length (32) exceeds the maximum length of 16 allowed for VR SH.
  warnings.warn(msg)
221209-16:09:22,253 nipype.workflow INFO:
	 [Node] Finished "embedder", elapsed time 5.012793s.
INFO: [Node] Finished "embedder", elapsed time 5.012793s.
INFO: Post-treating /nesi/nobackup/uoa03264/fMRIpipeline_data/processed_test/bids/sub-rugby1/ses-b/anat/sub-rugby1_ses-b_run-001_T1w.json file
INFO: Converting /nesi/nobackup/uoa03264/fMRIpipeline_data/processed_test/bids/sub-rugby1/ses-b/func/sub-rugby1_ses-b_task-rest_run-001_bold (10400 DICOMs) -> /nesi/nobackup/uoa03264/fMRIpipeline_data/processed_test/bids/sub-rugby1/ses-b/func . Converter: dcm2niix . Output types: ('nii.gz',)
221209-16:09:22,735 nipype.workflow INFO:
	 [Node] Setting-up "convert" in "/dev/shm/jobs/31830281/dcm2niix4exoqi3b/convert".
INFO: [Node] Setting-up "convert" in "/dev/shm/jobs/31830281/dcm2niix4exoqi3b/convert".
221209-16:09:27,20 nipype.workflow INFO:
	 [Node] Executing "convert" <nipype.interfaces.dcm2nii.Dcm2niix>
INFO: [Node] Executing "convert" <nipype.interfaces.dcm2nii.Dcm2niix>
221209-16:09:30,144 nipype.interface INFO:
	 stdout 2022-12-09T16:09:30.144602:Chris Rorden's dcm2niiX version v1.0.20220720  (JP2:OpenJPEG) (JP-LS:CharLS) GCC10.2.1 x86-64 (64-bit Linux)
INFO: stdout 2022-12-09T16:09:30.144602:Chris Rorden's dcm2niiX version v1.0.20220720  (JP2:OpenJPEG) (JP-LS:CharLS) GCC10.2.1 x86-64 (64-bit Linux)
221209-16:09:30,144 nipype.interface INFO:
	 stdout 2022-12-09T16:09:30.144602:Found 10400 DICOM file(s)
INFO: stdout 2022-12-09T16:09:30.144602:Found 10400 DICOM file(s)
221209-16:09:30,144 nipype.interface INFO:
	 stdout 2022-12-09T16:09:30.144602:Warning: Unable to determine slice times for early GE HyperBand.
INFO: stdout 2022-12-09T16:09:30.144602:Warning: Unable to determine slice times for early GE HyperBand.
221209-16:09:30,145 nipype.interface INFO:
	 stdout 2022-12-09T16:09:30.144602:Convert 10400 DICOM as /nesi/nobackup/uoa03264/fMRIpipeline_data/processed_test/bids/sub-rugby1/ses-b/func/sub-rugby1_ses-b_task-rest_run-001_bold_heudiconv248 (64x64x52x200)
INFO: stdout 2022-12-09T16:09:30.144602:Convert 10400 DICOM as /nesi/nobackup/uoa03264/fMRIpipeline_data/processed_test/bids/sub-rugby1/ses-b/func/sub-rugby1_ses-b_task-rest_run-001_bold_heudiconv248 (64x64x52x200)
221209-16:09:33,877 nipype.interface INFO:
	 stdout 2022-12-09T16:09:33.877559:Compress: "/usr/bin/pigz" -b 960 -n -f -6 "/nesi/nobackup/uoa03264/fMRIpipeline_data/processed_test/bids/sub-rugby1/ses-b/func/sub-rugby1_ses-b_task-rest_run-001_bold_heudiconv248.nii"
INFO: stdout 2022-12-09T16:09:33.877559:Compress: "/usr/bin/pigz" -b 960 -n -f -6 "/nesi/nobackup/uoa03264/fMRIpipeline_data/processed_test/bids/sub-rugby1/ses-b/func/sub-rugby1_ses-b_task-rest_run-001_bold_heudiconv248.nii"
221209-16:09:33,877 nipype.interface INFO:
	 stdout 2022-12-09T16:09:33.877559:Conversion required 6.819676 seconds (3.088645 for core code).
INFO: stdout 2022-12-09T16:09:33.877559:Conversion required 6.819676 seconds (3.088645 for core code).
221209-16:09:33,925 nipype.workflow INFO:
	 [Node] Finished "convert", elapsed time 6.903206s.
INFO: [Node] Finished "convert", elapsed time 6.903206s.
221209-16:09:34,247 nipype.workflow INFO:
	 [Node] Setting-up "embedder" in "/dev/shm/jobs/31830281/embedmetalnub77le/embedder".
INFO: [Node] Setting-up "embedder" in "/dev/shm/jobs/31830281/embedmetalnub77le/embedder".
221209-16:09:35,452 nipype.workflow INFO:
	 [Node] Executing "embedder" <nipype.interfaces.utility.wrappers.Function>
INFO: [Node] Executing "embedder" <nipype.interfaces.utility.wrappers.Function>
221209-16:12:32,170 nipype.workflow INFO:
	 [Node] Finished "embedder", elapsed time 176.716088s.
INFO: [Node] Finished "embedder", elapsed time 176.716088s.
INFO: Post-treating /nesi/nobackup/uoa03264/fMRIpipeline_data/processed_test/bids/sub-rugby1/ses-b/func/sub-rugby1_ses-b_task-rest_run-001_bold.json file
INFO: Populating template files under /nesi/nobackup/uoa03264/fMRIpipeline_data/processed_test/bids/
INFO: PROCESSING DONE: {'subject': 'rugby1', 'outdir': '/nesi/nobackup/uoa03264/fMRIpipeline_data/processed_test/bids/', 'session': 'b'}
[Fri Dec  9 16:12:33 2022]
Finished job 0.
1 of 1 steps (100%) done
