Building DAG of jobs...
Using shell: /usr/bin/bash
Provided cores: 16
Rules claiming more threads will be scaled down.
Select jobs to execute...

[Fri Dec  9 16:08:01 2022]
rule fmriprep:
    input: /nesi/nobackup/uoa03264/fMRIpipeline_data/processed_test/bids/sub-control17/ses-b, /nesi/nobackup/uoa03264/fMRIpipeline_data/processed_test/bids/derivatives/freesurfer_agg/sub-control17
    output: /nesi/nobackup/uoa03264/fMRIpipeline_data/processed_test/bids/derivatives/fmriprep/sub-control17
    jobid: 0
    wildcards: resultsdir=/nesi/nobackup/uoa03264/fMRIpipeline_data/processed_test, subject=control17
    threads: 16
    resources: mem_mb=20000, disk_mb=1000, tmpdir=/dev/shm/jobs/31830277, cpus=16, time_min=1440, gpu=0

fmriprep /nesi/nobackup/uoa03264/fMRIpipeline_data/processed_test/bids /nesi/nobackup/uoa03264/fMRIpipeline_data/processed_test/bids/derivatives/fmriprep participant --participant-label control17 --skip-bids-validation --md-only-boilerplate --fs-license-file license.txt --fs-subjects-dir /nesi/nobackup/uoa03264/fMRIpipeline_data/processed_test/bids/derivatives/freesurfer_agg --output-spaces MNI152NLin2009cAsym:res-2 --stop-on-first-crash --low-mem --mem-mb 20000 --nprocs 16 -w /nesi/nobackup/uoa03264/fMRIpipeline_data/processed_test/work
Activating singularity image /scale_wlg_persistent/filesets/project/uoa03264/fmri_workflow/.snakemake/singularity/8ba2e11db7a36df6ed76807c131c9dc5.simg
221209-03:08:21,408 nipype.workflow IMPORTANT:
	 Running fMRIPrep version 22.0.2

         License NOTICE ##################################################
         fMRIPrep 22.0.2
         Copyright 2022 The NiPreps Developers.
         
         This product includes software developed by
         the NiPreps Community (https://nipreps.org/).
         
         Portions of this software were developed at the Department of
         Psychology at Stanford University, Stanford, CA, US.
         
         This software redistributes the versioneer Python package, which is
         Public domain source code.
         
         This software is also distributed as a Docker container image.
         The bootstraping file for the image ("Dockerfile") is licensed
         under the MIT License.
         
         This software may be distributed through an add-on package called
         "Docker Wrapper" that is under the BSD 3-clause License.
         #################################################################
221209-03:08:21,444 nipype.workflow IMPORTANT:
	 Building fMRIPrep's workflow:
           * BIDS dataset path: /nesi/nobackup/uoa03264/fMRIpipeline_data/processed_test/bids.
           * Participant list: ['control17'].
           * Run identifier: 20221209-030807_3857a8ea-1522-4c86-b996-bc1230b7b6f9.
           * Output spaces: MNI152NLin2009cAsym:res-2.
           * Pre-run FreeSurfer's SUBJECTS_DIR: /nesi/nobackup/uoa03264/fMRIpipeline_data/processed_test/bids/derivatives/freesurfer_agg.
221209-03:08:23,332 nipype.workflow INFO:
	 No single-band-reference found for sub-control17_ses-b_task-rest_run-001_bold.nii.gz.
221209-03:08:23,713 nipype.workflow INFO:
	 No single-band-reference found for sub-control17_ses-b_task-rest_run-002_bold.nii.gz.
221209-03:08:23,803 nipype.workflow IMPORTANT:
	 BOLD series will be slice-timing corrected to an offset of 0.981s.
221209-03:08:26,833 nipype.workflow INFO:
	 fMRIPrep workflow graph with 579 nodes built successfully.
221209-03:08:39,296 nipype.workflow IMPORTANT:
	 fMRIPrep started!
221209-03:08:44,261 nipype.workflow INFO:
	 [Node] Setting-up "fmriprep_22_0_wf.single_subject_control17_wf.anat_preproc_wf.brain_extraction_wf.full_wm" in "/nesi/nobackup/uoa03264/fMRIpipeline_data/processed_test/work/fmriprep_22_0_wf/single_subject_control17_wf/anat_preproc_wf/brain_extraction_wf/full_wm".
221209-03:08:44,266 nipype.workflow INFO:
	 [Node] Executing "full_wm" <nipype.interfaces.utility.wrappers.Function>
221209-03:08:44,491 nipype.workflow INFO:
	 [Node] Setting-up "fmriprep_22_0_wf.single_subject_control17_wf.anat_preproc_wf.brain_extraction_wf.res_tmpl" in "/nesi/nobackup/uoa03264/fMRIpipeline_data/processed_test/work/fmriprep_22_0_wf/single_subject_control17_wf/anat_preproc_wf/brain_extraction_wf/res_tmpl".
221209-03:08:44,495 nipype.workflow INFO:
	 [Node] Executing "res_tmpl" <niworkflows.interfaces.nibabel.RegridToZooms>
221209-03:08:45,214 nipype.workflow INFO:
	 [Node] Setting-up "fmriprep_22_0_wf.single_subject_control17_wf.func_preproc_ses_b_task_rest_run_001_wf.bold_source" in "/nesi/nobackup/uoa03264/fMRIpipeline_data/processed_test/work/fmriprep_22_0_wf/single_subject_control17_wf/func_preproc_ses_b_task_rest_run_001_wf/bold_source".
221209-03:08:45,214 nipype.workflow INFO:
	 [Node] Setting-up "fmriprep_22_0_wf.single_subject_control17_wf.func_preproc_ses_b_task_rest_run_001_wf.func_derivatives_wf.raw_sources" in "/nesi/nobackup/uoa03264/fMRIpipeline_data/processed_test/work/fmriprep_22_0_wf/single_subject_control17_wf/func_preproc_ses_b_task_rest_run_001_wf/func_derivatives_wf/raw_sources".
221209-03:08:45,221 nipype.workflow INFO:
	 [Node] Executing "bold_source" <nipype.interfaces.utility.base.Select>
221209-03:08:45,221 nipype.workflow INFO:
	 [Node] Executing "raw_sources" <nipype.interfaces.utility.wrappers.Function>
221209-03:08:45,232 nipype.workflow INFO:
	 [Node] Finished "bold_source", elapsed time 0.000681s.
221209-03:08:45,232 nipype.workflow INFO:
	 [Node] Finished "raw_sources", elapsed time 0.000894s.
221209-03:08:45,294 nipype.workflow INFO:
	 [Node] Finished "full_wm", elapsed time 1.016502s.
221209-03:08:45,304 nipype.workflow INFO:
	 [Node] Setting-up "fmriprep_22_0_wf.single_subject_control17_wf.func_preproc_ses_b_task_rest_run_002_wf.bold_source" in "/nesi/nobackup/uoa03264/fMRIpipeline_data/processed_test/work/fmriprep_22_0_wf/single_subject_control17_wf/func_preproc_ses_b_task_rest_run_002_wf/bold_source".
221209-03:08:45,309 nipype.workflow INFO:
	 [Node] Executing "bold_source" <nipype.interfaces.utility.base.Select>
221209-03:08:45,311 nipype.workflow INFO:
	 [Node] Setting-up "fmriprep_22_0_wf.single_subject_control17_wf.func_preproc_ses_b_task_rest_run_002_wf.func_derivatives_wf.raw_sources" in "/nesi/nobackup/uoa03264/fMRIpipeline_data/processed_test/work/fmriprep_22_0_wf/single_subject_control17_wf/func_preproc_ses_b_task_rest_run_002_wf/func_derivatives_wf/raw_sources".
221209-03:08:45,312 nipype.workflow INFO:
	 [Node] Finished "bold_source", elapsed time 0.000499s.
221209-03:08:45,316 nipype.workflow INFO:
	 [Node] Executing "raw_sources" <nipype.interfaces.utility.wrappers.Function>
221209-03:08:45,328 nipype.workflow INFO:
	 [Node] Finished "raw_sources", elapsed time 0.00108s.
221209-03:08:45,385 nipype.workflow INFO:
	 [Node] Setting-up "fmriprep_22_0_wf.single_subject_control17_wf.anat_preproc_wf.brain_extraction_wf.lap_tmpl" in "/nesi/nobackup/uoa03264/fMRIpipeline_data/processed_test/work/fmriprep_22_0_wf/single_subject_control17_wf/anat_preproc_wf/brain_extraction_wf/lap_tmpl".
221209-03:08:45,390 nipype.workflow INFO:
	 [Node] Executing "lap_tmpl" <nipype.interfaces.ants.utils.ImageMath>
221209-03:08:45,406 nipype.workflow INFO:
	 [Node] Setting-up "_val_bold0" in "/nesi/nobackup/uoa03264/fMRIpipeline_data/processed_test/work/fmriprep_22_0_wf/single_subject_control17_wf/func_preproc_ses_b_task_rest_run_002_wf/initial_boldref_wf/val_bold/mapflow/_val_bold0".
221209-03:08:45,410 nipype.workflow INFO:
	 [Node] Executing "_val_bold0" <niworkflows.interfaces.header.ValidateImage>
221209-03:08:45,471 nipype.workflow INFO:
	 [Node] Finished "_val_bold0", elapsed time 0.058299s.
221209-03:08:45,583 nipype.workflow INFO:
	 [Node] Setting-up "fmriprep_22_0_wf.single_subject_control17_wf.func_preproc_ses_b_task_rest_run_001_wf.initial_boldref_wf.get_dummy" in "/nesi/nobackup/uoa03264/fMRIpipeline_data/processed_test/work/fmriprep_22_0_wf/single_subject_control17_wf/func_preproc_ses_b_task_rest_run_001_wf/initial_boldref_wf/get_dummy".
221209-03:08:45,587 nipype.workflow INFO:
	 [Node] Executing "get_dummy" <niworkflows.interfaces.bold.NonsteadyStatesDetector>
221209-03:08:45,608 nipype.workflow INFO:
	 [Node] Setting-up "_val_bold0" in "/nesi/nobackup/uoa03264/fMRIpipeline_data/processed_test/work/fmriprep_22_0_wf/single_subject_control17_wf/func_preproc_ses_b_task_rest_run_001_wf/initial_boldref_wf/val_bold/mapflow/_val_bold0".
221209-03:08:45,611 nipype.workflow INFO:
	 [Node] Executing "_val_bold0" <niworkflows.interfaces.header.ValidateImage>
221209-03:08:45,657 nipype.workflow INFO:
	 [Node] Finished "_val_bold0", elapsed time 0.043925s.
221209-03:08:45,683 nipype.workflow INFO:
	 [Node] Setting-up "fmriprep_22_0_wf.single_subject_control17_wf.func_preproc_ses_b_task_rest_run_002_wf.initial_boldref_wf.get_dummy" in "/nesi/nobackup/uoa03264/fMRIpipeline_data/processed_test/work/fmriprep_22_0_wf/single_subject_control17_wf/func_preproc_ses_b_task_rest_run_002_wf/initial_boldref_wf/get_dummy".
221209-03:08:45,687 nipype.workflow INFO:
	 [Node] Executing "get_dummy" <niworkflows.interfaces.bold.NonsteadyStatesDetector>
221209-03:08:45,878 nipype.workflow INFO:
	 [Node] Setting-up "fmriprep_22_0_wf.single_subject_control17_wf.bidssrc" in "/nesi/nobackup/uoa03264/fMRIpipeline_data/processed_test/work/fmriprep_22_0_wf/single_subject_control17_wf/bidssrc".
221209-03:08:45,883 nipype.workflow INFO:
	 [Node] Executing "bidssrc" <niworkflows.interfaces.bids.BIDSDataGrabber>
221209-03:08:45,890 nipype.interface INFO:
	 No "t2w" images found for sub-control17
221209-03:08:45,890 nipype.interface INFO:
	 No "flair" images found for sub-control17
221209-03:08:45,891 nipype.interface INFO:
	 No "fmap" images found for sub-control17
221209-03:08:45,891 nipype.interface INFO:
	 No "sbref" images found for sub-control17
221209-03:08:45,891 nipype.interface INFO:
	 No "roi" images found for sub-control17
221209-03:08:45,892 nipype.workflow INFO:
	 [Node] Finished "bidssrc", elapsed time 0.00085s.
221209-03:08:46,154 nipype.workflow INFO:
	 [Node] Finished "res_tmpl", elapsed time 1.65043s.
221209-03:08:46,300 nipype.workflow INFO:
	 [Node] Finished "get_dummy", elapsed time 0.609893s.
221209-03:08:46,344 nipype.workflow INFO:
	 [Node] Finished "get_dummy", elapsed time 0.754423s.
221209-03:08:47,742 nipype.workflow INFO:
	 [Node] Setting-up "fmriprep_22_0_wf.single_subject_control17_wf.func_preproc_ses_b_task_rest_run_001_wf.select_bold" in "/nesi/nobackup/uoa03264/fMRIpipeline_data/processed_test/work/fmriprep_22_0_wf/single_subject_control17_wf/func_preproc_ses_b_task_rest_run_001_wf/select_bold".
221209-03:08:47,793 nipype.workflow INFO:
	 [Node] Setting-up "fmriprep_22_0_wf.single_subject_control17_wf.anat_preproc_wf.anat_template_wf.t1w_ref_dimensions" in "/nesi/nobackup/uoa03264/fMRIpipeline_data/processed_test/work/fmriprep_22_0_wf/single_subject_control17_wf/anat_preproc_wf/anat_template_wf/t1w_ref_dimensions".
221209-03:08:48,36 nipype.workflow INFO:
	 [Node] Executing "select_bold" <nipype.interfaces.utility.base.Select>
221209-03:08:48,46 nipype.workflow INFO:
	 [Node] Finished "select_bold", elapsed time 0.000583s.
221209-03:08:48,113 nipype.workflow INFO:
	 [Node] Setting-up "fmriprep_22_0_wf.single_subject_control17_wf.func_preproc_ses_b_task_rest_run_002_wf.select_bold" in "/nesi/nobackup/uoa03264/fMRIpipeline_data/processed_test/work/fmriprep_22_0_wf/single_subject_control17_wf/func_preproc_ses_b_task_rest_run_002_wf/select_bold".
221209-03:08:48,116 nipype.workflow INFO:
	 [Node] Setting-up "fmriprep_22_0_wf.single_subject_control17_wf.func_preproc_ses_b_task_rest_run_001_wf.initial_boldref_wf.gen_avg" in "/nesi/nobackup/uoa03264/fMRIpipeline_data/processed_test/work/fmriprep_22_0_wf/single_subject_control17_wf/func_preproc_ses_b_task_rest_run_001_wf/initial_boldref_wf/gen_avg".
221209-03:08:48,160 nipype.workflow INFO:
	 [Node] Executing "gen_avg" <niworkflows.interfaces.images.RobustAverage>
221209-03:08:48,433 nipype.workflow INFO:
	 [Node] Executing "select_bold" <nipype.interfaces.utility.base.Select>
221209-03:08:48,441 nipype.workflow INFO:
	 [Node] Finished "select_bold", elapsed time 0.000524s.
221209-03:08:48,594 nipype.workflow INFO:
	 [Node] Setting-up "fmriprep_22_0_wf.single_subject_control17_wf.func_preproc_ses_b_task_rest_run_002_wf.initial_boldref_wf.gen_avg" in "/nesi/nobackup/uoa03264/fMRIpipeline_data/processed_test/work/fmriprep_22_0_wf/single_subject_control17_wf/func_preproc_ses_b_task_rest_run_002_wf/initial_boldref_wf/gen_avg".
221209-03:08:48,601 nipype.workflow INFO:
	 [Node] Executing "gen_avg" <niworkflows.interfaces.images.RobustAverage>
221209-03:08:48,946 nipype.workflow INFO:
	 [Node] Executing "t1w_ref_dimensions" <niworkflows.interfaces.images.TemplateDimensions>
221209-03:08:48,985 nipype.workflow INFO:
	 [Node] Setting-up "fmriprep_22_0_wf.single_subject_control17_wf.bids_info" in "/nesi/nobackup/uoa03264/fMRIpipeline_data/processed_test/work/fmriprep_22_0_wf/single_subject_control17_wf/bids_info".
221209-03:08:48,990 nipype.workflow INFO:
	 [Node] Executing "bids_info" <niworkflows.interfaces.bids.BIDSInfo>
221209-03:08:49,5 nipype.workflow INFO:
	 [Node] Finished "bids_info", elapsed time 0.005639s.
221209-03:08:49,91 nipype.workflow INFO:
	 [Node] Finished "t1w_ref_dimensions", elapsed time 0.137381s.
221209-03:08:49,96 nipype.interface INFO:
	 stderr 2022-12-09T03:08:49.096048:++ 3dvolreg: AFNI version=AFNI_22.1.14 (Jun 24 2022) [64-bit]
221209-03:08:49,96 nipype.interface INFO:
	 stderr 2022-12-09T03:08:49.096048:++ Authored by: RW Cox
221209-03:08:49,101 nipype.interface INFO:
	 stderr 2022-12-09T03:08:49.101061:** AFNI converts NIFTI_datatype=4 (INT16) in file /nesi/nobackup/uoa03264/fMRIpipeline_data/processed_test/work/fmriprep_22_0_wf/single_subject_control17_wf/func_preproc_ses_b_task_rest_run_001_wf/initial_boldref_wf/gen_avg/sub-control17_ses-b_task-rest_run-001_bold_sliced.nii.gz to FLOAT32
221209-03:08:49,101 nipype.interface INFO:
	 stderr 2022-12-09T03:08:49.101149:     Warnings of this type will be muted for this session.
221209-03:08:49,101 nipype.interface INFO:
	 stderr 2022-12-09T03:08:49.101149:     Set AFNI_NIFTI_TYPE_WARN to YES to see them all, NO to see none.
221209-03:08:49,106 nipype.interface INFO:
	 stderr 2022-12-09T03:08:49.106408:++ Coarse del was 10, replaced with 5
221209-03:08:49,206 nipype.interface INFO:
	 stderr 2022-12-09T03:08:49.206474:++ 3dvolreg: AFNI version=AFNI_22.1.14 (Jun 24 2022) [64-bit]
221209-03:08:49,206 nipype.interface INFO:
	 stderr 2022-12-09T03:08:49.206474:++ Authored by: RW Cox
221209-03:08:49,207 nipype.interface INFO:
	 stderr 2022-12-09T03:08:49.207419:** AFNI converts NIFTI_datatype=4 (INT16) in file /nesi/nobackup/uoa03264/fMRIpipeline_data/processed_test/work/fmriprep_22_0_wf/single_subject_control17_wf/func_preproc_ses_b_task_rest_run_002_wf/initial_boldref_wf/gen_avg/sub-control17_ses-b_task-rest_run-002_bold_sliced.nii.gz to FLOAT32
221209-03:08:49,207 nipype.interface INFO:
	 stderr 2022-12-09T03:08:49.207498:     Warnings of this type will be muted for this session.
221209-03:08:49,207 nipype.interface INFO:
	 stderr 2022-12-09T03:08:49.207498:     Set AFNI_NIFTI_TYPE_WARN to YES to see them all, NO to see none.
221209-03:08:49,208 nipype.interface INFO:
	 stderr 2022-12-09T03:08:49.207989:++ Coarse del was 10, replaced with 5
221209-03:08:49,669 nipype.workflow INFO:
	 [Node] Setting-up "fmriprep_22_0_wf.single_subject_control17_wf.anat_preproc_wf.fs_isrunning" in "/nesi/nobackup/uoa03264/fMRIpipeline_data/processed_test/work/fmriprep_22_0_wf/single_subject_control17_wf/anat_preproc_wf/fs_isrunning".
221209-03:08:49,683 nipype.workflow INFO:
	 [Node] Setting-up "_t1w_conform0" in "/nesi/nobackup/uoa03264/fMRIpipeline_data/processed_test/work/fmriprep_22_0_wf/single_subject_control17_wf/anat_preproc_wf/anat_template_wf/t1w_conform/mapflow/_t1w_conform0".
221209-03:08:49,686 nipype.workflow INFO:
	 [Node] Executing "_t1w_conform0" <niworkflows.interfaces.images.Conform>
221209-03:08:49,731 nipype.workflow INFO:
	 [Node] Finished "_t1w_conform0", elapsed time 0.042954s.
221209-03:08:49,860 nipype.workflow INFO:
	 [Node] Setting-up "fmriprep_22_0_wf.single_subject_control17_wf.anat_preproc_wf.anat_derivatives_wf.raw_sources" in "/nesi/nobackup/uoa03264/fMRIpipeline_data/processed_test/work/fmriprep_22_0_wf/single_subject_control17_wf/anat_preproc_wf/anat_derivatives_wf/raw_sources".
221209-03:08:49,872 nipype.workflow INFO:
	 [Node] Executing "raw_sources" <nipype.interfaces.utility.wrappers.Function>
221209-03:08:49,875 nipype.workflow INFO:
	 [Node] Finished "raw_sources", elapsed time 0.000547s.
221209-03:08:49,933 nipype.workflow INFO:
	 [Node] Setting-up "fmriprep_22_0_wf.single_subject_control17_wf.func_preproc_ses_b_task_rest_run_001_wf.bold_split" in "/nesi/nobackup/uoa03264/fMRIpipeline_data/processed_test/work/fmriprep_22_0_wf/single_subject_control17_wf/func_preproc_ses_b_task_rest_run_001_wf/bold_split".
221209-03:08:49,938 nipype.workflow INFO:
	 [Node] Executing "bold_split" <nipype.interfaces.fsl.utils.Split>
221209-03:08:51,98 nipype.workflow INFO:
	 [Node] Executing "fs_isrunning" <nipype.interfaces.utility.wrappers.Function>
221209-03:08:51,109 nipype.workflow INFO:
	 [Node] Finished "fs_isrunning", elapsed time 0.002979s.
221209-03:08:51,109 nipype.workflow WARNING:
	 Storing result file without outputs
221209-03:08:51,145 nipype.workflow WARNING:
	 [Node] Error on "fmriprep_22_0_wf.single_subject_control17_wf.anat_preproc_wf.fs_isrunning" (/nesi/nobackup/uoa03264/fMRIpipeline_data/processed_test/work/fmriprep_22_0_wf/single_subject_control17_wf/anat_preproc_wf/fs_isrunning)
221209-03:08:51,378 nipype.workflow ERROR:
	 Node fs_isrunning failed to run on host wmc019.
221209-03:08:51,384 nipype.workflow ERROR:
	 Saving crash info to /nesi/nobackup/uoa03264/fMRIpipeline_data/processed_test/bids/derivatives/fmriprep/sub-control17/log/20221209-030807_3857a8ea-1522-4c86-b996-bc1230b7b6f9/crash-20221209-030851-jmcg465-fs_isrunning-070c3282-2a46-45d8-a149-ad6e4e61edf2.txt
Traceback (most recent call last):
  File "/opt/conda/lib/python3.9/site-packages/nipype/pipeline/plugins/multiproc.py", line 67, in run_node
    result["result"] = node.run(updatehash=updatehash)
  File "/opt/conda/lib/python3.9/site-packages/nipype/pipeline/engine/nodes.py", line 527, in run
    result = self._run_interface(execute=True)
  File "/opt/conda/lib/python3.9/site-packages/nipype/pipeline/engine/nodes.py", line 645, in _run_interface
    return self._run_command(execute)
  File "/opt/conda/lib/python3.9/site-packages/nipype/pipeline/engine/nodes.py", line 771, in _run_command
    raise NodeExecutionError(msg)
nipype.pipeline.engine.nodes.NodeExecutionError: Exception raised while executing Node fs_isrunning.

Traceback:
	Traceback (most recent call last):
	  File "/opt/conda/lib/python3.9/site-packages/nipype/interfaces/base/core.py", line 398, in run
	    runtime = self._run_interface(runtime)
	  File "/opt/conda/lib/python3.9/site-packages/nipype/interfaces/utility/wrappers.py", line 142, in _run_interface
	    out = function_handle(**args)
	  File "<string>", line 36, in fs_isRunning
	RuntimeError: The FreeSurfer's subject folder </nesi/nobackup/uoa03264/fMRIpipeline_data/processed_test/bids/derivatives/freesurfer_agg/sub-control17> contains IsRunning files that may pertain to a current or past execution: (PosixPath('/nesi/nobackup/uoa03264/fMRIpipeline_data/processed_test/bids/derivatives/freesurfer_agg/sub-control17/scripts/IsRunning.lh+rh'),).
	FreeSurfer cannot run if these are present, to avoid interfering with a running process. Please, make sure no other process is running ``recon-all`` on this subject and proceed to delete the files listed above.


221209-03:08:51,725 nipype.workflow INFO:
	 [Node] Setting-up "fmriprep_22_0_wf.single_subject_control17_wf.func_preproc_ses_b_task_rest_run_002_wf.bold_stc_wf.slice_timing_correction" in "/nesi/nobackup/uoa03264/fMRIpipeline_data/processed_test/work/fmriprep_22_0_wf/single_subject_control17_wf/func_preproc_ses_b_task_rest_run_002_wf/bold_stc_wf/slice_timing_correction".
221209-03:08:51,733 nipype.workflow INFO:
	 [Node] Executing "slice_timing_correction" <fmriprep.workflows.bold.stc.TShift>
Traceback (most recent call last):
  File "/opt/conda/lib/python3.9/site-packages/fmriprep/cli/run.py", line 114, in main
    fmriprep_wf.run(**config.nipype.get_plugin())
  File "/opt/conda/lib/python3.9/site-packages/nipype/pipeline/engine/workflows.py", line 638, in run
    runner.run(execgraph, updatehash=updatehash, config=self.config)
  File "/opt/conda/lib/python3.9/site-packages/nipype/pipeline/plugins/base.py", line 166, in run
    self._clean_queue(jobid, graph, result=result)
  File "/opt/conda/lib/python3.9/site-packages/nipype/pipeline/plugins/base.py", line 244, in _clean_queue
    raise RuntimeError("".join(result["traceback"]))
RuntimeError: Traceback (most recent call last):
  File "/opt/conda/lib/python3.9/site-packages/nipype/pipeline/plugins/multiproc.py", line 67, in run_node
    result["result"] = node.run(updatehash=updatehash)
  File "/opt/conda/lib/python3.9/site-packages/nipype/pipeline/engine/nodes.py", line 527, in run
    result = self._run_interface(execute=True)
  File "/opt/conda/lib/python3.9/site-packages/nipype/pipeline/engine/nodes.py", line 645, in _run_interface
    return self._run_command(execute)
  File "/opt/conda/lib/python3.9/site-packages/nipype/pipeline/engine/nodes.py", line 771, in _run_command
    raise NodeExecutionError(msg)
nipype.pipeline.engine.nodes.NodeExecutionError: Exception raised while executing Node fs_isrunning.

Traceback:
	Traceback (most recent call last):
	  File "/opt/conda/lib/python3.9/site-packages/nipype/interfaces/base/core.py", line 398, in run
	    runtime = self._run_interface(runtime)
	  File "/opt/conda/lib/python3.9/site-packages/nipype/interfaces/utility/wrappers.py", line 142, in _run_interface
	    out = function_handle(**args)
	  File "<string>", line 36, in fs_isRunning
	RuntimeError: The FreeSurfer's subject folder </nesi/nobackup/uoa03264/fMRIpipeline_data/processed_test/bids/derivatives/freesurfer_agg/sub-control17> contains IsRunning files that may pertain to a current or past execution: (PosixPath('/nesi/nobackup/uoa03264/fMRIpipeline_data/processed_test/bids/derivatives/freesurfer_agg/sub-control17/scripts/IsRunning.lh+rh'),).
	FreeSurfer cannot run if these are present, to avoid interfering with a running process. Please, make sure no other process is running ``recon-all`` on this subject and proceed to delete the files listed above.



During handling of the above exception, another exception occurred:

Traceback (most recent call last):
  File "/opt/conda/lib/python3.9/site-packages/fmriprep/cli/run.py", line 128, in main
    process_crashfile(crashfile)
  File "/opt/conda/lib/python3.9/site-packages/fmriprep/utils/sentry.py", line 85, in process_crashfile
    crash_info = read_crashfile(str(crashfile))
  File "/opt/conda/lib/python3.9/site-packages/niworkflows/utils/misc.py", line 148, in read_crashfile
    return _read_txt(path)
  File "/opt/conda/lib/python3.9/site-packages/niworkflows/utils/misc.py", line 205, in _read_txt
    cur_key, cur_val = tuple(line.split(" = ", 1))
ValueError: not enough values to unpack (expected 2, got 1)

During handling of the above exception, another exception occurred:

Traceback (most recent call last):
  File "/opt/conda/bin/fmriprep", line 8, in <module>
    sys.exit(main())
  File "/opt/conda/lib/python3.9/site-packages/fmriprep/cli/run.py", line 172, in main
    failed_reports = generate_reports(
  File "/opt/conda/lib/python3.9/site-packages/fmriprep/reports/core.py", line 107, in generate_reports
    report_errors = [
  File "/opt/conda/lib/python3.9/site-packages/fmriprep/reports/core.py", line 108, in <listcomp>
    run_reports(
  File "/opt/conda/lib/python3.9/site-packages/fmriprep/reports/core.py", line 90, in run_reports
    return Report(
  File "/opt/conda/lib/python3.9/site-packages/niworkflows/reports/core.py", line 291, in __init__
    self._load_config(Path(config or pkgrf("niworkflows", "reports/default.yml")))
  File "/opt/conda/lib/python3.9/site-packages/fmriprep/reports/core.py", line 48, in _load_config
    self.index(settings["sections"])
  File "/opt/conda/lib/python3.9/site-packages/niworkflows/reports/core.py", line 378, in index
    self.errors = [read_crashfile(str(f)) for f in error_dir.glob("crash*.*")]
  File "/opt/conda/lib/python3.9/site-packages/niworkflows/reports/core.py", line 378, in <listcomp>
    self.errors = [read_crashfile(str(f)) for f in error_dir.glob("crash*.*")]
  File "/opt/conda/lib/python3.9/site-packages/niworkflows/utils/misc.py", line 148, in read_crashfile
    return _read_txt(path)
  File "/opt/conda/lib/python3.9/site-packages/niworkflows/utils/misc.py", line 205, in _read_txt
    cur_key, cur_val = tuple(line.split(" = ", 1))
ValueError: not enough values to unpack (expected 2, got 1)
221209-03:08:53,654 nipype.workflow INFO:
	 [Node] Finished "bold_split", elapsed time 3.714646s.
221209-03:08:54,56 nipype.workflow INFO:
	 [Node] Finished "lap_tmpl", elapsed time 8.465498s.
221209-03:08:57,568 nipype.workflow INFO:
	 [Node] Finished "slice_timing_correction", elapsed time 5.833552s.
221209-03:09:05,127 nipype.interface INFO:
	 stderr 2022-12-09T03:09:05.127809:++ Max displacement in automask = 0.19 (mm) at sub-brick 9
221209-03:09:05,128 nipype.interface INFO:
	 stderr 2022-12-09T03:09:05.127809:++ Max delta displ  in automask = 0.15 (mm) at sub-brick 5
221209-03:09:05,405 nipype.interface INFO:
	 stderr 2022-12-09T03:09:05.404991:++ Max displacement in automask = 0.25 (mm) at sub-brick 19
221209-03:09:05,405 nipype.interface INFO:
	 stderr 2022-12-09T03:09:05.404991:++ Max delta displ  in automask = 0.17 (mm) at sub-brick 19
221209-03:09:06,303 nipype.workflow INFO:
	 [Node] Finished "gen_avg", elapsed time 18.140958s.
221209-03:09:06,548 nipype.workflow INFO:
	 [Node] Finished "gen_avg", elapsed time 17.945123s.
[Fri Dec  9 16:09:07 2022]
Error in rule fmriprep:
    jobid: 0
    output: /nesi/nobackup/uoa03264/fMRIpipeline_data/processed_test/bids/derivatives/fmriprep/sub-control17
    shell:
        fmriprep /nesi/nobackup/uoa03264/fMRIpipeline_data/processed_test/bids /nesi/nobackup/uoa03264/fMRIpipeline_data/processed_test/bids/derivatives/fmriprep participant --participant-label control17 --skip-bids-validation --md-only-boilerplate --fs-license-file license.txt --fs-subjects-dir /nesi/nobackup/uoa03264/fMRIpipeline_data/processed_test/bids/derivatives/freesurfer_agg --output-spaces MNI152NLin2009cAsym:res-2 --stop-on-first-crash --low-mem --mem-mb 20000 --nprocs 16 -w /nesi/nobackup/uoa03264/fMRIpipeline_data/processed_test/work
        (one of the commands exited with non-zero exit code; note that snakemake uses bash strict mode!)

Removing output files of failed job fmriprep since they might be corrupted:
/nesi/nobackup/uoa03264/fMRIpipeline_data/processed_test/bids/derivatives/fmriprep/sub-control17
Shutting down, this might take some time.
Exiting because a job execution failed. Look above for error message
