Building DAG of jobs...
Using shell: /usr/bin/bash
Provided cores: 8
Rules claiming more threads will be scaled down.
Provided resources: mem_mb=25000, mem_mib=23842, disk_mb=1000, disk_mib=954, cpus=8, time_min=180, gpu=0
Select jobs to execute...

[Tue Mar 14 11:25:30 2023]
rule fmriprep:
    input: /nesi/nobackup/uoa03264/fMRIpipeline_data/processed_test_josh/bids/sub-ctrl18/ses-a, /nesi/nobackup/uoa03264/fMRIpipeline_data/processed_test_josh/bids/derivatives/freesurfer_agg/sub-ctrl18
    output: /nesi/nobackup/uoa03264/fMRIpipeline_data/processed_test_josh/bids/derivatives/fmriprep/sub-ctrl18, /nesi/nobackup/uoa03264/fMRIpipeline_data/processed_test_josh/bids/derivatives/fmriprep/sub-ctrl18.html
    jobid: 0
    reason: Missing output files: /nesi/nobackup/uoa03264/fMRIpipeline_data/processed_test_josh/bids/derivatives/fmriprep/sub-ctrl18.html, /nesi/nobackup/uoa03264/fMRIpipeline_data/processed_test_josh/bids/derivatives/fmriprep/sub-ctrl18
    wildcards: resultsdir=/nesi/nobackup/uoa03264/fMRIpipeline_data/processed_test_josh, subject=ctrl18
    threads: 8
    resources: mem_mb=25000, mem_mib=23842, disk_mb=1000, disk_mib=954, tmpdir=/dev/shm/jobs/33427516, cpus=8, time_min=180, gpu=0

fmriprep /nesi/nobackup/uoa03264/fMRIpipeline_data/processed_test_josh/bids /nesi/nobackup/uoa03264/fMRIpipeline_data/processed_test_josh/bids/derivatives/fmriprep participant --participant-label ctrl18 --skip-bids-validation --md-only-boilerplate --fs-subjects-dir /nesi/nobackup/uoa03264/fMRIpipeline_data/processed_test_josh/bids/derivatives/freesurfer_agg --output-spaces MNI152NLin2009cAsym:res-2 --stop-on-first-crash --low-mem --mem-mb 25000 --nprocs 8 -w /nesi/nobackup/uoa03264/fMRIpipeline_data/processed_test_josh/work --fs-license-file ./license.txt
Activating singularity image /scale_wlg_persistent/filesets/project/uoa03264/fmri_workflow/.snakemake/singularity/8ba2e11db7a36df6ed76807c131c9dc5.simg
You are using fMRIPrep-22.0.2, and a newer version of fMRIPrep is available: 22.1.1.
Please check out our documentation about how and when to upgrade:
https://fmriprep.readthedocs.io/en/latest/faq.html#upgrading
230313-22:25:52,876 nipype.workflow IMPORTANT:
	 Running fMRIPrep version 22.0.2

         License NOTICE ##################################################
         fMRIPrep 22.0.2
         Copyright 2022 The NiPreps Developers.
         
         This product includes software developed by
         the NiPreps Community (https://nipreps.org/).
         
         Portions of this software were developed at the Department of
         Psychology at Stanford University, Stanford, CA, US.
         
         This software redistributes the versioneer Python package, which is
         Public domain source code.
         
         This software is also distributed as a Docker container image.
         The bootstraping file for the image ("Dockerfile") is licensed
         under the MIT License.
         
         This software may be distributed through an add-on package called
         "Docker Wrapper" that is under the BSD 3-clause License.
         #################################################################
230313-22:25:52,878 nipype.workflow WARNING:
	 Previous output generated by version 0+unknown found.
230313-22:25:52,932 nipype.workflow IMPORTANT:
	 Building fMRIPrep's workflow:
           * BIDS dataset path: /nesi/nobackup/uoa03264/fMRIpipeline_data/processed_test_josh/bids.
           * Participant list: ['ctrl18'].
           * Run identifier: 20230313-222537_de2f116f-b59c-4312-9042-332a0619f212.
           * Output spaces: MNI152NLin2009cAsym:res-2.
           * Pre-run FreeSurfer's SUBJECTS_DIR: /nesi/nobackup/uoa03264/fMRIpipeline_data/processed_test_josh/bids/derivatives/freesurfer_agg.
230313-22:25:55,44 nipype.workflow INFO:
	 No single-band-reference found for sub-ctrl18_ses-a_task-rest_run-001_bold.nii.gz.
230313-22:25:55,146 nipype.workflow IMPORTANT:
	 BOLD series will be slice-timing corrected to an offset of 0.721s.
230313-22:25:55,420 nipype.workflow INFO:
	 No single-band-reference found for sub-ctrl18_ses-a_task-rest_run-002_bold.nii.gz.
230313-22:25:55,508 nipype.workflow IMPORTANT:
	 BOLD series will be slice-timing corrected to an offset of 0.981s.
230313-22:25:58,567 nipype.workflow INFO:
	 fMRIPrep workflow graph with 583 nodes built successfully.
230313-22:26:10,771 nipype.workflow IMPORTANT:
	 fMRIPrep started!
230313-22:26:22,9 nipype.workflow INFO:
	 [Node] Setting-up "fmriprep_22_0_wf.single_subject_ctrl18_wf.anat_preproc_wf.fs_isrunning" in "/nesi/nobackup/uoa03264/fMRIpipeline_data/processed_test_josh/work/fmriprep_22_0_wf/single_subject_ctrl18_wf/anat_preproc_wf/fs_isrunning".
230313-22:26:22,19 nipype.workflow INFO:
	 [Node] Executing "fs_isrunning" <nipype.interfaces.utility.wrappers.Function>
230313-22:26:22,25 nipype.workflow INFO:
	 [Node] Finished "fs_isrunning", elapsed time 0.00163s.
230313-22:26:46,890 nipype.workflow INFO:
	 [Node] Setting-up "fmriprep_22_0_wf.single_subject_ctrl18_wf.anat_preproc_wf.surface_recon_wf.autorecon1" in "/nesi/nobackup/uoa03264/fMRIpipeline_data/processed_test_josh/work/fmriprep_22_0_wf/single_subject_ctrl18_wf/anat_preproc_wf/surface_recon_wf/autorecon1".
230313-22:26:46,900 nipype.workflow INFO:
	 [Node] Executing "autorecon1" <smriprep.interfaces.freesurfer.ReconAll>
230313-22:26:46,905 nipype.interface INFO:
	 recon-all complete : Not running
230313-22:26:46,906 nipype.interface INFO:
	 recon-all complete : Not running
230313-22:26:47,67 nipype.workflow INFO:
	 [Node] Finished "autorecon1", elapsed time 0.165599s.
230313-22:27:59,704 nipype.workflow INFO:
	 [Node] Setting-up "fmriprep_22_0_wf.single_subject_ctrl18_wf.anat_preproc_wf.surface_recon_wf.skull_strip_extern" in "/nesi/nobackup/uoa03264/fMRIpipeline_data/processed_test_josh/work/fmriprep_22_0_wf/single_subject_ctrl18_wf/anat_preproc_wf/surface_recon_wf/skull_strip_extern".
230313-22:27:59,713 nipype.workflow INFO:
	 [Node] Executing "skull_strip_extern" <niworkflows.interfaces.freesurfer.FSInjectBrainExtracted>
230313-22:28:00,138 nipype.workflow INFO:
	 [Node] Finished "skull_strip_extern", elapsed time 0.424215s.
230313-22:28:01,35 nipype.workflow INFO:
	 [Node] Setting-up "fmriprep_22_0_wf.single_subject_ctrl18_wf.anat_preproc_wf.surface_recon_wf.autorecon_resume_wf.autorecon2_vol" in "/nesi/nobackup/uoa03264/fMRIpipeline_data/processed_test_josh/work/fmriprep_22_0_wf/single_subject_ctrl18_wf/anat_preproc_wf/surface_recon_wf/autorecon_resume_wf/autorecon2_vol".
230313-22:28:01,173 nipype.workflow INFO:
	 [Node] Executing "autorecon2_vol" <smriprep.interfaces.freesurfer.ReconAll>
230313-22:28:01,175 nipype.interface INFO:
	 recon-all complete : Not running
230313-22:28:01,176 nipype.interface INFO:
	 recon-all complete : Not running
230313-22:28:01,267 nipype.workflow INFO:
	 [Node] Finished "autorecon2_vol", elapsed time 0.093196s.
230313-22:29:01,77 nipype.workflow INFO:
	 [Node] Setting-up "_autorecon_surfs0" in "/nesi/nobackup/uoa03264/fMRIpipeline_data/processed_test_josh/work/fmriprep_22_0_wf/single_subject_ctrl18_wf/anat_preproc_wf/surface_recon_wf/autorecon_resume_wf/autorecon_surfs/mapflow/_autorecon_surfs0".
230313-22:29:01,123 nipype.workflow INFO:
	 [Node] Executing "_autorecon_surfs0" <smriprep.interfaces.freesurfer.ReconAll>
230313-22:29:01,126 nipype.interface INFO:
	 recon-all complete : Not running
230313-22:29:01,127 nipype.interface INFO:
	 recon-all complete : Not running
230313-22:29:01,202 nipype.workflow INFO:
	 [Node] Finished "_autorecon_surfs0", elapsed time 0.077996s.
230313-22:29:03,144 nipype.workflow INFO:
	 [Node] Setting-up "_autorecon_surfs1" in "/nesi/nobackup/uoa03264/fMRIpipeline_data/processed_test_josh/work/fmriprep_22_0_wf/single_subject_ctrl18_wf/anat_preproc_wf/surface_recon_wf/autorecon_resume_wf/autorecon_surfs/mapflow/_autorecon_surfs1".
230313-22:29:03,245 nipype.workflow INFO:
	 [Node] Executing "_autorecon_surfs1" <smriprep.interfaces.freesurfer.ReconAll>
230313-22:29:03,248 nipype.interface INFO:
	 recon-all complete : Not running
230313-22:29:03,249 nipype.interface INFO:
	 recon-all complete : Not running
230313-22:29:03,370 nipype.workflow INFO:
	 [Node] Finished "_autorecon_surfs1", elapsed time 0.123832s.
230313-22:29:05,206 nipype.workflow INFO:
	 [Node] Setting-up "_autorecon_surfs0" in "/nesi/nobackup/uoa03264/fMRIpipeline_data/processed_test_josh/work/fmriprep_22_0_wf/single_subject_ctrl18_wf/anat_preproc_wf/surface_recon_wf/autorecon_resume_wf/autorecon_surfs/mapflow/_autorecon_surfs0".
230313-22:29:05,210 nipype.workflow INFO:
	 [Node] Executing "_autorecon_surfs0" <smriprep.interfaces.freesurfer.ReconAll>
230313-22:29:05,213 nipype.interface INFO:
	 recon-all complete : Not running
230313-22:29:05,214 nipype.interface INFO:
	 recon-all complete : Not running
230313-22:29:05,368 nipype.workflow INFO:
	 [Node] Finished "_autorecon_surfs0", elapsed time 0.156209s.
230313-22:29:05,374 nipype.workflow INFO:
	 [Node] Setting-up "_autorecon_surfs1" in "/nesi/nobackup/uoa03264/fMRIpipeline_data/processed_test_josh/work/fmriprep_22_0_wf/single_subject_ctrl18_wf/anat_preproc_wf/surface_recon_wf/autorecon_resume_wf/autorecon_surfs/mapflow/_autorecon_surfs1".
230313-22:29:05,379 nipype.workflow INFO:
	 [Node] Executing "_autorecon_surfs1" <smriprep.interfaces.freesurfer.ReconAll>
230313-22:29:05,381 nipype.interface INFO:
	 recon-all complete : Not running
230313-22:29:05,382 nipype.interface INFO:
	 recon-all complete : Not running
230313-22:29:05,544 nipype.workflow INFO:
	 [Node] Finished "_autorecon_surfs1", elapsed time 0.164038s.
230313-22:29:07,182 nipype.workflow INFO:
	 [Node] Setting-up "fmriprep_22_0_wf.single_subject_ctrl18_wf.anat_preproc_wf.surface_recon_wf.autorecon_resume_wf.cortribbon" in "/nesi/nobackup/uoa03264/fMRIpipeline_data/processed_test_josh/work/fmriprep_22_0_wf/single_subject_ctrl18_wf/anat_preproc_wf/surface_recon_wf/autorecon_resume_wf/cortribbon".
230313-22:29:07,217 nipype.workflow INFO:
	 [Node] Executing "cortribbon" <smriprep.interfaces.freesurfer.ReconAll>
230313-22:29:07,219 nipype.interface INFO:
	 recon-all complete : Not running
230313-22:29:07,219 nipype.interface INFO:
	 recon-all complete : Not running
230313-22:29:07,386 nipype.workflow INFO:
	 [Node] Finished "cortribbon", elapsed time 0.16751s.
230313-22:29:11,101 nipype.workflow INFO:
	 [Node] Setting-up "_parcstats0" in "/nesi/nobackup/uoa03264/fMRIpipeline_data/processed_test_josh/work/fmriprep_22_0_wf/single_subject_ctrl18_wf/anat_preproc_wf/surface_recon_wf/autorecon_resume_wf/parcstats/mapflow/_parcstats0".
230313-22:29:11,148 nipype.workflow INFO:
	 [Node] Executing "_parcstats0" <smriprep.interfaces.freesurfer.ReconAll>
230313-22:29:11,151 nipype.interface INFO:
	 recon-all complete : Not running
230313-22:29:11,152 nipype.interface INFO:
	 recon-all complete : Not running
230313-22:29:11,228 nipype.workflow INFO:
	 [Node] Finished "_parcstats0", elapsed time 0.078477s.
230313-22:29:13,102 nipype.workflow INFO:
	 [Node] Setting-up "_parcstats1" in "/nesi/nobackup/uoa03264/fMRIpipeline_data/processed_test_josh/work/fmriprep_22_0_wf/single_subject_ctrl18_wf/anat_preproc_wf/surface_recon_wf/autorecon_resume_wf/parcstats/mapflow/_parcstats1".
230313-22:29:13,143 nipype.workflow INFO:
	 [Node] Executing "_parcstats1" <smriprep.interfaces.freesurfer.ReconAll>
230313-22:29:13,146 nipype.interface INFO:
	 recon-all complete : Not running
230313-22:29:13,148 nipype.interface INFO:
	 recon-all complete : Not running
230313-22:29:13,223 nipype.workflow INFO:
	 [Node] Finished "_parcstats1", elapsed time 0.078887s.
230313-22:29:15,117 nipype.workflow INFO:
	 [Node] Setting-up "_parcstats0" in "/nesi/nobackup/uoa03264/fMRIpipeline_data/processed_test_josh/work/fmriprep_22_0_wf/single_subject_ctrl18_wf/anat_preproc_wf/surface_recon_wf/autorecon_resume_wf/parcstats/mapflow/_parcstats0".
230313-22:29:15,120 nipype.workflow INFO:
	 [Node] Executing "_parcstats0" <smriprep.interfaces.freesurfer.ReconAll>
230313-22:29:15,122 nipype.interface INFO:
	 recon-all complete : Not running
230313-22:29:15,124 nipype.interface INFO:
	 recon-all complete : Not running
230313-22:29:15,205 nipype.workflow INFO:
	 [Node] Finished "_parcstats0", elapsed time 0.084038s.
230313-22:29:15,210 nipype.workflow INFO:
	 [Node] Setting-up "_parcstats1" in "/nesi/nobackup/uoa03264/fMRIpipeline_data/processed_test_josh/work/fmriprep_22_0_wf/single_subject_ctrl18_wf/anat_preproc_wf/surface_recon_wf/autorecon_resume_wf/parcstats/mapflow/_parcstats1".
230313-22:29:15,214 nipype.workflow INFO:
	 [Node] Executing "_parcstats1" <smriprep.interfaces.freesurfer.ReconAll>
230313-22:29:15,216 nipype.interface INFO:
	 recon-all complete : Not running
230313-22:29:15,218 nipype.interface INFO:
	 recon-all complete : Not running
230313-22:29:15,290 nipype.workflow INFO:
	 [Node] Finished "_parcstats1", elapsed time 0.075004s.
230313-22:29:17,97 nipype.workflow INFO:
	 [Node] Setting-up "fmriprep_22_0_wf.single_subject_ctrl18_wf.anat_preproc_wf.surface_recon_wf.autorecon_resume_wf.autorecon3" in "/nesi/nobackup/uoa03264/fMRIpipeline_data/processed_test_josh/work/fmriprep_22_0_wf/single_subject_ctrl18_wf/anat_preproc_wf/surface_recon_wf/autorecon_resume_wf/autorecon3".
230313-22:29:17,110 nipype.workflow INFO:
	 [Node] Executing "autorecon3" <smriprep.interfaces.freesurfer.ReconAll>
230313-22:29:17,113 nipype.interface INFO:
	 resume recon-all : recon-all -autorecon3 -openmp 7 -subjid sub-ctrl18 -sd /nesi/nobackup/uoa03264/fMRIpipeline_data/processed_test_josh/bids/derivatives/freesurfer_agg -nosphere -nosurfreg -nojacobian_white -noavgcurv -nocortparc -nopial -noparcstats -nocortparc2 -noparcstats2 -nocortparc3 -noparcstats3 -nopctsurfcon -nocortribbon -nohyporelabel -noaparc2aseg -nosegstats -nowmparc -nobalabels
230313-22:29:17,115 nipype.interface INFO:
	 resume recon-all : recon-all -autorecon3 -openmp 7 -subjid sub-ctrl18 -sd /nesi/nobackup/uoa03264/fMRIpipeline_data/processed_test_josh/bids/derivatives/freesurfer_agg -nosphere -nosurfreg -nojacobian_white -noavgcurv -nocortparc -nopial -noparcstats -nocortparc2 -noparcstats2 -nocortparc3 -noparcstats3 -nopctsurfcon -nocortribbon -nohyporelabel -noaparc2aseg -nosegstats -nowmparc -nobalabels
230313-22:29:21,242 nipype.workflow INFO:
	 [Node] Finished "autorecon3", elapsed time 4.130867s.
230313-22:29:21,244 nipype.workflow WARNING:
	 [Node] Error on "fmriprep_22_0_wf.single_subject_ctrl18_wf.anat_preproc_wf.surface_recon_wf.autorecon_resume_wf.autorecon3" (/nesi/nobackup/uoa03264/fMRIpipeline_data/processed_test_josh/work/fmriprep_22_0_wf/single_subject_ctrl18_wf/anat_preproc_wf/surface_recon_wf/autorecon_resume_wf/autorecon3)
230313-22:29:23,19 nipype.workflow ERROR:
	 Node autorecon3 failed to run on host wmc009.
230313-22:29:23,23 nipype.workflow ERROR:
	 Saving crash info to /nesi/nobackup/uoa03264/fMRIpipeline_data/processed_test_josh/bids/derivatives/fmriprep/sub-ctrl18/log/20230313-222537_de2f116f-b59c-4312-9042-332a0619f212/crash-20230313-222923-jmcg465-autorecon3-5bb2cafd-48ac-43a8-b461-28f1947dcd52.txt
Traceback (most recent call last):
  File "/opt/conda/lib/python3.9/site-packages/nipype/pipeline/plugins/multiproc.py", line 67, in run_node
    result["result"] = node.run(updatehash=updatehash)
  File "/opt/conda/lib/python3.9/site-packages/nipype/pipeline/engine/nodes.py", line 527, in run
    result = self._run_interface(execute=True)
  File "/opt/conda/lib/python3.9/site-packages/nipype/pipeline/engine/nodes.py", line 645, in _run_interface
    return self._run_command(execute)
  File "/opt/conda/lib/python3.9/site-packages/nipype/pipeline/engine/nodes.py", line 771, in _run_command
    raise NodeExecutionError(msg)
nipype.pipeline.engine.nodes.NodeExecutionError: Exception raised while executing Node autorecon3.

Cmdline:
	recon-all -autorecon3 -openmp 7 -subjid sub-ctrl18 -sd /nesi/nobackup/uoa03264/fMRIpipeline_data/processed_test_josh/bids/derivatives/freesurfer_agg -nosphere -nosurfreg -nojacobian_white -noavgcurv -nocortparc -nopial -noparcstats -nocortparc2 -noparcstats2 -nocortparc3 -noparcstats3 -nopctsurfcon -nocortribbon -nohyporelabel -noaparc2aseg -nosegstats -nowmparc -nobalabels
Stdout:
	INFO: FreeSurfer build stamps do not match
	Subject Stamp: freesurfer-Linux-centos6_x86_64-stable-pub-v6.0.1-f53a55a
	Current Stamp: freesurfer-linux-ubuntu18_x86_64-7.2.0-20210721-aa8f76b
	INFO: SUBJECTS_DIR is /nesi/nobackup/uoa03264/fMRIpipeline_data/processed_test_josh/bids/derivatives/freesurfer_agg
	Actual FREESURFER_HOME /opt/freesurfer
	-rw-rw----+ 1 jmcg465 uoa03264 992775 Mar  3 02:29 /nesi/nobackup/uoa03264/fMRIpipeline_data/processed_test_josh/bids/derivatives/freesurfer_agg/sub-ctrl18/scripts/recon-all.log
	Linux wmc009 4.18.0-348.23.1.el8_5.x86_64 #1 SMP Wed Apr 27 15:32:52 UTC 2022 x86_64 x86_64 x86_64 GNU/Linux
	/nesi/nobackup/uoa03264/fMRIpipeline_data/processed_test_josh/bids/derivatives/freesurfer_agg/sub-ctrl18/mri/transforms /nesi/nobackup/uoa03264/fMRIpipeline_data/processed_test_josh/bids/derivatives/freesurfer_agg/sub-ctrl18 
	/nesi/nobackup/uoa03264/fMRIpipeline_data/processed_test_josh/bids/derivatives/freesurfer_agg/sub-ctrl18 
	#--------------------------------------------
	#@# WhiteSurfs lh Mon Mar 13 22:29:21 UTC 2023
	cd /nesi/nobackup/uoa03264/fMRIpipeline_data/processed_test_josh/bids/derivatives/freesurfer_agg/sub-ctrl18/mri
	mris_place_surface --adgws-in ../surf/autodet.gw.stats.lh.dat --seg aseg.presurf.mgz --threads 7 --wm wm.mgz --invol brain.finalsurfs.mgz --lh --i ../surf/lh.white.preaparc --o ../surf/lh.white --white --nsmooth 0 --rip-label ../label/lh.cortex.label --rip-bg --rip-surf ../surf/lh.white.preaparc --aparc ../label/lh.aparc.annot
	ERROR: reading ../surf/autodet.gw.stats.lh.dat
	Linux wmc009 4.18.0-348.23.1.el8_5.x86_64 #1 SMP Wed Apr 27 15:32:52 UTC 2022 x86_64 x86_64 x86_64 GNU/Linux

	recon-all -s sub-ctrl18 exited with ERRORS at Mon Mar 13 22:29:21 UTC 2023

	For more details, see the log file /nesi/nobackup/uoa03264/fMRIpipeline_data/processed_test_josh/bids/derivatives/freesurfer_agg/sub-ctrl18/scripts/recon-all.log
	To report a problem, see http://surfer.nmr.mgh.harvard.edu/fswiki/BugReporting

Stderr:

Traceback:
	RuntimeError: subprocess exited with code 1.

230313-22:29:23,38 nipype.workflow CRITICAL:
	 fMRIPrep failed: Traceback (most recent call last):
  File "/opt/conda/lib/python3.9/site-packages/nipype/pipeline/plugins/multiproc.py", line 67, in run_node
    result["result"] = node.run(updatehash=updatehash)
  File "/opt/conda/lib/python3.9/site-packages/nipype/pipeline/engine/nodes.py", line 527, in run
    result = self._run_interface(execute=True)
  File "/opt/conda/lib/python3.9/site-packages/nipype/pipeline/engine/nodes.py", line 645, in _run_interface
    return self._run_command(execute)
  File "/opt/conda/lib/python3.9/site-packages/nipype/pipeline/engine/nodes.py", line 771, in _run_command
    raise NodeExecutionError(msg)
nipype.pipeline.engine.nodes.NodeExecutionError: Exception raised while executing Node autorecon3.

Cmdline:
	recon-all -autorecon3 -openmp 7 -subjid sub-ctrl18 -sd /nesi/nobackup/uoa03264/fMRIpipeline_data/processed_test_josh/bids/derivatives/freesurfer_agg -nosphere -nosurfreg -nojacobian_white -noavgcurv -nocortparc -nopial -noparcstats -nocortparc2 -noparcstats2 -nocortparc3 -noparcstats3 -nopctsurfcon -nocortribbon -nohyporelabel -noaparc2aseg -nosegstats -nowmparc -nobalabels
Stdout:
	INFO: FreeSurfer build stamps do not match
	Subject Stamp: freesurfer-Linux-centos6_x86_64-stable-pub-v6.0.1-f53a55a
	Current Stamp: freesurfer-linux-ubuntu18_x86_64-7.2.0-20210721-aa8f76b
	INFO: SUBJECTS_DIR is /nesi/nobackup/uoa03264/fMRIpipeline_data/processed_test_josh/bids/derivatives/freesurfer_agg
	Actual FREESURFER_HOME /opt/freesurfer
	-rw-rw----+ 1 jmcg465 uoa03264 992775 Mar  3 02:29 /nesi/nobackup/uoa03264/fMRIpipeline_data/processed_test_josh/bids/derivatives/freesurfer_agg/sub-ctrl18/scripts/recon-all.log
	Linux wmc009 4.18.0-348.23.1.el8_5.x86_64 #1 SMP Wed Apr 27 15:32:52 UTC 2022 x86_64 x86_64 x86_64 GNU/Linux
	/nesi/nobackup/uoa03264/fMRIpipeline_data/processed_test_josh/bids/derivatives/freesurfer_agg/sub-ctrl18/mri/transforms /nesi/nobackup/uoa03264/fMRIpipeline_data/processed_test_josh/bids/derivatives/freesurfer_agg/sub-ctrl18 
	/nesi/nobackup/uoa03264/fMRIpipeline_data/processed_test_josh/bids/derivatives/freesurfer_agg/sub-ctrl18 
	#--------------------------------------------
	#@# WhiteSurfs lh Mon Mar 13 22:29:21 UTC 2023
	cd /nesi/nobackup/uoa03264/fMRIpipeline_data/processed_test_josh/bids/derivatives/freesurfer_agg/sub-ctrl18/mri
	mris_place_surface --adgws-in ../surf/autodet.gw.stats.lh.dat --seg aseg.presurf.mgz --threads 7 --wm wm.mgz --invol brain.finalsurfs.mgz --lh --i ../surf/lh.white.preaparc --o ../surf/lh.white --white --nsmooth 0 --rip-label ../label/lh.cortex.label --rip-bg --rip-surf ../surf/lh.white.preaparc --aparc ../label/lh.aparc.annot
	ERROR: reading ../surf/autodet.gw.stats.lh.dat
	Linux wmc009 4.18.0-348.23.1.el8_5.x86_64 #1 SMP Wed Apr 27 15:32:52 UTC 2022 x86_64 x86_64 x86_64 GNU/Linux

	recon-all -s sub-ctrl18 exited with ERRORS at Mon Mar 13 22:29:21 UTC 2023

	For more details, see the log file /nesi/nobackup/uoa03264/fMRIpipeline_data/processed_test_josh/bids/derivatives/freesurfer_agg/sub-ctrl18/scripts/recon-all.log
	To report a problem, see http://surfer.nmr.mgh.harvard.edu/fswiki/BugReporting

Stderr:

Traceback:
	RuntimeError: subprocess exited with code 1.

230313-22:29:23,898 cli ERROR:
	 Preprocessing did not finish successfully. Errors occurred while processing data from participants: ctrl18 (1). Check the HTML reports for details.
230313-22:29:23,898 cli ERROR:
	 Preprocessing did not finish successfully. Errors occurred while processing data from participants: ctrl18 (1). Check the HTML reports for details.
Sentry is attempting to send 4 pending error messages
Waiting up to 2 seconds
Press Ctrl-C to quit
[Tue Mar 14 11:29:25 2023]
Error in rule fmriprep:
    jobid: 0
    input: /nesi/nobackup/uoa03264/fMRIpipeline_data/processed_test_josh/bids/sub-ctrl18/ses-a, /nesi/nobackup/uoa03264/fMRIpipeline_data/processed_test_josh/bids/derivatives/freesurfer_agg/sub-ctrl18
    output: /nesi/nobackup/uoa03264/fMRIpipeline_data/processed_test_josh/bids/derivatives/fmriprep/sub-ctrl18, /nesi/nobackup/uoa03264/fMRIpipeline_data/processed_test_josh/bids/derivatives/fmriprep/sub-ctrl18.html
    shell:
        fmriprep /nesi/nobackup/uoa03264/fMRIpipeline_data/processed_test_josh/bids /nesi/nobackup/uoa03264/fMRIpipeline_data/processed_test_josh/bids/derivatives/fmriprep participant --participant-label ctrl18 --skip-bids-validation --md-only-boilerplate --fs-subjects-dir /nesi/nobackup/uoa03264/fMRIpipeline_data/processed_test_josh/bids/derivatives/freesurfer_agg --output-spaces MNI152NLin2009cAsym:res-2 --stop-on-first-crash --low-mem --mem-mb 25000 --nprocs 8 -w /nesi/nobackup/uoa03264/fMRIpipeline_data/processed_test_josh/work --fs-license-file ./license.txt
        (one of the commands exited with non-zero exit code; note that snakemake uses bash strict mode!)

Removing output files of failed job fmriprep since they might be corrupted:
/nesi/nobackup/uoa03264/fMRIpipeline_data/processed_test_josh/bids/derivatives/fmriprep/sub-ctrl18, /nesi/nobackup/uoa03264/fMRIpipeline_data/processed_test_josh/bids/derivatives/fmriprep/sub-ctrl18.html
Shutting down, this might take some time.
Exiting because a job execution failed. Look above for error message
