Building DAG of jobs...
Using shell: /usr/bin/bash
Provided cores: 8
Rules claiming more threads will be scaled down.
Provided resources: mem_mb=35000, mem_mib=33379, disk_mb=1000, disk_mib=954, cpus=8, time_min=900, gpu=0
Select jobs to execute...

[Tue Apr 25 14:07:52 2023]
rule fmriprep:
    input: /nesi/nobackup/uoa03264/fMRIpipeline_data/processed_gil/bids/sub-gil1/ses-a
    output: /nesi/nobackup/uoa03264/fMRIpipeline_data/processed_gil/bids/derivatives/fmriprep/sub-gil1
    log: /nesi/nobackup/uoa03264/fMRIpipeline_data/processed_gil/bids/derivatives/fmriprep/sub-gil1.html
    jobid: 0
    reason: Missing output files: /nesi/nobackup/uoa03264/fMRIpipeline_data/processed_gil/bids/derivatives/fmriprep/sub-gil1
    wildcards: resultsdir=/nesi/nobackup/uoa03264/fMRIpipeline_data/processed_gil, subject=gil1
    threads: 8
    resources: mem_mb=35000, mem_mib=33379, disk_mb=1000, disk_mib=954, tmpdir=/dev/shm/jobs/34849452, cpus=8, time_min=900, gpu=0

fmriprep /nesi/nobackup/uoa03264/fMRIpipeline_data/processed_gil/bids /nesi/nobackup/uoa03264/fMRIpipeline_data/processed_gil/bids/derivatives/fmriprep participant --participant-label gil1 --skip-bids-validation --md-only-boilerplate --output-spaces MNI152NLin2009cAsym:res-2 --stop-on-first-crash --low-mem --mem-mb 35000 --nprocs 8 -w /nesi/nobackup/uoa03264/fMRIpipeline_data/processed_gil/work --fs-license-file ./license.txt
Activating singularity image /scale_wlg_persistent/filesets/project/uoa03264/fmri_workflow/.snakemake/singularity/8ba2e11db7a36df6ed76807c131c9dc5.simg
You are using fMRIPrep-22.0.2, and a newer version of fMRIPrep is available: 23.0.1.
Please check out our documentation about how and when to upgrade:
https://fmriprep.readthedocs.io/en/latest/faq.html#upgrading
230425-02:08:22,614 nipype.workflow IMPORTANT:
	 Running fMRIPrep version 22.0.2

         License NOTICE ##################################################
         fMRIPrep 22.0.2
         Copyright 2022 The NiPreps Developers.
         
         This product includes software developed by
         the NiPreps Community (https://nipreps.org/).
         
         Portions of this software were developed at the Department of
         Psychology at Stanford University, Stanford, CA, US.
         
         This software redistributes the versioneer Python package, which is
         Public domain source code.
         
         This software is also distributed as a Docker container image.
         The bootstraping file for the image ("Dockerfile") is licensed
         under the MIT License.
         
         This software may be distributed through an add-on package called
         "Docker Wrapper" that is under the BSD 3-clause License.
         #################################################################
230425-02:08:22,638 nipype.workflow IMPORTANT:
	 Building fMRIPrep's workflow:
           * BIDS dataset path: /nesi/nobackup/uoa03264/fMRIpipeline_data/processed_gil/bids.
           * Participant list: ['gil1'].
           * Run identifier: 20230425-020808_c8a58425-4a5e-4a94-8159-68249e9c8a60.
           * Output spaces: MNI152NLin2009cAsym:res-2.
           * Pre-run FreeSurfer's SUBJECTS_DIR: /nesi/nobackup/uoa03264/fMRIpipeline_data/processed_gil/bids/derivatives/fmriprep/sourcedata/freesurfer.
230425-02:08:24,697 nipype.workflow INFO:
	 No single-band-reference found for sub-gil1_ses-a_task-rest_run-001_bold.nii.gz.
230425-02:08:24,805 nipype.workflow IMPORTANT:
	 BOLD series will be slice-timing corrected to an offset of 0.721s.
slurmstepd: error: *** JOB 34849452 ON wmc042 CANCELLED AT 2023-04-25T02:08:26 ***
