Building DAG of jobs...
Using shell: /usr/bin/bash
Provided cores: 2
Rules claiming more threads will be scaled down.
Select jobs to execute...

[Fri Dec  9 15:51:35 2022]
rule heudiconv:
    input: /nesi/nobackup/uoa03264/fMRIpipeline_data/processed_test/tidy/sub_rugby1/ses_b/.completed
    output: /nesi/nobackup/uoa03264/fMRIpipeline_data/processed_test/bids/sub-rugby1/ses-b, /nesi/nobackup/uoa03264/fMRIpipeline_data/processed_test/bids/.heudiconv/rugby1/ses-b
    jobid: 0
    wildcards: resultsdir=/nesi/nobackup/uoa03264/fMRIpipeline_data/processed_test, subject=rugby1, session=b
    resources: mem_mb=4000, disk_mb=1000, tmpdir=/dev/shm/jobs/31829192, cpus=2, time_min=60, gpu=0

heudiconv --dicom_dir_template '/nesi/nobackup/uoa03264/fMRIpipeline_data/processed_test/tidy/sub_{subject}/ses_{session}/*/*' --outdir /nesi/nobackup/uoa03264/fMRIpipeline_data/processed_test/bids --heuristic scripts/heuristic.py --subjects rugby1 --ses b --converter dcm2niix --bids --overwrite
Activating singularity image /scale_wlg_persistent/filesets/project/uoa03264/fmri_workflow/.snakemake/singularity/10b2306ed15c5efc917232958423bfe6.simg
INFO: Running heudiconv version 0.11.4.post18+g1fe815b.d20221025 latest 0.11.6
INFO: Need to process 1 study sessions
INFO: PROCESSING STARTS: {'subject': 'rugby1', 'outdir': '/nesi/nobackup/uoa03264/fMRIpipeline_data/processed_test/bids/', 'session': 'b'}
INFO: Processing 10700 dicoms
INFO: Analyzing 10700 dicoms
INFO: Generated sequence info for 2 studies with 10700 entries total
INFO: Doing conversion using dcm2niix
INFO: Converting /nesi/nobackup/uoa03264/fMRIpipeline_data/processed_test/bids/sub-rugby1/ses-b/anat/sub-rugby1_ses-b_run-001_T1w (300 DICOMs) -> /nesi/nobackup/uoa03264/fMRIpipeline_data/processed_test/bids/sub-rugby1/ses-b/anat . Converter: dcm2niix . Output types: ('nii.gz',)
221209-15:56:15,471 nipype.workflow INFO:
	 [Node] Setting-up "convert" in "/dev/shm/jobs/31829192/dcm2niixk86xm73k/convert".
INFO: [Node] Setting-up "convert" in "/dev/shm/jobs/31829192/dcm2niixk86xm73k/convert".
221209-15:56:15,614 nipype.workflow INFO:
	 [Node] Executing "convert" <nipype.interfaces.dcm2nii.Dcm2niix>
INFO: [Node] Executing "convert" <nipype.interfaces.dcm2nii.Dcm2niix>
221209-15:56:15,914 nipype.interface INFO:
	 stdout 2022-12-09T15:56:15.914147:Chris Rorden's dcm2niiX version v1.0.20220720  (JP2:OpenJPEG) (JP-LS:CharLS) GCC10.2.1 x86-64 (64-bit Linux)
INFO: stdout 2022-12-09T15:56:15.914147:Chris Rorden's dcm2niiX version v1.0.20220720  (JP2:OpenJPEG) (JP-LS:CharLS) GCC10.2.1 x86-64 (64-bit Linux)
221209-15:56:15,914 nipype.interface INFO:
	 stdout 2022-12-09T15:56:15.914147:Found 300 DICOM file(s)
INFO: stdout 2022-12-09T15:56:15.914147:Found 300 DICOM file(s)
221209-15:56:15,914 nipype.interface INFO:
	 stdout 2022-12-09T15:56:15.914147:Resolved discrepancy between tags (0020,1002; 0021,104F; 0054,0081)
INFO: stdout 2022-12-09T15:56:15.914147:Resolved discrepancy between tags (0020,1002; 0021,104F; 0054,0081)
221209-15:56:15,914 nipype.interface INFO:
	 stdout 2022-12-09T15:56:15.914147:Convert 300 DICOM as /nesi/nobackup/uoa03264/fMRIpipeline_data/processed_test/bids/sub-rugby1/ses-b/anat/sub-rugby1_ses-b_run-001_T1w_heudiconv481 (512x512x300x1)
INFO: stdout 2022-12-09T15:56:15.914147:Convert 300 DICOM as /nesi/nobackup/uoa03264/fMRIpipeline_data/processed_test/bids/sub-rugby1/ses-b/anat/sub-rugby1_ses-b_run-001_T1w_heudiconv481 (512x512x300x1)
221209-15:56:23,307 nipype.interface INFO:
	 stdout 2022-12-09T15:56:23.307729:Compress: "/usr/bin/pigz" -b 960 -n -f -6 "/nesi/nobackup/uoa03264/fMRIpipeline_data/processed_test/bids/sub-rugby1/ses-b/anat/sub-rugby1_ses-b_run-001_T1w_heudiconv481.nii"
INFO: stdout 2022-12-09T15:56:23.307729:Compress: "/usr/bin/pigz" -b 960 -n -f -6 "/nesi/nobackup/uoa03264/fMRIpipeline_data/processed_test/bids/sub-rugby1/ses-b/anat/sub-rugby1_ses-b_run-001_T1w_heudiconv481.nii"
221209-15:56:23,308 nipype.interface INFO:
	 stdout 2022-12-09T15:56:23.307729:Conversion required 7.584807 seconds (0.628484 for core code).
INFO: stdout 2022-12-09T15:56:23.307729:Conversion required 7.584807 seconds (0.628484 for core code).
221209-15:56:23,336 nipype.workflow INFO:
	 [Node] Finished "convert", elapsed time 7.630532s.
INFO: [Node] Finished "convert", elapsed time 7.630532s.
WARNING: Failed to find task field in /nesi/nobackup/uoa03264/fMRIpipeline_data/processed_test/bids/sub-rugby1/ses-b/anat/sub-rugby1_ses-b_run-001_T1w.json.
221209-15:56:23,370 nipype.workflow INFO:
	 [Node] Setting-up "embedder" in "/dev/shm/jobs/31829192/embedmetart0_bhqi/embedder".
INFO: [Node] Setting-up "embedder" in "/dev/shm/jobs/31829192/embedmetart0_bhqi/embedder".
221209-15:56:23,421 nipype.workflow INFO:
	 [Node] Executing "embedder" <nipype.interfaces.utility.wrappers.Function>
INFO: [Node] Executing "embedder" <nipype.interfaces.utility.wrappers.Function>
/opt/miniconda-py39_4.12.0/lib/python3.9/site-packages/pydicom/valuerep.py:290: UserWarning: The value length (32) exceeds the maximum length of 16 allowed for VR SH.
  warnings.warn(msg)
221209-15:56:29,577 nipype.workflow INFO:
	 [Node] Finished "embedder", elapsed time 6.153788s.
INFO: [Node] Finished "embedder", elapsed time 6.153788s.
INFO: Post-treating /nesi/nobackup/uoa03264/fMRIpipeline_data/processed_test/bids/sub-rugby1/ses-b/anat/sub-rugby1_ses-b_run-001_T1w.json file
INFO: Converting /nesi/nobackup/uoa03264/fMRIpipeline_data/processed_test/bids/sub-rugby1/ses-b/func/sub-rugby1_ses-b_task-rest_run-001_bold (10400 DICOMs) -> /nesi/nobackup/uoa03264/fMRIpipeline_data/processed_test/bids/sub-rugby1/ses-b/func . Converter: dcm2niix . Output types: ('nii.gz',)
221209-15:56:30,172 nipype.workflow INFO:
	 [Node] Setting-up "convert" in "/dev/shm/jobs/31829192/dcm2niixfmoe_on5/convert".
INFO: [Node] Setting-up "convert" in "/dev/shm/jobs/31829192/dcm2niixfmoe_on5/convert".
221209-15:56:35,188 nipype.workflow INFO:
	 [Node] Executing "convert" <nipype.interfaces.dcm2nii.Dcm2niix>
INFO: [Node] Executing "convert" <nipype.interfaces.dcm2nii.Dcm2niix>
221209-15:56:39,86 nipype.interface INFO:
	 stdout 2022-12-09T15:56:39.086399:Chris Rorden's dcm2niiX version v1.0.20220720  (JP2:OpenJPEG) (JP-LS:CharLS) GCC10.2.1 x86-64 (64-bit Linux)
INFO: stdout 2022-12-09T15:56:39.086399:Chris Rorden's dcm2niiX version v1.0.20220720  (JP2:OpenJPEG) (JP-LS:CharLS) GCC10.2.1 x86-64 (64-bit Linux)
221209-15:56:39,86 nipype.interface INFO:
	 stdout 2022-12-09T15:56:39.086399:Found 10400 DICOM file(s)
INFO: stdout 2022-12-09T15:56:39.086399:Found 10400 DICOM file(s)
221209-15:56:39,86 nipype.interface INFO:
	 stdout 2022-12-09T15:56:39.086399:Warning: Unable to determine slice times for early GE HyperBand.
INFO: stdout 2022-12-09T15:56:39.086399:Warning: Unable to determine slice times for early GE HyperBand.
221209-15:56:39,86 nipype.interface INFO:
	 stdout 2022-12-09T15:56:39.086399:Convert 10400 DICOM as /nesi/nobackup/uoa03264/fMRIpipeline_data/processed_test/bids/sub-rugby1/ses-b/func/sub-rugby1_ses-b_task-rest_run-001_bold_heudiconv733 (64x64x52x200)
INFO: stdout 2022-12-09T15:56:39.086399:Convert 10400 DICOM as /nesi/nobackup/uoa03264/fMRIpipeline_data/processed_test/bids/sub-rugby1/ses-b/func/sub-rugby1_ses-b_task-rest_run-001_bold_heudiconv733 (64x64x52x200)
221209-15:56:43,418 nipype.interface INFO:
	 stdout 2022-12-09T15:56:43.418721:Compress: "/usr/bin/pigz" -b 960 -n -f -6 "/nesi/nobackup/uoa03264/fMRIpipeline_data/processed_test/bids/sub-rugby1/ses-b/func/sub-rugby1_ses-b_task-rest_run-001_bold_heudiconv733.nii"
INFO: stdout 2022-12-09T15:56:43.418721:Compress: "/usr/bin/pigz" -b 960 -n -f -6 "/nesi/nobackup/uoa03264/fMRIpipeline_data/processed_test/bids/sub-rugby1/ses-b/func/sub-rugby1_ses-b_task-rest_run-001_bold_heudiconv733.nii"
221209-15:56:43,418 nipype.interface INFO:
	 stdout 2022-12-09T15:56:43.418721:Conversion required 8.188405 seconds (3.848400 for core code).
INFO: stdout 2022-12-09T15:56:43.418721:Conversion required 8.188405 seconds (3.848400 for core code).
221209-15:56:43,501 nipype.workflow INFO:
	 [Node] Finished "convert", elapsed time 8.311549s.
INFO: [Node] Finished "convert", elapsed time 8.311549s.
221209-15:56:43,889 nipype.workflow INFO:
	 [Node] Setting-up "embedder" in "/dev/shm/jobs/31829192/embedmetana9gri1z/embedder".
INFO: [Node] Setting-up "embedder" in "/dev/shm/jobs/31829192/embedmetana9gri1z/embedder".
221209-15:56:45,288 nipype.workflow INFO:
	 [Node] Executing "embedder" <nipype.interfaces.utility.wrappers.Function>
INFO: [Node] Executing "embedder" <nipype.interfaces.utility.wrappers.Function>
slurmstepd: error: *** JOB 31829192 ON wmc011 CANCELLED AT 2022-12-09T02:58:25 ***
