Building DAG of jobs...
Your conda installation is not configured to use strict channel priorities. This is however crucial for having robust and correct environments (for details, see https://conda-forge.org/docs/user/tipsandtricks.html). Please consider to configure strict priorities by executing 'conda config --set channel_priority strict'.
Using shell: /usr/bin/bash
Provided cores: 2
Rules claiming more threads will be scaled down.
Provided resources: mem_mb=6000, mem_mib=5723, disk_mb=1000, disk_mib=954, cpus=2, time_min=10, gpu=0
Select jobs to execute...

[Tue Mar 14 12:24:15 2023]
rule first_level:
    input: /nesi/nobackup/uoa03264/fMRIpipeline_data/processed_test_josh/bids/derivatives/fmriprep/sub-rugby1
    output: /nesi/nobackup/uoa03264/fMRIpipeline_data/processed_test_josh/first_level_results/sub-rugby1/ses-a/sub-rugby1_ses-a_Salience_unthresholded_fc.nii.gz, /nesi/nobackup/uoa03264/fMRIpipeline_data/processed_test_josh/first_level_results/sub-rugby1/ses-a/sub-rugby1_ses-a_Salience_figure.png
    jobid: 0
    reason: Missing output files: /nesi/nobackup/uoa03264/fMRIpipeline_data/processed_test_josh/first_level_results/sub-rugby1/ses-a/sub-rugby1_ses-a_Salience_unthresholded_fc.nii.gz, /nesi/nobackup/uoa03264/fMRIpipeline_data/processed_test_josh/first_level_results/sub-rugby1/ses-a/sub-rugby1_ses-a_Salience_figure.png
    wildcards: resultsdir=/nesi/nobackup/uoa03264/fMRIpipeline_data/processed_test_josh, subject=rugby1, session=a, network=Salience
    resources: mem_mb=6000, mem_mib=5723, disk_mb=1000, disk_mib=954, tmpdir=/dev/shm/jobs/33432143, cpus=2, time_min=10, gpu=0

python ./scripts/first_level.py /nesi/nobackup/uoa03264/fMRIpipeline_data/processed_test_josh/bids/derivatives/fmriprep/sub-rugby1/ses-a/func/sub-rugby1_ses-a_task-rest_run-001_space-MNI152NLin2009cAsym_res-2_desc-brain_mask.nii.gz /nesi/nobackup/uoa03264/fMRIpipeline_data/processed_test_josh/bids/derivatives/fmriprep/sub-rugby1/ses-a/func/sub-rugby1_ses-a_task-rest_run-001_space-MNI152NLin2009cAsym_res-2_desc-preproc_bold.nii.gz /nesi/nobackup/uoa03264/fMRIpipeline_data/processed_test_josh/bids/derivatives/fmriprep/sub-rugby1/ses-a/func/sub-rugby1_ses-a_task-rest_run-001_desc-confounds_timeseries.tsv /nesi/nobackup/uoa03264/fMRIpipeline_data/processed_test_josh/first_level_results/sub-rugby1/ses-a/sub-rugby1_ses-a_Salience_unthresholded_fc.nii.gz /nesi/nobackup/uoa03264/fMRIpipeline_data/processed_test_josh/first_level_results/sub-rugby1/ses-a/sub-rugby1_ses-a_Salience_figure.png -a_img ./atlas/MSDL_rois/msdl_rois.nii -a_lab ./atlas/MSDL_rois/msdl_rois_labels.csv -tr 1.5 -rg csf white_matter trans_x trans_y trans_z rot_x rot_y rot_z -ntwk Salience -hp 0.01 -lp 0.1 -fwhm 6 -fdr 0.01 -fc 0.25 -v
Activating conda environment: .snakemake/conda/77cd6f8bc7354c0aed9f21ce8b6acbbb_
/scale_wlg_persistent/filesets/project/uoa03264/fmri_workflow/.snakemake/conda/77cd6f8bc7354c0aed9f21ce8b6acbbb_/lib/python3.9/site-packages/nilearn/datasets/__init__.py:93: FutureWarning: Fetchers from the nilearn.datasets module will be updated in version 0.9 to return python strings instead of bytes and Pandas dataframes instead of Numpy arrays.
  warn("Fetchers from the nilearn.datasets module will be "
2023-03-14 12:24:19,076 :: root :: INFO :: Loading mask image (3D): /nesi/nobackup/uoa03264/fMRIpipeline_data/processed_test_josh/bids/derivatives/fmriprep/sub-rugby1/ses-a/func/sub-rugby1_ses-a_task-rest_run-001_space-MNI152NLin2009cAsym_res-2_desc-brain_mask.nii.gz
2023-03-14 12:24:19,077 :: root :: INFO :: Loading resting-state fMRI image (4D): /nesi/nobackup/uoa03264/fMRIpipeline_data/processed_test_josh/bids/derivatives/fmriprep/sub-rugby1/ses-a/func/sub-rugby1_ses-a_task-rest_run-001_space-MNI152NLin2009cAsym_res-2_desc-preproc_bold.nii.gz
2023-03-14 12:24:19,077 :: root :: INFO :: This image was collected with a TR of: 1.5
2023-03-14 12:24:19,081 :: root :: INFO :: Loading timeseries for confounding variables from: /nesi/nobackup/uoa03264/fMRIpipeline_data/processed_test_josh/bids/derivatives/fmriprep/sub-rugby1/ses-a/func/sub-rugby1_ses-a_task-rest_run-001_desc-confounds_timeseries.tsv
2023-03-14 12:24:19,102 :: root :: INFO :: Confound regressors that will be cleaned from signal:

             csf  white_matter   trans_x   trans_y   trans_z     rot_x     rot_y     rot_z
0    3038.984613   1821.770151  0.003837 -0.091585 -0.065512  0.000292  0.000519 -0.000510
1    3037.404964   1818.325083  0.000223 -0.060436 -0.052096 -0.000616  0.000447 -0.000510
2    3027.356924   1814.131600  0.017754 -0.053072 -0.095969 -0.000035  0.000447 -0.000510
3    3027.077838   1816.651055 -0.011414 -0.029825 -0.031433 -0.000699  0.000502 -0.000510
4    3024.171771   1814.762574  0.005794 -0.058813 -0.093091 -0.000044  0.000447 -0.000947
..           ...           ...       ...       ...       ...       ...       ...       ...
195  3036.572650   1822.883046 -0.092422  0.219119 -0.122565  0.003940  0.002200 -0.000149
196  3046.831335   1824.533307 -0.055303  0.199684 -0.249764  0.004364  0.002419 -0.000295
197  3048.399767   1826.047678 -0.090581  0.220075 -0.143917  0.003886  0.002181 -0.000408
198  3040.344301   1825.402275 -0.066922  0.196825 -0.206508  0.004296  0.002282 -0.000481
199  3042.197332   1825.293297 -0.075755  0.222183 -0.184093  0.004016  0.002012 -0.000457

[200 rows x 8 columns]
2023-03-14 12:24:19,102 :: root :: INFO :: Loading regions-of-interest from atlas provided
2023-03-14 12:24:19,103 :: root :: INFO :: Functional networks available in atlas:
2023-03-14 12:24:19,104 :: root :: INFO :: Aud
2023-03-14 12:24:19,104 :: root :: INFO :: Motor
2023-03-14 12:24:19,104 :: root :: INFO :: Salience
2023-03-14 12:24:19,104 :: root :: INFO :: Basal
2023-03-14 12:24:19,104 :: root :: INFO :: Vis Sec
2023-03-14 12:24:19,104 :: root :: INFO :: Ant IPS
2023-03-14 12:24:19,104 :: root :: INFO :: DMN
2023-03-14 12:24:19,104 :: root :: INFO :: Cing-Ins
2023-03-14 12:24:19,104 :: root :: INFO :: R V Att
2023-03-14 12:24:19,104 :: root :: INFO :: L V Att
2023-03-14 12:24:19,104 :: root :: INFO :: D Att
2023-03-14 12:24:19,104 :: root :: INFO :: Temporal
2023-03-14 12:24:19,104 :: root :: INFO :: Striate
2023-03-14 12:24:19,104 :: root :: INFO :: Language
2023-03-14 12:24:19,104 :: root :: INFO :: Occ post
2023-03-14 12:24:19,104 :: root :: INFO :: Cereb
2023-03-14 12:24:19,104 :: root :: INFO :: Dors PCC
2023-03-14 12:24:19,104 :: root :: INFO :: 
Details about seed(s) within selected network
2023-03-14 12:24:19,132 :: root :: INFO :: Shape of network nodes from atlas image (40, 48, 35, 3)
/scale_wlg_persistent/filesets/project/uoa03264/fmri_workflow/.snakemake/conda/77cd6f8bc7354c0aed9f21ce8b6acbbb_/lib/python3.9/site-packages/nilearn/plotting/img_plotting.py:341: FutureWarning: Default resolution of the MNI template will change from 2mm to 1mm in version 0.10.0
  anat_img = load_mni152_template()
/scale_wlg_persistent/filesets/project/uoa03264/fmri_workflow/.snakemake/conda/77cd6f8bc7354c0aed9f21ce8b6acbbb_/lib/python3.9/site-packages/numpy/ma/core.py:2826: UserWarning: Warning: converting a masked element to nan.
  _data = np.array(data, dtype=dtype, copy=copy,
2023-03-14 12:24:21,151 :: root :: INFO :: BOLD signal will be standardized, detrended, and cleaned based with a Bandpass filter set to 0.1-0.01 Hz and a 6 mm full-width-half-maximum smoothing kernel 

2023-03-14 12:24:21,151 :: root :: INFO :: Generating mask for network of interest based on seed coordinates in atlas
/scale_wlg_persistent/filesets/project/uoa03264/fmri_workflow/.snakemake/conda/77cd6f8bc7354c0aed9f21ce8b6acbbb_/lib/python3.9/site-packages/nilearn/image/image.py:1106: FutureWarning: The parameter "sessions" will be removed in 0.9.0 release of Nilearn. Please use the parameter "runs" instead.
  data = signal.clean(
2023-03-14 12:24:32,865 :: root :: INFO :: Converting functional network data to timeseries with shape: (200, 3)
2023-03-14 12:24:32,867 :: root :: INFO :: Generating mask for whole brain
2023-03-14 12:24:57,968 :: root :: INFO :: Converting whole brain data to timeseries with shape: (200, 229483)
2023-03-14 12:24:57,970 :: root :: INFO :: Performing network to voxel correlation analysis
2023-03-14 12:24:58,037 :: root :: INFO :: Network-to-voxel correlation shape: (229483, 3)
2023-03-14 12:24:58,038 :: root :: INFO :: Network-to-voxel correlation: min = -0.737; max = 0.943
2023-03-14 12:24:58,240 :: root :: INFO :: Performing False Discovery Rate correction
2023-03-14 12:24:58,511 :: root :: INFO :: Saving UNTHRESHOLDED image to /nesi/nobackup/uoa03264/fMRIpipeline_data/processed_test_josh/first_level_results/sub-rugby1/ses-a/sub-rugby1_ses-a_Salience_unthresholded_fc.nii.gz
2023-03-14 12:24:58,616 :: root :: INFO :: Saving plot of Salience connectivity THRESHOLDED at 0.25 to /nesi/nobackup/uoa03264/fMRIpipeline_data/processed_test_josh/first_level_results/sub-rugby1/ses-a/sub-rugby1_ses-a_Salience_figure.png
[NiftiMasker.fit] Loading data from None
[NiftiMasker.fit] Resampling mask
[NiftiMasker.transform_single_imgs] Loading data from Nifti1Image('/nesi/nobackup/uoa03264/fMRIpipeline_data/processed_test_josh/bids/derivatives/fmriprep/sub-rugby1/ses-a/func/sub-rugby1_ses-a_task-rest_run-001_space-MNI152NLin2009cAsym_res-2_desc-preproc_bold.nii.gz')
[NiftiMasker.transform_single_imgs] Smoothing images
[NiftiMasker.transform_single_imgs] Extracting region signals
[NiftiMasker.transform_single_imgs] Cleaning extracted signals
[Tue Mar 14 12:24:59 2023]
Finished job 0.
1 of 1 steps (100%) done
