Building DAG of jobs...
Using shell: /usr/bin/bash
Provided cores: 8
Rules claiming more threads will be scaled down.
Select jobs to execute...

[Tue Mar 14 20:19:00 2023]
rule freesurfer_long_template:
    input: /nesi/nobackup/uoa03264/fMRIpipeline_data/processed_test_long2/bids/derivatives/freesurfer/sub-rugby1_ses-b, /nesi/nobackup/uoa03264/fMRIpipeline_data/processed_test_long2/bids/derivatives/freesurfer/sub-rugby1_ses-a
    output: /nesi/nobackup/uoa03264/fMRIpipeline_data/processed_test_long2/bids/derivatives/freesurfer/rugby1_template
    jobid: 0
    wildcards: resultsdir=/nesi/nobackup/uoa03264/fMRIpipeline_data/processed_test_long2, subject=rugby1
    threads: 8
    resources: mem_mb=4000, disk_mb=1000, tmpdir=/dev/shm/jobs/33447193, cpus=8, time_min=540, gpu=0

export FS_LICENSE=$(realpath ./license.txt) && recon-all -base rugby1_template -tp sub-rugby1_ses-a -tp sub-rugby1_ses-b -sd /nesi/nobackup/uoa03264/fMRIpipeline_data/processed_test_long2/bids/derivatives/freesurfer -all -3T -openmp 8 
Activating singularity image /scale_wlg_persistent/filesets/project/uoa03264/fmri_workflow/.snakemake/singularity/c66156cbff3a6cc1d877931475183419.simg
Subject Stamp: freesurfer-Linux-centos6_x86_64-stable-pub-v6.0.1-f53a55a
Current Stamp: freesurfer-Linux-centos6_x86_64-stable-pub-v6.0.1-f53a55a
INFO: SUBJECTS_DIR is /nesi/nobackup/uoa03264/fMRIpipeline_data/processed_test_long2/bids/derivatives/freesurfer
Actual FREESURFER_HOME /opt/freesurfer
Linux wmc005 4.18.0-348.23.1.el8_5.x86_64 #1 SMP Wed Apr 27 15:32:52 UTC 2022 x86_64 x86_64 x86_64 GNU/Linux
'/opt/freesurfer/bin/recon-all' -> '/nesi/nobackup/uoa03264/fMRIpipeline_data/processed_test_long2/bids/derivatives/freesurfer/rugby1_template/scripts/recon-all.local-copy'
#--------------------------------------------
#@# Longitudinal Base Subject Creation Tue Mar 14 07:19:13  2023
/nesi/nobackup/uoa03264/fMRIpipeline_data/processed_test_long2/bids/derivatives/freesurfer/rugby1_template

 mri_diff --notallow-pix --notallow-geo /nesi/nobackup/uoa03264/fMRIpipeline_data/processed_test_long2/bids/derivatives/freesurfer/sub-rugby1_ses-b/mri/rawavg.mgz /nesi/nobackup/uoa03264/fMRIpipeline_data/processed_test_long2/bids/derivatives/freesurfer/sub-rugby1_ses-a/mri/rawavg.mgz 

Volumes differ in dimension
v1dim 512 512 300 1
v2dim 512 512 199 1

*******************************************************************************
WARNING: Image parameters differ across time, maybe due to aquisition changes?
         Consistent changes in, e.g., resolution can potentially bias a 
         longitudinal study! You can check image parameters by running mri_info
         on each input image. Will continue in 10 seconds ...
*******************************************************************************


 mri_robust_template --mov /nesi/nobackup/uoa03264/fMRIpipeline_data/processed_test_long2/bids/derivatives/freesurfer/sub-rugby1_ses-a/mri/norm.mgz /nesi/nobackup/uoa03264/fMRIpipeline_data/processed_test_long2/bids/derivatives/freesurfer/sub-rugby1_ses-b/mri/norm.mgz --lta /nesi/nobackup/uoa03264/fMRIpipeline_data/processed_test_long2/bids/derivatives/freesurfer/rugby1_template/mri/transforms/sub-rugby1_ses-a_to_rugby1_template.lta /nesi/nobackup/uoa03264/fMRIpipeline_data/processed_test_long2/bids/derivatives/freesurfer/rugby1_template/mri/transforms/sub-rugby1_ses-b_to_rugby1_template.lta --template /nesi/nobackup/uoa03264/fMRIpipeline_data/processed_test_long2/bids/derivatives/freesurfer/rugby1_template/mri/norm_template.mgz --average 1 --sat 4.685 

$Id: mri_robust_template.cpp,v 1.54 2016/05/05 21:17:08 mreuter Exp $

--mov: Using /nesi/nobackup/uoa03264/fMRIpipeline_data/processed_test_long2/bids/derivatives/freesurfer/sub-rugby1_ses-a/mri/norm.mgz as movable/source volume.
--mov: Using /nesi/nobackup/uoa03264/fMRIpipeline_data/processed_test_long2/bids/derivatives/freesurfer/sub-rugby1_ses-b/mri/norm.mgz as movable/source volume.
    Total: 2 input volumes
--lta: Will output LTA transforms
--template: Using /nesi/nobackup/uoa03264/fMRIpipeline_data/processed_test_long2/bids/derivatives/freesurfer/rugby1_template/mri/norm_template.mgz as template output volume.
--average: Using method 1 for template computation.
--sat: Using saturation 4.685 in M-estimator!
reading source '/nesi/nobackup/uoa03264/fMRIpipeline_data/processed_test_long2/bids/derivatives/freesurfer/sub-rugby1_ses-a/mri/norm.mgz'...
converting source '/nesi/nobackup/uoa03264/fMRIpipeline_data/processed_test_long2/bids/derivatives/freesurfer/sub-rugby1_ses-a/mri/norm.mgz' to bspline ...
MRItoBSpline degree 3
reading source '/nesi/nobackup/uoa03264/fMRIpipeline_data/processed_test_long2/bids/derivatives/freesurfer/sub-rugby1_ses-b/mri/norm.mgz'...
converting source '/nesi/nobackup/uoa03264/fMRIpipeline_data/processed_test_long2/bids/derivatives/freesurfer/sub-rugby1_ses-b/mri/norm.mgz' to bspline ...
MRItoBSpline degree 3
Will use TP 1 as random initial target (seed 14657 ).

MultiRegistration::initializing Xforms (init 1 , maxres 0 , iterate 5 , epsit 0.01 ) : 

[init] ========================= TP 2 to TP 1 ==============================
         Register TP 2 ( /nesi/nobackup/uoa03264/fMRIpipeline_data/processed_test_long2/bids/derivatives/freesurfer/sub-rugby1_ses-b/mri/norm.mgz )
          to      TP 1 ( /nesi/nobackup/uoa03264/fMRIpipeline_data/processed_test_long2/bids/derivatives/freesurfer/sub-rugby1_ses-a/mri/norm.mgz )

slurmstepd: error: *** JOB 33447193 ON wmc005 CANCELLED AT 2023-03-14T07:19:39 ***
