Building DAG of jobs...
Using shell: /usr/bin/bash
Provided cores: 8
Rules claiming more threads will be scaled down.
Provided resources: mem_mb=25000, mem_mib=23842, disk_mb=1000, disk_mib=954, cpus=8, time_min=180, gpu=0
Select jobs to execute...

[Thu Feb 23 11:12:49 2023]
rule fmriprep:
    input: /nesi/nobackup/uoa03264/fMRIpipeline_data/processed_test_josh/bids/sub-control17/ses-a, /nesi/nobackup/uoa03264/fMRIpipeline_data/processed_test_josh/bids/derivatives/freesurfer_agg/sub-control17
    output: /nesi/nobackup/uoa03264/fMRIpipeline_data/processed_test_josh/bids/derivatives/fmriprep/sub-control17, /nesi/nobackup/uoa03264/fMRIpipeline_data/processed_test_josh/bids/derivatives/fmriprep/sub-control17.html
    jobid: 0
    reason: Missing output files: /nesi/nobackup/uoa03264/fMRIpipeline_data/processed_test_josh/bids/derivatives/fmriprep/sub-control17, /nesi/nobackup/uoa03264/fMRIpipeline_data/processed_test_josh/bids/derivatives/fmriprep/sub-control17.html
    wildcards: resultsdir=/nesi/nobackup/uoa03264/fMRIpipeline_data/processed_test_josh, subject=control17
    threads: 8
    resources: mem_mb=25000, mem_mib=23842, disk_mb=1000, disk_mib=954, tmpdir=/dev/shm/jobs/33119017, cpus=8, time_min=180, gpu=0

fmriprep /nesi/nobackup/uoa03264/fMRIpipeline_data/processed_test_josh/bids /nesi/nobackup/uoa03264/fMRIpipeline_data/processed_test_josh/bids/derivatives/fmriprep participant --participant-label control17 --skip-bids-validation --md-only-boilerplate --fs-subjects-dir /nesi/nobackup/uoa03264/fMRIpipeline_data/processed_test_josh/bids/derivatives/freesurfer_agg --output-spaces MNI152NLin2009cAsym:res-2 --stop-on-first-crash --low-mem --mem-mb 25000 --nprocs 8 -w /nesi/nobackup/uoa03264/fMRIpipeline_data/processed_test_josh/work --fs-license-file ./license.txt
Activating singularity image /scale_wlg_persistent/filesets/project/uoa03264/fmri_workflow/.snakemake/singularity/8ba2e11db7a36df6ed76807c131c9dc5.simg
You are using fMRIPrep-22.0.2, and a newer version of fMRIPrep is available: 22.1.1.
Please check out our documentation about how and when to upgrade:
https://fmriprep.readthedocs.io/en/latest/faq.html#upgrading
230222-22:13:11,341 nipype.workflow IMPORTANT:
	 Running fMRIPrep version 22.0.2

         License NOTICE ##################################################
         fMRIPrep 22.0.2
         Copyright 2022 The NiPreps Developers.
         
         This product includes software developed by
         the NiPreps Community (https://nipreps.org/).
         
         Portions of this software were developed at the Department of
         Psychology at Stanford University, Stanford, CA, US.
         
         This software redistributes the versioneer Python package, which is
         Public domain source code.
         
         This software is also distributed as a Docker container image.
         The bootstraping file for the image ("Dockerfile") is licensed
         under the MIT License.
         
         This software may be distributed through an add-on package called
         "Docker Wrapper" that is under the BSD 3-clause License.
         #################################################################
230222-22:13:11,343 nipype.workflow WARNING:
	 Previous output generated by version 0+unknown found.
230222-22:13:11,407 nipype.workflow IMPORTANT:
	 Building fMRIPrep's workflow:
           * BIDS dataset path: /nesi/nobackup/uoa03264/fMRIpipeline_data/processed_test_josh/bids.
           * Participant list: ['control17'].
           * Run identifier: 20230222-221256_f9c3866d-320a-411c-b125-1becb3bf5dd9.
           * Output spaces: MNI152NLin2009cAsym:res-2.
           * Pre-run FreeSurfer's SUBJECTS_DIR: /nesi/nobackup/uoa03264/fMRIpipeline_data/processed_test_josh/bids/derivatives/freesurfer_agg.
230222-22:13:13,433 nipype.workflow INFO:
	 No single-band-reference found for sub-control17_ses-a_task-rest_run-001_bold.nii.gz.
230222-22:13:13,827 nipype.workflow INFO:
	 No single-band-reference found for sub-control17_ses-a_task-rest_run-002_bold.nii.gz.
230222-22:13:13,945 nipype.workflow IMPORTANT:
	 BOLD series will be slice-timing corrected to an offset of 0.981s.
230222-22:13:17,828 nipype.workflow INFO:
	 fMRIPrep workflow graph with 579 nodes built successfully.
230222-22:13:32,972 nipype.workflow IMPORTANT:
	 fMRIPrep started!
230222-22:13:44,724 nipype.workflow INFO:
	 [Node] Setting-up "fmriprep_22_0_wf.single_subject_control17_wf.anat_preproc_wf.fs_isrunning" in "/nesi/nobackup/uoa03264/fMRIpipeline_data/processed_test_josh/work/fmriprep_22_0_wf/single_subject_control17_wf/anat_preproc_wf/fs_isrunning".
230222-22:13:44,729 nipype.workflow INFO:
	 [Node] Executing "fs_isrunning" <nipype.interfaces.utility.wrappers.Function>
230222-22:13:44,736 nipype.workflow INFO:
	 [Node] Finished "fs_isrunning", elapsed time 0.001279s.
slurmstepd: error: *** JOB 33119017 ON wmc005 CANCELLED AT 2023-02-22T22:13:45 ***
