Building DAG of jobs...
Using shell: /usr/bin/bash
Provided cores: 2
Rules claiming more threads will be scaled down.
Provided resources: mem_mb=4000, mem_mib=3815, disk_mb=1000, disk_mib=954, cpus=2, time_min=60, gpu=0
Select jobs to execute...

[Tue Mar 28 14:30:22 2023]
rule heudiconv:
    input: /nesi/nobackup/uoa03264/fMRIpipeline_data/processed_test_long/tidy/sub_rugby1/ses_a
    output: /nesi/nobackup/uoa03264/fMRIpipeline_data/processed_test_long/bids/sub-rugby1/ses-a, /nesi/nobackup/uoa03264/fMRIpipeline_data/processed_test_long/bids/.heudiconv/rugby1/ses-a
    jobid: 0
    reason: Missing output files: /nesi/nobackup/uoa03264/fMRIpipeline_data/processed_test_long/bids/sub-rugby1/ses-a, /nesi/nobackup/uoa03264/fMRIpipeline_data/processed_test_long/bids/.heudiconv/rugby1/ses-a
    wildcards: resultsdir=/nesi/nobackup/uoa03264/fMRIpipeline_data/processed_test_long, subject=rugby1, session=a
    resources: mem_mb=4000, mem_mib=3815, disk_mb=1000, disk_mib=954, tmpdir=/dev/shm/jobs/33716585, cpus=2, time_min=60, gpu=0

heudiconv --dicom_dir_template '/nesi/nobackup/uoa03264/fMRIpipeline_data/processed_test_long/tidy/sub_{subject}/ses_{session}/*/*' --outdir /nesi/nobackup/uoa03264/fMRIpipeline_data/processed_test_long/bids --heuristic scripts/heuristic.py --subjects rugby1 --ses a --converter dcm2niix --bids --overwrite
Activating singularity image /scale_wlg_persistent/filesets/project/uoa03264/fmri_workflow/.snakemake/singularity/10b2306ed15c5efc917232958423bfe6.simg
INFO: Running heudiconv version 0.11.4.post18+g1fe815b.d20221025 latest 0.12.2
INFO: Need to process 1 study sessions
INFO: PROCESSING STARTS: {'subject': 'rugby1', 'outdir': '/nesi/nobackup/uoa03264/fMRIpipeline_data/processed_test_long/bids/', 'session': 'a'}
INFO: Processing 10599 dicoms
INFO: Analyzing 10599 dicoms
INFO: Generated sequence info for 2 studies with 10599 entries total
INFO: Doing conversion using dcm2niix
INFO: Converting /nesi/nobackup/uoa03264/fMRIpipeline_data/processed_test_long/bids/sub-rugby1/ses-a/anat/sub-rugby1_ses-a_run-001_T1w (199 DICOMs) -> /nesi/nobackup/uoa03264/fMRIpipeline_data/processed_test_long/bids/sub-rugby1/ses-a/anat . Converter: dcm2niix . Output types: ('nii.gz',)
230328-01:35:19,823 nipype.workflow INFO:
	 [Node] Setting-up "convert" in "/tmp/dcm2niixwcxi3zrh/convert".
INFO: [Node] Setting-up "convert" in "/tmp/dcm2niixwcxi3zrh/convert".
230328-01:35:19,971 nipype.workflow INFO:
	 [Node] Executing "convert" <nipype.interfaces.dcm2nii.Dcm2niix>
INFO: [Node] Executing "convert" <nipype.interfaces.dcm2nii.Dcm2niix>
230328-01:35:22,122 nipype.interface INFO:
	 stdout 2023-03-28T01:35:22.122584:Chris Rorden's dcm2niiX version v1.0.20220720  (JP2:OpenJPEG) (JP-LS:CharLS) GCC10.2.1 x86-64 (64-bit Linux)
INFO: stdout 2023-03-28T01:35:22.122584:Chris Rorden's dcm2niiX version v1.0.20220720  (JP2:OpenJPEG) (JP-LS:CharLS) GCC10.2.1 x86-64 (64-bit Linux)
230328-01:35:22,122 nipype.interface INFO:
	 stdout 2023-03-28T01:35:22.122584:Found 199 DICOM file(s)
INFO: stdout 2023-03-28T01:35:22.122584:Found 199 DICOM file(s)
230328-01:35:22,123 nipype.interface INFO:
	 stdout 2023-03-28T01:35:22.122584:DICOM images may be missing, expected 300 spatial locations per volume, but found 199 slices.
INFO: stdout 2023-03-28T01:35:22.122584:DICOM images may be missing, expected 300 spatial locations per volume, but found 199 slices.
230328-01:35:22,123 nipype.interface INFO:
	 stdout 2023-03-28T01:35:22.122584:Convert 199 DICOM as /nesi/nobackup/uoa03264/fMRIpipeline_data/processed_test_long/bids/sub-rugby1/ses-a/anat/sub-rugby1_ses-a_run-001_T1w_heudiconv552 (512x512x199x1)
INFO: stdout 2023-03-28T01:35:22.122584:Convert 199 DICOM as /nesi/nobackup/uoa03264/fMRIpipeline_data/processed_test_long/bids/sub-rugby1/ses-a/anat/sub-rugby1_ses-a_run-001_T1w_heudiconv552 (512x512x199x1)
230328-01:35:25,907 nipype.interface INFO:
	 stdout 2023-03-28T01:35:25.907118:Compress: "/usr/bin/pigz" -b 960 -n -f -6 "/nesi/nobackup/uoa03264/fMRIpipeline_data/processed_test_long/bids/sub-rugby1/ses-a/anat/sub-rugby1_ses-a_run-001_T1w_heudiconv552.nii"
INFO: stdout 2023-03-28T01:35:25.907118:Compress: "/usr/bin/pigz" -b 960 -n -f -6 "/nesi/nobackup/uoa03264/fMRIpipeline_data/processed_test_long/bids/sub-rugby1/ses-a/anat/sub-rugby1_ses-a_run-001_T1w_heudiconv552.nii"
230328-01:35:25,909 nipype.interface INFO:
	 stdout 2023-03-28T01:35:25.907118:Conversion required 5.844968 seconds (0.389362 for core code).
INFO: stdout 2023-03-28T01:35:25.907118:Conversion required 5.844968 seconds (0.389362 for core code).
230328-01:35:25,928 nipype.workflow INFO:
	 [Node] Finished "convert", elapsed time 5.8755939999999995s.
INFO: [Node] Finished "convert", elapsed time 5.8755939999999995s.
WARNING: Failed to find task field in /nesi/nobackup/uoa03264/fMRIpipeline_data/processed_test_long/bids/sub-rugby1/ses-a/anat/sub-rugby1_ses-a_run-001_T1w.json.
230328-01:35:25,952 nipype.workflow INFO:
	 [Node] Setting-up "embedder" in "/tmp/embedmetal99nh2l3/embedder".
INFO: [Node] Setting-up "embedder" in "/tmp/embedmetal99nh2l3/embedder".
230328-01:35:25,994 nipype.workflow INFO:
	 [Node] Executing "embedder" <nipype.interfaces.utility.wrappers.Function>
INFO: [Node] Executing "embedder" <nipype.interfaces.utility.wrappers.Function>
230328-01:35:29,206 nipype.workflow INFO:
	 [Node] Finished "embedder", elapsed time 3.212152s.
INFO: [Node] Finished "embedder", elapsed time 3.212152s.
INFO: Post-treating /nesi/nobackup/uoa03264/fMRIpipeline_data/processed_test_long/bids/sub-rugby1/ses-a/anat/sub-rugby1_ses-a_run-001_T1w.json file
INFO: Converting /nesi/nobackup/uoa03264/fMRIpipeline_data/processed_test_long/bids/sub-rugby1/ses-a/func/sub-rugby1_ses-a_task-rest_run-001_bold (10400 DICOMs) -> /nesi/nobackup/uoa03264/fMRIpipeline_data/processed_test_long/bids/sub-rugby1/ses-a/func . Converter: dcm2niix . Output types: ('nii.gz',)
230328-01:35:32,674 nipype.workflow INFO:
	 [Node] Setting-up "convert" in "/tmp/dcm2niixx4sz9uz0/convert".
INFO: [Node] Setting-up "convert" in "/tmp/dcm2niixx4sz9uz0/convert".
230328-01:35:40,707 nipype.workflow INFO:
	 [Node] Executing "convert" <nipype.interfaces.dcm2nii.Dcm2niix>
INFO: [Node] Executing "convert" <nipype.interfaces.dcm2nii.Dcm2niix>
230328-01:39:28,640 nipype.interface INFO:
	 stdout 2023-03-28T01:39:28.640683:Chris Rorden's dcm2niiX version v1.0.20220720  (JP2:OpenJPEG) (JP-LS:CharLS) GCC10.2.1 x86-64 (64-bit Linux)
INFO: stdout 2023-03-28T01:39:28.640683:Chris Rorden's dcm2niiX version v1.0.20220720  (JP2:OpenJPEG) (JP-LS:CharLS) GCC10.2.1 x86-64 (64-bit Linux)
230328-01:39:28,682 nipype.interface INFO:
	 stdout 2023-03-28T01:39:28.640683:Found 10400 DICOM file(s)
INFO: stdout 2023-03-28T01:39:28.640683:Found 10400 DICOM file(s)
230328-01:39:28,682 nipype.interface INFO:
	 stdout 2023-03-28T01:39:28.640683:Convert 10400 DICOM as /nesi/nobackup/uoa03264/fMRIpipeline_data/processed_test_long/bids/sub-rugby1/ses-a/func/sub-rugby1_ses-a_task-rest_run-001_bold_heudiconv961 (64x64x52x200)
INFO: stdout 2023-03-28T01:39:28.640683:Convert 10400 DICOM as /nesi/nobackup/uoa03264/fMRIpipeline_data/processed_test_long/bids/sub-rugby1/ses-a/func/sub-rugby1_ses-a_task-rest_run-001_bold_heudiconv961 (64x64x52x200)
230328-01:39:32,426 nipype.interface INFO:
	 stdout 2023-03-28T01:39:32.426793:Compress: "/usr/bin/pigz" -b 960 -n -f -6 "/nesi/nobackup/uoa03264/fMRIpipeline_data/processed_test_long/bids/sub-rugby1/ses-a/func/sub-rugby1_ses-a_task-rest_run-001_bold_heudiconv961.nii"
INFO: stdout 2023-03-28T01:39:32.426793:Compress: "/usr/bin/pigz" -b 960 -n -f -6 "/nesi/nobackup/uoa03264/fMRIpipeline_data/processed_test_long/bids/sub-rugby1/ses-a/func/sub-rugby1_ses-a_task-rest_run-001_bold_heudiconv961.nii"
230328-01:39:32,427 nipype.interface INFO:
	 stdout 2023-03-28T01:39:32.426793:Conversion required 231.698862 seconds (7.307977 for core code).
INFO: stdout 2023-03-28T01:39:32.426793:Conversion required 231.698862 seconds (7.307977 for core code).
230328-01:39:32,469 nipype.workflow INFO:
	 [Node] Finished "convert", elapsed time 231.761187s.
INFO: [Node] Finished "convert", elapsed time 231.761187s.
230328-01:39:35,663 nipype.workflow INFO:
	 [Node] Setting-up "embedder" in "/tmp/embedmetawz7p90v9/embedder".
INFO: [Node] Setting-up "embedder" in "/tmp/embedmetawz7p90v9/embedder".
230328-01:39:38,216 nipype.workflow INFO:
	 [Node] Executing "embedder" <nipype.interfaces.utility.wrappers.Function>
INFO: [Node] Executing "embedder" <nipype.interfaces.utility.wrappers.Function>
230328-01:43:14,519 nipype.workflow INFO:
	 [Node] Finished "embedder", elapsed time 216.302332s.
INFO: [Node] Finished "embedder", elapsed time 216.302332s.
INFO: Post-treating /nesi/nobackup/uoa03264/fMRIpipeline_data/processed_test_long/bids/sub-rugby1/ses-a/func/sub-rugby1_ses-a_task-rest_run-001_bold.json file
INFO: Populating template files under /nesi/nobackup/uoa03264/fMRIpipeline_data/processed_test_long/bids/
INFO: PROCESSING DONE: {'subject': 'rugby1', 'outdir': '/nesi/nobackup/uoa03264/fMRIpipeline_data/processed_test_long/bids/', 'session': 'a'}
[Tue Mar 28 14:43:16 2023]
Finished job 0.
1 of 1 steps (100%) done
