Building DAG of jobs...
Using shell: /usr/bin/bash
Provided cores: 2
Rules claiming more threads will be scaled down.
Select jobs to execute...

[Wed Mar 15 12:43:40 2023]
rule heudiconv:
    input: /nesi/nobackup/uoa03264/fMRIpipeline_data/processed_long/tidy/sub_rugby1/ses_b/.completed
    output: /nesi/nobackup/uoa03264/fMRIpipeline_data/processed_long/bids/sub-rugby1/ses-b, /nesi/nobackup/uoa03264/fMRIpipeline_data/processed_long/bids/.heudiconv/rugby1/ses-b
    jobid: 0
    wildcards: resultsdir=/nesi/nobackup/uoa03264/fMRIpipeline_data/processed_long, subject=rugby1, session=b
    resources: mem_mb=4000, disk_mb=1000, tmpdir=/dev/shm/jobs/33464622, cpus=2, time_min=60, gpu=0

heudiconv --dicom_dir_template '/nesi/nobackup/uoa03264/fMRIpipeline_data/processed_long/tidy/sub_{subject}/ses_{session}/*/*' --outdir /nesi/nobackup/uoa03264/fMRIpipeline_data/processed_long/bids --heuristic scripts/heuristic.py --subjects rugby1 --ses b --converter dcm2niix --bids --overwrite
Activating singularity image /scale_wlg_persistent/filesets/project/uoa03264/fmri_workflow/.snakemake/singularity/10b2306ed15c5efc917232958423bfe6.simg
INFO: Running heudiconv version 0.11.4.post18+g1fe815b.d20221025 latest 0.12.2
INFO: Need to process 1 study sessions
INFO: PROCESSING STARTS: {'subject': 'rugby1', 'outdir': '/nesi/nobackup/uoa03264/fMRIpipeline_data/processed_long/bids/', 'session': 'b'}
INFO: Processing 10700 dicoms
INFO: Analyzing 10700 dicoms
INFO: Generated sequence info for 2 studies with 10700 entries total
INFO: Doing conversion using dcm2niix
INFO: Converting /nesi/nobackup/uoa03264/fMRIpipeline_data/processed_long/bids/sub-rugby1/ses-b/anat/sub-rugby1_ses-b_run-001_T1w (300 DICOMs) -> /nesi/nobackup/uoa03264/fMRIpipeline_data/processed_long/bids/sub-rugby1/ses-b/anat . Converter: dcm2niix . Output types: ('nii.gz',)
230315-12:47:48,16 nipype.workflow INFO:
	 [Node] Setting-up "convert" in "/dev/shm/jobs/33464622/dcm2niixx6v1d1lf/convert".
INFO: [Node] Setting-up "convert" in "/dev/shm/jobs/33464622/dcm2niixx6v1d1lf/convert".
230315-12:47:48,140 nipype.workflow INFO:
	 [Node] Executing "convert" <nipype.interfaces.dcm2nii.Dcm2niix>
INFO: [Node] Executing "convert" <nipype.interfaces.dcm2nii.Dcm2niix>
230315-12:47:48,366 nipype.interface INFO:
	 stdout 2023-03-15T12:47:48.366732:Chris Rorden's dcm2niiX version v1.0.20220720  (JP2:OpenJPEG) (JP-LS:CharLS) GCC10.2.1 x86-64 (64-bit Linux)
INFO: stdout 2023-03-15T12:47:48.366732:Chris Rorden's dcm2niiX version v1.0.20220720  (JP2:OpenJPEG) (JP-LS:CharLS) GCC10.2.1 x86-64 (64-bit Linux)
230315-12:47:48,367 nipype.interface INFO:
	 stdout 2023-03-15T12:47:48.366732:Found 300 DICOM file(s)
INFO: stdout 2023-03-15T12:47:48.366732:Found 300 DICOM file(s)
230315-12:47:48,367 nipype.interface INFO:
	 stdout 2023-03-15T12:47:48.366732:Resolved discrepancy between tags (0020,1002; 0021,104F; 0054,0081)
INFO: stdout 2023-03-15T12:47:48.366732:Resolved discrepancy between tags (0020,1002; 0021,104F; 0054,0081)
230315-12:47:48,367 nipype.interface INFO:
	 stdout 2023-03-15T12:47:48.366732:Convert 300 DICOM as /nesi/nobackup/uoa03264/fMRIpipeline_data/processed_long/bids/sub-rugby1/ses-b/anat/sub-rugby1_ses-b_run-001_T1w_heudiconv348 (512x512x300x1)
INFO: stdout 2023-03-15T12:47:48.366732:Convert 300 DICOM as /nesi/nobackup/uoa03264/fMRIpipeline_data/processed_long/bids/sub-rugby1/ses-b/anat/sub-rugby1_ses-b_run-001_T1w_heudiconv348 (512x512x300x1)
230315-12:47:54,821 nipype.interface INFO:
	 stdout 2023-03-15T12:47:54.821530:Compress: "/usr/bin/pigz" -b 960 -n -f -6 "/nesi/nobackup/uoa03264/fMRIpipeline_data/processed_long/bids/sub-rugby1/ses-b/anat/sub-rugby1_ses-b_run-001_T1w_heudiconv348.nii"
INFO: stdout 2023-03-15T12:47:54.821530:Compress: "/usr/bin/pigz" -b 960 -n -f -6 "/nesi/nobackup/uoa03264/fMRIpipeline_data/processed_long/bids/sub-rugby1/ses-b/anat/sub-rugby1_ses-b_run-001_T1w_heudiconv348.nii"
230315-12:47:54,821 nipype.interface INFO:
	 stdout 2023-03-15T12:47:54.821530:Conversion required 6.604890 seconds (0.543488 for core code).
INFO: stdout 2023-03-15T12:47:54.821530:Conversion required 6.604890 seconds (0.543488 for core code).
230315-12:47:54,846 nipype.workflow INFO:
	 [Node] Finished "convert", elapsed time 6.644815s.
INFO: [Node] Finished "convert", elapsed time 6.644815s.
WARNING: Failed to find task field in /nesi/nobackup/uoa03264/fMRIpipeline_data/processed_long/bids/sub-rugby1/ses-b/anat/sub-rugby1_ses-b_run-001_T1w.json.
230315-12:47:54,871 nipype.workflow INFO:
	 [Node] Setting-up "embedder" in "/dev/shm/jobs/33464622/embedmetay08kg6ee/embedder".
INFO: [Node] Setting-up "embedder" in "/dev/shm/jobs/33464622/embedmetay08kg6ee/embedder".
230315-12:47:54,908 nipype.workflow INFO:
	 [Node] Executing "embedder" <nipype.interfaces.utility.wrappers.Function>
INFO: [Node] Executing "embedder" <nipype.interfaces.utility.wrappers.Function>
/opt/miniconda-py39_4.12.0/lib/python3.9/site-packages/pydicom/valuerep.py:290: UserWarning: The value length (32) exceeds the maximum length of 16 allowed for VR SH.
  warnings.warn(msg)
230315-12:47:59,966 nipype.workflow INFO:
	 [Node] Finished "embedder", elapsed time 5.057615s.
INFO: [Node] Finished "embedder", elapsed time 5.057615s.
INFO: Post-treating /nesi/nobackup/uoa03264/fMRIpipeline_data/processed_long/bids/sub-rugby1/ses-b/anat/sub-rugby1_ses-b_run-001_T1w.json file
INFO: Converting /nesi/nobackup/uoa03264/fMRIpipeline_data/processed_long/bids/sub-rugby1/ses-b/func/sub-rugby1_ses-b_task-rest_run-001_bold (10400 DICOMs) -> /nesi/nobackup/uoa03264/fMRIpipeline_data/processed_long/bids/sub-rugby1/ses-b/func . Converter: dcm2niix . Output types: ('nii.gz',)
230315-12:48:00,515 nipype.workflow INFO:
	 [Node] Setting-up "convert" in "/dev/shm/jobs/33464622/dcm2niixbqdj6eli/convert".
INFO: [Node] Setting-up "convert" in "/dev/shm/jobs/33464622/dcm2niixbqdj6eli/convert".
230315-12:48:04,897 nipype.workflow INFO:
	 [Node] Executing "convert" <nipype.interfaces.dcm2nii.Dcm2niix>
INFO: [Node] Executing "convert" <nipype.interfaces.dcm2nii.Dcm2niix>
230315-12:48:07,875 nipype.interface INFO:
	 stdout 2023-03-15T12:48:07.875533:Chris Rorden's dcm2niiX version v1.0.20220720  (JP2:OpenJPEG) (JP-LS:CharLS) GCC10.2.1 x86-64 (64-bit Linux)
INFO: stdout 2023-03-15T12:48:07.875533:Chris Rorden's dcm2niiX version v1.0.20220720  (JP2:OpenJPEG) (JP-LS:CharLS) GCC10.2.1 x86-64 (64-bit Linux)
230315-12:48:07,875 nipype.interface INFO:
	 stdout 2023-03-15T12:48:07.875533:Found 10400 DICOM file(s)
INFO: stdout 2023-03-15T12:48:07.875533:Found 10400 DICOM file(s)
230315-12:48:07,875 nipype.interface INFO:
	 stdout 2023-03-15T12:48:07.875533:Warning: Unable to determine slice times for early GE HyperBand.
INFO: stdout 2023-03-15T12:48:07.875533:Warning: Unable to determine slice times for early GE HyperBand.
230315-12:48:07,876 nipype.interface INFO:
	 stdout 2023-03-15T12:48:07.875533:Convert 10400 DICOM as /nesi/nobackup/uoa03264/fMRIpipeline_data/processed_long/bids/sub-rugby1/ses-b/func/sub-rugby1_ses-b_task-rest_run-001_bold_heudiconv765 (64x64x52x200)
INFO: stdout 2023-03-15T12:48:07.875533:Convert 10400 DICOM as /nesi/nobackup/uoa03264/fMRIpipeline_data/processed_long/bids/sub-rugby1/ses-b/func/sub-rugby1_ses-b_task-rest_run-001_bold_heudiconv765 (64x64x52x200)
230315-12:48:11,561 nipype.interface INFO:
	 stdout 2023-03-15T12:48:11.561696:Compress: "/usr/bin/pigz" -b 960 -n -f -6 "/nesi/nobackup/uoa03264/fMRIpipeline_data/processed_long/bids/sub-rugby1/ses-b/func/sub-rugby1_ses-b_task-rest_run-001_bold_heudiconv765.nii"
INFO: stdout 2023-03-15T12:48:11.561696:Compress: "/usr/bin/pigz" -b 960 -n -f -6 "/nesi/nobackup/uoa03264/fMRIpipeline_data/processed_long/bids/sub-rugby1/ses-b/func/sub-rugby1_ses-b_task-rest_run-001_bold_heudiconv765.nii"
230315-12:48:11,561 nipype.interface INFO:
	 stdout 2023-03-15T12:48:11.561696:Conversion required 6.631285 seconds (2.950243 for core code).
INFO: stdout 2023-03-15T12:48:11.561696:Conversion required 6.631285 seconds (2.950243 for core code).
230315-12:48:11,606 nipype.workflow INFO:
	 [Node] Finished "convert", elapsed time 6.707156s.
INFO: [Node] Finished "convert", elapsed time 6.707156s.
230315-12:48:11,927 nipype.workflow INFO:
	 [Node] Setting-up "embedder" in "/dev/shm/jobs/33464622/embedmetavau2b1it/embedder".
INFO: [Node] Setting-up "embedder" in "/dev/shm/jobs/33464622/embedmetavau2b1it/embedder".
230315-12:48:13,123 nipype.workflow INFO:
	 [Node] Executing "embedder" <nipype.interfaces.utility.wrappers.Function>
INFO: [Node] Executing "embedder" <nipype.interfaces.utility.wrappers.Function>
230315-12:51:10,809 nipype.workflow INFO:
	 [Node] Finished "embedder", elapsed time 177.685381s.
INFO: [Node] Finished "embedder", elapsed time 177.685381s.
INFO: Post-treating /nesi/nobackup/uoa03264/fMRIpipeline_data/processed_long/bids/sub-rugby1/ses-b/func/sub-rugby1_ses-b_task-rest_run-001_bold.json file
INFO: Populating template files under /nesi/nobackup/uoa03264/fMRIpipeline_data/processed_long/bids/
INFO: PROCESSING DONE: {'subject': 'rugby1', 'outdir': '/nesi/nobackup/uoa03264/fMRIpipeline_data/processed_long/bids/', 'session': 'b'}
[Wed Mar 15 12:51:12 2023]
Finished job 0.
1 of 1 steps (100%) done
