Building DAG of jobs...
Using shell: /usr/bin/bash
Provided cores: 16
Rules claiming more threads will be scaled down.
Select jobs to execute...

[Thu Nov 17 08:34:18 2022]
rule freesurfer:
    input: /nesi/nobackup/uoa03264/fMRIpipeline_data/processed_test/bids/sub-ctrl18/ses-a
    output: /nesi/nobackup/uoa03264/fMRIpipeline_data/processed_test/bids/derivatives/freesurfer/sub-ctrl18-a
    jobid: 0
    wildcards: resultsdir=/nesi/nobackup/uoa03264/fMRIpipeline_data/processed_test, subject=ctrl18, session=a
    threads: 16
    resources: mem_mb=20000, disk_mb=1000, tmpdir=/dev/shm/jobs/31375929, cpus=16, time_min=600, gpu=0

export FS_LICENSE="/nesi/project/uoa03264/fmri_workflow/license.txt" ; recon-all -sd /nesi/nobackup/uoa03264/fMRIpipeline_data/processed_test/bids/derivatives/freesurfer -i /nesi/nobackup/uoa03264/fMRIpipeline_data/processed_test/bids/sub-ctrl18/ses-a/anat/sub-ctrl18_ses-a_run-001_T1w.nii.gz -subjid sub-ctrl18 -all -qcache -3T 
Activating singularity image /scale_wlg_persistent/filesets/project/uoa03264/fmri_workflow/.snakemake/singularity/b862ddfcead2bab5771175db9e31b12f.simg
Subject Stamp: freesurfer-Linux-centos6_x86_64-stable-pub-v6.0.1-f53a55a
Current Stamp: freesurfer-Linux-centos6_x86_64-stable-pub-v6.0.1-f53a55a
INFO: SUBJECTS_DIR is /nesi/nobackup/uoa03264/fMRIpipeline_data/processed_test/bids/derivatives/freesurfer
Actual FREESURFER_HOME /opt/freesurfer
Linux wbn064 3.10.0-693.2.2.el7.x86_64 #1 SMP Tue Sep 12 22:26:13 UTC 2017 x86_64 x86_64 x86_64 GNU/Linux
'/opt/freesurfer/bin/recon-all' -> '/nesi/nobackup/uoa03264/fMRIpipeline_data/processed_test/bids/derivatives/freesurfer/sub-ctrl18/scripts/recon-all.local-copy'
/nesi/nobackup/uoa03264/fMRIpipeline_data/processed_test/bids/derivatives/freesurfer/sub-ctrl18

 mri_convert /nesi/nobackup/uoa03264/fMRIpipeline_data/processed_test/bids/sub-ctrl18/ses-a/anat/sub-ctrl18_ses-a_run-001_T1w.nii.gz /nesi/nobackup/uoa03264/fMRIpipeline_data/processed_test/bids/derivatives/freesurfer/sub-ctrl18/mri/orig/001.mgz 

mri_convert.bin /nesi/nobackup/uoa03264/fMRIpipeline_data/processed_test/bids/sub-ctrl18/ses-a/anat/sub-ctrl18_ses-a_run-001_T1w.nii.gz /nesi/nobackup/uoa03264/fMRIpipeline_data/processed_test/bids/derivatives/freesurfer/sub-ctrl18/mri/orig/001.mgz 
--------------------------------------------------------------------------
ERROR: Invalid FreeSurfer license key found in license file /nesi/project/uoa03264/fmri_workflow/license.txt
  If you are outside the NMR-Martinos Center,
  go to http://surfer.nmr.mgh.harvard.edu/registration.html to 
  get a valid license file (it's free).
  If you are inside the NMR-Martinos Center,
  make sure to source the standard environment.
--------------------------------------------------------------------------
$Id: mri_convert.c,v 1.226 2016/02/26 16:15:24 mreuter Exp $
reading from /nesi/nobackup/uoa03264/fMRIpipeline_data/processed_test/bids/sub-ctrl18/ses-a/anat/sub-ctrl18_ses-a_run-001_T1w.nii.gz...
Linux wbn064 3.10.0-693.2.2.el7.x86_64 #1 SMP Tue Sep 12 22:26:13 UTC 2017 x86_64 x86_64 x86_64 GNU/Linux

recon-all -s sub-ctrl18 exited with ERRORS at Wed Nov 16 19:34:20  2022

For more details, see the log file /nesi/nobackup/uoa03264/fMRIpipeline_data/processed_test/bids/derivatives/freesurfer/sub-ctrl18/scripts/recon-all.log
To report a problem, see http://surfer.nmr.mgh.harvard.edu/fswiki/BugReporting

[Thu Nov 17 08:34:20 2022]
Error in rule freesurfer:
    jobid: 0
    output: /nesi/nobackup/uoa03264/fMRIpipeline_data/processed_test/bids/derivatives/freesurfer/sub-ctrl18-a
    shell:
        export FS_LICENSE="/nesi/project/uoa03264/fmri_workflow/license.txt" ; recon-all -sd /nesi/nobackup/uoa03264/fMRIpipeline_data/processed_test/bids/derivatives/freesurfer -i /nesi/nobackup/uoa03264/fMRIpipeline_data/processed_test/bids/sub-ctrl18/ses-a/anat/sub-ctrl18_ses-a_run-001_T1w.nii.gz -subjid sub-ctrl18 -all -qcache -3T 
        (one of the commands exited with non-zero exit code; note that snakemake uses bash strict mode!)

Shutting down, this might take some time.
Exiting because a job execution failed. Look above for error message
