Building DAG of jobs...
Using shell: /usr/bin/bash
Provided cores: 8
Rules claiming more threads will be scaled down.
Provided resources: mem_mb=25000, mem_mib=23842, disk_mb=1000, disk_mib=954, cpus=8, time_min=180, gpu=0
Select jobs to execute...

[Thu Feb 23 12:15:10 2023]
rule fmriprep:
    input: /nesi/nobackup/uoa03264/fMRIpipeline_data/processed_test_josh/bids/sub-ctrl18/ses-a, /nesi/nobackup/uoa03264/fMRIpipeline_data/processed_test_josh/bids/derivatives/freesurfer_agg/sub-ctrl18
    output: /nesi/nobackup/uoa03264/fMRIpipeline_data/processed_test_josh/bids/derivatives/fmriprep/sub-ctrl18, /nesi/nobackup/uoa03264/fMRIpipeline_data/processed_test_josh/bids/derivatives/fmriprep/sub-ctrl18.html
    jobid: 0
    reason: Missing output files: /nesi/nobackup/uoa03264/fMRIpipeline_data/processed_test_josh/bids/derivatives/fmriprep/sub-ctrl18.html, /nesi/nobackup/uoa03264/fMRIpipeline_data/processed_test_josh/bids/derivatives/fmriprep/sub-ctrl18
    wildcards: resultsdir=/nesi/nobackup/uoa03264/fMRIpipeline_data/processed_test_josh, subject=ctrl18
    threads: 8
    resources: mem_mb=25000, mem_mib=23842, disk_mb=1000, disk_mib=954, tmpdir=/dev/shm/jobs/33121311, cpus=8, time_min=180, gpu=0

fmriprep /nesi/nobackup/uoa03264/fMRIpipeline_data/processed_test_josh/bids /nesi/nobackup/uoa03264/fMRIpipeline_data/processed_test_josh/bids/derivatives/fmriprep participant --participant-label ctrl18 --skip-bids-validation --md-only-boilerplate --fs-subjects-dir /nesi/nobackup/uoa03264/fMRIpipeline_data/processed_test_josh/bids/derivatives/freesurfer_agg --output-spaces MNI152NLin2009cAsym:res-2 --stop-on-first-crash --low-mem --mem-mb 25000 --nprocs 8 -w /nesi/nobackup/uoa03264/fMRIpipeline_data/processed_test_josh/work --fs-license-file ./license.txt
Activating singularity image /scale_wlg_persistent/filesets/project/uoa03264/fmri_workflow/.snakemake/singularity/8ba2e11db7a36df6ed76807c131c9dc5.simg
You are using fMRIPrep-22.0.2, and a newer version of fMRIPrep is available: 22.1.1.
Please check out our documentation about how and when to upgrade:
https://fmriprep.readthedocs.io/en/latest/faq.html#upgrading
230222-23:15:37,726 nipype.workflow IMPORTANT:
	 Running fMRIPrep version 22.0.2

         License NOTICE ##################################################
         fMRIPrep 22.0.2
         Copyright 2022 The NiPreps Developers.
         
         This product includes software developed by
         the NiPreps Community (https://nipreps.org/).
         
         Portions of this software were developed at the Department of
         Psychology at Stanford University, Stanford, CA, US.
         
         This software redistributes the versioneer Python package, which is
         Public domain source code.
         
         This software is also distributed as a Docker container image.
         The bootstraping file for the image ("Dockerfile") is licensed
         under the MIT License.
         
         This software may be distributed through an add-on package called
         "Docker Wrapper" that is under the BSD 3-clause License.
         #################################################################
230222-23:15:37,729 nipype.workflow WARNING:
	 Previous output generated by version 0+unknown found.
230222-23:15:37,789 nipype.workflow IMPORTANT:
	 Building fMRIPrep's workflow:
           * BIDS dataset path: /nesi/nobackup/uoa03264/fMRIpipeline_data/processed_test_josh/bids.
           * Participant list: ['ctrl18'].
           * Run identifier: 20230222-231520_9435e924-d630-455c-b98b-b6e020efb982.
           * Output spaces: MNI152NLin2009cAsym:res-2.
           * Pre-run FreeSurfer's SUBJECTS_DIR: /nesi/nobackup/uoa03264/fMRIpipeline_data/processed_test_josh/bids/derivatives/freesurfer_agg.
230222-23:15:40,91 nipype.workflow INFO:
	 No single-band-reference found for sub-ctrl18_ses-a_task-rest_run-001_bold.nii.gz.
230222-23:15:40,217 nipype.workflow IMPORTANT:
	 BOLD series will be slice-timing corrected to an offset of 0.721s.
230222-23:15:40,580 nipype.workflow INFO:
	 No single-band-reference found for sub-ctrl18_ses-a_task-rest_run-002_bold.nii.gz.
230222-23:15:40,695 nipype.workflow IMPORTANT:
	 BOLD series will be slice-timing corrected to an offset of 0.981s.
230222-23:15:44,408 nipype.workflow INFO:
	 fMRIPrep workflow graph with 583 nodes built successfully.
230222-23:15:58,623 nipype.workflow IMPORTANT:
	 fMRIPrep started!
230222-23:16:10,348 nipype.workflow INFO:
	 [Node] Setting-up "fmriprep_22_0_wf.single_subject_ctrl18_wf.anat_preproc_wf.fs_isrunning" in "/nesi/nobackup/uoa03264/fMRIpipeline_data/processed_test_josh/work/fmriprep_22_0_wf/single_subject_ctrl18_wf/anat_preproc_wf/fs_isrunning".
230222-23:16:10,374 nipype.workflow INFO:
	 [Node] Executing "fs_isrunning" <nipype.interfaces.utility.wrappers.Function>
230222-23:16:10,382 nipype.workflow INFO:
	 [Node] Finished "fs_isrunning", elapsed time 0.002785s.
230222-23:16:34,974 nipype.workflow INFO:
	 [Node] Setting-up "fmriprep_22_0_wf.single_subject_ctrl18_wf.anat_preproc_wf.surface_recon_wf.autorecon1" in "/nesi/nobackup/uoa03264/fMRIpipeline_data/processed_test_josh/work/fmriprep_22_0_wf/single_subject_ctrl18_wf/anat_preproc_wf/surface_recon_wf/autorecon1".
230222-23:16:34,999 nipype.workflow INFO:
	 [Node] Executing "autorecon1" <smriprep.interfaces.freesurfer.ReconAll>
230222-23:16:35,4 nipype.interface INFO:
	 recon-all complete : Not running
230222-23:16:35,5 nipype.interface INFO:
	 recon-all complete : Not running
230222-23:16:35,95 nipype.workflow INFO:
	 [Node] Finished "autorecon1", elapsed time 0.094876s.
230222-23:17:49,588 nipype.workflow INFO:
	 [Node] Setting-up "fmriprep_22_0_wf.single_subject_ctrl18_wf.anat_preproc_wf.surface_recon_wf.skull_strip_extern" in "/nesi/nobackup/uoa03264/fMRIpipeline_data/processed_test_josh/work/fmriprep_22_0_wf/single_subject_ctrl18_wf/anat_preproc_wf/surface_recon_wf/skull_strip_extern".
230222-23:17:49,605 nipype.workflow INFO:
	 [Node] Executing "skull_strip_extern" <niworkflows.interfaces.freesurfer.FSInjectBrainExtracted>
230222-23:17:49,963 nipype.workflow INFO:
	 [Node] Finished "skull_strip_extern", elapsed time 0.357582s.
230222-23:17:50,830 nipype.workflow INFO:
	 [Node] Setting-up "fmriprep_22_0_wf.single_subject_ctrl18_wf.anat_preproc_wf.surface_recon_wf.autorecon_resume_wf.autorecon2_vol" in "/nesi/nobackup/uoa03264/fMRIpipeline_data/processed_test_josh/work/fmriprep_22_0_wf/single_subject_ctrl18_wf/anat_preproc_wf/surface_recon_wf/autorecon_resume_wf/autorecon2_vol".
230222-23:17:50,857 nipype.workflow INFO:
	 [Node] Executing "autorecon2_vol" <smriprep.interfaces.freesurfer.ReconAll>
230222-23:17:50,863 nipype.interface INFO:
	 recon-all complete : Not running
230222-23:17:50,866 nipype.interface INFO:
	 recon-all complete : Not running
230222-23:17:50,965 nipype.workflow INFO:
	 [Node] Finished "autorecon2_vol", elapsed time 0.10655s.
slurmstepd: error: *** JOB 33121311 ON wmc028 CANCELLED AT 2023-02-22T23:17:54 ***
