Building DAG of jobs...
Using shell: /usr/bin/bash
Provided cores: 16
Rules claiming more threads will be scaled down.
Select jobs to execute...

[Wed Mar 15 11:54:56 2023]
rule fmriprep:
    output: /nesi/nobackup/uoa03264/fMRIpipeline_data/processed_long/bids/derivatives/fmriprep/sub-control17.zip
    jobid: 0
    wildcards: resultsdir=/nesi/nobackup/uoa03264/fMRIpipeline_data/processed_long, subject=control17.zip
    threads: 16
    resources: mem_mb=25000, disk_mb=1000, tmpdir=/dev/shm/jobs/33463868, cpus=16, time_min=180, gpu=0

fmriprep /nesi/nobackup/uoa03264/fMRIpipeline_data/processed_long/bids /nesi/nobackup/uoa03264/fMRIpipeline_data/processed_long/bids/derivatives/fmriprep participant --participant-label control17.zip --skip-bids-validation --md-only-boilerplate --fs-license-file license.txt --fs-subjects-dir /nesi/nobackup/uoa03264/fMRIpipeline_data/processed_long/bids/derivatives/freesurfer_long --output-spaces MNI152NLin2009cAsym:res-2 --stop-on-first-crash --low-mem --mem-mb 25000 --nprocs 16 -w /nesi/nobackup/uoa03264/fMRIpipeline_data/processed_long/work
Activating singularity image /scale_wlg_persistent/filesets/project/uoa03264/fmri_workflow/.snakemake/singularity/8ba2e11db7a36df6ed76807c131c9dc5.simg
You are using fMRIPrep-22.0.2, and a newer version of fMRIPrep is available: 22.1.1.
Please check out our documentation about how and when to upgrade:
https://fmriprep.readthedocs.io/en/latest/faq.html#upgrading
Traceback (most recent call last):
  File "/opt/conda/bin/fmriprep", line 8, in <module>
    sys.exit(main())
  File "/opt/conda/lib/python3.9/site-packages/fmriprep/cli/run.py", line 39, in main
    parse_args()
  File "/opt/conda/lib/python3.9/site-packages/fmriprep/cli/parser.py", line 764, in parse_args
    config.from_dict({})
  File "/opt/conda/lib/python3.9/site-packages/fmriprep/config.py", line 671, in from_dict
    execution.load(settings, init=initialize('execution'), ignore=ignore)
  File "/opt/conda/lib/python3.9/site-packages/fmriprep/config.py", line 232, in load
    cls.init()
  File "/opt/conda/lib/python3.9/site-packages/fmriprep/config.py", line 472, in init
    cls._layout = BIDSLayout(
  File "/opt/conda/lib/python3.9/site-packages/bids/layout/layout.py", line 127, in __init__
    root, description = validate_root(root, validate)
  File "/opt/conda/lib/python3.9/site-packages/bids/layout/validation.py", line 73, in validate_root
    raise BIDSValidationError(
bids.exceptions.BIDSValidationError: 'dataset_description.json' is missing from project root. Every valid BIDS dataset must have this file.
Example contents of 'dataset_description.json': 
{"Name": "Example dataset", "BIDSVersion": "1.0.2"}
[Wed Mar 15 11:55:23 2023]
Error in rule fmriprep:
    jobid: 0
    output: /nesi/nobackup/uoa03264/fMRIpipeline_data/processed_long/bids/derivatives/fmriprep/sub-control17.zip
    shell:
        fmriprep /nesi/nobackup/uoa03264/fMRIpipeline_data/processed_long/bids /nesi/nobackup/uoa03264/fMRIpipeline_data/processed_long/bids/derivatives/fmriprep participant --participant-label control17.zip --skip-bids-validation --md-only-boilerplate --fs-license-file license.txt --fs-subjects-dir /nesi/nobackup/uoa03264/fMRIpipeline_data/processed_long/bids/derivatives/freesurfer_long --output-spaces MNI152NLin2009cAsym:res-2 --stop-on-first-crash --low-mem --mem-mb 25000 --nprocs 16 -w /nesi/nobackup/uoa03264/fMRIpipeline_data/processed_long/work
        (one of the commands exited with non-zero exit code; note that snakemake uses bash strict mode!)

Shutting down, this might take some time.
Exiting because a job execution failed. Look above for error message
