Building DAG of jobs...
Using shell: /usr/bin/bash
Provided cores: 2
Rules claiming more threads will be scaled down.
Select jobs to execute...

[Fri Dec  9 16:21:24 2022]
rule heudiconv:
    input: /nesi/nobackup/uoa03264/fMRIpipeline_data/processed_test_josh/tidy/sub_ctrl18/ses_a/.completed
    output: /nesi/nobackup/uoa03264/fMRIpipeline_data/processed_test_josh/bids/sub-ctrl18/ses-a, /nesi/nobackup/uoa03264/fMRIpipeline_data/processed_test_josh/bids/.heudiconv/ctrl18/ses-a
    jobid: 0
    wildcards: resultsdir=/nesi/nobackup/uoa03264/fMRIpipeline_data/processed_test_josh, subject=ctrl18, session=a
    resources: mem_mb=4000, disk_mb=1000, tmpdir=/dev/shm/jobs/31831364, cpus=2, time_min=60, gpu=0

heudiconv --dicom_dir_template '/nesi/nobackup/uoa03264/fMRIpipeline_data/processed_test_josh/tidy/sub_{subject}/ses_{session}/*/*' --outdir /nesi/nobackup/uoa03264/fMRIpipeline_data/processed_test_josh/bids --heuristic scripts/heuristic.py --subjects ctrl18 --ses a --converter dcm2niix --bids --overwrite
Activating singularity image /scale_wlg_persistent/filesets/project/uoa03264/fmri_workflow/.snakemake/singularity/10b2306ed15c5efc917232958423bfe6.simg
INFO: Running heudiconv version 0.11.4.post18+g1fe815b.d20221025 latest 0.11.6
INFO: Need to process 1 study sessions
INFO: PROCESSING STARTS: {'subject': 'ctrl18', 'outdir': '/nesi/nobackup/uoa03264/fMRIpipeline_data/processed_test_josh/bids/', 'session': 'a'}
INFO: Processing 16516 dicoms
INFO: Analyzing 16516 dicoms
INFO: Generated sequence info for 5 studies with 16516 entries total
INFO: Doing conversion using dcm2niix
INFO: Converting /nesi/nobackup/uoa03264/fMRIpipeline_data/processed_test_josh/bids/sub-ctrl18/ses-a/anat/sub-ctrl18_ses-a_run-001_T1w (320 DICOMs) -> /nesi/nobackup/uoa03264/fMRIpipeline_data/processed_test_josh/bids/sub-ctrl18/ses-a/anat . Converter: dcm2niix . Output types: ('nii.gz',)
221209-16:30:17,994 nipype.workflow INFO:
	 [Node] Setting-up "convert" in "/dev/shm/jobs/31831364/dcm2niix0f07i_pn/convert".
INFO: [Node] Setting-up "convert" in "/dev/shm/jobs/31831364/dcm2niix0f07i_pn/convert".
221209-16:30:18,121 nipype.workflow INFO:
	 [Node] Executing "convert" <nipype.interfaces.dcm2nii.Dcm2niix>
INFO: [Node] Executing "convert" <nipype.interfaces.dcm2nii.Dcm2niix>
221209-16:30:31,346 nipype.interface INFO:
	 stdout 2022-12-09T16:30:31.345996:Chris Rorden's dcm2niiX version v1.0.20220720  (JP2:OpenJPEG) (JP-LS:CharLS) GCC10.2.1 x86-64 (64-bit Linux)
INFO: stdout 2022-12-09T16:30:31.345996:Chris Rorden's dcm2niiX version v1.0.20220720  (JP2:OpenJPEG) (JP-LS:CharLS) GCC10.2.1 x86-64 (64-bit Linux)
221209-16:30:31,346 nipype.interface INFO:
	 stdout 2022-12-09T16:30:31.345996:Found 320 DICOM file(s)
INFO: stdout 2022-12-09T16:30:31.345996:Found 320 DICOM file(s)
221209-16:30:31,346 nipype.interface INFO:
	 stdout 2022-12-09T16:30:31.345996:Image Decompression is new: please validate conversions
INFO: stdout 2022-12-09T16:30:31.345996:Image Decompression is new: please validate conversions
221209-16:30:31,346 nipype.interface INFO:
	 stdout 2022-12-09T16:30:31.345996:Convert 320 DICOM as /nesi/nobackup/uoa03264/fMRIpipeline_data/processed_test_josh/bids/sub-ctrl18/ses-a/anat/sub-ctrl18_ses-a_run-001_T1w_heudiconv497 (512x512x320x1)
INFO: stdout 2022-12-09T16:30:31.345996:Convert 320 DICOM as /nesi/nobackup/uoa03264/fMRIpipeline_data/processed_test_josh/bids/sub-ctrl18/ses-a/anat/sub-ctrl18_ses-a_run-001_T1w_heudiconv497 (512x512x320x1)
221209-16:30:37,932 nipype.interface INFO:
	 stdout 2022-12-09T16:30:37.932059:Compress: "/usr/bin/pigz" -b 960 -n -f -6 "/nesi/nobackup/uoa03264/fMRIpipeline_data/processed_test_josh/bids/sub-ctrl18/ses-a/anat/sub-ctrl18_ses-a_run-001_T1w_heudiconv497.nii"
INFO: stdout 2022-12-09T16:30:37.932059:Compress: "/usr/bin/pigz" -b 960 -n -f -6 "/nesi/nobackup/uoa03264/fMRIpipeline_data/processed_test_josh/bids/sub-ctrl18/ses-a/anat/sub-ctrl18_ses-a_run-001_T1w_heudiconv497.nii"
221209-16:30:37,932 nipype.interface INFO:
	 stdout 2022-12-09T16:30:37.932059:Conversion required 19.734932 seconds (8.834776 for core code).
INFO: stdout 2022-12-09T16:30:37.932059:Conversion required 19.734932 seconds (8.834776 for core code).
221209-16:30:37,953 nipype.workflow INFO:
	 [Node] Finished "convert", elapsed time 19.770229s.
INFO: [Node] Finished "convert", elapsed time 19.770229s.
WARNING: Failed to find task field in /nesi/nobackup/uoa03264/fMRIpipeline_data/processed_test_josh/bids/sub-ctrl18/ses-a/anat/sub-ctrl18_ses-a_run-001_T1w.json.
221209-16:30:37,978 nipype.workflow INFO:
	 [Node] Setting-up "embedder" in "/dev/shm/jobs/31831364/embedmetapg5dia_p/embedder".
INFO: [Node] Setting-up "embedder" in "/dev/shm/jobs/31831364/embedmetapg5dia_p/embedder".
221209-16:30:38,20 nipype.workflow INFO:
	 [Node] Executing "embedder" <nipype.interfaces.utility.wrappers.Function>
INFO: [Node] Executing "embedder" <nipype.interfaces.utility.wrappers.Function>
221209-16:30:50,45 nipype.workflow INFO:
	 [Node] Finished "embedder", elapsed time 12.023844s.
INFO: [Node] Finished "embedder", elapsed time 12.023844s.
INFO: Post-treating /nesi/nobackup/uoa03264/fMRIpipeline_data/processed_test_josh/bids/sub-ctrl18/ses-a/anat/sub-ctrl18_ses-a_run-001_T1w.json file
INFO: Converting /nesi/nobackup/uoa03264/fMRIpipeline_data/processed_test_josh/bids/sub-ctrl18/ses-a/func/sub-ctrl18_ses-a_task-rest_run-001_bold (10400 DICOMs) -> /nesi/nobackup/uoa03264/fMRIpipeline_data/processed_test_josh/bids/sub-ctrl18/ses-a/func . Converter: dcm2niix . Output types: ('nii.gz',)
221209-16:30:52,139 nipype.workflow INFO:
	 [Node] Setting-up "convert" in "/dev/shm/jobs/31831364/dcm2niixxq75jk97/convert".
INFO: [Node] Setting-up "convert" in "/dev/shm/jobs/31831364/dcm2niixxq75jk97/convert".
221209-16:30:56,618 nipype.workflow INFO:
	 [Node] Executing "convert" <nipype.interfaces.dcm2nii.Dcm2niix>
INFO: [Node] Executing "convert" <nipype.interfaces.dcm2nii.Dcm2niix>
221209-16:32:37,577 nipype.interface INFO:
	 stdout 2022-12-09T16:32:37.577610:Chris Rorden's dcm2niiX version v1.0.20220720  (JP2:OpenJPEG) (JP-LS:CharLS) GCC10.2.1 x86-64 (64-bit Linux)
INFO: stdout 2022-12-09T16:32:37.577610:Chris Rorden's dcm2niiX version v1.0.20220720  (JP2:OpenJPEG) (JP-LS:CharLS) GCC10.2.1 x86-64 (64-bit Linux)
221209-16:32:37,577 nipype.interface INFO:
	 stdout 2022-12-09T16:32:37.577610:Found 10400 DICOM file(s)
INFO: stdout 2022-12-09T16:32:37.577610:Found 10400 DICOM file(s)
221209-16:32:37,578 nipype.interface INFO:
	 stdout 2022-12-09T16:32:37.577610:Image Decompression is new: please validate conversions
INFO: stdout 2022-12-09T16:32:37.577610:Image Decompression is new: please validate conversions
221209-16:32:37,578 nipype.interface INFO:
	 stdout 2022-12-09T16:32:37.577610:Convert 10400 DICOM as /nesi/nobackup/uoa03264/fMRIpipeline_data/processed_test_josh/bids/sub-ctrl18/ses-a/func/sub-ctrl18_ses-a_task-rest_run-001_bold_heudiconv919 (64x64x52x200)
INFO: stdout 2022-12-09T16:32:37.577610:Convert 10400 DICOM as /nesi/nobackup/uoa03264/fMRIpipeline_data/processed_test_josh/bids/sub-ctrl18/ses-a/func/sub-ctrl18_ses-a_task-rest_run-001_bold_heudiconv919 (64x64x52x200)
221209-16:32:41,194 nipype.interface INFO:
	 stdout 2022-12-09T16:32:41.194703:Compress: "/usr/bin/pigz" -b 960 -n -f -6 "/nesi/nobackup/uoa03264/fMRIpipeline_data/processed_test_josh/bids/sub-ctrl18/ses-a/func/sub-ctrl18_ses-a_task-rest_run-001_bold_heudiconv919.nii"
INFO: stdout 2022-12-09T16:32:41.194703:Compress: "/usr/bin/pigz" -b 960 -n -f -6 "/nesi/nobackup/uoa03264/fMRIpipeline_data/processed_test_josh/bids/sub-ctrl18/ses-a/func/sub-ctrl18_ses-a_task-rest_run-001_bold_heudiconv919.nii"
221209-16:32:41,194 nipype.interface INFO:
	 stdout 2022-12-09T16:32:41.194703:Conversion required 104.542343 seconds (11.977386 for core code).
INFO: stdout 2022-12-09T16:32:41.194703:Conversion required 104.542343 seconds (11.977386 for core code).
221209-16:32:41,247 nipype.workflow INFO:
	 [Node] Finished "convert", elapsed time 104.627179s.
INFO: [Node] Finished "convert", elapsed time 104.627179s.
221209-16:32:41,569 nipype.workflow INFO:
	 [Node] Setting-up "embedder" in "/dev/shm/jobs/31831364/embedmetafcjxbi2q/embedder".
INFO: [Node] Setting-up "embedder" in "/dev/shm/jobs/31831364/embedmetafcjxbi2q/embedder".
221209-16:32:42,759 nipype.workflow INFO:
	 [Node] Executing "embedder" <nipype.interfaces.utility.wrappers.Function>
INFO: [Node] Executing "embedder" <nipype.interfaces.utility.wrappers.Function>
221209-16:35:46,221 nipype.workflow INFO:
	 [Node] Finished "embedder", elapsed time 183.460189s.
INFO: [Node] Finished "embedder", elapsed time 183.460189s.
INFO: Post-treating /nesi/nobackup/uoa03264/fMRIpipeline_data/processed_test_josh/bids/sub-ctrl18/ses-a/func/sub-ctrl18_ses-a_task-rest_run-001_bold.json file
INFO: Converting /nesi/nobackup/uoa03264/fMRIpipeline_data/processed_test_josh/bids/sub-ctrl18/ses-a/func/sub-ctrl18_ses-a_task-rest_run-002_bold (5460 DICOMs) -> /nesi/nobackup/uoa03264/fMRIpipeline_data/processed_test_josh/bids/sub-ctrl18/ses-a/func . Converter: dcm2niix . Output types: ('nii.gz',)
221209-16:35:47,209 nipype.workflow INFO:
	 [Node] Setting-up "convert" in "/dev/shm/jobs/31831364/dcm2niixtzu7yppq/convert".
INFO: [Node] Setting-up "convert" in "/dev/shm/jobs/31831364/dcm2niixtzu7yppq/convert".
221209-16:35:49,476 nipype.workflow INFO:
	 [Node] Executing "convert" <nipype.interfaces.dcm2nii.Dcm2niix>
INFO: [Node] Executing "convert" <nipype.interfaces.dcm2nii.Dcm2niix>
221209-16:37:17,749 nipype.interface INFO:
	 stdout 2022-12-09T16:37:17.749717:Chris Rorden's dcm2niiX version v1.0.20220720  (JP2:OpenJPEG) (JP-LS:CharLS) GCC10.2.1 x86-64 (64-bit Linux)
INFO: stdout 2022-12-09T16:37:17.749717:Chris Rorden's dcm2niiX version v1.0.20220720  (JP2:OpenJPEG) (JP-LS:CharLS) GCC10.2.1 x86-64 (64-bit Linux)
221209-16:37:17,750 nipype.interface INFO:
	 stdout 2022-12-09T16:37:17.749717:Found 5460 DICOM file(s)
INFO: stdout 2022-12-09T16:37:17.749717:Found 5460 DICOM file(s)
221209-16:37:17,750 nipype.interface INFO:
	 stdout 2022-12-09T16:37:17.749717:Image Decompression is new: please validate conversions
INFO: stdout 2022-12-09T16:37:17.749717:Image Decompression is new: please validate conversions
221209-16:37:17,750 nipype.interface INFO:
	 stdout 2022-12-09T16:37:17.749717:Convert 5460 DICOM as /nesi/nobackup/uoa03264/fMRIpipeline_data/processed_test_josh/bids/sub-ctrl18/ses-a/func/sub-ctrl18_ses-a_task-rest_run-002_bold_heudiconv675 (64x64x52x105)
INFO: stdout 2022-12-09T16:37:17.749717:Convert 5460 DICOM as /nesi/nobackup/uoa03264/fMRIpipeline_data/processed_test_josh/bids/sub-ctrl18/ses-a/func/sub-ctrl18_ses-a_task-rest_run-002_bold_heudiconv675 (64x64x52x105)
221209-16:37:19,724 nipype.interface INFO:
	 stdout 2022-12-09T16:37:19.724156:Compress: "/usr/bin/pigz" -b 960 -n -f -6 "/nesi/nobackup/uoa03264/fMRIpipeline_data/processed_test_josh/bids/sub-ctrl18/ses-a/func/sub-ctrl18_ses-a_task-rest_run-002_bold_heudiconv675.nii"
INFO: stdout 2022-12-09T16:37:19.724156:Compress: "/usr/bin/pigz" -b 960 -n -f -6 "/nesi/nobackup/uoa03264/fMRIpipeline_data/processed_test_josh/bids/sub-ctrl18/ses-a/func/sub-ctrl18_ses-a_task-rest_run-002_bold_heudiconv675.nii"
221209-16:37:19,724 nipype.interface INFO:
	 stdout 2022-12-09T16:37:19.724156:Conversion required 90.078501 seconds (6.856900 for core code).
INFO: stdout 2022-12-09T16:37:19.724156:Conversion required 90.078501 seconds (6.856900 for core code).
221209-16:37:21,216 nipype.workflow INFO:
	 [Node] Finished "convert", elapsed time 91.73841s.
INFO: [Node] Finished "convert", elapsed time 91.73841s.
221209-16:37:21,398 nipype.workflow INFO:
	 [Node] Setting-up "embedder" in "/dev/shm/jobs/31831364/embedmeta1daixz75/embedder".
INFO: [Node] Setting-up "embedder" in "/dev/shm/jobs/31831364/embedmeta1daixz75/embedder".
221209-16:37:22,23 nipype.workflow INFO:
	 [Node] Executing "embedder" <nipype.interfaces.utility.wrappers.Function>
INFO: [Node] Executing "embedder" <nipype.interfaces.utility.wrappers.Function>
221209-16:38:58,944 nipype.workflow INFO:
	 [Node] Finished "embedder", elapsed time 96.918877s.
INFO: [Node] Finished "embedder", elapsed time 96.918877s.
INFO: Post-treating /nesi/nobackup/uoa03264/fMRIpipeline_data/processed_test_josh/bids/sub-ctrl18/ses-a/func/sub-ctrl18_ses-a_task-rest_run-002_bold.json file
INFO: Populating template files under /nesi/nobackup/uoa03264/fMRIpipeline_data/processed_test_josh/bids/
INFO: PROCESSING DONE: {'subject': 'ctrl18', 'outdir': '/nesi/nobackup/uoa03264/fMRIpipeline_data/processed_test_josh/bids/', 'session': 'a'}
[Fri Dec  9 16:39:00 2022]
Finished job 0.
1 of 1 steps (100%) done
