Building DAG of jobs...
Using shell: /usr/bin/bash
Provided cores: 2
Rules claiming more threads will be scaled down.
Provided resources: mem_mb=4000, mem_mib=3815, disk_mb=1000, disk_mib=954, cpus=2, time_min=60, gpu=0
Select jobs to execute...

[Tue Mar 28 14:30:22 2023]
rule heudiconv:
    input: /nesi/nobackup/uoa03264/fMRIpipeline_data/processed_test_long/tidy/sub_control17/ses_a
    output: /nesi/nobackup/uoa03264/fMRIpipeline_data/processed_test_long/bids/sub-control17/ses-a, /nesi/nobackup/uoa03264/fMRIpipeline_data/processed_test_long/bids/.heudiconv/control17/ses-a
    jobid: 0
    reason: Missing output files: /nesi/nobackup/uoa03264/fMRIpipeline_data/processed_test_long/bids/sub-control17/ses-a, /nesi/nobackup/uoa03264/fMRIpipeline_data/processed_test_long/bids/.heudiconv/control17/ses-a
    wildcards: resultsdir=/nesi/nobackup/uoa03264/fMRIpipeline_data/processed_test_long, subject=control17, session=a
    resources: mem_mb=4000, mem_mib=3815, disk_mb=1000, disk_mib=954, tmpdir=/dev/shm/jobs/33716586, cpus=2, time_min=60, gpu=0

heudiconv --dicom_dir_template '/nesi/nobackup/uoa03264/fMRIpipeline_data/processed_test_long/tidy/sub_{subject}/ses_{session}/*/*' --outdir /nesi/nobackup/uoa03264/fMRIpipeline_data/processed_test_long/bids --heuristic scripts/heuristic.py --subjects control17 --ses a --converter dcm2niix --bids --overwrite
Activating singularity image /scale_wlg_persistent/filesets/project/uoa03264/fmri_workflow/.snakemake/singularity/10b2306ed15c5efc917232958423bfe6.simg
INFO: Running heudiconv version 0.11.4.post18+g1fe815b.d20221025 latest 0.12.2
INFO: Need to process 1 study sessions
INFO: PROCESSING STARTS: {'subject': 'control17', 'outdir': '/nesi/nobackup/uoa03264/fMRIpipeline_data/processed_test_long/bids/', 'session': 'a'}
INFO: Processing 16504 dicoms
INFO: Analyzing 16504 dicoms
INFO: Generated sequence info for 5 studies with 16504 entries total
INFO: Doing conversion using dcm2niix
INFO: Converting /nesi/nobackup/uoa03264/fMRIpipeline_data/processed_test_long/bids/sub-control17/ses-a/anat/sub-control17_ses-a_run-001_T1w (320 DICOMs) -> /nesi/nobackup/uoa03264/fMRIpipeline_data/processed_test_long/bids/sub-control17/ses-a/anat . Converter: dcm2niix . Output types: ('nii.gz',)
230328-01:41:01,55 nipype.workflow INFO:
	 [Node] Setting-up "convert" in "/tmp/dcm2niixqhof78d7/convert".
INFO: [Node] Setting-up "convert" in "/tmp/dcm2niixqhof78d7/convert".
230328-01:41:01,301 nipype.workflow INFO:
	 [Node] Executing "convert" <nipype.interfaces.dcm2nii.Dcm2niix>
INFO: [Node] Executing "convert" <nipype.interfaces.dcm2nii.Dcm2niix>
230328-01:41:16,210 nipype.interface INFO:
	 stdout 2023-03-28T01:41:16.210450:Chris Rorden's dcm2niiX version v1.0.20220720  (JP2:OpenJPEG) (JP-LS:CharLS) GCC10.2.1 x86-64 (64-bit Linux)
INFO: stdout 2023-03-28T01:41:16.210450:Chris Rorden's dcm2niiX version v1.0.20220720  (JP2:OpenJPEG) (JP-LS:CharLS) GCC10.2.1 x86-64 (64-bit Linux)
230328-01:41:16,210 nipype.interface INFO:
	 stdout 2023-03-28T01:41:16.210450:Found 320 DICOM file(s)
INFO: stdout 2023-03-28T01:41:16.210450:Found 320 DICOM file(s)
230328-01:41:16,210 nipype.interface INFO:
	 stdout 2023-03-28T01:41:16.210450:Image Decompression is new: please validate conversions
INFO: stdout 2023-03-28T01:41:16.210450:Image Decompression is new: please validate conversions
230328-01:41:16,210 nipype.interface INFO:
	 stdout 2023-03-28T01:41:16.210450:Resolved discrepancy between tags (0020,1002; 0021,104F; 0054,0081)
INFO: stdout 2023-03-28T01:41:16.210450:Resolved discrepancy between tags (0020,1002; 0021,104F; 0054,0081)
230328-01:41:16,210 nipype.interface INFO:
	 stdout 2023-03-28T01:41:16.210450:Convert 320 DICOM as /nesi/nobackup/uoa03264/fMRIpipeline_data/processed_test_long/bids/sub-control17/ses-a/anat/sub-control17_ses-a_run-001_T1w_heudiconv658 (512x512x320x1)
INFO: stdout 2023-03-28T01:41:16.210450:Convert 320 DICOM as /nesi/nobackup/uoa03264/fMRIpipeline_data/processed_test_long/bids/sub-control17/ses-a/anat/sub-control17_ses-a_run-001_T1w_heudiconv658 (512x512x320x1)
230328-01:41:22,201 nipype.interface INFO:
	 stdout 2023-03-28T01:41:22.201215:Compress: "/usr/bin/pigz" -b 960 -n -f -6 "/nesi/nobackup/uoa03264/fMRIpipeline_data/processed_test_long/bids/sub-control17/ses-a/anat/sub-control17_ses-a_run-001_T1w_heudiconv658.nii"
INFO: stdout 2023-03-28T01:41:22.201215:Compress: "/usr/bin/pigz" -b 960 -n -f -6 "/nesi/nobackup/uoa03264/fMRIpipeline_data/processed_test_long/bids/sub-control17/ses-a/anat/sub-control17_ses-a_run-001_T1w_heudiconv658.nii"
230328-01:41:22,201 nipype.interface INFO:
	 stdout 2023-03-28T01:41:22.201215:Conversion required 20.645835 seconds (9.268667 for core code).
INFO: stdout 2023-03-28T01:41:22.201215:Conversion required 20.645835 seconds (9.268667 for core code).
230328-01:41:22,219 nipype.workflow INFO:
	 [Node] Finished "convert", elapsed time 20.673487s.
INFO: [Node] Finished "convert", elapsed time 20.673487s.
WARNING: Failed to find task field in /nesi/nobackup/uoa03264/fMRIpipeline_data/processed_test_long/bids/sub-control17/ses-a/anat/sub-control17_ses-a_run-001_T1w.json.
230328-01:41:22,252 nipype.workflow INFO:
	 [Node] Setting-up "embedder" in "/tmp/embedmeta58inx7i5/embedder".
INFO: [Node] Setting-up "embedder" in "/tmp/embedmeta58inx7i5/embedder".
230328-01:41:22,328 nipype.workflow INFO:
	 [Node] Executing "embedder" <nipype.interfaces.utility.wrappers.Function>
INFO: [Node] Executing "embedder" <nipype.interfaces.utility.wrappers.Function>
/opt/miniconda-py39_4.12.0/lib/python3.9/site-packages/pydicom/valuerep.py:290: UserWarning: The value length (32) exceeds the maximum length of 16 allowed for VR SH.
  warnings.warn(msg)
230328-01:41:35,122 nipype.workflow INFO:
	 [Node] Finished "embedder", elapsed time 12.793888s.
INFO: [Node] Finished "embedder", elapsed time 12.793888s.
INFO: Post-treating /nesi/nobackup/uoa03264/fMRIpipeline_data/processed_test_long/bids/sub-control17/ses-a/anat/sub-control17_ses-a_run-001_T1w.json file
INFO: Converting /nesi/nobackup/uoa03264/fMRIpipeline_data/processed_test_long/bids/sub-control17/ses-a/func/sub-control17_ses-a_task-rest_run-001_bold (10400 DICOMs) -> /nesi/nobackup/uoa03264/fMRIpipeline_data/processed_test_long/bids/sub-control17/ses-a/func . Converter: dcm2niix . Output types: ('nii.gz',)
230328-01:41:40,670 nipype.workflow INFO:
	 [Node] Setting-up "convert" in "/tmp/dcm2niixomp9ps_h/convert".
INFO: [Node] Setting-up "convert" in "/tmp/dcm2niixomp9ps_h/convert".
230328-01:41:51,607 nipype.workflow INFO:
	 [Node] Executing "convert" <nipype.interfaces.dcm2nii.Dcm2niix>
INFO: [Node] Executing "convert" <nipype.interfaces.dcm2nii.Dcm2niix>
230328-01:44:56,794 nipype.interface INFO:
	 stdout 2023-03-28T01:44:56.794670:Chris Rorden's dcm2niiX version v1.0.20220720  (JP2:OpenJPEG) (JP-LS:CharLS) GCC10.2.1 x86-64 (64-bit Linux)
INFO: stdout 2023-03-28T01:44:56.794670:Chris Rorden's dcm2niiX version v1.0.20220720  (JP2:OpenJPEG) (JP-LS:CharLS) GCC10.2.1 x86-64 (64-bit Linux)
230328-01:44:56,795 nipype.interface INFO:
	 stdout 2023-03-28T01:44:56.794670:Found 10400 DICOM file(s)
INFO: stdout 2023-03-28T01:44:56.794670:Found 10400 DICOM file(s)
230328-01:44:56,795 nipype.interface INFO:
	 stdout 2023-03-28T01:44:56.794670:Image Decompression is new: please validate conversions
INFO: stdout 2023-03-28T01:44:56.794670:Image Decompression is new: please validate conversions
230328-01:44:56,795 nipype.interface INFO:
	 stdout 2023-03-28T01:44:56.794670:Warning: Unable to determine slice times for early GE HyperBand.
INFO: stdout 2023-03-28T01:44:56.794670:Warning: Unable to determine slice times for early GE HyperBand.
230328-01:44:56,795 nipype.interface INFO:
	 stdout 2023-03-28T01:44:56.794670:Convert 10400 DICOM as /nesi/nobackup/uoa03264/fMRIpipeline_data/processed_test_long/bids/sub-control17/ses-a/func/sub-control17_ses-a_task-rest_run-001_bold_heudiconv594 (64x64x52x200)
INFO: stdout 2023-03-28T01:44:56.794670:Convert 10400 DICOM as /nesi/nobackup/uoa03264/fMRIpipeline_data/processed_test_long/bids/sub-control17/ses-a/func/sub-control17_ses-a_task-rest_run-001_bold_heudiconv594 (64x64x52x200)
230328-01:45:00,801 nipype.interface INFO:
	 stdout 2023-03-28T01:45:00.800946:Compress: "/usr/bin/pigz" -b 960 -n -f -6 "/nesi/nobackup/uoa03264/fMRIpipeline_data/processed_test_long/bids/sub-control17/ses-a/func/sub-control17_ses-a_task-rest_run-001_bold_heudiconv594.nii"
INFO: stdout 2023-03-28T01:45:00.800946:Compress: "/usr/bin/pigz" -b 960 -n -f -6 "/nesi/nobackup/uoa03264/fMRIpipeline_data/processed_test_long/bids/sub-control17/ses-a/func/sub-control17_ses-a_task-rest_run-001_bold_heudiconv594.nii"
230328-01:45:00,801 nipype.interface INFO:
	 stdout 2023-03-28T01:45:00.800946:Conversion required 189.170889 seconds (13.527818 for core code).
INFO: stdout 2023-03-28T01:45:00.800946:Conversion required 189.170889 seconds (13.527818 for core code).
230328-01:45:00,851 nipype.workflow INFO:
	 [Node] Finished "convert", elapsed time 189.243425s.
INFO: [Node] Finished "convert", elapsed time 189.243425s.
230328-01:45:01,460 nipype.workflow INFO:
	 [Node] Setting-up "embedder" in "/tmp/embedmetax_j1ce7z/embedder".
INFO: [Node] Setting-up "embedder" in "/tmp/embedmetax_j1ce7z/embedder".
230328-01:45:03,779 nipype.workflow INFO:
	 [Node] Executing "embedder" <nipype.interfaces.utility.wrappers.Function>
INFO: [Node] Executing "embedder" <nipype.interfaces.utility.wrappers.Function>
230328-01:48:04,487 nipype.workflow INFO:
	 [Node] Finished "embedder", elapsed time 180.706691s.
INFO: [Node] Finished "embedder", elapsed time 180.706691s.
INFO: Post-treating /nesi/nobackup/uoa03264/fMRIpipeline_data/processed_test_long/bids/sub-control17/ses-a/func/sub-control17_ses-a_task-rest_run-001_bold.json file
INFO: Converting /nesi/nobackup/uoa03264/fMRIpipeline_data/processed_test_long/bids/sub-control17/ses-a/func/sub-control17_ses-a_task-rest_run-002_bold (5460 DICOMs) -> /nesi/nobackup/uoa03264/fMRIpipeline_data/processed_test_long/bids/sub-control17/ses-a/func . Converter: dcm2niix . Output types: ('nii.gz',)
230328-01:48:07,659 nipype.workflow INFO:
	 [Node] Setting-up "convert" in "/tmp/dcm2niixn67hmrwy/convert".
INFO: [Node] Setting-up "convert" in "/tmp/dcm2niixn67hmrwy/convert".
230328-01:48:12,879 nipype.workflow INFO:
	 [Node] Executing "convert" <nipype.interfaces.dcm2nii.Dcm2niix>
INFO: [Node] Executing "convert" <nipype.interfaces.dcm2nii.Dcm2niix>
230328-01:49:48,770 nipype.interface INFO:
	 stdout 2023-03-28T01:49:48.770729:Chris Rorden's dcm2niiX version v1.0.20220720  (JP2:OpenJPEG) (JP-LS:CharLS) GCC10.2.1 x86-64 (64-bit Linux)
INFO: stdout 2023-03-28T01:49:48.770729:Chris Rorden's dcm2niiX version v1.0.20220720  (JP2:OpenJPEG) (JP-LS:CharLS) GCC10.2.1 x86-64 (64-bit Linux)
230328-01:49:48,771 nipype.interface INFO:
	 stdout 2023-03-28T01:49:48.770729:Found 5460 DICOM file(s)
INFO: stdout 2023-03-28T01:49:48.770729:Found 5460 DICOM file(s)
230328-01:49:48,771 nipype.interface INFO:
	 stdout 2023-03-28T01:49:48.770729:Image Decompression is new: please validate conversions
INFO: stdout 2023-03-28T01:49:48.770729:Image Decompression is new: please validate conversions
230328-01:49:48,771 nipype.interface INFO:
	 stdout 2023-03-28T01:49:48.770729:Convert 5460 DICOM as /nesi/nobackup/uoa03264/fMRIpipeline_data/processed_test_long/bids/sub-control17/ses-a/func/sub-control17_ses-a_task-rest_run-002_bold_heudiconv835 (64x64x52x105)
INFO: stdout 2023-03-28T01:49:48.770729:Convert 5460 DICOM as /nesi/nobackup/uoa03264/fMRIpipeline_data/processed_test_long/bids/sub-control17/ses-a/func/sub-control17_ses-a_task-rest_run-002_bold_heudiconv835 (64x64x52x105)
230328-01:49:50,912 nipype.interface INFO:
	 stdout 2023-03-28T01:49:50.912703:Compress: "/usr/bin/pigz" -b 960 -n -f -6 "/nesi/nobackup/uoa03264/fMRIpipeline_data/processed_test_long/bids/sub-control17/ses-a/func/sub-control17_ses-a_task-rest_run-002_bold_heudiconv835.nii"
INFO: stdout 2023-03-28T01:49:50.912703:Compress: "/usr/bin/pigz" -b 960 -n -f -6 "/nesi/nobackup/uoa03264/fMRIpipeline_data/processed_test_long/bids/sub-control17/ses-a/func/sub-control17_ses-a_task-rest_run-002_bold_heudiconv835.nii"
230328-01:49:50,912 nipype.interface INFO:
	 stdout 2023-03-28T01:49:50.912703:Conversion required 97.937581 seconds (7.491436 for core code).
INFO: stdout 2023-03-28T01:49:50.912703:Conversion required 97.937581 seconds (7.491436 for core code).
230328-01:49:52,154 nipype.workflow INFO:
	 [Node] Finished "convert", elapsed time 99.274644s.
INFO: [Node] Finished "convert", elapsed time 99.274644s.
230328-01:49:52,470 nipype.workflow INFO:
	 [Node] Setting-up "embedder" in "/tmp/embedmeta9v0m22fw/embedder".
INFO: [Node] Setting-up "embedder" in "/tmp/embedmeta9v0m22fw/embedder".
230328-01:49:53,738 nipype.workflow INFO:
	 [Node] Executing "embedder" <nipype.interfaces.utility.wrappers.Function>
INFO: [Node] Executing "embedder" <nipype.interfaces.utility.wrappers.Function>
230328-01:51:30,647 nipype.workflow INFO:
	 [Node] Finished "embedder", elapsed time 96.908384s.
INFO: [Node] Finished "embedder", elapsed time 96.908384s.
INFO: Post-treating /nesi/nobackup/uoa03264/fMRIpipeline_data/processed_test_long/bids/sub-control17/ses-a/func/sub-control17_ses-a_task-rest_run-002_bold.json file
INFO: Populating template files under /nesi/nobackup/uoa03264/fMRIpipeline_data/processed_test_long/bids/
INFO: PROCESSING DONE: {'subject': 'control17', 'outdir': '/nesi/nobackup/uoa03264/fMRIpipeline_data/processed_test_long/bids/', 'session': 'a'}
[Tue Mar 28 14:51:31 2023]
Finished job 0.
1 of 1 steps (100%) done
