Building DAG of jobs...
Using shell: /usr/bin/bash
Provided cores: 8
Rules claiming more threads will be scaled down.
Provided resources: mem_mb=25000, mem_mib=23842, disk_mb=1000, disk_mib=954, cpus=8, time_min=180, gpu=0
Select jobs to execute...

[Wed Mar 29 11:36:15 2023]
rule fmriprep:
    input: /nesi/nobackup/uoa03264/fMRIpipeline_data/processed_test_long/bids/sub-rugby1/ses-a, /nesi/nobackup/uoa03264/fMRIpipeline_data/processed_test_long/bids/sub-rugby1/ses-b, /nesi/nobackup/uoa03264/fMRIpipeline_data/processed_test_long/bids/derivatives/freesurfer/sub-rugby1_ses-a, /nesi/nobackup/uoa03264/fMRIpipeline_data/processed_test_long/bids/derivatives/freesurfer/sub-rugby1_ses-b
    output: /nesi/nobackup/uoa03264/fMRIpipeline_data/processed_test_long/bids/derivatives/fmriprep/sub-rugby1, /nesi/nobackup/uoa03264/fMRIpipeline_data/processed_test_long/bids/derivatives/fmriprep/sub-rugby1.html
    jobid: 0
    reason: Missing output files: /nesi/nobackup/uoa03264/fMRIpipeline_data/processed_test_long/bids/derivatives/fmriprep/sub-rugby1.html, /nesi/nobackup/uoa03264/fMRIpipeline_data/processed_test_long/bids/derivatives/fmriprep/sub-rugby1
    wildcards: resultsdir=/nesi/nobackup/uoa03264/fMRIpipeline_data/processed_test_long, subject=rugby1
    threads: 8
    resources: mem_mb=25000, mem_mib=23842, disk_mb=1000, disk_mib=954, tmpdir=/dev/shm/jobs/33756015, cpus=8, time_min=180, gpu=0

fmriprep /nesi/nobackup/uoa03264/fMRIpipeline_data/processed_test_long/bids /nesi/nobackup/uoa03264/fMRIpipeline_data/processed_test_long/bids/derivatives/fmriprep participant --participant-label sub-rugby1_a sub-rugby1_b --skip-bids-validation --md-only-boilerplate --fs-subjects-dir /nesi/nobackup/uoa03264/fMRIpipeline_data/processed_test_long/bids/derivatives/freesurfer --output-spaces MNI152NLin2009cAsym:res-2 --stop-on-first-crash --low-mem --mem-mb 25000 --nprocs 8 -w /nesi/nobackup/uoa03264/fMRIpipeline_data/processed_test_long/work --fs-license-file ./license.txt
Activating singularity image /scale_wlg_persistent/filesets/project/uoa03264/fmri_workflow/.snakemake/singularity/8ba2e11db7a36df6ed76807c131c9dc5.simg
You are using fMRIPrep-22.0.2, and a newer version of fMRIPrep is available: 23.0.1.
Please check out our documentation about how and when to upgrade:
https://fmriprep.readthedocs.io/en/latest/faq.html#upgrading
usage: fmriprep [-h] [--version] [--skip_bids_validation]
                [--participant-label PARTICIPANT_LABEL [PARTICIPANT_LABEL ...]]
                [-t TASK_ID] [--echo-idx ECHO_IDX] [--bids-filter-file FILE]
                [--anat-derivatives PATH] [--bids-database-dir PATH]
                [--nprocs NPROCS] [--omp-nthreads OMP_NTHREADS]
                [--mem MEMORY_MB] [--low-mem] [--use-plugin FILE]
                [--anat-only] [--boilerplate_only] [--md-only-boilerplate]
                [--error-on-aroma-warnings] [-v]
                [--ignore {fieldmaps,slicetiming,sbref,t2w,flair} [{fieldmaps,slicetiming,sbref,t2w,flair} ...]]
                [--longitudinal] [--output-spaces [OUTPUT_SPACES ...]]
                [--me-output-echos] [--bold2t1w-init {register,header}]
                [--bold2t1w-dof {6,9,12}] [--force-bbr] [--force-no-bbr]
                [--medial-surface-nan] [--slice-time-ref SLICE_TIME_REF]
                [--dummy-scans DUMMY_SCANS] [--random-seed _RANDOM_SEED]
                [--use-aroma]
                [--aroma-melodic-dimensionality AROMA_MELODIC_DIM]
                [--return-all-components]
                [--fd-spike-threshold REGRESSORS_FD_TH]
                [--dvars-spike-threshold REGRESSORS_DVARS_TH]
                [--skull-strip-template SKULL_STRIP_TEMPLATE]
                [--skull-strip-fixed-seed]
                [--skull-strip-t1w {auto,skip,force}] [--fmap-bspline]
                [--fmap-no-demean] [--topup-max-vols TOPUP_MAX_VOLS]
                [--use-syn-sdc [{warn,error}]] [--force-syn]
                [--fs-license-file FILE] [--fs-subjects-dir PATH]
                [--no-submm-recon] [--cifti-output [{91k,170k}] |
                --fs-no-reconall] [--output-layout {bids,legacy}]
                [-w WORK_DIR] [--clean-workdir] [--resource-monitor]
                [--reports-only] [--config-file FILE] [--write-graph]
                [--stop-on-first-crash] [--notrack]
                [--debug {compcor,fieldmaps,all} [{compcor,fieldmaps,all} ...]]
                [--sloppy]
                bids_dir output_dir {participant}
fmriprep: error: One or more participant labels were not found in the BIDS directory: rugby1_a, rugby1_b.
[Wed Mar 29 11:36:37 2023]
Error in rule fmriprep:
    jobid: 0
    input: /nesi/nobackup/uoa03264/fMRIpipeline_data/processed_test_long/bids/sub-rugby1/ses-a, /nesi/nobackup/uoa03264/fMRIpipeline_data/processed_test_long/bids/sub-rugby1/ses-b, /nesi/nobackup/uoa03264/fMRIpipeline_data/processed_test_long/bids/derivatives/freesurfer/sub-rugby1_ses-a, /nesi/nobackup/uoa03264/fMRIpipeline_data/processed_test_long/bids/derivatives/freesurfer/sub-rugby1_ses-b
    output: /nesi/nobackup/uoa03264/fMRIpipeline_data/processed_test_long/bids/derivatives/fmriprep/sub-rugby1, /nesi/nobackup/uoa03264/fMRIpipeline_data/processed_test_long/bids/derivatives/fmriprep/sub-rugby1.html
    shell:
        fmriprep /nesi/nobackup/uoa03264/fMRIpipeline_data/processed_test_long/bids /nesi/nobackup/uoa03264/fMRIpipeline_data/processed_test_long/bids/derivatives/fmriprep participant --participant-label sub-rugby1_a sub-rugby1_b --skip-bids-validation --md-only-boilerplate --fs-subjects-dir /nesi/nobackup/uoa03264/fMRIpipeline_data/processed_test_long/bids/derivatives/freesurfer --output-spaces MNI152NLin2009cAsym:res-2 --stop-on-first-crash --low-mem --mem-mb 25000 --nprocs 8 -w /nesi/nobackup/uoa03264/fMRIpipeline_data/processed_test_long/work --fs-license-file ./license.txt
        (one of the commands exited with non-zero exit code; note that snakemake uses bash strict mode!)

Shutting down, this might take some time.
Exiting because a job execution failed. Look above for error message
