Building DAG of jobs...
Using shell: /usr/bin/bash
Provided cores: 8
Rules claiming more threads will be scaled down.
Select jobs to execute...

[Wed Nov 23 14:02:40 2022]
rule fmriprep:
    input: /nesi/nobackup/uoa03264/fMRIpipeline_data/processed_test/bids/sub-control17/ses-b, /nesi/nobackup/uoa03264/fMRIpipeline_data/processed_test/bids/derivatives/freesurfer/sub-control17_ses-b
    output: /nesi/nobackup/uoa03264/fMRIpipeline_data/processed_test/bids/derivatives/sub-control17/ses-b
    jobid: 0
    wildcards: resultsdir=/nesi/nobackup/uoa03264/fMRIpipeline_data/processed_test, subject=control17, session=b
    threads: 8
    resources: mem_mb=20000, disk_mb=1000, tmpdir=/dev/shm/jobs/31491039, cpus=8, time_min=240, gpu=0

fmriprep /nesi/nobackup/uoa03264/fMRIpipeline_data/processed_test/bids /nesi/nobackup/uoa03264/fMRIpipeline_data/processed_test/bids/derivatives participant --participant-label control17 --skip-bids-validation --md-only-boilerplate --fs-subjects-dir ./bids/derivatives/freesurfer  --output-spaces MNI152NLin2009cAsym:res-2 --nthreads 8 --stop-on-first-crash --low-mem --mem_mb 20000 --nprocs 8 -w /nesi/nobackup/uoa03264/fMRIpipeline_data/processed_test/work
Activating singularity image /scale_wlg_persistent/filesets/project/uoa03264/fmri_workflow/.snakemake/singularity/acc9d3918a4ab8d0f562f9b72a87bc1b.simg
/opt/conda/lib/python3.8/site-packages/bids/config.py:39: FutureWarning: Setting 'extension_initial_dot' will be removed in pybids 0.16.
  warnings.warn("Setting 'extension_initial_dot' will be removed in pybids 0.16.",
You are using fMRIPrep-21.0.0, and a newer version of fMRIPrep is available: 22.0.2.
Please check out our documentation about how and when to upgrade:
https://fmriprep.readthedocs.io/en/latest/faq.html#upgrading
221123-01:02:52,587 nipype.workflow IMPORTANT:
	 Running fMRIPrep version 21.0.0

         License NOTICE ##################################################
         fMRIPrep 21.0.0
         Copyright 2021 The NiPreps Developers.
         
         This product includes software developed by
         the NiPreps Community (https://nipreps.org/).
         
         Portions of this software were developed at the Department of
         Psychology at Stanford University, Stanford, CA, US.
         
         This software redistributes the versioneer Python package, which is
         Public domain source code.
         
         This software is also distributed as a Docker container image.
         The bootstraping file for the image ("Dockerfile") is licensed
         under the MIT License.
         
         This software may be distributed through an add-on package called
         "Docker Wrapper" that is under the BSD 3-clause License.
         #################################################################
221123-01:02:52,644 nipype.workflow IMPORTANT:
	 Building fMRIPrep's workflow:
           * BIDS dataset path: /nesi/nobackup/uoa03264/fMRIpipeline_data/processed_test/bids.
           * Participant list: ['control17'].
           * Run identifier: 20221123-010243_cf357738-32f0-40a6-8b5e-3db177b4b1e4.
           * Output spaces: MNI152NLin2009cAsym:res-2.
           * Pre-run FreeSurfer's SUBJECTS_DIR: /scale_wlg_persistent/filesets/project/uoa03264/fmri_workflow/bids/derivatives/freesurfer.
221123-01:02:54,735 nipype.workflow INFO:
	 No single-band-reference found for sub-control17_ses-b_task-rest_run-001_bold.nii.gz.
221123-01:02:55,54 nipype.workflow INFO:
	 No single-band-reference found for sub-control17_ses-b_task-rest_run-002_bold.nii.gz.
221123-01:02:55,169 nipype.workflow IMPORTANT:
	 BOLD series will be slice-timing corrected to an offset of 0.981s.
221123-01:02:57,787 nipype.workflow CRITICAL:
	 ERROR: a valid license file is required for FreeSurfer to run. fMRIPrep looked for an existing license file at several paths, in this order: 1) command line argument ``--fs-license-file``; 2) ``$FS_LICENSE`` environment variable; and 3) the ``$FREESURFER_HOME/license.txt`` path. Get it (for free) by registering at https://surfer.nmr.mgh.harvard.edu/registration.html
[Wed Nov 23 14:03:00 2022]
Error in rule fmriprep:
    jobid: 0
    output: /nesi/nobackup/uoa03264/fMRIpipeline_data/processed_test/bids/derivatives/sub-control17/ses-b
    shell:
        fmriprep /nesi/nobackup/uoa03264/fMRIpipeline_data/processed_test/bids /nesi/nobackup/uoa03264/fMRIpipeline_data/processed_test/bids/derivatives participant --participant-label control17 --skip-bids-validation --md-only-boilerplate --fs-subjects-dir ./bids/derivatives/freesurfer  --output-spaces MNI152NLin2009cAsym:res-2 --nthreads 8 --stop-on-first-crash --low-mem --mem_mb 20000 --nprocs 8 -w /nesi/nobackup/uoa03264/fMRIpipeline_data/processed_test/work
        (one of the commands exited with non-zero exit code; note that snakemake uses bash strict mode!)

Shutting down, this might take some time.
Exiting because a job execution failed. Look above for error message
