Building DAG of jobs...
Using shell: /usr/bin/bash
Provided cores: 2
Rules claiming more threads will be scaled down.
Select jobs to execute...

[Sun Dec 11 11:55:32 2022]
rule heudiconv:
    input: /nesi/nobackup/uoa03264/fMRIpipeline_data/processed_test_long/tidy/sub_rugby1/ses_a/.completed
    output: /nesi/nobackup/uoa03264/fMRIpipeline_data/processed_test_long/bids/sub-rugby1/ses-a, /nesi/nobackup/uoa03264/fMRIpipeline_data/processed_test_long/bids/.heudiconv/rugby1/ses-a
    jobid: 0
    wildcards: resultsdir=/nesi/nobackup/uoa03264/fMRIpipeline_data/processed_test_long, subject=rugby1, session=a
    resources: mem_mb=4000, disk_mb=1000, tmpdir=/dev/shm/jobs/31894146, cpus=2, time_min=60, gpu=0

heudiconv --dicom_dir_template '/nesi/nobackup/uoa03264/fMRIpipeline_data/processed_test_long/tidy/sub_{subject}/ses_{session}/*/*' --outdir /nesi/nobackup/uoa03264/fMRIpipeline_data/processed_test_long/bids --heuristic scripts/heuristic.py --subjects rugby1 --ses a --converter dcm2niix --bids --overwrite
Activating singularity image /scale_wlg_persistent/filesets/project/uoa03264/fmri_workflow/.snakemake/singularity/10b2306ed15c5efc917232958423bfe6.simg
INFO: Running heudiconv version 0.11.4.post18+g1fe815b.d20221025 latest 0.11.6
INFO: Need to process 1 study sessions
INFO: PROCESSING STARTS: {'subject': 'rugby1', 'outdir': '/nesi/nobackup/uoa03264/fMRIpipeline_data/processed_test_long/bids/', 'session': 'a'}
INFO: Processing 10599 dicoms
INFO: Analyzing 10599 dicoms
INFO: Generated sequence info for 2 studies with 10599 entries total
INFO: Doing conversion using dcm2niix
INFO: Converting /nesi/nobackup/uoa03264/fMRIpipeline_data/processed_test_long/bids/sub-rugby1/ses-a/anat/sub-rugby1_ses-a_run-001_T1w (199 DICOMs) -> /nesi/nobackup/uoa03264/fMRIpipeline_data/processed_test_long/bids/sub-rugby1/ses-a/anat . Converter: dcm2niix . Output types: ('nii.gz',)
221211-12:00:11,102 nipype.workflow INFO:
	 [Node] Setting-up "convert" in "/dev/shm/jobs/31894146/dcm2niixswluttop/convert".
INFO: [Node] Setting-up "convert" in "/dev/shm/jobs/31894146/dcm2niixswluttop/convert".
221211-12:00:11,197 nipype.workflow INFO:
	 [Node] Executing "convert" <nipype.interfaces.dcm2nii.Dcm2niix>
INFO: [Node] Executing "convert" <nipype.interfaces.dcm2nii.Dcm2niix>
221211-12:00:11,570 nipype.interface INFO:
	 stdout 2022-12-11T12:00:11.570611:Chris Rorden's dcm2niiX version v1.0.20220720  (JP2:OpenJPEG) (JP-LS:CharLS) GCC10.2.1 x86-64 (64-bit Linux)
INFO: stdout 2022-12-11T12:00:11.570611:Chris Rorden's dcm2niiX version v1.0.20220720  (JP2:OpenJPEG) (JP-LS:CharLS) GCC10.2.1 x86-64 (64-bit Linux)
221211-12:00:11,571 nipype.interface INFO:
	 stdout 2022-12-11T12:00:11.570611:Found 199 DICOM file(s)
INFO: stdout 2022-12-11T12:00:11.570611:Found 199 DICOM file(s)
221211-12:00:11,571 nipype.interface INFO:
	 stdout 2022-12-11T12:00:11.570611:DICOM images may be missing, expected 300 spatial locations per volume, but found 199 slices.
INFO: stdout 2022-12-11T12:00:11.570611:DICOM images may be missing, expected 300 spatial locations per volume, but found 199 slices.
221211-12:00:11,571 nipype.interface INFO:
	 stdout 2022-12-11T12:00:11.570611:Convert 199 DICOM as /nesi/nobackup/uoa03264/fMRIpipeline_data/processed_test_long/bids/sub-rugby1/ses-a/anat/sub-rugby1_ses-a_run-001_T1w_heudiconv241 (512x512x199x1)
INFO: stdout 2022-12-11T12:00:11.570611:Convert 199 DICOM as /nesi/nobackup/uoa03264/fMRIpipeline_data/processed_test_long/bids/sub-rugby1/ses-a/anat/sub-rugby1_ses-a_run-001_T1w_heudiconv241 (512x512x199x1)
221211-12:00:16,147 nipype.interface INFO:
	 stdout 2022-12-11T12:00:16.147047:Compress: "/usr/bin/pigz" -b 960 -n -f -6 "/nesi/nobackup/uoa03264/fMRIpipeline_data/processed_test_long/bids/sub-rugby1/ses-a/anat/sub-rugby1_ses-a_run-001_T1w_heudiconv241.nii"
INFO: stdout 2022-12-11T12:00:16.147047:Compress: "/usr/bin/pigz" -b 960 -n -f -6 "/nesi/nobackup/uoa03264/fMRIpipeline_data/processed_test_long/bids/sub-rugby1/ses-a/anat/sub-rugby1_ses-a_run-001_T1w_heudiconv241.nii"
221211-12:00:16,149 nipype.interface INFO:
	 stdout 2022-12-11T12:00:16.147047:Conversion required 4.719813 seconds (0.449054 for core code).
INFO: stdout 2022-12-11T12:00:16.147047:Conversion required 4.719813 seconds (0.449054 for core code).
221211-12:00:16,249 nipype.workflow INFO:
	 [Node] Finished "convert", elapsed time 4.861997s.
INFO: [Node] Finished "convert", elapsed time 4.861997s.
WARNING: Failed to find task field in /nesi/nobackup/uoa03264/fMRIpipeline_data/processed_test_long/bids/sub-rugby1/ses-a/anat/sub-rugby1_ses-a_run-001_T1w.json.
221211-12:00:16,285 nipype.workflow INFO:
	 [Node] Setting-up "embedder" in "/dev/shm/jobs/31894146/embedmetawsqiwytr/embedder".
INFO: [Node] Setting-up "embedder" in "/dev/shm/jobs/31894146/embedmetawsqiwytr/embedder".
221211-12:00:16,314 nipype.workflow INFO:
	 [Node] Executing "embedder" <nipype.interfaces.utility.wrappers.Function>
INFO: [Node] Executing "embedder" <nipype.interfaces.utility.wrappers.Function>
221211-12:00:20,917 nipype.workflow INFO:
	 [Node] Finished "embedder", elapsed time 4.601705s.
INFO: [Node] Finished "embedder", elapsed time 4.601705s.
INFO: Post-treating /nesi/nobackup/uoa03264/fMRIpipeline_data/processed_test_long/bids/sub-rugby1/ses-a/anat/sub-rugby1_ses-a_run-001_T1w.json file
INFO: Converting /nesi/nobackup/uoa03264/fMRIpipeline_data/processed_test_long/bids/sub-rugby1/ses-a/func/sub-rugby1_ses-a_task-rest_run-001_bold (10400 DICOMs) -> /nesi/nobackup/uoa03264/fMRIpipeline_data/processed_test_long/bids/sub-rugby1/ses-a/func . Converter: dcm2niix . Output types: ('nii.gz',)
221211-12:00:21,489 nipype.workflow INFO:
	 [Node] Setting-up "convert" in "/dev/shm/jobs/31894146/dcm2niixjw5if5ru/convert".
INFO: [Node] Setting-up "convert" in "/dev/shm/jobs/31894146/dcm2niixjw5if5ru/convert".
221211-12:00:26,385 nipype.workflow INFO:
	 [Node] Executing "convert" <nipype.interfaces.dcm2nii.Dcm2niix>
INFO: [Node] Executing "convert" <nipype.interfaces.dcm2nii.Dcm2niix>
221211-12:00:30,380 nipype.interface INFO:
	 stdout 2022-12-11T12:00:30.380021:Chris Rorden's dcm2niiX version v1.0.20220720  (JP2:OpenJPEG) (JP-LS:CharLS) GCC10.2.1 x86-64 (64-bit Linux)
INFO: stdout 2022-12-11T12:00:30.380021:Chris Rorden's dcm2niiX version v1.0.20220720  (JP2:OpenJPEG) (JP-LS:CharLS) GCC10.2.1 x86-64 (64-bit Linux)
221211-12:00:30,380 nipype.interface INFO:
	 stdout 2022-12-11T12:00:30.380021:Found 10400 DICOM file(s)
INFO: stdout 2022-12-11T12:00:30.380021:Found 10400 DICOM file(s)
221211-12:00:30,380 nipype.interface INFO:
	 stdout 2022-12-11T12:00:30.380021:Convert 10400 DICOM as /nesi/nobackup/uoa03264/fMRIpipeline_data/processed_test_long/bids/sub-rugby1/ses-a/func/sub-rugby1_ses-a_task-rest_run-001_bold_heudiconv836 (64x64x52x200)
INFO: stdout 2022-12-11T12:00:30.380021:Convert 10400 DICOM as /nesi/nobackup/uoa03264/fMRIpipeline_data/processed_test_long/bids/sub-rugby1/ses-a/func/sub-rugby1_ses-a_task-rest_run-001_bold_heudiconv836 (64x64x52x200)
221211-12:00:35,1 nipype.interface INFO:
	 stdout 2022-12-11T12:00:35.001450:Compress: "/usr/bin/pigz" -b 960 -n -f -6 "/nesi/nobackup/uoa03264/fMRIpipeline_data/processed_test_long/bids/sub-rugby1/ses-a/func/sub-rugby1_ses-a_task-rest_run-001_bold_heudiconv836.nii"
INFO: stdout 2022-12-11T12:00:35.001450:Compress: "/usr/bin/pigz" -b 960 -n -f -6 "/nesi/nobackup/uoa03264/fMRIpipeline_data/processed_test_long/bids/sub-rugby1/ses-a/func/sub-rugby1_ses-a_task-rest_run-001_bold_heudiconv836.nii"
221211-12:00:35,2 nipype.interface INFO:
	 stdout 2022-12-11T12:00:35.001450:Conversion required 8.566409 seconds (3.972403 for core code).
INFO: stdout 2022-12-11T12:00:35.001450:Conversion required 8.566409 seconds (3.972403 for core code).
221211-12:00:35,105 nipype.workflow INFO:
	 [Node] Finished "convert", elapsed time 8.717653s.
INFO: [Node] Finished "convert", elapsed time 8.717653s.
221211-12:00:35,523 nipype.workflow INFO:
	 [Node] Setting-up "embedder" in "/dev/shm/jobs/31894146/embedmeta6co_4bso/embedder".
INFO: [Node] Setting-up "embedder" in "/dev/shm/jobs/31894146/embedmeta6co_4bso/embedder".
221211-12:00:36,939 nipype.workflow INFO:
	 [Node] Executing "embedder" <nipype.interfaces.utility.wrappers.Function>
INFO: [Node] Executing "embedder" <nipype.interfaces.utility.wrappers.Function>
221211-12:04:34,48 nipype.workflow INFO:
	 [Node] Finished "embedder", elapsed time 237.106929s.
INFO: [Node] Finished "embedder", elapsed time 237.106929s.
INFO: Post-treating /nesi/nobackup/uoa03264/fMRIpipeline_data/processed_test_long/bids/sub-rugby1/ses-a/func/sub-rugby1_ses-a_task-rest_run-001_bold.json file
INFO: Populating template files under /nesi/nobackup/uoa03264/fMRIpipeline_data/processed_test_long/bids/
INFO: PROCESSING DONE: {'subject': 'rugby1', 'outdir': '/nesi/nobackup/uoa03264/fMRIpipeline_data/processed_test_long/bids/', 'session': 'a'}
[Sun Dec 11 12:04:38 2022]
Finished job 0.
1 of 1 steps (100%) done
