Building DAG of jobs...
Using shell: /usr/bin/bash
Provided cores: 8
Rules claiming more threads will be scaled down.
Provided resources: mem_mb=25000, mem_mib=23842, disk_mb=1000, disk_mib=954, cpus=8, time_min=180, gpu=0
Select jobs to execute...

[Wed Mar 29 12:41:55 2023]
rule fmriprep:
    input: /nesi/nobackup/uoa03264/fMRIpipeline_data/processed_test_long/bids/sub-control17/ses-a, /nesi/nobackup/uoa03264/fMRIpipeline_data/processed_test_long/bids/derivatives/freesurfer_agg/sub-control17
    output: /nesi/nobackup/uoa03264/fMRIpipeline_data/processed_test_long/bids/derivatives/fmriprep/sub-control17, /nesi/nobackup/uoa03264/fMRIpipeline_data/processed_test_long/bids/derivatives/fmriprep/sub-control17.html
    jobid: 0
    reason: Missing output files: /nesi/nobackup/uoa03264/fMRIpipeline_data/processed_test_long/bids/derivatives/fmriprep/sub-control17, /nesi/nobackup/uoa03264/fMRIpipeline_data/processed_test_long/bids/derivatives/fmriprep/sub-control17.html
    wildcards: resultsdir=/nesi/nobackup/uoa03264/fMRIpipeline_data/processed_test_long, subject=control17
    threads: 8
    resources: mem_mb=25000, mem_mib=23842, disk_mb=1000, disk_mib=954, tmpdir=/dev/shm/jobs/33757297, cpus=8, time_min=180, gpu=0

fmriprep /nesi/nobackup/uoa03264/fMRIpipeline_data/processed_test_long/bids /nesi/nobackup/uoa03264/fMRIpipeline_data/processed_test_long/bids/derivatives/fmriprep participant --participant-label control17 --skip-bids-validation --md-only-boilerplate --fs-subjects-dir /nesi/nobackup/uoa03264/fMRIpipeline_data/processed_test_long/bids/derivatives/freesurfer_agg --output-spaces MNI152NLin2009cAsym:res-2 --stop-on-first-crash --low-mem --mem-mb 25000 --nprocs 8 -w /nesi/nobackup/uoa03264/fMRIpipeline_data/processed_test_long/work --fs-license-file ./license.txt
Activating singularity image /scale_wlg_persistent/filesets/project/uoa03264/fmri_workflow/.snakemake/singularity/8ba2e11db7a36df6ed76807c131c9dc5.simg
You are using fMRIPrep-22.0.2, and a newer version of fMRIPrep is available: 23.0.1.
Please check out our documentation about how and when to upgrade:
https://fmriprep.readthedocs.io/en/latest/faq.html#upgrading
230328-23:42:18,816 nipype.workflow IMPORTANT:
	 Running fMRIPrep version 22.0.2

         License NOTICE ##################################################
         fMRIPrep 22.0.2
         Copyright 2022 The NiPreps Developers.
         
         This product includes software developed by
         the NiPreps Community (https://nipreps.org/).
         
         Portions of this software were developed at the Department of
         Psychology at Stanford University, Stanford, CA, US.
         
         This software redistributes the versioneer Python package, which is
         Public domain source code.
         
         This software is also distributed as a Docker container image.
         The bootstraping file for the image ("Dockerfile") is licensed
         under the MIT License.
         
         This software may be distributed through an add-on package called
         "Docker Wrapper" that is under the BSD 3-clause License.
         #################################################################
230328-23:42:18,818 nipype.workflow WARNING:
	 Previous output generated by version 0+unknown found.
230328-23:42:18,875 nipype.workflow IMPORTANT:
	 Building fMRIPrep's workflow:
           * BIDS dataset path: /nesi/nobackup/uoa03264/fMRIpipeline_data/processed_test_long/bids.
           * Participant list: ['control17'].
           * Run identifier: 20230328-234200_58e955bd-cad4-4a54-b83c-7a94723acfcc.
           * Output spaces: MNI152NLin2009cAsym:res-2.
           * Pre-run FreeSurfer's SUBJECTS_DIR: /nesi/nobackup/uoa03264/fMRIpipeline_data/processed_test_long/bids/derivatives/freesurfer_agg.
230328-23:42:20,987 nipype.workflow INFO:
	 No single-band-reference found for sub-control17_ses-a_task-rest_run-001_bold.nii.gz.
230328-23:42:21,432 nipype.workflow INFO:
	 No single-band-reference found for sub-control17_ses-a_task-rest_run-002_bold.nii.gz.
230328-23:42:21,563 nipype.workflow IMPORTANT:
	 BOLD series will be slice-timing corrected to an offset of 0.981s.
230328-23:42:25,586 nipype.workflow INFO:
	 fMRIPrep workflow graph with 579 nodes built successfully.
230328-23:42:42,25 nipype.workflow IMPORTANT:
	 fMRIPrep started!
230328-23:42:54,288 nipype.workflow INFO:
	 [Node] Setting-up "fmriprep_22_0_wf.single_subject_control17_wf.anat_preproc_wf.fs_isrunning" in "/nesi/nobackup/uoa03264/fMRIpipeline_data/processed_test_long/work/fmriprep_22_0_wf/single_subject_control17_wf/anat_preproc_wf/fs_isrunning".
230328-23:42:54,289 nipype.workflow INFO:
	 [Node] Outdated cache found for "fmriprep_22_0_wf.single_subject_control17_wf.anat_preproc_wf.fs_isrunning".
230328-23:42:54,309 nipype.workflow INFO:
	 [Node] Executing "fs_isrunning" <nipype.interfaces.utility.wrappers.Function>
230328-23:42:54,318 nipype.workflow INFO:
	 [Node] Finished "fs_isrunning", elapsed time 0.001547s.
230328-23:43:18,622 nipype.workflow INFO:
	 [Node] Setting-up "fmriprep_22_0_wf.single_subject_control17_wf.anat_preproc_wf.surface_recon_wf.autorecon1" in "/nesi/nobackup/uoa03264/fMRIpipeline_data/processed_test_long/work/fmriprep_22_0_wf/single_subject_control17_wf/anat_preproc_wf/surface_recon_wf/autorecon1".
230328-23:43:18,623 nipype.workflow INFO:
	 [Node] Outdated cache found for "fmriprep_22_0_wf.single_subject_control17_wf.anat_preproc_wf.surface_recon_wf.autorecon1".
230328-23:43:18,646 nipype.workflow INFO:
	 [Node] Executing "autorecon1" <smriprep.interfaces.freesurfer.ReconAll>
230328-23:43:18,648 nipype.interface INFO:
	 recon-all complete : Not running
230328-23:43:18,649 nipype.interface INFO:
	 recon-all complete : Not running
230328-23:43:18,734 nipype.workflow INFO:
	 [Node] Finished "autorecon1", elapsed time 0.086889s.
230328-23:43:21,889 nipype.workflow INFO:
	 [Node] Setting-up "fmriprep_22_0_wf.single_subject_control17_wf.anat_preproc_wf.surface_recon_wf.fsnative2t1w_xfm" in "/nesi/nobackup/uoa03264/fMRIpipeline_data/processed_test_long/work/fmriprep_22_0_wf/single_subject_control17_wf/anat_preproc_wf/surface_recon_wf/fsnative2t1w_xfm".
230328-23:43:21,889 nipype.workflow INFO:
	 [Node] Outdated cache found for "fmriprep_22_0_wf.single_subject_control17_wf.anat_preproc_wf.surface_recon_wf.fsnative2t1w_xfm".
230328-23:43:21,922 nipype.workflow INFO:
	 [Node] Executing "fsnative2t1w_xfm" <niworkflows.interfaces.freesurfer.PatchedRobustRegister>
230328-23:44:06,602 nipype.workflow INFO:
	 [Node] Finished "fsnative2t1w_xfm", elapsed time 44.679322s.
230328-23:44:06,897 nipype.workflow INFO:
	 [Node] Setting-up "fmriprep_22_0_wf.single_subject_control17_wf.anat_preproc_wf.surface_recon_wf.t1w2fsnative_xfm" in "/nesi/nobackup/uoa03264/fMRIpipeline_data/processed_test_long/work/fmriprep_22_0_wf/single_subject_control17_wf/anat_preproc_wf/surface_recon_wf/t1w2fsnative_xfm".
230328-23:44:06,897 nipype.workflow INFO:
	 [Node] Outdated cache found for "fmriprep_22_0_wf.single_subject_control17_wf.anat_preproc_wf.surface_recon_wf.t1w2fsnative_xfm".
230328-23:44:06,937 nipype.workflow INFO:
	 [Node] Executing "t1w2fsnative_xfm" <niworkflows.interfaces.freesurfer.PatchedLTAConvert>
230328-23:44:07,355 nipype.workflow INFO:
	 [Node] Finished "t1w2fsnative_xfm", elapsed time 0.416887s.
230328-23:44:39,719 nipype.workflow INFO:
	 [Node] Setting-up "fmriprep_22_0_wf.single_subject_control17_wf.anat_preproc_wf.surface_recon_wf.skull_strip_extern" in "/nesi/nobackup/uoa03264/fMRIpipeline_data/processed_test_long/work/fmriprep_22_0_wf/single_subject_control17_wf/anat_preproc_wf/surface_recon_wf/skull_strip_extern".
230328-23:44:39,720 nipype.workflow INFO:
	 [Node] Outdated cache found for "fmriprep_22_0_wf.single_subject_control17_wf.anat_preproc_wf.surface_recon_wf.skull_strip_extern".
230328-23:44:39,738 nipype.workflow INFO:
	 [Node] Executing "skull_strip_extern" <niworkflows.interfaces.freesurfer.FSInjectBrainExtracted>
230328-23:44:40,181 nipype.workflow INFO:
	 [Node] Finished "skull_strip_extern", elapsed time 0.441181s.
230328-23:44:41,711 nipype.workflow INFO:
	 [Node] Setting-up "fmriprep_22_0_wf.single_subject_control17_wf.anat_preproc_wf.surface_recon_wf.autorecon_resume_wf.autorecon2_vol" in "/nesi/nobackup/uoa03264/fMRIpipeline_data/processed_test_long/work/fmriprep_22_0_wf/single_subject_control17_wf/anat_preproc_wf/surface_recon_wf/autorecon_resume_wf/autorecon2_vol".
230328-23:44:41,756 nipype.workflow INFO:
	 [Node] Executing "autorecon2_vol" <smriprep.interfaces.freesurfer.ReconAll>
230328-23:44:41,758 nipype.interface INFO:
	 recon-all complete : Not running
230328-23:44:41,759 nipype.interface INFO:
	 recon-all complete : Not running
230328-23:44:41,870 nipype.workflow INFO:
	 [Node] Finished "autorecon2_vol", elapsed time 0.112901s.
230328-23:45:41,781 nipype.workflow INFO:
	 [Node] Setting-up "_autorecon_surfs0" in "/nesi/nobackup/uoa03264/fMRIpipeline_data/processed_test_long/work/fmriprep_22_0_wf/single_subject_control17_wf/anat_preproc_wf/surface_recon_wf/autorecon_resume_wf/autorecon_surfs/mapflow/_autorecon_surfs0".
230328-23:45:41,787 nipype.workflow INFO:
	 [Node] Executing "_autorecon_surfs0" <smriprep.interfaces.freesurfer.ReconAll>
230328-23:45:41,790 nipype.interface INFO:
	 recon-all complete : Not running
230328-23:45:41,793 nipype.interface INFO:
	 recon-all complete : Not running
230328-23:45:41,907 nipype.workflow INFO:
	 [Node] Finished "_autorecon_surfs0", elapsed time 0.118564s.
230328-23:45:43,784 nipype.workflow INFO:
	 [Node] Setting-up "_autorecon_surfs1" in "/nesi/nobackup/uoa03264/fMRIpipeline_data/processed_test_long/work/fmriprep_22_0_wf/single_subject_control17_wf/anat_preproc_wf/surface_recon_wf/autorecon_resume_wf/autorecon_surfs/mapflow/_autorecon_surfs1".
230328-23:45:43,790 nipype.workflow INFO:
	 [Node] Executing "_autorecon_surfs1" <smriprep.interfaces.freesurfer.ReconAll>
230328-23:45:43,793 nipype.interface INFO:
	 recon-all complete : Not running
230328-23:45:43,795 nipype.interface INFO:
	 recon-all complete : Not running
230328-23:45:43,910 nipype.workflow INFO:
	 [Node] Finished "_autorecon_surfs1", elapsed time 0.118735s.
230328-23:45:45,798 nipype.workflow INFO:
	 [Node] Setting-up "_autorecon_surfs0" in "/nesi/nobackup/uoa03264/fMRIpipeline_data/processed_test_long/work/fmriprep_22_0_wf/single_subject_control17_wf/anat_preproc_wf/surface_recon_wf/autorecon_resume_wf/autorecon_surfs/mapflow/_autorecon_surfs0".
230328-23:45:45,803 nipype.workflow INFO:
	 [Node] Executing "_autorecon_surfs0" <smriprep.interfaces.freesurfer.ReconAll>
230328-23:45:45,806 nipype.interface INFO:
	 recon-all complete : Not running
230328-23:45:45,808 nipype.interface INFO:
	 recon-all complete : Not running
230328-23:45:45,918 nipype.workflow INFO:
	 [Node] Finished "_autorecon_surfs0", elapsed time 0.113547s.
230328-23:45:45,926 nipype.workflow INFO:
	 [Node] Setting-up "_autorecon_surfs1" in "/nesi/nobackup/uoa03264/fMRIpipeline_data/processed_test_long/work/fmriprep_22_0_wf/single_subject_control17_wf/anat_preproc_wf/surface_recon_wf/autorecon_resume_wf/autorecon_surfs/mapflow/_autorecon_surfs1".
230328-23:45:45,931 nipype.workflow INFO:
	 [Node] Executing "_autorecon_surfs1" <smriprep.interfaces.freesurfer.ReconAll>
230328-23:45:45,934 nipype.interface INFO:
	 recon-all complete : Not running
230328-23:45:45,936 nipype.interface INFO:
	 recon-all complete : Not running
230328-23:45:46,45 nipype.workflow INFO:
	 [Node] Finished "_autorecon_surfs1", elapsed time 0.112941s.
230328-23:45:47,787 nipype.workflow INFO:
	 [Node] Setting-up "fmriprep_22_0_wf.single_subject_control17_wf.anat_preproc_wf.surface_recon_wf.autorecon_resume_wf.cortribbon" in "/nesi/nobackup/uoa03264/fMRIpipeline_data/processed_test_long/work/fmriprep_22_0_wf/single_subject_control17_wf/anat_preproc_wf/surface_recon_wf/autorecon_resume_wf/cortribbon".
230328-23:45:47,794 nipype.workflow INFO:
	 [Node] Executing "cortribbon" <smriprep.interfaces.freesurfer.ReconAll>
230328-23:45:47,795 nipype.interface INFO:
	 recon-all complete : Not running
230328-23:45:47,796 nipype.interface INFO:
	 recon-all complete : Not running
230328-23:45:47,914 nipype.workflow INFO:
	 [Node] Finished "cortribbon", elapsed time 0.118609s.
230328-23:45:51,790 nipype.workflow INFO:
	 [Node] Setting-up "_parcstats0" in "/nesi/nobackup/uoa03264/fMRIpipeline_data/processed_test_long/work/fmriprep_22_0_wf/single_subject_control17_wf/anat_preproc_wf/surface_recon_wf/autorecon_resume_wf/parcstats/mapflow/_parcstats0".
230328-23:45:51,796 nipype.workflow INFO:
	 [Node] Executing "_parcstats0" <smriprep.interfaces.freesurfer.ReconAll>
230328-23:45:51,799 nipype.interface INFO:
	 recon-all complete : Not running
230328-23:45:51,801 nipype.interface INFO:
	 recon-all complete : Not running
230328-23:45:51,911 nipype.workflow INFO:
	 [Node] Finished "_parcstats0", elapsed time 0.113871s.
230328-23:45:53,791 nipype.workflow INFO:
	 [Node] Setting-up "_parcstats1" in "/nesi/nobackup/uoa03264/fMRIpipeline_data/processed_test_long/work/fmriprep_22_0_wf/single_subject_control17_wf/anat_preproc_wf/surface_recon_wf/autorecon_resume_wf/parcstats/mapflow/_parcstats1".
230328-23:45:53,796 nipype.workflow INFO:
	 [Node] Executing "_parcstats1" <smriprep.interfaces.freesurfer.ReconAll>
230328-23:45:53,799 nipype.interface INFO:
	 recon-all complete : Not running
230328-23:45:53,801 nipype.interface INFO:
	 recon-all complete : Not running
230328-23:45:53,909 nipype.workflow INFO:
	 [Node] Finished "_parcstats1", elapsed time 0.112098s.
230328-23:45:55,809 nipype.workflow INFO:
	 [Node] Setting-up "_parcstats0" in "/nesi/nobackup/uoa03264/fMRIpipeline_data/processed_test_long/work/fmriprep_22_0_wf/single_subject_control17_wf/anat_preproc_wf/surface_recon_wf/autorecon_resume_wf/parcstats/mapflow/_parcstats0".
230328-23:45:55,815 nipype.workflow INFO:
	 [Node] Executing "_parcstats0" <smriprep.interfaces.freesurfer.ReconAll>
230328-23:45:55,819 nipype.interface INFO:
	 recon-all complete : Not running
230328-23:45:55,821 nipype.interface INFO:
	 recon-all complete : Not running
230328-23:45:55,935 nipype.workflow INFO:
	 [Node] Finished "_parcstats0", elapsed time 0.118721s.
230328-23:45:55,943 nipype.workflow INFO:
	 [Node] Setting-up "_parcstats1" in "/nesi/nobackup/uoa03264/fMRIpipeline_data/processed_test_long/work/fmriprep_22_0_wf/single_subject_control17_wf/anat_preproc_wf/surface_recon_wf/autorecon_resume_wf/parcstats/mapflow/_parcstats1".
230328-23:45:55,949 nipype.workflow INFO:
	 [Node] Executing "_parcstats1" <smriprep.interfaces.freesurfer.ReconAll>
230328-23:45:55,952 nipype.interface INFO:
	 recon-all complete : Not running
230328-23:45:55,954 nipype.interface INFO:
	 recon-all complete : Not running
230328-23:45:56,72 nipype.workflow INFO:
	 [Node] Finished "_parcstats1", elapsed time 0.121153s.
230328-23:45:57,797 nipype.workflow INFO:
	 [Node] Setting-up "fmriprep_22_0_wf.single_subject_control17_wf.anat_preproc_wf.surface_recon_wf.autorecon_resume_wf.autorecon3" in "/nesi/nobackup/uoa03264/fMRIpipeline_data/processed_test_long/work/fmriprep_22_0_wf/single_subject_control17_wf/anat_preproc_wf/surface_recon_wf/autorecon_resume_wf/autorecon3".
230328-23:45:57,806 nipype.workflow INFO:
	 [Node] Executing "autorecon3" <smriprep.interfaces.freesurfer.ReconAll>
230328-23:45:57,810 nipype.interface INFO:
	 resume recon-all : recon-all -autorecon3 -openmp 7 -subjid sub-control17 -sd /nesi/nobackup/uoa03264/fMRIpipeline_data/processed_test_long/bids/derivatives/freesurfer_agg -nosphere -nosurfreg -nojacobian_white -noavgcurv -nocortparc -nopial -noparcstats -nocortparc2 -noparcstats2 -nocortparc3 -noparcstats3 -nopctsurfcon -nocortribbon -nohyporelabel -noaparc2aseg -nosegstats -nowmparc -nobalabels
230328-23:45:57,813 nipype.interface INFO:
	 resume recon-all : recon-all -autorecon3 -openmp 7 -subjid sub-control17 -sd /nesi/nobackup/uoa03264/fMRIpipeline_data/processed_test_long/bids/derivatives/freesurfer_agg -nosphere -nosurfreg -nojacobian_white -noavgcurv -nocortparc -nopial -noparcstats -nocortparc2 -noparcstats2 -nocortparc3 -noparcstats3 -nopctsurfcon -nocortribbon -nohyporelabel -noaparc2aseg -nosegstats -nowmparc -nobalabels
230328-23:46:01,519 nipype.workflow INFO:
	 [Node] Finished "autorecon3", elapsed time 3.7120509999999998s.
230328-23:46:01,522 nipype.workflow WARNING:
	 [Node] Error on "fmriprep_22_0_wf.single_subject_control17_wf.anat_preproc_wf.surface_recon_wf.autorecon_resume_wf.autorecon3" (/nesi/nobackup/uoa03264/fMRIpipeline_data/processed_test_long/work/fmriprep_22_0_wf/single_subject_control17_wf/anat_preproc_wf/surface_recon_wf/autorecon_resume_wf/autorecon3)
230328-23:46:01,695 nipype.workflow ERROR:
	 Node autorecon3 failed to run on host wmc005.
230328-23:46:01,698 nipype.workflow ERROR:
	 Saving crash info to /nesi/nobackup/uoa03264/fMRIpipeline_data/processed_test_long/bids/derivatives/fmriprep/sub-control17/log/20230328-234200_58e955bd-cad4-4a54-b83c-7a94723acfcc/crash-20230328-234601-jmcg465-autorecon3-613a5d0f-ce7c-403c-ac5e-866259320b29.txt
Traceback (most recent call last):
  File "/opt/conda/lib/python3.9/site-packages/nipype/pipeline/plugins/multiproc.py", line 67, in run_node
    result["result"] = node.run(updatehash=updatehash)
  File "/opt/conda/lib/python3.9/site-packages/nipype/pipeline/engine/nodes.py", line 527, in run
    result = self._run_interface(execute=True)
  File "/opt/conda/lib/python3.9/site-packages/nipype/pipeline/engine/nodes.py", line 645, in _run_interface
    return self._run_command(execute)
  File "/opt/conda/lib/python3.9/site-packages/nipype/pipeline/engine/nodes.py", line 771, in _run_command
    raise NodeExecutionError(msg)
nipype.pipeline.engine.nodes.NodeExecutionError: Exception raised while executing Node autorecon3.

Cmdline:
	recon-all -autorecon3 -openmp 7 -subjid sub-control17 -sd /nesi/nobackup/uoa03264/fMRIpipeline_data/processed_test_long/bids/derivatives/freesurfer_agg -nosphere -nosurfreg -nojacobian_white -noavgcurv -nocortparc -nopial -noparcstats -nocortparc2 -noparcstats2 -nocortparc3 -noparcstats3 -nopctsurfcon -nocortribbon -nohyporelabel -noaparc2aseg -nosegstats -nowmparc -nobalabels
Stdout:
	INFO: FreeSurfer build stamps do not match
	Subject Stamp: freesurfer-Linux-centos6_x86_64-stable-pub-v6.0.1-f53a55a
	Current Stamp: freesurfer-linux-ubuntu18_x86_64-7.2.0-20210721-aa8f76b
	INFO: SUBJECTS_DIR is /nesi/nobackup/uoa03264/fMRIpipeline_data/processed_test_long/bids/derivatives/freesurfer_agg
	Actual FREESURFER_HOME /opt/freesurfer
	-rw-rw----+ 1 jmcg465 uoa03264 844938 Mar 28 23:31 /nesi/nobackup/uoa03264/fMRIpipeline_data/processed_test_long/bids/derivatives/freesurfer_agg/sub-control17/scripts/recon-all.log
	Linux wmc005 4.18.0-348.23.1.el8_5.x86_64 #1 SMP Wed Apr 27 15:32:52 UTC 2022 x86_64 x86_64 x86_64 GNU/Linux
	/nesi/nobackup/uoa03264/fMRIpipeline_data/processed_test_long/bids/derivatives/freesurfer_agg/sub-control17/mri/transforms /nesi/nobackup/uoa03264/fMRIpipeline_data/processed_test_long/bids/derivatives/freesurfer_agg/sub-control17 
	/nesi/nobackup/uoa03264/fMRIpipeline_data/processed_test_long/bids/derivatives/freesurfer_agg/sub-control17 
	#--------------------------------------------
	#@# WhiteSurfs lh Tue Mar 28 23:46:01 UTC 2023
	cd /nesi/nobackup/uoa03264/fMRIpipeline_data/processed_test_long/bids/derivatives/freesurfer_agg/sub-control17/mri
	mris_place_surface --adgws-in ../surf/autodet.gw.stats.lh.dat --seg aseg.presurf.mgz --threads 7 --wm wm.mgz --invol brain.finalsurfs.mgz --lh --i ../surf/lh.white.preaparc --o ../surf/lh.white --white --nsmooth 0 --rip-label ../label/lh.cortex.label --rip-bg --rip-surf ../surf/lh.white.preaparc --aparc ../label/lh.aparc.annot
	ERROR: reading ../surf/autodet.gw.stats.lh.dat
	Linux wmc005 4.18.0-348.23.1.el8_5.x86_64 #1 SMP Wed Apr 27 15:32:52 UTC 2022 x86_64 x86_64 x86_64 GNU/Linux

	recon-all -s sub-control17 exited with ERRORS at Tue Mar 28 23:46:01 UTC 2023

	For more details, see the log file /nesi/nobackup/uoa03264/fMRIpipeline_data/processed_test_long/bids/derivatives/freesurfer_agg/sub-control17/scripts/recon-all.log
	To report a problem, see http://surfer.nmr.mgh.harvard.edu/fswiki/BugReporting

Stderr:

Traceback:
	RuntimeError: subprocess exited with code 1.

230328-23:46:01,715 nipype.workflow CRITICAL:
	 fMRIPrep failed: Traceback (most recent call last):
  File "/opt/conda/lib/python3.9/site-packages/nipype/pipeline/plugins/multiproc.py", line 67, in run_node
    result["result"] = node.run(updatehash=updatehash)
  File "/opt/conda/lib/python3.9/site-packages/nipype/pipeline/engine/nodes.py", line 527, in run
    result = self._run_interface(execute=True)
  File "/opt/conda/lib/python3.9/site-packages/nipype/pipeline/engine/nodes.py", line 645, in _run_interface
    return self._run_command(execute)
  File "/opt/conda/lib/python3.9/site-packages/nipype/pipeline/engine/nodes.py", line 771, in _run_command
    raise NodeExecutionError(msg)
nipype.pipeline.engine.nodes.NodeExecutionError: Exception raised while executing Node autorecon3.

Cmdline:
	recon-all -autorecon3 -openmp 7 -subjid sub-control17 -sd /nesi/nobackup/uoa03264/fMRIpipeline_data/processed_test_long/bids/derivatives/freesurfer_agg -nosphere -nosurfreg -nojacobian_white -noavgcurv -nocortparc -nopial -noparcstats -nocortparc2 -noparcstats2 -nocortparc3 -noparcstats3 -nopctsurfcon -nocortribbon -nohyporelabel -noaparc2aseg -nosegstats -nowmparc -nobalabels
Stdout:
	INFO: FreeSurfer build stamps do not match
	Subject Stamp: freesurfer-Linux-centos6_x86_64-stable-pub-v6.0.1-f53a55a
	Current Stamp: freesurfer-linux-ubuntu18_x86_64-7.2.0-20210721-aa8f76b
	INFO: SUBJECTS_DIR is /nesi/nobackup/uoa03264/fMRIpipeline_data/processed_test_long/bids/derivatives/freesurfer_agg
	Actual FREESURFER_HOME /opt/freesurfer
	-rw-rw----+ 1 jmcg465 uoa03264 844938 Mar 28 23:31 /nesi/nobackup/uoa03264/fMRIpipeline_data/processed_test_long/bids/derivatives/freesurfer_agg/sub-control17/scripts/recon-all.log
	Linux wmc005 4.18.0-348.23.1.el8_5.x86_64 #1 SMP Wed Apr 27 15:32:52 UTC 2022 x86_64 x86_64 x86_64 GNU/Linux
	/nesi/nobackup/uoa03264/fMRIpipeline_data/processed_test_long/bids/derivatives/freesurfer_agg/sub-control17/mri/transforms /nesi/nobackup/uoa03264/fMRIpipeline_data/processed_test_long/bids/derivatives/freesurfer_agg/sub-control17 
	/nesi/nobackup/uoa03264/fMRIpipeline_data/processed_test_long/bids/derivatives/freesurfer_agg/sub-control17 
	#--------------------------------------------
	#@# WhiteSurfs lh Tue Mar 28 23:46:01 UTC 2023
	cd /nesi/nobackup/uoa03264/fMRIpipeline_data/processed_test_long/bids/derivatives/freesurfer_agg/sub-control17/mri
	mris_place_surface --adgws-in ../surf/autodet.gw.stats.lh.dat --seg aseg.presurf.mgz --threads 7 --wm wm.mgz --invol brain.finalsurfs.mgz --lh --i ../surf/lh.white.preaparc --o ../surf/lh.white --white --nsmooth 0 --rip-label ../label/lh.cortex.label --rip-bg --rip-surf ../surf/lh.white.preaparc --aparc ../label/lh.aparc.annot
	ERROR: reading ../surf/autodet.gw.stats.lh.dat
	Linux wmc005 4.18.0-348.23.1.el8_5.x86_64 #1 SMP Wed Apr 27 15:32:52 UTC 2022 x86_64 x86_64 x86_64 GNU/Linux

	recon-all -s sub-control17 exited with ERRORS at Tue Mar 28 23:46:01 UTC 2023

	For more details, see the log file /nesi/nobackup/uoa03264/fMRIpipeline_data/processed_test_long/bids/derivatives/freesurfer_agg/sub-control17/scripts/recon-all.log
	To report a problem, see http://surfer.nmr.mgh.harvard.edu/fswiki/BugReporting

Stderr:

Traceback:
	RuntimeError: subprocess exited with code 1.

230328-23:46:02,680 cli ERROR:
	 Preprocessing did not finish successfully. Errors occurred while processing data from participants: control17 (1). Check the HTML reports for details.
230328-23:46:02,680 cli ERROR:
	 Preprocessing did not finish successfully. Errors occurred while processing data from participants: control17 (1). Check the HTML reports for details.
Sentry is attempting to send 4 pending error messages
Waiting up to 2 seconds
Press Ctrl-C to quit
[Wed Mar 29 12:46:03 2023]
Error in rule fmriprep:
    jobid: 0
    input: /nesi/nobackup/uoa03264/fMRIpipeline_data/processed_test_long/bids/sub-control17/ses-a, /nesi/nobackup/uoa03264/fMRIpipeline_data/processed_test_long/bids/derivatives/freesurfer_agg/sub-control17
    output: /nesi/nobackup/uoa03264/fMRIpipeline_data/processed_test_long/bids/derivatives/fmriprep/sub-control17, /nesi/nobackup/uoa03264/fMRIpipeline_data/processed_test_long/bids/derivatives/fmriprep/sub-control17.html
    shell:
        fmriprep /nesi/nobackup/uoa03264/fMRIpipeline_data/processed_test_long/bids /nesi/nobackup/uoa03264/fMRIpipeline_data/processed_test_long/bids/derivatives/fmriprep participant --participant-label control17 --skip-bids-validation --md-only-boilerplate --fs-subjects-dir /nesi/nobackup/uoa03264/fMRIpipeline_data/processed_test_long/bids/derivatives/freesurfer_agg --output-spaces MNI152NLin2009cAsym:res-2 --stop-on-first-crash --low-mem --mem-mb 25000 --nprocs 8 -w /nesi/nobackup/uoa03264/fMRIpipeline_data/processed_test_long/work --fs-license-file ./license.txt
        (one of the commands exited with non-zero exit code; note that snakemake uses bash strict mode!)

Removing output files of failed job fmriprep since they might be corrupted:
/nesi/nobackup/uoa03264/fMRIpipeline_data/processed_test_long/bids/derivatives/fmriprep/sub-control17, /nesi/nobackup/uoa03264/fMRIpipeline_data/processed_test_long/bids/derivatives/fmriprep/sub-control17.html
Shutting down, this might take some time.
Exiting because a job execution failed. Look above for error message
