Building DAG of jobs...
Using shell: /usr/bin/bash
Provided cores: 2
Rules claiming more threads will be scaled down.
Provided resources: mem_mb=4000, mem_mib=3815, disk_mb=1000, disk_mib=954, cpus=2, time_min=60, gpu=0
Select jobs to execute...

[Thu Apr  6 12:10:49 2023]
rule heudiconv:
    input: /nesi/nobackup/uoa03264/fMRIpipeline_data/processed_test_cross/tidy/sub_rugby1/ses_b
    output: /nesi/nobackup/uoa03264/fMRIpipeline_data/processed_test_cross/bids/sub-rugby1/ses-b, /nesi/nobackup/uoa03264/fMRIpipeline_data/processed_test_cross/bids/.heudiconv/rugby1/ses-b
    jobid: 0
    reason: Missing output files: /nesi/nobackup/uoa03264/fMRIpipeline_data/processed_test_cross/bids/sub-rugby1/ses-b, /nesi/nobackup/uoa03264/fMRIpipeline_data/processed_test_cross/bids/.heudiconv/rugby1/ses-b
    wildcards: resultsdir=/nesi/nobackup/uoa03264/fMRIpipeline_data/processed_test_cross, subject=rugby1, session=b
    resources: mem_mb=4000, mem_mib=3815, disk_mb=1000, disk_mib=954, tmpdir=/dev/shm/jobs/33910216, cpus=2, time_min=60, gpu=0

heudiconv --dicom_dir_template '/nesi/nobackup/uoa03264/fMRIpipeline_data/processed_test_cross/tidy/sub_{subject}/ses_{session}/*/*' --outdir /nesi/nobackup/uoa03264/fMRIpipeline_data/processed_test_cross/bids --heuristic scripts/heuristic.py --subjects rugby1 --ses b --converter dcm2niix --bids --overwrite
Activating singularity image /scale_wlg_persistent/filesets/project/uoa03264/fmri_workflow/.snakemake/singularity/10b2306ed15c5efc917232958423bfe6.simg
INFO: Running heudiconv version 0.11.4.post18+g1fe815b.d20221025 latest 0.12.2
INFO: Need to process 1 study sessions
INFO: PROCESSING STARTS: {'subject': 'rugby1', 'outdir': '/nesi/nobackup/uoa03264/fMRIpipeline_data/processed_test_cross/bids/', 'session': 'b'}
INFO: Processing 10700 dicoms
INFO: Analyzing 10700 dicoms
INFO: Generated sequence info for 2 studies with 10700 entries total
INFO: Doing conversion using dcm2niix
INFO: Converting /nesi/nobackup/uoa03264/fMRIpipeline_data/processed_test_cross/bids/sub-rugby1/ses-b/anat/sub-rugby1_ses-b_run-001_T1w (300 DICOMs) -> /nesi/nobackup/uoa03264/fMRIpipeline_data/processed_test_cross/bids/sub-rugby1/ses-b/anat . Converter: dcm2niix . Output types: ('nii.gz',)
230406-00:15:30,822 nipype.workflow INFO:
	 [Node] Setting-up "convert" in "/tmp/dcm2niixbwqnopat/convert".
INFO: [Node] Setting-up "convert" in "/tmp/dcm2niixbwqnopat/convert".
230406-00:15:31,92 nipype.workflow INFO:
	 [Node] Executing "convert" <nipype.interfaces.dcm2nii.Dcm2niix>
INFO: [Node] Executing "convert" <nipype.interfaces.dcm2nii.Dcm2niix>
230406-00:15:31,808 nipype.interface INFO:
	 stdout 2023-04-06T00:15:31.808618:Chris Rorden's dcm2niiX version v1.0.20220720  (JP2:OpenJPEG) (JP-LS:CharLS) GCC10.2.1 x86-64 (64-bit Linux)
INFO: stdout 2023-04-06T00:15:31.808618:Chris Rorden's dcm2niiX version v1.0.20220720  (JP2:OpenJPEG) (JP-LS:CharLS) GCC10.2.1 x86-64 (64-bit Linux)
230406-00:15:31,809 nipype.interface INFO:
	 stdout 2023-04-06T00:15:31.808618:Found 300 DICOM file(s)
INFO: stdout 2023-04-06T00:15:31.808618:Found 300 DICOM file(s)
230406-00:15:31,809 nipype.interface INFO:
	 stdout 2023-04-06T00:15:31.808618:Resolved discrepancy between tags (0020,1002; 0021,104F; 0054,0081)
INFO: stdout 2023-04-06T00:15:31.808618:Resolved discrepancy between tags (0020,1002; 0021,104F; 0054,0081)
230406-00:15:31,809 nipype.interface INFO:
	 stdout 2023-04-06T00:15:31.808618:Convert 300 DICOM as /nesi/nobackup/uoa03264/fMRIpipeline_data/processed_test_cross/bids/sub-rugby1/ses-b/anat/sub-rugby1_ses-b_run-001_T1w_heudiconv365 (512x512x300x1)
INFO: stdout 2023-04-06T00:15:31.808618:Convert 300 DICOM as /nesi/nobackup/uoa03264/fMRIpipeline_data/processed_test_cross/bids/sub-rugby1/ses-b/anat/sub-rugby1_ses-b_run-001_T1w_heudiconv365 (512x512x300x1)
230406-00:15:39,504 nipype.interface INFO:
	 stdout 2023-04-06T00:15:39.504456:Compress: "/usr/bin/pigz" -b 960 -n -f -6 "/nesi/nobackup/uoa03264/fMRIpipeline_data/processed_test_cross/bids/sub-rugby1/ses-b/anat/sub-rugby1_ses-b_run-001_T1w_heudiconv365.nii"
INFO: stdout 2023-04-06T00:15:39.504456:Compress: "/usr/bin/pigz" -b 960 -n -f -6 "/nesi/nobackup/uoa03264/fMRIpipeline_data/processed_test_cross/bids/sub-rugby1/ses-b/anat/sub-rugby1_ses-b_run-001_T1w_heudiconv365.nii"
230406-00:15:39,508 nipype.interface INFO:
	 stdout 2023-04-06T00:15:39.504456:Conversion required 8.166056 seconds (0.806453 for core code).
INFO: stdout 2023-04-06T00:15:39.504456:Conversion required 8.166056 seconds (0.806453 for core code).
230406-00:15:39,606 nipype.workflow INFO:
	 [Node] Finished "convert", elapsed time 8.296202s.
INFO: [Node] Finished "convert", elapsed time 8.296202s.
WARNING: Failed to find task field in /nesi/nobackup/uoa03264/fMRIpipeline_data/processed_test_cross/bids/sub-rugby1/ses-b/anat/sub-rugby1_ses-b_run-001_T1w.json.
230406-00:15:39,653 nipype.workflow INFO:
	 [Node] Setting-up "embedder" in "/tmp/embedmetanz25ji7k/embedder".
INFO: [Node] Setting-up "embedder" in "/tmp/embedmetanz25ji7k/embedder".
230406-00:15:39,731 nipype.workflow INFO:
	 [Node] Executing "embedder" <nipype.interfaces.utility.wrappers.Function>
INFO: [Node] Executing "embedder" <nipype.interfaces.utility.wrappers.Function>
/opt/miniconda-py39_4.12.0/lib/python3.9/site-packages/pydicom/valuerep.py:290: UserWarning: The value length (32) exceeds the maximum length of 16 allowed for VR SH.
  warnings.warn(msg)
230406-00:15:47,89 nipype.workflow INFO:
	 [Node] Finished "embedder", elapsed time 7.35623s.
INFO: [Node] Finished "embedder", elapsed time 7.35623s.
INFO: Post-treating /nesi/nobackup/uoa03264/fMRIpipeline_data/processed_test_cross/bids/sub-rugby1/ses-b/anat/sub-rugby1_ses-b_run-001_T1w.json file
INFO: Converting /nesi/nobackup/uoa03264/fMRIpipeline_data/processed_test_cross/bids/sub-rugby1/ses-b/func/sub-rugby1_ses-b_task-rest_run-001_bold (10400 DICOMs) -> /nesi/nobackup/uoa03264/fMRIpipeline_data/processed_test_cross/bids/sub-rugby1/ses-b/func . Converter: dcm2niix . Output types: ('nii.gz',)
230406-00:15:48,154 nipype.workflow INFO:
	 [Node] Setting-up "convert" in "/tmp/dcm2niix5b8ku92t/convert".
INFO: [Node] Setting-up "convert" in "/tmp/dcm2niix5b8ku92t/convert".
230406-00:15:57,200 nipype.workflow INFO:
	 [Node] Executing "convert" <nipype.interfaces.dcm2nii.Dcm2niix>
INFO: [Node] Executing "convert" <nipype.interfaces.dcm2nii.Dcm2niix>
230406-00:16:03,585 nipype.interface INFO:
	 stdout 2023-04-06T00:16:03.584715:Chris Rorden's dcm2niiX version v1.0.20220720  (JP2:OpenJPEG) (JP-LS:CharLS) GCC10.2.1 x86-64 (64-bit Linux)
INFO: stdout 2023-04-06T00:16:03.584715:Chris Rorden's dcm2niiX version v1.0.20220720  (JP2:OpenJPEG) (JP-LS:CharLS) GCC10.2.1 x86-64 (64-bit Linux)
230406-00:16:03,585 nipype.interface INFO:
	 stdout 2023-04-06T00:16:03.584715:Found 10400 DICOM file(s)
INFO: stdout 2023-04-06T00:16:03.584715:Found 10400 DICOM file(s)
230406-00:16:03,586 nipype.interface INFO:
	 stdout 2023-04-06T00:16:03.584715:Warning: Unable to determine slice times for early GE HyperBand.
INFO: stdout 2023-04-06T00:16:03.584715:Warning: Unable to determine slice times for early GE HyperBand.
230406-00:16:03,586 nipype.interface INFO:
	 stdout 2023-04-06T00:16:03.584715:Convert 10400 DICOM as /nesi/nobackup/uoa03264/fMRIpipeline_data/processed_test_cross/bids/sub-rugby1/ses-b/func/sub-rugby1_ses-b_task-rest_run-001_bold_heudiconv229 (64x64x52x200)
INFO: stdout 2023-04-06T00:16:03.584715:Convert 10400 DICOM as /nesi/nobackup/uoa03264/fMRIpipeline_data/processed_test_cross/bids/sub-rugby1/ses-b/func/sub-rugby1_ses-b_task-rest_run-001_bold_heudiconv229 (64x64x52x200)
230406-00:16:08,61 nipype.interface INFO:
	 stdout 2023-04-06T00:16:08.061046:Compress: "/usr/bin/pigz" -b 960 -n -f -6 "/nesi/nobackup/uoa03264/fMRIpipeline_data/processed_test_cross/bids/sub-rugby1/ses-b/func/sub-rugby1_ses-b_task-rest_run-001_bold_heudiconv229.nii"
INFO: stdout 2023-04-06T00:16:08.061046:Compress: "/usr/bin/pigz" -b 960 -n -f -6 "/nesi/nobackup/uoa03264/fMRIpipeline_data/processed_test_cross/bids/sub-rugby1/ses-b/func/sub-rugby1_ses-b_task-rest_run-001_bold_heudiconv229.nii"
230406-00:16:08,61 nipype.interface INFO:
	 stdout 2023-04-06T00:16:08.061046:Conversion required 10.797763 seconds (5.217353 for core code).
INFO: stdout 2023-04-06T00:16:08.061046:Conversion required 10.797763 seconds (5.217353 for core code).
230406-00:16:08,253 nipype.workflow INFO:
	 [Node] Finished "convert", elapsed time 11.050848s.
INFO: [Node] Finished "convert", elapsed time 11.050848s.
230406-00:16:09,57 nipype.workflow INFO:
	 [Node] Setting-up "embedder" in "/tmp/embedmetai8eaeqxc/embedder".
INFO: [Node] Setting-up "embedder" in "/tmp/embedmetai8eaeqxc/embedder".
230406-00:16:11,532 nipype.workflow INFO:
	 [Node] Executing "embedder" <nipype.interfaces.utility.wrappers.Function>
INFO: [Node] Executing "embedder" <nipype.interfaces.utility.wrappers.Function>
230406-00:20:17,322 nipype.workflow INFO:
	 [Node] Finished "embedder", elapsed time 245.787771s.
INFO: [Node] Finished "embedder", elapsed time 245.787771s.
INFO: Post-treating /nesi/nobackup/uoa03264/fMRIpipeline_data/processed_test_cross/bids/sub-rugby1/ses-b/func/sub-rugby1_ses-b_task-rest_run-001_bold.json file
INFO: Populating template files under /nesi/nobackup/uoa03264/fMRIpipeline_data/processed_test_cross/bids/
INFO: PROCESSING DONE: {'subject': 'rugby1', 'outdir': '/nesi/nobackup/uoa03264/fMRIpipeline_data/processed_test_cross/bids/', 'session': 'b'}
[Thu Apr  6 12:20:22 2023]
Finished job 0.
1 of 1 steps (100%) done
