Building DAG of jobs...
Using shell: /usr/bin/bash
Provided cores: 2
Rules claiming more threads will be scaled down.
Select jobs to execute...

[Tue Nov  1 09:47:33 2022]
rule unzip:
    input: /nesi/nobackup/uoa03264/fMRIpipeline_data/dicom_test/Conc_20Ntb14_Ctrl_18_A.zip
    output: /nesi/nobackup/uoa03264/fMRIpipeline_data/dicom_test/Conc_20Ntb14_Ctrl_18_A
    jobid: 0
    wildcards: folder=/nesi/nobackup/uoa03264/fMRIpipeline_data/dicom_test/Conc_20Ntb14_Ctrl_18_A
    resources: mem_mb=512, disk_mb=1000, tmpdir=/dev/shm/jobs/31155571, cpus=1, time_min=5, gpu=0

unzip -q -d /nesi/nobackup/uoa03264/fMRIpipeline_data/dicom_test/Conc_20Ntb14_Ctrl_18_A /nesi/nobackup/uoa03264/fMRIpipeline_data/dicom_test/Conc_20Ntb14_Ctrl_18_A.zip && rm /nesi/nobackup/uoa03264/fMRIpipeline_data/dicom_test/Conc_20Ntb14_Ctrl_18_A.zip
checkdir:  cannot create extraction directory: /nesi/nobackup/uoa03264/fMRIpipeline_data/dicom_test/Conc_20Ntb14_Ctrl_18_A
           Permission denied
[Tue Nov  1 09:47:33 2022]
Error in rule unzip:
    jobid: 0
    output: /nesi/nobackup/uoa03264/fMRIpipeline_data/dicom_test/Conc_20Ntb14_Ctrl_18_A
    shell:
        unzip -q -d /nesi/nobackup/uoa03264/fMRIpipeline_data/dicom_test/Conc_20Ntb14_Ctrl_18_A /nesi/nobackup/uoa03264/fMRIpipeline_data/dicom_test/Conc_20Ntb14_Ctrl_18_A.zip && rm /nesi/nobackup/uoa03264/fMRIpipeline_data/dicom_test/Conc_20Ntb14_Ctrl_18_A.zip
        (one of the commands exited with non-zero exit code; note that snakemake uses bash strict mode!)

Shutting down, this might take some time.
Exiting because a job execution failed. Look above for error message
