Building DAG of jobs...
Using shell: /usr/bin/bash
Provided cores: 2
Rules claiming more threads will be scaled down.
Select jobs to execute...

[Fri Dec  9 16:08:01 2022]
rule heudiconv:
    input: /nesi/nobackup/uoa03264/fMRIpipeline_data/processed_test/tidy/sub_rugby1/ses_a/.completed
    output: /nesi/nobackup/uoa03264/fMRIpipeline_data/processed_test/bids/sub-rugby1/ses-a, /nesi/nobackup/uoa03264/fMRIpipeline_data/processed_test/bids/.heudiconv/rugby1/ses-a
    jobid: 0
    wildcards: resultsdir=/nesi/nobackup/uoa03264/fMRIpipeline_data/processed_test, subject=rugby1, session=a
    resources: mem_mb=4000, disk_mb=1000, tmpdir=/dev/shm/jobs/31830279, cpus=2, time_min=60, gpu=0

heudiconv --dicom_dir_template '/nesi/nobackup/uoa03264/fMRIpipeline_data/processed_test/tidy/sub_{subject}/ses_{session}/*/*' --outdir /nesi/nobackup/uoa03264/fMRIpipeline_data/processed_test/bids --heuristic scripts/heuristic.py --subjects rugby1 --ses a --converter dcm2niix --bids --overwrite
Activating singularity image /scale_wlg_persistent/filesets/project/uoa03264/fmri_workflow/.snakemake/singularity/10b2306ed15c5efc917232958423bfe6.simg
INFO: Running heudiconv version 0.11.4.post18+g1fe815b.d20221025 latest 0.11.6
INFO: Need to process 1 study sessions
INFO: PROCESSING STARTS: {'subject': 'rugby1', 'outdir': '/nesi/nobackup/uoa03264/fMRIpipeline_data/processed_test/bids/', 'session': 'a'}
INFO: Processing 10599 dicoms
INFO: Analyzing 10599 dicoms
INFO: Generated sequence info for 2 studies with 10599 entries total
INFO: Doing conversion using dcm2niix
INFO: Converting /nesi/nobackup/uoa03264/fMRIpipeline_data/processed_test/bids/sub-rugby1/ses-a/anat/sub-rugby1_ses-a_run-001_T1w (199 DICOMs) -> /nesi/nobackup/uoa03264/fMRIpipeline_data/processed_test/bids/sub-rugby1/ses-a/anat . Converter: dcm2niix . Output types: ('nii.gz',)
221209-16:09:06,347 nipype.workflow INFO:
	 [Node] Setting-up "convert" in "/dev/shm/jobs/31830279/dcm2niixz09nhrbv/convert".
INFO: [Node] Setting-up "convert" in "/dev/shm/jobs/31830279/dcm2niixz09nhrbv/convert".
221209-16:09:06,429 nipype.workflow INFO:
	 [Node] Executing "convert" <nipype.interfaces.dcm2nii.Dcm2niix>
INFO: [Node] Executing "convert" <nipype.interfaces.dcm2nii.Dcm2niix>
221209-16:09:06,602 nipype.interface INFO:
	 stdout 2022-12-09T16:09:06.601950:Chris Rorden's dcm2niiX version v1.0.20220720  (JP2:OpenJPEG) (JP-LS:CharLS) GCC10.2.1 x86-64 (64-bit Linux)
INFO: stdout 2022-12-09T16:09:06.601950:Chris Rorden's dcm2niiX version v1.0.20220720  (JP2:OpenJPEG) (JP-LS:CharLS) GCC10.2.1 x86-64 (64-bit Linux)
221209-16:09:06,602 nipype.interface INFO:
	 stdout 2022-12-09T16:09:06.601950:Found 199 DICOM file(s)
INFO: stdout 2022-12-09T16:09:06.601950:Found 199 DICOM file(s)
221209-16:09:06,602 nipype.interface INFO:
	 stdout 2022-12-09T16:09:06.601950:DICOM images may be missing, expected 300 spatial locations per volume, but found 199 slices.
INFO: stdout 2022-12-09T16:09:06.601950:DICOM images may be missing, expected 300 spatial locations per volume, but found 199 slices.
221209-16:09:06,602 nipype.interface INFO:
	 stdout 2022-12-09T16:09:06.601950:Convert 199 DICOM as /nesi/nobackup/uoa03264/fMRIpipeline_data/processed_test/bids/sub-rugby1/ses-a/anat/sub-rugby1_ses-a_run-001_T1w_heudiconv862 (512x512x199x1)
INFO: stdout 2022-12-09T16:09:06.601950:Convert 199 DICOM as /nesi/nobackup/uoa03264/fMRIpipeline_data/processed_test/bids/sub-rugby1/ses-a/anat/sub-rugby1_ses-a_run-001_T1w_heudiconv862 (512x512x199x1)
221209-16:09:10,457 nipype.interface INFO:
	 stdout 2022-12-09T16:09:10.457293:Compress: "/usr/bin/pigz" -b 960 -n -f -6 "/nesi/nobackup/uoa03264/fMRIpipeline_data/processed_test/bids/sub-rugby1/ses-a/anat/sub-rugby1_ses-a_run-001_T1w_heudiconv862.nii"
INFO: stdout 2022-12-09T16:09:10.457293:Compress: "/usr/bin/pigz" -b 960 -n -f -6 "/nesi/nobackup/uoa03264/fMRIpipeline_data/processed_test/bids/sub-rugby1/ses-a/anat/sub-rugby1_ses-a_run-001_T1w_heudiconv862.nii"
221209-16:09:10,457 nipype.interface INFO:
	 stdout 2022-12-09T16:09:10.457293:Conversion required 3.954760 seconds (0.348142 for core code).
INFO: stdout 2022-12-09T16:09:10.457293:Conversion required 3.954760 seconds (0.348142 for core code).
221209-16:09:10,481 nipype.workflow INFO:
	 [Node] Finished "convert", elapsed time 3.992393s.
INFO: [Node] Finished "convert", elapsed time 3.992393s.
WARNING: Failed to find task field in /nesi/nobackup/uoa03264/fMRIpipeline_data/processed_test/bids/sub-rugby1/ses-a/anat/sub-rugby1_ses-a_run-001_T1w.json.
221209-16:09:10,503 nipype.workflow INFO:
	 [Node] Setting-up "embedder" in "/dev/shm/jobs/31830279/embedmetan46o81s9/embedder".
INFO: [Node] Setting-up "embedder" in "/dev/shm/jobs/31830279/embedmetan46o81s9/embedder".
221209-16:09:10,528 nipype.workflow INFO:
	 [Node] Executing "embedder" <nipype.interfaces.utility.wrappers.Function>
INFO: [Node] Executing "embedder" <nipype.interfaces.utility.wrappers.Function>
221209-16:09:13,735 nipype.workflow INFO:
	 [Node] Finished "embedder", elapsed time 3.204961s.
INFO: [Node] Finished "embedder", elapsed time 3.204961s.
INFO: Post-treating /nesi/nobackup/uoa03264/fMRIpipeline_data/processed_test/bids/sub-rugby1/ses-a/anat/sub-rugby1_ses-a_run-001_T1w.json file
INFO: Converting /nesi/nobackup/uoa03264/fMRIpipeline_data/processed_test/bids/sub-rugby1/ses-a/func/sub-rugby1_ses-a_task-rest_run-001_bold (10400 DICOMs) -> /nesi/nobackup/uoa03264/fMRIpipeline_data/processed_test/bids/sub-rugby1/ses-a/func . Converter: dcm2niix . Output types: ('nii.gz',)
221209-16:09:14,206 nipype.workflow INFO:
	 [Node] Setting-up "convert" in "/dev/shm/jobs/31830279/dcm2niix355v8pfc/convert".
INFO: [Node] Setting-up "convert" in "/dev/shm/jobs/31830279/dcm2niix355v8pfc/convert".
221209-16:09:18,364 nipype.workflow INFO:
	 [Node] Executing "convert" <nipype.interfaces.dcm2nii.Dcm2niix>
INFO: [Node] Executing "convert" <nipype.interfaces.dcm2nii.Dcm2niix>
221209-16:09:21,485 nipype.interface INFO:
	 stdout 2022-12-09T16:09:21.485652:Chris Rorden's dcm2niiX version v1.0.20220720  (JP2:OpenJPEG) (JP-LS:CharLS) GCC10.2.1 x86-64 (64-bit Linux)
INFO: stdout 2022-12-09T16:09:21.485652:Chris Rorden's dcm2niiX version v1.0.20220720  (JP2:OpenJPEG) (JP-LS:CharLS) GCC10.2.1 x86-64 (64-bit Linux)
221209-16:09:21,486 nipype.interface INFO:
	 stdout 2022-12-09T16:09:21.485652:Found 10400 DICOM file(s)
INFO: stdout 2022-12-09T16:09:21.485652:Found 10400 DICOM file(s)
221209-16:09:21,486 nipype.interface INFO:
	 stdout 2022-12-09T16:09:21.485652:Convert 10400 DICOM as /nesi/nobackup/uoa03264/fMRIpipeline_data/processed_test/bids/sub-rugby1/ses-a/func/sub-rugby1_ses-a_task-rest_run-001_bold_heudiconv600 (64x64x52x200)
INFO: stdout 2022-12-09T16:09:21.485652:Convert 10400 DICOM as /nesi/nobackup/uoa03264/fMRIpipeline_data/processed_test/bids/sub-rugby1/ses-a/func/sub-rugby1_ses-a_task-rest_run-001_bold_heudiconv600 (64x64x52x200)
221209-16:09:25,338 nipype.interface INFO:
	 stdout 2022-12-09T16:09:25.338938:Compress: "/usr/bin/pigz" -b 960 -n -f -6 "/nesi/nobackup/uoa03264/fMRIpipeline_data/processed_test/bids/sub-rugby1/ses-a/func/sub-rugby1_ses-a_task-rest_run-001_bold_heudiconv600.nii"
INFO: stdout 2022-12-09T16:09:25.338938:Compress: "/usr/bin/pigz" -b 960 -n -f -6 "/nesi/nobackup/uoa03264/fMRIpipeline_data/processed_test/bids/sub-rugby1/ses-a/func/sub-rugby1_ses-a_task-rest_run-001_bold_heudiconv600.nii"
221209-16:09:25,339 nipype.interface INFO:
	 stdout 2022-12-09T16:09:25.338938:Conversion required 6.943423 seconds (3.093012 for core code).
INFO: stdout 2022-12-09T16:09:25.338938:Conversion required 6.943423 seconds (3.093012 for core code).
221209-16:09:25,377 nipype.workflow INFO:
	 [Node] Finished "convert", elapsed time 7.011089s.
INFO: [Node] Finished "convert", elapsed time 7.011089s.
221209-16:09:25,718 nipype.workflow INFO:
	 [Node] Setting-up "embedder" in "/dev/shm/jobs/31830279/embedmeta_odflsyj/embedder".
INFO: [Node] Setting-up "embedder" in "/dev/shm/jobs/31830279/embedmeta_odflsyj/embedder".
221209-16:09:27,49 nipype.workflow INFO:
	 [Node] Executing "embedder" <nipype.interfaces.utility.wrappers.Function>
INFO: [Node] Executing "embedder" <nipype.interfaces.utility.wrappers.Function>
221209-16:12:16,474 nipype.workflow INFO:
	 [Node] Finished "embedder", elapsed time 169.423541s.
INFO: [Node] Finished "embedder", elapsed time 169.423541s.
INFO: Post-treating /nesi/nobackup/uoa03264/fMRIpipeline_data/processed_test/bids/sub-rugby1/ses-a/func/sub-rugby1_ses-a_task-rest_run-001_bold.json file
INFO: Populating template files under /nesi/nobackup/uoa03264/fMRIpipeline_data/processed_test/bids/
INFO: PROCESSING DONE: {'subject': 'rugby1', 'outdir': '/nesi/nobackup/uoa03264/fMRIpipeline_data/processed_test/bids/', 'session': 'a'}
[Fri Dec  9 16:12:18 2022]
Finished job 0.
1 of 1 steps (100%) done
