Building DAG of jobs...
Using shell: /usr/bin/bash
Provided cores: 2
Rules claiming more threads will be scaled down.
Select jobs to execute...

[Fri Dec  9 16:20:18 2022]
rule heudiconv:
    input: /nesi/nobackup/uoa03264/fMRIpipeline_data/processed_test_josh/tidy/sub_rugby1/ses_a/.completed
    output: /nesi/nobackup/uoa03264/fMRIpipeline_data/processed_test_josh/bids/sub-rugby1/ses-a, /nesi/nobackup/uoa03264/fMRIpipeline_data/processed_test_josh/bids/.heudiconv/rugby1/ses-a
    jobid: 0
    wildcards: resultsdir=/nesi/nobackup/uoa03264/fMRIpipeline_data/processed_test_josh, subject=rugby1, session=a
    resources: mem_mb=4000, disk_mb=1000, tmpdir=/dev/shm/jobs/31831279, cpus=2, time_min=60, gpu=0

heudiconv --dicom_dir_template '/nesi/nobackup/uoa03264/fMRIpipeline_data/processed_test_josh/tidy/sub_{subject}/ses_{session}/*/*' --outdir /nesi/nobackup/uoa03264/fMRIpipeline_data/processed_test_josh/bids --heuristic scripts/heuristic.py --subjects rugby1 --ses a --converter dcm2niix --bids --overwrite
Activating singularity image /scale_wlg_persistent/filesets/project/uoa03264/fmri_workflow/.snakemake/singularity/10b2306ed15c5efc917232958423bfe6.simg
INFO: Running heudiconv version 0.11.4.post18+g1fe815b.d20221025 latest 0.11.6
INFO: Need to process 1 study sessions
INFO: PROCESSING STARTS: {'subject': 'rugby1', 'outdir': '/nesi/nobackup/uoa03264/fMRIpipeline_data/processed_test_josh/bids/', 'session': 'a'}
INFO: Processing 10599 dicoms
INFO: Analyzing 10599 dicoms
INFO: Generated sequence info for 2 studies with 10599 entries total
INFO: Doing conversion using dcm2niix
INFO: Converting /nesi/nobackup/uoa03264/fMRIpipeline_data/processed_test_josh/bids/sub-rugby1/ses-a/anat/sub-rugby1_ses-a_run-001_T1w (199 DICOMs) -> /nesi/nobackup/uoa03264/fMRIpipeline_data/processed_test_josh/bids/sub-rugby1/ses-a/anat . Converter: dcm2niix . Output types: ('nii.gz',)
221209-16:25:21,887 nipype.workflow INFO:
	 [Node] Setting-up "convert" in "/dev/shm/jobs/31831279/dcm2niixn4a1k7z6/convert".
INFO: [Node] Setting-up "convert" in "/dev/shm/jobs/31831279/dcm2niixn4a1k7z6/convert".
221209-16:25:21,971 nipype.workflow INFO:
	 [Node] Executing "convert" <nipype.interfaces.dcm2nii.Dcm2niix>
INFO: [Node] Executing "convert" <nipype.interfaces.dcm2nii.Dcm2niix>
221209-16:25:24,537 nipype.interface INFO:
	 stdout 2022-12-09T16:25:24.537592:Chris Rorden's dcm2niiX version v1.0.20220720  (JP2:OpenJPEG) (JP-LS:CharLS) GCC10.2.1 x86-64 (64-bit Linux)
INFO: stdout 2022-12-09T16:25:24.537592:Chris Rorden's dcm2niiX version v1.0.20220720  (JP2:OpenJPEG) (JP-LS:CharLS) GCC10.2.1 x86-64 (64-bit Linux)
221209-16:25:24,537 nipype.interface INFO:
	 stdout 2022-12-09T16:25:24.537592:Found 199 DICOM file(s)
INFO: stdout 2022-12-09T16:25:24.537592:Found 199 DICOM file(s)
221209-16:25:24,538 nipype.interface INFO:
	 stdout 2022-12-09T16:25:24.537592:DICOM images may be missing, expected 300 spatial locations per volume, but found 199 slices.
INFO: stdout 2022-12-09T16:25:24.537592:DICOM images may be missing, expected 300 spatial locations per volume, but found 199 slices.
221209-16:25:24,538 nipype.interface INFO:
	 stdout 2022-12-09T16:25:24.537592:Convert 199 DICOM as /nesi/nobackup/uoa03264/fMRIpipeline_data/processed_test_josh/bids/sub-rugby1/ses-a/anat/sub-rugby1_ses-a_run-001_T1w_heudiconv032 (512x512x199x1)
INFO: stdout 2022-12-09T16:25:24.537592:Convert 199 DICOM as /nesi/nobackup/uoa03264/fMRIpipeline_data/processed_test_josh/bids/sub-rugby1/ses-a/anat/sub-rugby1_ses-a_run-001_T1w_heudiconv032 (512x512x199x1)
221209-16:25:28,368 nipype.interface INFO:
	 stdout 2022-12-09T16:25:28.368440:Compress: "/usr/bin/pigz" -b 960 -n -f -6 "/nesi/nobackup/uoa03264/fMRIpipeline_data/processed_test_josh/bids/sub-rugby1/ses-a/anat/sub-rugby1_ses-a_run-001_T1w_heudiconv032.nii"
INFO: stdout 2022-12-09T16:25:28.368440:Compress: "/usr/bin/pigz" -b 960 -n -f -6 "/nesi/nobackup/uoa03264/fMRIpipeline_data/processed_test_josh/bids/sub-rugby1/ses-a/anat/sub-rugby1_ses-a_run-001_T1w_heudiconv032.nii"
221209-16:25:28,369 nipype.interface INFO:
	 stdout 2022-12-09T16:25:28.368440:Conversion required 6.327262 seconds (0.348640 for core code).
INFO: stdout 2022-12-09T16:25:28.368440:Conversion required 6.327262 seconds (0.348640 for core code).
221209-16:25:28,390 nipype.workflow INFO:
	 [Node] Finished "convert", elapsed time 6.362567s.
INFO: [Node] Finished "convert", elapsed time 6.362567s.
WARNING: Failed to find task field in /nesi/nobackup/uoa03264/fMRIpipeline_data/processed_test_josh/bids/sub-rugby1/ses-a/anat/sub-rugby1_ses-a_run-001_T1w.json.
221209-16:25:28,411 nipype.workflow INFO:
	 [Node] Setting-up "embedder" in "/dev/shm/jobs/31831279/embedmetaqf4xshu3/embedder".
INFO: [Node] Setting-up "embedder" in "/dev/shm/jobs/31831279/embedmetaqf4xshu3/embedder".
221209-16:25:28,437 nipype.workflow INFO:
	 [Node] Executing "embedder" <nipype.interfaces.utility.wrappers.Function>
INFO: [Node] Executing "embedder" <nipype.interfaces.utility.wrappers.Function>
221209-16:25:31,798 nipype.workflow INFO:
	 [Node] Finished "embedder", elapsed time 3.360205s.
INFO: [Node] Finished "embedder", elapsed time 3.360205s.
INFO: Post-treating /nesi/nobackup/uoa03264/fMRIpipeline_data/processed_test_josh/bids/sub-rugby1/ses-a/anat/sub-rugby1_ses-a_run-001_T1w.json file
INFO: Converting /nesi/nobackup/uoa03264/fMRIpipeline_data/processed_test_josh/bids/sub-rugby1/ses-a/func/sub-rugby1_ses-a_task-rest_run-001_bold (10400 DICOMs) -> /nesi/nobackup/uoa03264/fMRIpipeline_data/processed_test_josh/bids/sub-rugby1/ses-a/func . Converter: dcm2niix . Output types: ('nii.gz',)
221209-16:25:32,358 nipype.workflow INFO:
	 [Node] Setting-up "convert" in "/dev/shm/jobs/31831279/dcm2niixyi0j1crl/convert".
INFO: [Node] Setting-up "convert" in "/dev/shm/jobs/31831279/dcm2niixyi0j1crl/convert".
221209-16:25:36,665 nipype.workflow INFO:
	 [Node] Executing "convert" <nipype.interfaces.dcm2nii.Dcm2niix>
INFO: [Node] Executing "convert" <nipype.interfaces.dcm2nii.Dcm2niix>
221209-16:25:53,706 nipype.interface INFO:
	 stdout 2022-12-09T16:25:53.706510:Chris Rorden's dcm2niiX version v1.0.20220720  (JP2:OpenJPEG) (JP-LS:CharLS) GCC10.2.1 x86-64 (64-bit Linux)
INFO: stdout 2022-12-09T16:25:53.706510:Chris Rorden's dcm2niiX version v1.0.20220720  (JP2:OpenJPEG) (JP-LS:CharLS) GCC10.2.1 x86-64 (64-bit Linux)
221209-16:25:53,706 nipype.interface INFO:
	 stdout 2022-12-09T16:25:53.706510:Found 10400 DICOM file(s)
INFO: stdout 2022-12-09T16:25:53.706510:Found 10400 DICOM file(s)
221209-16:25:53,706 nipype.interface INFO:
	 stdout 2022-12-09T16:25:53.706510:Convert 10400 DICOM as /nesi/nobackup/uoa03264/fMRIpipeline_data/processed_test_josh/bids/sub-rugby1/ses-a/func/sub-rugby1_ses-a_task-rest_run-001_bold_heudiconv403 (64x64x52x200)
INFO: stdout 2022-12-09T16:25:53.706510:Convert 10400 DICOM as /nesi/nobackup/uoa03264/fMRIpipeline_data/processed_test_josh/bids/sub-rugby1/ses-a/func/sub-rugby1_ses-a_task-rest_run-001_bold_heudiconv403 (64x64x52x200)
221209-16:25:57,536 nipype.interface INFO:
	 stdout 2022-12-09T16:25:57.536719:Compress: "/usr/bin/pigz" -b 960 -n -f -6 "/nesi/nobackup/uoa03264/fMRIpipeline_data/processed_test_josh/bids/sub-rugby1/ses-a/func/sub-rugby1_ses-a_task-rest_run-001_bold_heudiconv403.nii"
INFO: stdout 2022-12-09T16:25:57.536719:Compress: "/usr/bin/pigz" -b 960 -n -f -6 "/nesi/nobackup/uoa03264/fMRIpipeline_data/processed_test_josh/bids/sub-rugby1/ses-a/func/sub-rugby1_ses-a_task-rest_run-001_bold_heudiconv403.nii"
221209-16:25:57,536 nipype.interface INFO:
	 stdout 2022-12-09T16:25:57.536719:Conversion required 20.839549 seconds (3.257146 for core code).
INFO: stdout 2022-12-09T16:25:57.536719:Conversion required 20.839549 seconds (3.257146 for core code).
221209-16:25:57,575 nipype.workflow INFO:
	 [Node] Finished "convert", elapsed time 20.909073s.
INFO: [Node] Finished "convert", elapsed time 20.909073s.
221209-16:25:57,893 nipype.workflow INFO:
	 [Node] Setting-up "embedder" in "/dev/shm/jobs/31831279/embedmetapbu6mjqa/embedder".
INFO: [Node] Setting-up "embedder" in "/dev/shm/jobs/31831279/embedmetapbu6mjqa/embedder".
221209-16:25:59,87 nipype.workflow INFO:
	 [Node] Executing "embedder" <nipype.interfaces.utility.wrappers.Function>
INFO: [Node] Executing "embedder" <nipype.interfaces.utility.wrappers.Function>
221209-16:29:52,496 nipype.workflow INFO:
	 [Node] Finished "embedder", elapsed time 233.408192s.
INFO: [Node] Finished "embedder", elapsed time 233.408192s.
INFO: Post-treating /nesi/nobackup/uoa03264/fMRIpipeline_data/processed_test_josh/bids/sub-rugby1/ses-a/func/sub-rugby1_ses-a_task-rest_run-001_bold.json file
INFO: Populating template files under /nesi/nobackup/uoa03264/fMRIpipeline_data/processed_test_josh/bids/
INFO: PROCESSING DONE: {'subject': 'rugby1', 'outdir': '/nesi/nobackup/uoa03264/fMRIpipeline_data/processed_test_josh/bids/', 'session': 'a'}
[Fri Dec  9 16:29:54 2022]
Finished job 0.
1 of 1 steps (100%) done
