Building DAG of jobs...
Using shell: /usr/bin/bash
Provided cores: 2
Rules claiming more threads will be scaled down.
Provided resources: mem_mb=4000, mem_mib=3815, disk_mb=1000, disk_mib=954, cpus=2, time_min=60, gpu=0
Select jobs to execute...

[Wed Mar 29 12:52:47 2023]
rule heudiconv:
    input: /nesi/nobackup/uoa03264/fMRIpipeline_data/processed_test_long/tidy/sub_rugby1/ses_b
    output: /nesi/nobackup/uoa03264/fMRIpipeline_data/processed_test_long/bids/sub-rugby1/ses-b, /nesi/nobackup/uoa03264/fMRIpipeline_data/processed_test_long/bids/.heudiconv/rugby1/ses-b
    jobid: 0
    reason: Missing output files: /nesi/nobackup/uoa03264/fMRIpipeline_data/processed_test_long/bids/sub-rugby1/ses-b, /nesi/nobackup/uoa03264/fMRIpipeline_data/processed_test_long/bids/.heudiconv/rugby1/ses-b
    wildcards: resultsdir=/nesi/nobackup/uoa03264/fMRIpipeline_data/processed_test_long, subject=rugby1, session=b
    resources: mem_mb=4000, mem_mib=3815, disk_mb=1000, disk_mib=954, tmpdir=/dev/shm/jobs/33757627, cpus=2, time_min=60, gpu=0

heudiconv --dicom_dir_template '/nesi/nobackup/uoa03264/fMRIpipeline_data/processed_test_long/tidy/sub_{subject}/ses_{session}/*/*' --outdir /nesi/nobackup/uoa03264/fMRIpipeline_data/processed_test_long/bids --heuristic scripts/heuristic.py --subjects rugby1 --ses b --converter dcm2niix --bids --overwrite
Activating singularity image /scale_wlg_persistent/filesets/project/uoa03264/fmri_workflow/.snakemake/singularity/10b2306ed15c5efc917232958423bfe6.simg
INFO: Running heudiconv version 0.11.4.post18+g1fe815b.d20221025 latest 0.12.2
INFO: Need to process 1 study sessions
INFO: PROCESSING STARTS: {'subject': 'rugby1', 'outdir': '/nesi/nobackup/uoa03264/fMRIpipeline_data/processed_test_long/bids/', 'session': 'b'}
INFO: Processing 10700 dicoms
INFO: Analyzing 10700 dicoms
INFO: Generated sequence info for 2 studies with 10700 entries total
INFO: Doing conversion using dcm2niix
INFO: Converting /nesi/nobackup/uoa03264/fMRIpipeline_data/processed_test_long/bids/sub-rugby1/ses-b/anat/sub-rugby1_ses-b_run-001_T1w (300 DICOMs) -> /nesi/nobackup/uoa03264/fMRIpipeline_data/processed_test_long/bids/sub-rugby1/ses-b/anat . Converter: dcm2niix . Output types: ('nii.gz',)
230328-23:57:41,707 nipype.workflow INFO:
	 [Node] Setting-up "convert" in "/tmp/dcm2niix7gs4e2vb/convert".
INFO: [Node] Setting-up "convert" in "/tmp/dcm2niix7gs4e2vb/convert".
230328-23:57:41,970 nipype.workflow INFO:
	 [Node] Executing "convert" <nipype.interfaces.dcm2nii.Dcm2niix>
INFO: [Node] Executing "convert" <nipype.interfaces.dcm2nii.Dcm2niix>
230328-23:57:42,920 nipype.interface INFO:
	 stdout 2023-03-28T23:57:42.920457:Chris Rorden's dcm2niiX version v1.0.20220720  (JP2:OpenJPEG) (JP-LS:CharLS) GCC10.2.1 x86-64 (64-bit Linux)
INFO: stdout 2023-03-28T23:57:42.920457:Chris Rorden's dcm2niiX version v1.0.20220720  (JP2:OpenJPEG) (JP-LS:CharLS) GCC10.2.1 x86-64 (64-bit Linux)
230328-23:57:42,920 nipype.interface INFO:
	 stdout 2023-03-28T23:57:42.920457:Found 300 DICOM file(s)
INFO: stdout 2023-03-28T23:57:42.920457:Found 300 DICOM file(s)
230328-23:57:42,920 nipype.interface INFO:
	 stdout 2023-03-28T23:57:42.920457:Resolved discrepancy between tags (0020,1002; 0021,104F; 0054,0081)
INFO: stdout 2023-03-28T23:57:42.920457:Resolved discrepancy between tags (0020,1002; 0021,104F; 0054,0081)
230328-23:57:42,921 nipype.interface INFO:
	 stdout 2023-03-28T23:57:42.920457:Convert 300 DICOM as /nesi/nobackup/uoa03264/fMRIpipeline_data/processed_test_long/bids/sub-rugby1/ses-b/anat/sub-rugby1_ses-b_run-001_T1w_heudiconv630 (512x512x300x1)
INFO: stdout 2023-03-28T23:57:42.920457:Convert 300 DICOM as /nesi/nobackup/uoa03264/fMRIpipeline_data/processed_test_long/bids/sub-rugby1/ses-b/anat/sub-rugby1_ses-b_run-001_T1w_heudiconv630 (512x512x300x1)
230328-23:57:50,542 nipype.interface INFO:
	 stdout 2023-03-28T23:57:50.542259:Compress: "/usr/bin/pigz" -b 960 -n -f -6 "/nesi/nobackup/uoa03264/fMRIpipeline_data/processed_test_long/bids/sub-rugby1/ses-b/anat/sub-rugby1_ses-b_run-001_T1w_heudiconv630.nii"
INFO: stdout 2023-03-28T23:57:50.542259:Compress: "/usr/bin/pigz" -b 960 -n -f -6 "/nesi/nobackup/uoa03264/fMRIpipeline_data/processed_test_long/bids/sub-rugby1/ses-b/anat/sub-rugby1_ses-b_run-001_T1w_heudiconv630.nii"
230328-23:57:50,546 nipype.interface INFO:
	 stdout 2023-03-28T23:57:50.542259:Conversion required 8.492208 seconds (0.654584 for core code).
INFO: stdout 2023-03-28T23:57:50.542259:Conversion required 8.492208 seconds (0.654584 for core code).
230328-23:57:50,576 nipype.workflow INFO:
	 [Node] Finished "convert", elapsed time 8.538371s.
INFO: [Node] Finished "convert", elapsed time 8.538371s.
WARNING: Failed to find task field in /nesi/nobackup/uoa03264/fMRIpipeline_data/processed_test_long/bids/sub-rugby1/ses-b/anat/sub-rugby1_ses-b_run-001_T1w.json.
230328-23:57:50,625 nipype.workflow INFO:
	 [Node] Setting-up "embedder" in "/tmp/embedmetaytu5evmu/embedder".
INFO: [Node] Setting-up "embedder" in "/tmp/embedmetaytu5evmu/embedder".
230328-23:57:50,756 nipype.workflow INFO:
	 [Node] Executing "embedder" <nipype.interfaces.utility.wrappers.Function>
INFO: [Node] Executing "embedder" <nipype.interfaces.utility.wrappers.Function>
/opt/miniconda-py39_4.12.0/lib/python3.9/site-packages/pydicom/valuerep.py:290: UserWarning: The value length (32) exceeds the maximum length of 16 allowed for VR SH.
  warnings.warn(msg)
230328-23:57:57,82 nipype.workflow INFO:
	 [Node] Finished "embedder", elapsed time 6.325478s.
INFO: [Node] Finished "embedder", elapsed time 6.325478s.
INFO: Post-treating /nesi/nobackup/uoa03264/fMRIpipeline_data/processed_test_long/bids/sub-rugby1/ses-b/anat/sub-rugby1_ses-b_run-001_T1w.json file
INFO: Converting /nesi/nobackup/uoa03264/fMRIpipeline_data/processed_test_long/bids/sub-rugby1/ses-b/func/sub-rugby1_ses-b_task-rest_run-001_bold (10400 DICOMs) -> /nesi/nobackup/uoa03264/fMRIpipeline_data/processed_test_long/bids/sub-rugby1/ses-b/func . Converter: dcm2niix . Output types: ('nii.gz',)
230328-23:58:02,93 nipype.workflow INFO:
	 [Node] Setting-up "convert" in "/tmp/dcm2niixmwet2j55/convert".
INFO: [Node] Setting-up "convert" in "/tmp/dcm2niixmwet2j55/convert".
230328-23:58:12,301 nipype.workflow INFO:
	 [Node] Executing "convert" <nipype.interfaces.dcm2nii.Dcm2niix>
INFO: [Node] Executing "convert" <nipype.interfaces.dcm2nii.Dcm2niix>
230328-23:59:20,554 nipype.interface INFO:
	 stdout 2023-03-28T23:59:20.554848:Chris Rorden's dcm2niiX version v1.0.20220720  (JP2:OpenJPEG) (JP-LS:CharLS) GCC10.2.1 x86-64 (64-bit Linux)
INFO: stdout 2023-03-28T23:59:20.554848:Chris Rorden's dcm2niiX version v1.0.20220720  (JP2:OpenJPEG) (JP-LS:CharLS) GCC10.2.1 x86-64 (64-bit Linux)
230328-23:59:20,555 nipype.interface INFO:
	 stdout 2023-03-28T23:59:20.554848:Found 10400 DICOM file(s)
INFO: stdout 2023-03-28T23:59:20.554848:Found 10400 DICOM file(s)
230328-23:59:20,555 nipype.interface INFO:
	 stdout 2023-03-28T23:59:20.554848:Warning: Unable to determine slice times for early GE HyperBand.
INFO: stdout 2023-03-28T23:59:20.554848:Warning: Unable to determine slice times for early GE HyperBand.
230328-23:59:20,555 nipype.interface INFO:
	 stdout 2023-03-28T23:59:20.554848:Convert 10400 DICOM as /nesi/nobackup/uoa03264/fMRIpipeline_data/processed_test_long/bids/sub-rugby1/ses-b/func/sub-rugby1_ses-b_task-rest_run-001_bold_heudiconv942 (64x64x52x200)
INFO: stdout 2023-03-28T23:59:20.554848:Convert 10400 DICOM as /nesi/nobackup/uoa03264/fMRIpipeline_data/processed_test_long/bids/sub-rugby1/ses-b/func/sub-rugby1_ses-b_task-rest_run-001_bold_heudiconv942 (64x64x52x200)
230328-23:59:25,782 nipype.interface INFO:
	 stdout 2023-03-28T23:59:25.782145:Compress: "/usr/bin/pigz" -b 960 -n -f -6 "/nesi/nobackup/uoa03264/fMRIpipeline_data/processed_test_long/bids/sub-rugby1/ses-b/func/sub-rugby1_ses-b_task-rest_run-001_bold_heudiconv942.nii"
INFO: stdout 2023-03-28T23:59:25.782145:Compress: "/usr/bin/pigz" -b 960 -n -f -6 "/nesi/nobackup/uoa03264/fMRIpipeline_data/processed_test_long/bids/sub-rugby1/ses-b/func/sub-rugby1_ses-b_task-rest_run-001_bold_heudiconv942.nii"
230328-23:59:25,782 nipype.interface INFO:
	 stdout 2023-03-28T23:59:25.782145:Conversion required 73.445569 seconds (7.525148 for core code).
INFO: stdout 2023-03-28T23:59:25.782145:Conversion required 73.445569 seconds (7.525148 for core code).
230328-23:59:25,848 nipype.workflow INFO:
	 [Node] Finished "convert", elapsed time 73.545362s.
INFO: [Node] Finished "convert", elapsed time 73.545362s.
230328-23:59:26,612 nipype.workflow INFO:
	 [Node] Setting-up "embedder" in "/tmp/embedmetasy5ihh84/embedder".
INFO: [Node] Setting-up "embedder" in "/tmp/embedmetasy5ihh84/embedder".
230328-23:59:29,601 nipype.workflow INFO:
	 [Node] Executing "embedder" <nipype.interfaces.utility.wrappers.Function>
INFO: [Node] Executing "embedder" <nipype.interfaces.utility.wrappers.Function>
230329-00:04:20,791 nipype.workflow INFO:
	 [Node] Finished "embedder", elapsed time 291.189253s.
INFO: [Node] Finished "embedder", elapsed time 291.189253s.
INFO: Post-treating /nesi/nobackup/uoa03264/fMRIpipeline_data/processed_test_long/bids/sub-rugby1/ses-b/func/sub-rugby1_ses-b_task-rest_run-001_bold.json file
INFO: Populating template files under /nesi/nobackup/uoa03264/fMRIpipeline_data/processed_test_long/bids/
INFO: PROCESSING DONE: {'subject': 'rugby1', 'outdir': '/nesi/nobackup/uoa03264/fMRIpipeline_data/processed_test_long/bids/', 'session': 'b'}
[Wed Mar 29 13:04:22 2023]
Finished job 0.
1 of 1 steps (100%) done
