Building DAG of jobs...
Using shell: /usr/bin/bash
Provided cores: 8
Rules claiming more threads will be scaled down.
Select jobs to execute...

[Fri Feb 24 09:22:02 2023]
rule freesurfer_long_template:
    input: /nesi/nobackup/uoa03264/fMRIpipeline_data/processed_test_long2/bids/derivatives/freesurfer/sub-rugby1_ses-b, /nesi/nobackup/uoa03264/fMRIpipeline_data/processed_test_long2/bids/derivatives/freesurfer/sub-rugby1_ses-a
    output: /nesi/nobackup/uoa03264/fMRIpipeline_data/processed_test_long2/bids/derivatives/freesurfer/rugby1.template
    log: /nesi/nobackup/uoa03264/fMRIpipeline_data/processed_test_long2/bids/derivatives/freesurfer/rugby1.template/scripts/recon-all.log, /nesi/nobackup/uoa03264/fMRIpipeline_data/processed_test_long2/bids/derivatives/freesurfer/rugby1.template/scripts/recon-all-status.log
    jobid: 0
    wildcards: resultsdir=/nesi/nobackup/uoa03264/fMRIpipeline_data/processed_test_long2, subject=rugby1
    threads: 8
    resources: mem_mb=4000, disk_mb=1000, tmpdir=/dev/shm/jobs/33129784, cpus=8, time_min=540, gpu=0

export FS_LICENSE=$(realpath ./license.txt) && recon-all -base rugby1.template -tp sub-rugby1_ses-a -tp sub-rugby1_ses-b -sd /nesi/nobackup/uoa03264/fMRIpipeline_data/processed_test_long2/bids/derivatives/freesurfer -all -qcache -3T -openmp 8 
Activating singularity image /scale_wlg_persistent/filesets/project/uoa03264/fmri_workflow/.snakemake/singularity/c66156cbff3a6cc1d877931475183419.simg

ERROR: It appears that the -base templateID that you passed:
       -base rugby1.template
       is an existing regular (cross sectional) run!
       Please make sure you pass a new name (not one of
       the time points) for the template with -base.
       For example, if you are trying to create a -base:

       \' -base BertTemplate -tp Bert1 -tp Bert2 ... \'

[Fri Feb 24 09:22:18 2023]
Error in rule freesurfer_long_template:
    jobid: 0
    output: /nesi/nobackup/uoa03264/fMRIpipeline_data/processed_test_long2/bids/derivatives/freesurfer/rugby1.template
    log: /nesi/nobackup/uoa03264/fMRIpipeline_data/processed_test_long2/bids/derivatives/freesurfer/rugby1.template/scripts/recon-all.log, /nesi/nobackup/uoa03264/fMRIpipeline_data/processed_test_long2/bids/derivatives/freesurfer/rugby1.template/scripts/recon-all-status.log (check log file(s) for error message)
    shell:
        export FS_LICENSE=$(realpath ./license.txt) && recon-all -base rugby1.template -tp sub-rugby1_ses-a -tp sub-rugby1_ses-b -sd /nesi/nobackup/uoa03264/fMRIpipeline_data/processed_test_long2/bids/derivatives/freesurfer -all -qcache -3T -openmp 8 
        (one of the commands exited with non-zero exit code; note that snakemake uses bash strict mode!)

Removing output files of failed job freesurfer_long_template since they might be corrupted:
/nesi/nobackup/uoa03264/fMRIpipeline_data/processed_test_long2/bids/derivatives/freesurfer/rugby1.template
Shutting down, this might take some time.
Exiting because a job execution failed. Look above for error message
