Building DAG of jobs...
Using shell: /usr/bin/bash
Provided cores: 8
Rules claiming more threads will be scaled down.
Provided resources: mem_mb=16000, mem_mib=15259, disk_mb=1000, disk_mib=954, cpus=8, time_min=120, gpu=0
Select jobs to execute...

[Mon Apr 24 15:27:33 2023]
rule mriqc:
    input: /nesi/nobackup/uoa03264/fMRIpipeline_data/processed_test_cross/bids/sub-ctrl18/ses-a
    output: /nesi/nobackup/uoa03264/fMRIpipeline_data/processed_test_cross/bids/derivatives/mriqc/sub-ctrl18
    jobid: 0
    reason: Missing output files: /nesi/nobackup/uoa03264/fMRIpipeline_data/processed_test_cross/bids/derivatives/mriqc/sub-ctrl18
    wildcards: resultsdir=/nesi/nobackup/uoa03264/fMRIpipeline_data/processed_test_cross, subject=ctrl18
    threads: 8
    resources: mem_mb=16000, mem_mib=15259, disk_mb=1000, disk_mib=954, tmpdir=/dev/shm/jobs/34802263, cpus=8, time_min=120, gpu=0

mriqc /nesi/nobackup/uoa03264/fMRIpipeline_data/processed_test_cross/bids /nesi/nobackup/uoa03264/fMRIpipeline_data/processed_test_cross/bids/derivatives/mriqc participant --participant-label ctrl18 --mem-gb 16000 --nprocs 8 --no-sub -w /nesi/nobackup/uoa03264/fMRIpipeline_data/processed_test_cross/work 
Activating singularity image /scale_wlg_persistent/filesets/project/uoa03264/fmri_workflow/.snakemake/singularity/62b788ffbe002df7aabb5b5b0b010147.simg
230424-03:27:56,191 cli IMPORTANT:
	 
    Running MRIQC version 23.0.1:
      * BIDS dataset path: /nesi/nobackup/uoa03264/fMRIpipeline_data/processed_test_cross/bids.
      * Output folder: /nesi/nobackup/uoa03264/fMRIpipeline_data/processed_test_cross/bids/derivatives/mriqc.
      * Analysis levels: ['participant'].

230424-03:28:49,450 cli WARNING:
	 Building bold report: no exclude index was found
230424-03:28:49,458 cli WARNING:
	 Building bold report: no exclude index was found
230424-04:26:44,987 nipype.interface WARNING:
	 Estimated signal variation in the background was too small (MAD=0.0, sigma=15.51860262194959)
230424-04:26:44,988 nipype.interface WARNING:
	 Estimated signal variation in the background was too small (MAD=0.0, sigma=15.51860262194959)
230424-04:26:44,988 nipype.interface WARNING:
	 Estimated signal variation in the background was too small (MAD=0.0, sigma=15.51860262194959)
230424-04:28:34,452 cli IMPORTANT:
	 Participant level finished successfully.
[Mon Apr 24 16:28:35 2023]
Finished job 0.
1 of 1 steps (100%) done
