Building DAG of jobs...
Using shell: /usr/bin/bash
Provided cores: 8
Rules claiming more threads will be scaled down.
Provided resources: mem_mb=35000, mem_mib=33379, disk_mb=1000, disk_mib=954, cpus=8, time_min=900, gpu=0
Select jobs to execute...

[Tue Apr 25 14:18:27 2023]
rule fmriprep:
    input: /nesi/nobackup/uoa03264/fMRIpipeline_data/processed_gil/bids/sub-gil1/ses-a
    output: /nesi/nobackup/uoa03264/fMRIpipeline_data/processed_gil/bids/derivatives/fmriprep/sub-gil1
    log: /nesi/nobackup/uoa03264/fMRIpipeline_data/processed_gil/bids/derivatives/fmriprep/sub-gil1.html
    jobid: 0
    reason: Missing output files: /nesi/nobackup/uoa03264/fMRIpipeline_data/processed_gil/bids/derivatives/fmriprep/sub-gil1
    wildcards: resultsdir=/nesi/nobackup/uoa03264/fMRIpipeline_data/processed_gil, subject=gil1
    threads: 8
    resources: mem_mb=35000, mem_mib=33379, disk_mb=1000, disk_mib=954, tmpdir=/dev/shm/jobs/34850013, cpus=8, time_min=900, gpu=0

fmriprep /nesi/nobackup/uoa03264/fMRIpipeline_data/processed_gil/bids /nesi/nobackup/uoa03264/fMRIpipeline_data/processed_gil/bids/derivatives/fmriprep participant --participant-label gil1 --skip-bids-validation --md-only-boilerplate --output-spaces MNI152NLin2009cAsym:res-2 --stop-on-first-crash --low-mem --mem-mb 35000 --nprocs 8 -w /nesi/nobackup/uoa03264/fMRIpipeline_data/processed_gil/work --fs-license-file ./license.txt
Activating singularity image /scale_wlg_persistent/filesets/project/uoa03264/fmri_workflow/.snakemake/singularity/f71c5b609d298942737493540b9a9b93.simg
230425-02:19:00,636 nipype.workflow IMPORTANT:
	 Running fMRIPrep version 23.0.1

         License NOTICE ##################################################
         fMRIPrep 23.0.1
         Copyright 2023 The NiPreps Developers.
         
         This product includes software developed by
         the NiPreps Community (https://nipreps.org/).
         
         Portions of this software were developed at the Department of
         Psychology at Stanford University, Stanford, CA, US.
         
         This software is also distributed as a Docker container image.
         The bootstrapping file for the image ("Dockerfile") is licensed
         under the MIT License.
         
         This software may be distributed through an add-on package called
         "Docker Wrapper" that is under the BSD 3-clause License.
         #################################################################
230425-02:19:00,677 nipype.workflow IMPORTANT:
	 Building fMRIPrep's workflow:
           * BIDS dataset path: /nesi/nobackup/uoa03264/fMRIpipeline_data/processed_gil/bids.
           * Participant list: ['gil1'].
           * Run identifier: 20230425-021845_3f6c8404-2cc0-47cb-82b8-2b933250221b.
           * Output spaces: MNI152NLin2009cAsym:res-2.
           * Pre-run FreeSurfer's SUBJECTS_DIR: /nesi/nobackup/uoa03264/fMRIpipeline_data/processed_gil/bids/derivatives/fmriprep/sourcedata/freesurfer.
230425-02:19:02,965 nipype.workflow INFO:
	 No single-band-reference found for sub-gil1_ses-a_task-rest_run-001_bold.nii.gz.
230425-02:19:03,113 nipype.workflow IMPORTANT:
	 BOLD series will be slice-timing corrected to an offset of 0.721s.
230425-02:19:06,363 nipype.workflow INFO:
	 fMRIPrep workflow graph with 399 nodes built successfully.
230425-02:19:19,926 nipype.workflow IMPORTANT:
	 fMRIPrep started!
230425-02:19:30,352 nipype.workflow INFO:
	 [Node] Setting-up "fmriprep_23_0_wf.single_subject_gil1_wf.anat_preproc_wf.fs_isrunning" in "/nesi/nobackup/uoa03264/fMRIpipeline_data/processed_gil/work/fmriprep_23_0_wf/single_subject_gil1_wf/anat_preproc_wf/fs_isrunning".
230425-02:19:30,370 nipype.workflow INFO:
	 [Node] Executing "fs_isrunning" <nipype.interfaces.utility.wrappers.Function>
230425-02:19:30,381 nipype.workflow INFO:
	 [Node] Finished "fs_isrunning", elapsed time 0.003701s.
230425-02:19:45,121 nipype.workflow INFO:
	 [Node] Setting-up "fmriprep_23_0_wf.single_subject_gil1_wf.anat_preproc_wf.surface_recon_wf.autorecon1" in "/nesi/nobackup/uoa03264/fMRIpipeline_data/processed_gil/work/fmriprep_23_0_wf/single_subject_gil1_wf/anat_preproc_wf/surface_recon_wf/autorecon1".
230425-02:19:45,144 nipype.workflow INFO:
	 [Node] Executing "autorecon1" <smriprep.interfaces.freesurfer.ReconAll>
230425-02:19:45,151 nipype.interface INFO:
	 recon-all complete : Not running
230425-02:19:45,152 nipype.interface INFO:
	 recon-all complete : Not running
230425-02:19:45,340 nipype.workflow INFO:
	 [Node] Finished "autorecon1", elapsed time 0.194473s.
230425-02:20:56,837 nipype.workflow INFO:
	 [Node] Setting-up "fmriprep_23_0_wf.single_subject_gil1_wf.anat_preproc_wf.surface_recon_wf.skull_strip_extern" in "/nesi/nobackup/uoa03264/fMRIpipeline_data/processed_gil/work/fmriprep_23_0_wf/single_subject_gil1_wf/anat_preproc_wf/surface_recon_wf/skull_strip_extern".
230425-02:20:56,859 nipype.workflow INFO:
	 [Node] Executing "skull_strip_extern" <niworkflows.interfaces.freesurfer.FSInjectBrainExtracted>
230425-02:20:57,321 nipype.workflow INFO:
	 [Node] Finished "skull_strip_extern", elapsed time 0.461571s.
230425-02:20:58,839 nipype.workflow INFO:
	 [Node] Setting-up "fmriprep_23_0_wf.single_subject_gil1_wf.anat_preproc_wf.surface_recon_wf.autorecon_resume_wf.gcareg" in "/nesi/nobackup/uoa03264/fMRIpipeline_data/processed_gil/work/fmriprep_23_0_wf/single_subject_gil1_wf/anat_preproc_wf/surface_recon_wf/autorecon_resume_wf/gcareg".
230425-02:20:58,880 nipype.workflow INFO:
	 [Node] Executing "gcareg" <smriprep.interfaces.freesurfer.ReconAll>
230425-02:20:58,882 nipype.interface INFO:
	 recon-all complete : Not running
230425-02:20:58,883 nipype.interface INFO:
	 recon-all complete : Not running
230425-02:20:59,6 nipype.workflow INFO:
	 [Node] Finished "gcareg", elapsed time 0.123625s.
230425-02:21:00,842 nipype.workflow INFO:
	 [Node] Setting-up "fmriprep_23_0_wf.single_subject_gil1_wf.anat_preproc_wf.surface_recon_wf.autorecon_resume_wf.autorecon2_vol" in "/nesi/nobackup/uoa03264/fMRIpipeline_data/processed_gil/work/fmriprep_23_0_wf/single_subject_gil1_wf/anat_preproc_wf/surface_recon_wf/autorecon_resume_wf/autorecon2_vol".
230425-02:21:00,889 nipype.workflow INFO:
	 [Node] Executing "autorecon2_vol" <smriprep.interfaces.freesurfer.ReconAll>
230425-02:21:00,898 nipype.interface INFO:
	 recon-all complete : Not running
230425-02:21:00,899 nipype.interface INFO:
	 recon-all complete : Not running
230425-02:21:01,20 nipype.workflow INFO:
	 [Node] Finished "autorecon2_vol", elapsed time 0.129303s.
230425-02:21:14,967 nipype.workflow INFO:
	 [Node] Setting-up "_autorecon_surfs0" in "/nesi/nobackup/uoa03264/fMRIpipeline_data/processed_gil/work/fmriprep_23_0_wf/single_subject_gil1_wf/anat_preproc_wf/surface_recon_wf/autorecon_resume_wf/autorecon_surfs/mapflow/_autorecon_surfs0".
230425-02:21:15,20 nipype.workflow INFO:
	 [Node] Executing "_autorecon_surfs0" <smriprep.interfaces.freesurfer.ReconAll>
230425-02:21:15,30 nipype.interface INFO:
	 recon-all complete : Not running
230425-02:21:15,35 nipype.interface INFO:
	 recon-all complete : Not running
230425-02:21:15,192 nipype.workflow INFO:
	 [Node] Finished "_autorecon_surfs0", elapsed time 0.170411s.
230425-02:21:17,89 nipype.workflow INFO:
	 [Node] Setting-up "_autorecon_surfs1" in "/nesi/nobackup/uoa03264/fMRIpipeline_data/processed_gil/work/fmriprep_23_0_wf/single_subject_gil1_wf/anat_preproc_wf/surface_recon_wf/autorecon_resume_wf/autorecon_surfs/mapflow/_autorecon_surfs1".
230425-02:21:17,106 nipype.workflow INFO:
	 [Node] Executing "_autorecon_surfs1" <smriprep.interfaces.freesurfer.ReconAll>
230425-02:21:17,109 nipype.interface INFO:
	 resume recon-all : recon-all -autorecon-hemi rh -noparcstats -noparcstats2 -noparcstats3 -nohyporelabel -nobalabels -rh-only -openmp 7 -subjid sub-gil1 -sd /nesi/nobackup/uoa03264/fMRIpipeline_data/processed_gil/bids/derivatives/fmriprep/sourcedata/freesurfer -notessellate -nosmooth1 -noinflate1 -noqsphere
230425-02:21:17,111 nipype.interface INFO:
	 resume recon-all : recon-all -autorecon-hemi rh -noparcstats -noparcstats2 -noparcstats3 -nohyporelabel -nobalabels -rh-only -openmp 7 -subjid sub-gil1 -sd /nesi/nobackup/uoa03264/fMRIpipeline_data/processed_gil/bids/derivatives/fmriprep/sourcedata/freesurfer -notessellate -nosmooth1 -noinflate1 -noqsphere
230425-08:19:58,105 nipype.workflow INFO:
	 [Node] Finished "_autorecon_surfs1", elapsed time 21520.997677s.
230425-08:20:04,225 nipype.workflow INFO:
	 [Node] Setting-up "_autorecon_surfs0" in "/nesi/nobackup/uoa03264/fMRIpipeline_data/processed_gil/work/fmriprep_23_0_wf/single_subject_gil1_wf/anat_preproc_wf/surface_recon_wf/autorecon_resume_wf/autorecon_surfs/mapflow/_autorecon_surfs0".
230425-08:20:04,231 nipype.workflow INFO:
	 [Node] Executing "_autorecon_surfs0" <smriprep.interfaces.freesurfer.ReconAll>
230425-08:20:04,234 nipype.interface INFO:
	 recon-all complete : Not running
230425-08:20:04,237 nipype.interface INFO:
	 recon-all complete : Not running
230425-08:20:04,347 nipype.workflow INFO:
	 [Node] Finished "_autorecon_surfs0", elapsed time 0.114865s.
230425-08:20:04,354 nipype.workflow INFO:
	 [Node] Setting-up "_autorecon_surfs1" in "/nesi/nobackup/uoa03264/fMRIpipeline_data/processed_gil/work/fmriprep_23_0_wf/single_subject_gil1_wf/anat_preproc_wf/surface_recon_wf/autorecon_resume_wf/autorecon_surfs/mapflow/_autorecon_surfs1".
230425-08:20:04,367 nipype.workflow INFO:
	 [Node] Executing "_autorecon_surfs1" <smriprep.interfaces.freesurfer.ReconAll>
230425-08:20:04,371 nipype.interface INFO:
	 recon-all complete : Not running
230425-08:20:04,373 nipype.interface INFO:
	 recon-all complete : Not running
230425-08:20:04,484 nipype.workflow INFO:
	 [Node] Finished "_autorecon_surfs1", elapsed time 0.115577s.
230425-08:20:06,204 nipype.workflow INFO:
	 [Node] Setting-up "fmriprep_23_0_wf.single_subject_gil1_wf.anat_preproc_wf.surface_recon_wf.autorecon_resume_wf.cortribbon" in "/nesi/nobackup/uoa03264/fMRIpipeline_data/processed_gil/work/fmriprep_23_0_wf/single_subject_gil1_wf/anat_preproc_wf/surface_recon_wf/autorecon_resume_wf/cortribbon".
230425-08:20:06,210 nipype.workflow INFO:
	 [Node] Executing "cortribbon" <smriprep.interfaces.freesurfer.ReconAll>
230425-08:20:06,211 nipype.interface INFO:
	 resume recon-all : recon-all -parallel -subjid sub-gil1 -sd /nesi/nobackup/uoa03264/fMRIpipeline_data/processed_gil/bids/derivatives/fmriprep/sourcedata/freesurfer -cortribbon
230425-08:20:06,212 nipype.interface INFO:
	 resume recon-all : recon-all -parallel -subjid sub-gil1 -sd /nesi/nobackup/uoa03264/fMRIpipeline_data/processed_gil/bids/derivatives/fmriprep/sourcedata/freesurfer -cortribbon
230425-11:11:03,303 nipype.workflow INFO:
	 [Node] Finished "cortribbon", elapsed time 10257.09141s.
230425-11:11:06,320 nipype.workflow INFO:
	 [Node] Setting-up "_parcstats0" in "/nesi/nobackup/uoa03264/fMRIpipeline_data/processed_gil/work/fmriprep_23_0_wf/single_subject_gil1_wf/anat_preproc_wf/surface_recon_wf/autorecon_resume_wf/parcstats/mapflow/_parcstats0".
230425-11:11:06,324 nipype.workflow INFO:
	 [Node] Executing "_parcstats0" <smriprep.interfaces.freesurfer.ReconAll>
230425-11:11:06,328 nipype.interface INFO:
	 resume recon-all : recon-all -autorecon-hemi lh -nohyporelabel -lh-only -openmp 7 -subjid sub-gil1 -sd /nesi/nobackup/uoa03264/fMRIpipeline_data/processed_gil/bids/derivatives/fmriprep/sourcedata/freesurfer -notessellate -nosmooth1 -noinflate1 -noqsphere -nofix -nowhite -nosmooth2 -noinflate2 -nocurvHK -nocurvstats -nosphere -nosurfreg -nojacobian_white -noavgcurv -nocortparc -nopial -nocortparc2 -nocortparc3 -nopctsurfcon
230425-11:11:06,330 nipype.interface INFO:
	 resume recon-all : recon-all -autorecon-hemi lh -nohyporelabel -lh-only -openmp 7 -subjid sub-gil1 -sd /nesi/nobackup/uoa03264/fMRIpipeline_data/processed_gil/bids/derivatives/fmriprep/sourcedata/freesurfer -notessellate -nosmooth1 -noinflate1 -noqsphere -nofix -nowhite -nosmooth2 -noinflate2 -nocurvHK -nocurvstats -nosphere -nosurfreg -nojacobian_white -noavgcurv -nocortparc -nopial -nocortparc2 -nocortparc3 -nopctsurfcon
230425-11:40:32,719 nipype.workflow INFO:
	 [Node] Finished "_parcstats0", elapsed time 1766.393379s.
230425-11:40:34,80 nipype.workflow INFO:
	 [Node] Setting-up "_parcstats1" in "/nesi/nobackup/uoa03264/fMRIpipeline_data/processed_gil/work/fmriprep_23_0_wf/single_subject_gil1_wf/anat_preproc_wf/surface_recon_wf/autorecon_resume_wf/parcstats/mapflow/_parcstats1".
230425-11:40:34,103 nipype.workflow INFO:
	 [Node] Executing "_parcstats1" <smriprep.interfaces.freesurfer.ReconAll>
230425-11:40:34,107 nipype.interface INFO:
	 resume recon-all : recon-all -autorecon-hemi rh -nohyporelabel -rh-only -openmp 7 -subjid sub-gil1 -sd /nesi/nobackup/uoa03264/fMRIpipeline_data/processed_gil/bids/derivatives/fmriprep/sourcedata/freesurfer -notessellate -nosmooth1 -noinflate1 -noqsphere -nofix -nowhite -nosmooth2 -noinflate2 -nocurvHK -nocurvstats -nosphere -nosurfreg -nojacobian_white -noavgcurv -nocortparc -nopial -nocortparc2 -nocortparc3 -nopctsurfcon
230425-11:40:34,110 nipype.interface INFO:
	 resume recon-all : recon-all -autorecon-hemi rh -nohyporelabel -rh-only -openmp 7 -subjid sub-gil1 -sd /nesi/nobackup/uoa03264/fMRIpipeline_data/processed_gil/bids/derivatives/fmriprep/sourcedata/freesurfer -notessellate -nosmooth1 -noinflate1 -noqsphere -nofix -nowhite -nosmooth2 -noinflate2 -nocurvHK -nocurvstats -nosphere -nosurfreg -nojacobian_white -noavgcurv -nocortparc -nopial -nocortparc2 -nocortparc3 -nopctsurfcon
230425-12:10:29,426 nipype.workflow INFO:
	 [Node] Finished "_parcstats1", elapsed time 1795.321392s.
230425-12:10:29,840 nipype.workflow INFO:
	 [Node] Setting-up "_parcstats0" in "/nesi/nobackup/uoa03264/fMRIpipeline_data/processed_gil/work/fmriprep_23_0_wf/single_subject_gil1_wf/anat_preproc_wf/surface_recon_wf/autorecon_resume_wf/parcstats/mapflow/_parcstats0".
230425-12:10:29,847 nipype.workflow INFO:
	 [Node] Executing "_parcstats0" <smriprep.interfaces.freesurfer.ReconAll>
230425-12:10:29,850 nipype.interface INFO:
	 recon-all complete : Not running
230425-12:10:29,853 nipype.interface INFO:
	 recon-all complete : Not running
230425-12:10:30,47 nipype.workflow INFO:
	 [Node] Finished "_parcstats0", elapsed time 0.199077s.
230425-12:10:30,55 nipype.workflow INFO:
	 [Node] Setting-up "_parcstats1" in "/nesi/nobackup/uoa03264/fMRIpipeline_data/processed_gil/work/fmriprep_23_0_wf/single_subject_gil1_wf/anat_preproc_wf/surface_recon_wf/autorecon_resume_wf/parcstats/mapflow/_parcstats1".
230425-12:10:30,64 nipype.workflow INFO:
	 [Node] Executing "_parcstats1" <smriprep.interfaces.freesurfer.ReconAll>
230425-12:10:30,68 nipype.interface INFO:
	 recon-all complete : Not running
230425-12:10:30,71 nipype.interface INFO:
	 recon-all complete : Not running
230425-12:10:30,265 nipype.workflow INFO:
	 [Node] Finished "_parcstats1", elapsed time 0.198896s.
230425-12:10:31,844 nipype.workflow INFO:
	 [Node] Setting-up "fmriprep_23_0_wf.single_subject_gil1_wf.anat_preproc_wf.surface_recon_wf.autorecon_resume_wf.autorecon3" in "/nesi/nobackup/uoa03264/fMRIpipeline_data/processed_gil/work/fmriprep_23_0_wf/single_subject_gil1_wf/anat_preproc_wf/surface_recon_wf/autorecon_resume_wf/autorecon3".
230425-12:10:31,850 nipype.workflow INFO:
	 [Node] Executing "autorecon3" <smriprep.interfaces.freesurfer.ReconAll>
230425-12:10:31,855 nipype.interface INFO:
	 resume recon-all : recon-all -autorecon3 -openmp 7 -subjid sub-gil1 -sd /nesi/nobackup/uoa03264/fMRIpipeline_data/processed_gil/bids/derivatives/fmriprep/sourcedata/freesurfer -nosphere -nosurfreg -nojacobian_white -noavgcurv -nocortparc -nopial -noparcstats -nocortparc2 -noparcstats2 -nocortparc3 -noparcstats3 -nopctsurfcon -nocortribbon -nobalabels
230425-12:10:31,858 nipype.interface INFO:
	 resume recon-all : recon-all -autorecon3 -openmp 7 -subjid sub-gil1 -sd /nesi/nobackup/uoa03264/fMRIpipeline_data/processed_gil/bids/derivatives/fmriprep/sourcedata/freesurfer -nosphere -nosurfreg -nojacobian_white -noavgcurv -nocortparc -nopial -noparcstats -nocortparc2 -noparcstats2 -nocortparc3 -noparcstats3 -nopctsurfcon -nocortribbon -nobalabels
230425-15:49:39,927 nipype.workflow INFO:
	 [Node] Finished "autorecon3", elapsed time 13148.075053s.
230425-15:49:40,340 nipype.workflow INFO:
	 [Node] Setting-up "fmriprep_23_0_wf.single_subject_gil1_wf.anat_preproc_wf.surface_recon_wf.gifti_surface_wf.get_surfaces" in "/nesi/nobackup/uoa03264/fMRIpipeline_data/processed_gil/work/fmriprep_23_0_wf/single_subject_gil1_wf/anat_preproc_wf/surface_recon_wf/gifti_surface_wf/get_surfaces".
230425-15:49:40,364 nipype.workflow INFO:
	 [Node] Executing "get_surfaces" <nipype.interfaces.io.FreeSurferSource>
230425-15:49:40,383 nipype.workflow INFO:
	 [Node] Finished "get_surfaces", elapsed time 0.018371s.
230425-15:49:40,390 nipype.workflow INFO:
	 [Node] Setting-up "fmriprep_23_0_wf.single_subject_gil1_wf.anat_preproc_wf.surface_recon_wf.segs_to_native_aseg.fs_datasource" in "/nesi/nobackup/uoa03264/fMRIpipeline_data/processed_gil/work/fmriprep_23_0_wf/single_subject_gil1_wf/anat_preproc_wf/surface_recon_wf/segs_to_native_aseg/fs_datasource".
230425-15:49:40,397 nipype.workflow INFO:
	 [Node] Executing "fs_datasource" <nipype.interfaces.io.FreeSurferSource>
230425-15:49:40,416 nipype.workflow INFO:
	 [Node] Finished "fs_datasource", elapsed time 0.018049s.
230425-15:49:40,421 nipype.workflow INFO:
	 [Node] Setting-up "fmriprep_23_0_wf.single_subject_gil1_wf.anat_preproc_wf.surface_recon_wf.segs_to_native_aparc_aseg.fs_datasource" in "/nesi/nobackup/uoa03264/fMRIpipeline_data/processed_gil/work/fmriprep_23_0_wf/single_subject_gil1_wf/anat_preproc_wf/surface_recon_wf/segs_to_native_aparc_aseg/fs_datasource".
230425-15:49:40,428 nipype.workflow INFO:
	 [Node] Executing "fs_datasource" <nipype.interfaces.io.FreeSurferSource>
230425-15:49:40,448 nipype.workflow INFO:
	 [Node] Finished "fs_datasource", elapsed time 0.018363s.
230425-15:49:40,456 nipype.workflow INFO:
	 [Node] Setting-up "fmriprep_23_0_wf.single_subject_gil1_wf.anat_preproc_wf.anat_reports_wf.recon_report" in "/nesi/nobackup/uoa03264/fMRIpipeline_data/processed_gil/work/fmriprep_23_0_wf/single_subject_gil1_wf/anat_preproc_wf/anat_reports_wf/recon_report".
230425-15:49:40,463 nipype.workflow INFO:
	 [Node] Executing "recon_report" <smriprep.interfaces.reports.FSSurfaceReport>
230425-15:49:45,137 nipype.workflow INFO:
	 [Node] Setting-up "fmriprep_23_0_wf.single_subject_gil1_wf.func_preproc_ses_a_task_rest_run_001_wf.bold_reg_wf.bbreg_wf.mri_coreg" in "/nesi/nobackup/uoa03264/fMRIpipeline_data/processed_gil/work/fmriprep_23_0_wf/single_subject_gil1_wf/func_preproc_ses_a_task_rest_run_001_wf/bold_reg_wf/bbreg_wf/mri_coreg".
230425-15:49:46,71 nipype.workflow INFO:
	 [Node] Executing "mri_coreg" <niworkflows.interfaces.freesurfer.PatchedMRICoregRPT>
230425-15:51:24,258 nipype.workflow INFO:
	 [Node] Finished "recon_report", elapsed time 103.79389s.
230425-15:51:26,811 nipype.workflow INFO:
	 [Node] Setting-up "fmriprep_23_0_wf.single_subject_gil1_wf.anat_preproc_wf.surface_recon_wf.segs_to_native_aseg.resample" in "/nesi/nobackup/uoa03264/fMRIpipeline_data/processed_gil/work/fmriprep_23_0_wf/single_subject_gil1_wf/anat_preproc_wf/surface_recon_wf/segs_to_native_aseg/resample".
230425-15:51:27,688 nipype.workflow INFO:
	 [Node] Executing "resample" <nipype.interfaces.freesurfer.preprocess.ApplyVolTransform>
230425-15:51:39,789 nipype.workflow INFO:
	 [Node] Finished "resample", elapsed time 12.093022s.
230425-15:51:40,788 nipype.workflow INFO:
	 [Node] Setting-up "fmriprep_23_0_wf.single_subject_gil1_wf.anat_preproc_wf.surface_recon_wf.segs_to_native_aparc_aseg.resample" in "/nesi/nobackup/uoa03264/fMRIpipeline_data/processed_gil/work/fmriprep_23_0_wf/single_subject_gil1_wf/anat_preproc_wf/surface_recon_wf/segs_to_native_aparc_aseg/resample".
230425-15:51:41,876 nipype.workflow INFO:
	 [Node] Executing "resample" <nipype.interfaces.freesurfer.preprocess.ApplyVolTransform>
230425-15:51:53,997 nipype.workflow INFO:
	 [Node] Finished "resample", elapsed time 12.110354s.
230425-15:51:54,617 nipype.workflow INFO:
	 [Node] Setting-up "fmriprep_23_0_wf.single_subject_gil1_wf.anat_preproc_wf.surface_recon_wf.refine" in "/nesi/nobackup/uoa03264/fMRIpipeline_data/processed_gil/work/fmriprep_23_0_wf/single_subject_gil1_wf/anat_preproc_wf/surface_recon_wf/refine".
230425-15:51:54,630 nipype.workflow INFO:
	 [Node] Executing "refine" <niworkflows.interfaces.freesurfer.RefineBrainMask>
230425-15:55:51,904 nipype.workflow INFO:
	 [Node] Finished "refine", elapsed time 237.273478s.
230425-15:55:52,822 nipype.interface WARNING:
	 Changing /nesi/nobackup/uoa03264/fMRIpipeline_data/processed_gil/bids/derivatives/fmriprep/sub-gil1/ses-a/anat/sub-gil1_ses-a_run-001_desc-aseg_dseg.nii.gz dtype from float32 to int16
230425-15:56:02,614 nipype.interface WARNING:
	 Changing /nesi/nobackup/uoa03264/fMRIpipeline_data/processed_gil/bids/derivatives/fmriprep/sub-gil1/ses-a/anat/sub-gil1_ses-a_run-001_desc-aparcaseg_dseg.nii.gz dtype from float32 to int16
230425-15:56:09,999 nipype.workflow INFO:
	 [Node] Setting-up "fmriprep_23_0_wf.single_subject_gil1_wf.anat_preproc_wf.applyrefined" in "/nesi/nobackup/uoa03264/fMRIpipeline_data/processed_gil/work/fmriprep_23_0_wf/single_subject_gil1_wf/anat_preproc_wf/applyrefined".
230425-15:56:10,5 nipype.workflow INFO:
	 [Node] Executing "applyrefined" <nipype.interfaces.fsl.maths.ApplyMask>
230425-15:56:16,435 nipype.workflow INFO:
	 [Node] Finished "applyrefined", elapsed time 6.429201s.
230425-15:56:21,249 nipype.workflow INFO:
	 [Node] Setting-up "fmriprep_23_0_wf.single_subject_gil1_wf.anat_preproc_wf.anat_derivatives_wf.mask_t1w" in "/nesi/nobackup/uoa03264/fMRIpipeline_data/processed_gil/work/fmriprep_23_0_wf/single_subject_gil1_wf/anat_preproc_wf/anat_derivatives_wf/mask_t1w".
230425-15:56:21,258 nipype.workflow INFO:
	 [Node] Executing "mask_t1w" <niworkflows.interfaces.nibabel.ApplyMask>
230425-15:56:24,335 nipype.workflow INFO:
	 [Node] Finished "mask_t1w", elapsed time 3.076077s.
230425-15:56:25,373 nipype.workflow INFO:
	 [Node] Setting-up "fmriprep_23_0_wf.single_subject_gil1_wf.func_preproc_ses_a_task_rest_run_001_wf.t1w_brain" in "/nesi/nobackup/uoa03264/fMRIpipeline_data/processed_gil/work/fmriprep_23_0_wf/single_subject_gil1_wf/func_preproc_ses_a_task_rest_run_001_wf/t1w_brain".
230425-15:56:25,382 nipype.workflow INFO:
	 [Node] Executing "t1w_brain" <niworkflows.interfaces.nibabel.ApplyMask>
230425-15:56:28,375 nipype.workflow INFO:
	 [Node] Finished "t1w_brain", elapsed time 2.992474s.
230425-15:56:29,390 nipype.workflow INFO:
	 [Node] Setting-up "fmriprep_23_0_wf.single_subject_gil1_wf.anat_preproc_wf.t1w_dseg" in "/nesi/nobackup/uoa03264/fMRIpipeline_data/processed_gil/work/fmriprep_23_0_wf/single_subject_gil1_wf/anat_preproc_wf/t1w_dseg".
230425-15:56:29,398 nipype.workflow INFO:
	 [Node] Executing "t1w_dseg" <nipype.interfaces.fsl.preprocess.FAST>
230425-15:58:01,295 nipype.interface INFO:
	 stdout 2023-04-25T15:58:01.295529:
230425-15:58:01,295 nipype.interface INFO:
	 stdout 2023-04-25T15:58:01.295529:Matrix from LTA:
230425-15:58:01,296 nipype.interface INFO:
	 stdout 2023-04-25T15:58:01.295529: 0.99957   0.01217   0.02660   3.46107;
230425-15:58:01,296 nipype.interface INFO:
	 stdout 2023-04-25T15:58:01.295529:-0.02690   0.02494   0.99933  -22.83507;
230425-15:58:01,296 nipype.interface INFO:
	 stdout 2023-04-25T15:58:01.295529: 0.01150  -0.99961   0.02526  -5.77826;
230425-15:58:01,296 nipype.interface INFO:
	 stdout 2023-04-25T15:58:01.295529: 0.00000   0.00000   0.00000   1.00000;
230425-15:58:02,501 nipype.interface INFO:
	 stdout 2023-04-25T15:58:02.501896:
230425-15:58:02,502 nipype.interface INFO:
	 stdout 2023-04-25T15:58:02.501896:/nesi/nobackup/uoa03264/fMRIpipeline_data/processed_gil/work/fmriprep_23_0_wf/single_subject_gil1_wf/func_preproc_ses_a_task_rest_run_001_wf/bold_reg_wf/bbreg_wf/mri_coreg/vol0000_xform-00000_clipped_merged_average_corrected.nii /nesi/nobackup/uoa03264/fMRIpipeline_data/processed_gil/bids/derivatives/fmriprep/sourcedata/freesurfer/sub-gil1/mri/brainmask.mgz
230425-15:58:02,502 nipype.interface INFO:
	 stdout 2023-04-25T15:58:02.501896:movvol /nesi/nobackup/uoa03264/fMRIpipeline_data/processed_gil/work/fmriprep_23_0_wf/single_subject_gil1_wf/func_preproc_ses_a_task_rest_run_001_wf/bold_reg_wf/bbreg_wf/mri_coreg/vol0000_xform-00000_clipped_merged_average_corrected.nii
230425-15:58:02,502 nipype.interface INFO:
	 stdout 2023-04-25T15:58:02.501896:targvol /nesi/nobackup/uoa03264/fMRIpipeline_data/processed_gil/bids/derivatives/fmriprep/sourcedata/freesurfer/sub-gil1/mri/brainmask.mgz
230425-15:58:02,513 nipype.interface INFO:
	 stdout 2023-04-25T15:58:02.501896:outvol /nesi/nobackup/uoa03264/fMRIpipeline_data/processed_gil/work/fmriprep_23_0_wf/single_subject_gil1_wf/func_preproc_ses_a_task_rest_run_001_wf/bold_reg_wf/bbreg_wf/mri_coreg/vol0000_xform-00000_clipped_merged_average_corrected_warped.nii
230425-15:58:02,513 nipype.interface INFO:
	 stdout 2023-04-25T15:58:02.501896:regfile /nesi/nobackup/uoa03264/fMRIpipeline_data/processed_gil/work/fmriprep_23_0_wf/single_subject_gil1_wf/func_preproc_ses_a_task_rest_run_001_wf/bold_reg_wf/bbreg_wf/mri_coreg/registration.lta
230425-15:58:02,513 nipype.interface INFO:
	 stdout 2023-04-25T15:58:02.501896:invert 0
230425-15:58:02,513 nipype.interface INFO:
	 stdout 2023-04-25T15:58:02.501896:tal    0
230425-15:58:02,513 nipype.interface INFO:
	 stdout 2023-04-25T15:58:02.501896:talres 2
230425-15:58:02,513 nipype.interface INFO:
	 stdout 2023-04-25T15:58:02.501896:regheader 0
230425-15:58:02,513 nipype.interface INFO:
	 stdout 2023-04-25T15:58:02.501896:noresample 0
230425-15:58:02,513 nipype.interface INFO:
	 stdout 2023-04-25T15:58:02.501896:interp  nearest (0)
230425-15:58:02,513 nipype.interface INFO:
	 stdout 2023-04-25T15:58:02.501896:precision  float (3)
230425-15:58:02,513 nipype.interface INFO:
	 stdout 2023-04-25T15:58:02.501896:Gdiag_no  -1
230425-15:58:02,513 nipype.interface INFO:
	 stdout 2023-04-25T15:58:02.501896:Synth      0
230425-15:58:02,513 nipype.interface INFO:
	 stdout 2023-04-25T15:58:02.501896:SynthSeed  1683334622
230425-15:58:02,513 nipype.interface INFO:
	 stdout 2023-04-25T15:58:02.501896:
230425-15:58:02,513 nipype.interface INFO:
	 stdout 2023-04-25T15:58:02.501896:Final tkRAS-to-tkRAS Matrix is:
230425-15:58:02,513 nipype.interface INFO:
	 stdout 2023-04-25T15:58:02.501896: 0.99957   0.01217   0.02660   3.46107;
230425-15:58:02,513 nipype.interface INFO:
	 stdout 2023-04-25T15:58:02.501896:-0.02690   0.02494   0.99933  -22.83507;
230425-15:58:02,513 nipype.interface INFO:
	 stdout 2023-04-25T15:58:02.501896: 0.01150  -0.99961   0.02526  -5.77825;
230425-15:58:02,513 nipype.interface INFO:
	 stdout 2023-04-25T15:58:02.501896: 0.00000   0.00000   0.00000   1.00000;
230425-15:58:02,514 nipype.interface INFO:
	 stdout 2023-04-25T15:58:02.501896:
230425-15:58:02,514 nipype.interface INFO:
	 stdout 2023-04-25T15:58:02.501896:
230425-15:58:02,514 nipype.interface INFO:
	 stdout 2023-04-25T15:58:02.501896:Vox2Vox Matrix is:
230425-15:58:02,514 nipype.interface INFO:
	 stdout 2023-04-25T15:58:02.501896: 0.12496   0.00333  -0.00152  -1.37448;
230425-15:58:02,514 nipype.interface INFO:
	 stdout 2023-04-25T15:58:02.501896: 0.00144   0.00316   0.12497   0.37333;
230425-15:58:02,514 nipype.interface INFO:
	 stdout 2023-04-25T15:58:02.501896: 0.00420  -0.15616   0.00390   56.29174;
230425-15:58:02,514 nipype.interface INFO:
	 stdout 2023-04-25T15:58:02.501896: 0.00000   0.00000   0.00000   1.00000;
230425-15:58:06,18 nipype.interface INFO:
	 stdout 2023-04-25T15:58:06.018482:
230425-15:58:06,18 nipype.interface INFO:
	 stdout 2023-04-25T15:58:06.018482:Resampling
230425-15:58:06,18 nipype.interface INFO:
	 stdout 2023-04-25T15:58:06.018482:Output registration matrix is identity
230425-15:58:06,18 nipype.interface INFO:
	 stdout 2023-04-25T15:58:06.018482:
230425-15:58:06,18 nipype.interface INFO:
	 stdout 2023-04-25T15:58:06.018482:mri_vol2vol done
230425-16:01:32,159 nipype.workflow INFO:
	 [Node] Finished "mri_coreg", elapsed time 706.070565s.
230425-16:01:33,741 nipype.workflow INFO:
	 [Node] Setting-up "fmriprep_23_0_wf.single_subject_gil1_wf.func_preproc_ses_a_task_rest_run_001_wf.bold_t1_trans_wf.gen_ref" in "/nesi/nobackup/uoa03264/fMRIpipeline_data/processed_gil/work/fmriprep_23_0_wf/single_subject_gil1_wf/func_preproc_ses_a_task_rest_run_001_wf/bold_t1_trans_wf/gen_ref".
230425-16:01:33,745 nipype.workflow INFO:
	 [Node] Setting-up "_midthickness0" in "/nesi/nobackup/uoa03264/fMRIpipeline_data/processed_gil/work/fmriprep_23_0_wf/single_subject_gil1_wf/anat_preproc_wf/surface_recon_wf/gifti_surface_wf/midthickness/mapflow/_midthickness0".
230425-16:01:33,751 nipype.workflow INFO:
	 [Node] Setting-up "fmriprep_23_0_wf.single_subject_gil1_wf.func_preproc_ses_a_task_rest_run_001_wf.bold_reg_wf.bbreg_wf.bbregister" in "/nesi/nobackup/uoa03264/fMRIpipeline_data/processed_gil/work/fmriprep_23_0_wf/single_subject_gil1_wf/func_preproc_ses_a_task_rest_run_001_wf/bold_reg_wf/bbreg_wf/bbregister".
230425-16:01:33,754 nipype.workflow INFO:
	 [Node] Executing "gen_ref" <niworkflows.interfaces.nibabel.GenerateSamplingReference>
230425-16:01:33,992 nipype.workflow INFO:
	 [Node] Executing "_midthickness0" <smriprep.interfaces.freesurfer.MakeMidthickness>
230425-16:01:35,117 nipype.workflow INFO:
	 [Node] Executing "bbregister" <niworkflows.interfaces.freesurfer.PatchedBBRegisterRPT>
230425-16:01:42,724 nipype.workflow INFO:
	 [Node] Setting-up "_midthickness1" in "/nesi/nobackup/uoa03264/fMRIpipeline_data/processed_gil/work/fmriprep_23_0_wf/single_subject_gil1_wf/anat_preproc_wf/surface_recon_wf/gifti_surface_wf/midthickness/mapflow/_midthickness1".
230425-16:01:42,726 nipype.workflow INFO:
	 [Node] Setting-up "_morphs2gii0" in "/nesi/nobackup/uoa03264/fMRIpipeline_data/processed_gil/work/fmriprep_23_0_wf/single_subject_gil1_wf/anat_preproc_wf/surface_recon_wf/gifti_surface_wf/morphs2gii/mapflow/_morphs2gii0".
230425-16:01:42,726 nipype.workflow INFO:
	 [Node] Setting-up "_morphs2gii1" in "/nesi/nobackup/uoa03264/fMRIpipeline_data/processed_gil/work/fmriprep_23_0_wf/single_subject_gil1_wf/anat_preproc_wf/surface_recon_wf/gifti_surface_wf/morphs2gii/mapflow/_morphs2gii1".
230425-16:01:42,732 nipype.workflow INFO:
	 [Node] Executing "_morphs2gii1" <smriprep.interfaces.freesurfer.MRIsConvertData>
230425-16:01:42,732 nipype.workflow INFO:
	 [Node] Executing "_morphs2gii0" <smriprep.interfaces.freesurfer.MRIsConvertData>
230425-16:01:42,739 nipype.workflow INFO:
	 [Node] Executing "_midthickness1" <smriprep.interfaces.freesurfer.MakeMidthickness>
230425-16:01:42,744 nipype.workflow INFO:
	 [Node] Setting-up "_morphs2gii2" in "/nesi/nobackup/uoa03264/fMRIpipeline_data/processed_gil/work/fmriprep_23_0_wf/single_subject_gil1_wf/anat_preproc_wf/surface_recon_wf/gifti_surface_wf/morphs2gii/mapflow/_morphs2gii2".
230425-16:01:42,750 nipype.workflow INFO:
	 [Node] Executing "_morphs2gii2" <smriprep.interfaces.freesurfer.MRIsConvertData>
230425-16:01:49,708 nipype.workflow INFO:
	 [Node] Finished "_morphs2gii2", elapsed time 6.942336s.
230425-16:01:49,834 nipype.workflow INFO:
	 [Node] Finished "_morphs2gii1", elapsed time 7.089215s.
230425-16:01:49,879 nipype.workflow INFO:
	 [Node] Finished "_morphs2gii0", elapsed time 7.134577s.
230425-16:01:50,393 nipype.workflow INFO:
	 [Node] Finished "gen_ref", elapsed time 16.616345s.
230425-16:01:51,794 nipype.workflow INFO:
	 [Node] Setting-up "fmriprep_23_0_wf.single_subject_gil1_wf.func_preproc_ses_a_task_rest_run_001_wf.bold_t1_trans_wf.aseg_t1w_tfm" in "/nesi/nobackup/uoa03264/fMRIpipeline_data/processed_gil/work/fmriprep_23_0_wf/single_subject_gil1_wf/func_preproc_ses_a_task_rest_run_001_wf/bold_t1_trans_wf/aseg_t1w_tfm".
230425-16:01:51,795 nipype.workflow INFO:
	 [Node] Setting-up "fmriprep_23_0_wf.single_subject_gil1_wf.func_preproc_ses_a_task_rest_run_001_wf.bold_t1_trans_wf.aparc_t1w_tfm" in "/nesi/nobackup/uoa03264/fMRIpipeline_data/processed_gil/work/fmriprep_23_0_wf/single_subject_gil1_wf/func_preproc_ses_a_task_rest_run_001_wf/bold_t1_trans_wf/aparc_t1w_tfm".
230425-16:01:51,796 nipype.workflow INFO:
	 [Node] Setting-up "_morphs2gii3" in "/nesi/nobackup/uoa03264/fMRIpipeline_data/processed_gil/work/fmriprep_23_0_wf/single_subject_gil1_wf/anat_preproc_wf/surface_recon_wf/gifti_surface_wf/morphs2gii/mapflow/_morphs2gii3".
230425-16:01:51,799 nipype.workflow INFO:
	 [Node] Setting-up "_morphs2gii4" in "/nesi/nobackup/uoa03264/fMRIpipeline_data/processed_gil/work/fmriprep_23_0_wf/single_subject_gil1_wf/anat_preproc_wf/surface_recon_wf/gifti_surface_wf/morphs2gii/mapflow/_morphs2gii4".
230425-16:01:51,804 nipype.workflow INFO:
	 [Node] Executing "_morphs2gii3" <smriprep.interfaces.freesurfer.MRIsConvertData>
230425-16:01:51,804 nipype.workflow INFO:
	 [Node] Executing "_morphs2gii4" <smriprep.interfaces.freesurfer.MRIsConvertData>
230425-16:01:51,813 nipype.workflow INFO:
	 [Node] Executing "aparc_t1w_tfm" <niworkflows.interfaces.fixes.FixHeaderApplyTransforms>
230425-16:01:51,820 nipype.workflow INFO:
	 [Node] Executing "aseg_t1w_tfm" <niworkflows.interfaces.fixes.FixHeaderApplyTransforms>
230425-16:01:56,123 nipype.workflow INFO:
	 [Node] Finished "aparc_t1w_tfm", elapsed time 4.066762s.
230425-16:01:56,228 nipype.workflow INFO:
	 [Node] Finished "aseg_t1w_tfm", elapsed time 4.089364s.
230425-16:01:57,552 nipype.workflow INFO:
	 [Node] Finished "_morphs2gii3", elapsed time 5.746123s.
230425-16:01:57,797 nipype.workflow INFO:
	 [Node] Setting-up "_morphs2gii5" in "/nesi/nobackup/uoa03264/fMRIpipeline_data/processed_gil/work/fmriprep_23_0_wf/single_subject_gil1_wf/anat_preproc_wf/surface_recon_wf/gifti_surface_wf/morphs2gii/mapflow/_morphs2gii5".
230425-16:01:57,803 nipype.workflow INFO:
	 [Node] Executing "_morphs2gii5" <smriprep.interfaces.freesurfer.MRIsConvertData>
230425-16:01:58,220 nipype.workflow INFO:
	 [Node] Finished "_morphs2gii4", elapsed time 6.413835s.
230425-16:02:01,839 nipype.workflow INFO:
	 [Node] Finished "_morphs2gii5", elapsed time 4.034613s.
230425-16:02:03,813 nipype.workflow INFO:
	 [Node] Setting-up "_morphs2gii0" in "/nesi/nobackup/uoa03264/fMRIpipeline_data/processed_gil/work/fmriprep_23_0_wf/single_subject_gil1_wf/anat_preproc_wf/surface_recon_wf/gifti_surface_wf/morphs2gii/mapflow/_morphs2gii0".
230425-16:02:03,816 nipype.workflow INFO:
	 [Node] Cached "_morphs2gii0" - collecting precomputed outputs
230425-16:02:03,816 nipype.workflow INFO:
	 [Node] "_morphs2gii0" found cached.
230425-16:02:03,818 nipype.workflow INFO:
	 [Node] Setting-up "_morphs2gii1" in "/nesi/nobackup/uoa03264/fMRIpipeline_data/processed_gil/work/fmriprep_23_0_wf/single_subject_gil1_wf/anat_preproc_wf/surface_recon_wf/gifti_surface_wf/morphs2gii/mapflow/_morphs2gii1".
230425-16:02:03,820 nipype.workflow INFO:
	 [Node] Cached "_morphs2gii1" - collecting precomputed outputs
230425-16:02:03,820 nipype.workflow INFO:
	 [Node] "_morphs2gii1" found cached.
230425-16:02:03,821 nipype.workflow INFO:
	 [Node] Setting-up "_morphs2gii2" in "/nesi/nobackup/uoa03264/fMRIpipeline_data/processed_gil/work/fmriprep_23_0_wf/single_subject_gil1_wf/anat_preproc_wf/surface_recon_wf/gifti_surface_wf/morphs2gii/mapflow/_morphs2gii2".
230425-16:02:03,824 nipype.workflow INFO:
	 [Node] Cached "_morphs2gii2" - collecting precomputed outputs
230425-16:02:03,824 nipype.workflow INFO:
	 [Node] "_morphs2gii2" found cached.
230425-16:02:03,825 nipype.workflow INFO:
	 [Node] Setting-up "_morphs2gii3" in "/nesi/nobackup/uoa03264/fMRIpipeline_data/processed_gil/work/fmriprep_23_0_wf/single_subject_gil1_wf/anat_preproc_wf/surface_recon_wf/gifti_surface_wf/morphs2gii/mapflow/_morphs2gii3".
230425-16:02:03,827 nipype.workflow INFO:
	 [Node] Cached "_morphs2gii3" - collecting precomputed outputs
230425-16:02:03,827 nipype.workflow INFO:
	 [Node] "_morphs2gii3" found cached.
230425-16:02:03,829 nipype.workflow INFO:
	 [Node] Setting-up "_morphs2gii4" in "/nesi/nobackup/uoa03264/fMRIpipeline_data/processed_gil/work/fmriprep_23_0_wf/single_subject_gil1_wf/anat_preproc_wf/surface_recon_wf/gifti_surface_wf/morphs2gii/mapflow/_morphs2gii4".
230425-16:02:03,831 nipype.workflow INFO:
	 [Node] Cached "_morphs2gii4" - collecting precomputed outputs
230425-16:02:03,831 nipype.workflow INFO:
	 [Node] "_morphs2gii4" found cached.
230425-16:02:03,832 nipype.workflow INFO:
	 [Node] Setting-up "_morphs2gii5" in "/nesi/nobackup/uoa03264/fMRIpipeline_data/processed_gil/work/fmriprep_23_0_wf/single_subject_gil1_wf/anat_preproc_wf/surface_recon_wf/gifti_surface_wf/morphs2gii/mapflow/_morphs2gii5".
230425-16:02:03,834 nipype.workflow INFO:
	 [Node] Cached "_morphs2gii5" - collecting precomputed outputs
230425-16:02:03,834 nipype.workflow INFO:
	 [Node] "_morphs2gii5" found cached.
230425-16:04:29,693 nipype.interface INFO:
	 stdout 2023-04-25T16:04:29.692823:
230425-16:04:29,705 nipype.interface INFO:
	 stdout 2023-04-25T16:04:29.692823:Matrix from LTA:
230425-16:04:29,706 nipype.interface INFO:
	 stdout 2023-04-25T16:04:29.692823: 0.99938   0.02014   0.02874   3.34110;
230425-16:04:29,706 nipype.interface INFO:
	 stdout 2023-04-25T16:04:29.692823:-0.02851  -0.01152   0.99953  -25.91666;
230425-16:04:29,706 nipype.interface INFO:
	 stdout 2023-04-25T16:04:29.692823: 0.02046  -0.99973  -0.01094  -4.12500;
230425-16:04:29,706 nipype.interface INFO:
	 stdout 2023-04-25T16:04:29.692823: 0.00000   0.00000   0.00000   1.00000;
230425-16:04:30,941 nipype.interface INFO:
	 stdout 2023-04-25T16:04:30.941582:
230425-16:04:30,941 nipype.interface INFO:
	 stdout 2023-04-25T16:04:30.941582:/nesi/nobackup/uoa03264/fMRIpipeline_data/processed_gil/work/fmriprep_23_0_wf/single_subject_gil1_wf/func_preproc_ses_a_task_rest_run_001_wf/bold_reg_wf/bbreg_wf/bbregister/vol0000_xform-00000_clipped_merged_average_corrected.nii /nesi/nobackup/uoa03264/fMRIpipeline_data/processed_gil/bids/derivatives/fmriprep/sourcedata/freesurfer/sub-gil1/mri/brainmask.mgz
230425-16:04:30,941 nipype.interface INFO:
	 stdout 2023-04-25T16:04:30.941582:movvol /nesi/nobackup/uoa03264/fMRIpipeline_data/processed_gil/work/fmriprep_23_0_wf/single_subject_gil1_wf/func_preproc_ses_a_task_rest_run_001_wf/bold_reg_wf/bbreg_wf/bbregister/vol0000_xform-00000_clipped_merged_average_corrected.nii
230425-16:04:30,942 nipype.interface INFO:
	 stdout 2023-04-25T16:04:30.941582:targvol /nesi/nobackup/uoa03264/fMRIpipeline_data/processed_gil/bids/derivatives/fmriprep/sourcedata/freesurfer/sub-gil1/mri/brainmask.mgz
230425-16:04:30,942 nipype.interface INFO:
	 stdout 2023-04-25T16:04:30.941582:outvol /nesi/nobackup/uoa03264/fMRIpipeline_data/processed_gil/work/fmriprep_23_0_wf/single_subject_gil1_wf/func_preproc_ses_a_task_rest_run_001_wf/bold_reg_wf/bbreg_wf/bbregister/vol0000_xform-00000_clipped_merged_average_corrected_warped.nii
230425-16:04:30,942 nipype.interface INFO:
	 stdout 2023-04-25T16:04:30.941582:regfile /nesi/nobackup/uoa03264/fMRIpipeline_data/processed_gil/work/fmriprep_23_0_wf/single_subject_gil1_wf/func_preproc_ses_a_task_rest_run_001_wf/bold_reg_wf/bbreg_wf/bbregister/vol0000_xform-00000_clipped_merged_average_corrected_bbreg_sub-gil1.lta
230425-16:04:30,942 nipype.interface INFO:
	 stdout 2023-04-25T16:04:30.941582:invert 0
230425-16:04:30,942 nipype.interface INFO:
	 stdout 2023-04-25T16:04:30.941582:tal    0
230425-16:04:30,942 nipype.interface INFO:
	 stdout 2023-04-25T16:04:30.941582:talres 2
230425-16:04:30,942 nipype.interface INFO:
	 stdout 2023-04-25T16:04:30.941582:regheader 0
230425-16:04:30,942 nipype.interface INFO:
	 stdout 2023-04-25T16:04:30.941582:noresample 0
230425-16:04:30,942 nipype.interface INFO:
	 stdout 2023-04-25T16:04:30.941582:interp  nearest (0)
230425-16:04:30,942 nipype.interface INFO:
	 stdout 2023-04-25T16:04:30.941582:precision  float (3)
230425-16:04:30,942 nipype.interface INFO:
	 stdout 2023-04-25T16:04:30.941582:Gdiag_no  -1
230425-16:04:30,942 nipype.interface INFO:
	 stdout 2023-04-25T16:04:30.941582:Synth      0
230425-16:04:30,942 nipype.interface INFO:
	 stdout 2023-04-25T16:04:30.941582:SynthSeed  1682759166
230425-16:04:30,942 nipype.interface INFO:
	 stdout 2023-04-25T16:04:30.941582:
230425-16:04:30,942 nipype.interface INFO:
	 stdout 2023-04-25T16:04:30.941582:Final tkRAS-to-tkRAS Matrix is:
230425-16:04:30,942 nipype.interface INFO:
	 stdout 2023-04-25T16:04:30.941582: 0.99938   0.02014   0.02874   3.34112;
230425-16:04:30,942 nipype.interface INFO:
	 stdout 2023-04-25T16:04:30.941582:-0.02851  -0.01152   0.99953  -25.91663;
230425-16:04:30,942 nipype.interface INFO:
	 stdout 2023-04-25T16:04:30.941582: 0.02046  -0.99973  -0.01094  -4.12499;
230425-16:04:30,942 nipype.interface INFO:
	 stdout 2023-04-25T16:04:30.941582: 0.00000   0.00000   0.00000   1.00000;
230425-16:04:30,942 nipype.interface INFO:
	 stdout 2023-04-25T16:04:30.941582:
230425-16:04:30,942 nipype.interface INFO:
	 stdout 2023-04-25T16:04:30.941582:
230425-16:04:30,942 nipype.interface INFO:
	 stdout 2023-04-25T16:04:30.941582:Vox2Vox Matrix is:
230425-16:04:30,943 nipype.interface INFO:
	 stdout 2023-04-25T16:04:30.941582: 0.12494   0.00359  -0.00252  -1.14981;
230425-16:04:30,943 nipype.interface INFO:
	 stdout 2023-04-25T16:04:30.941582: 0.00256  -0.00137   0.12498   0.80051;
230425-16:04:30,943 nipype.interface INFO:
	 stdout 2023-04-25T16:04:30.941582: 0.00445  -0.15619  -0.00180   56.66694;
230425-16:04:30,943 nipype.interface INFO:
	 stdout 2023-04-25T16:04:30.941582: 0.00000   0.00000   0.00000   1.00000;
230425-16:04:34,785 nipype.interface INFO:
	 stdout 2023-04-25T16:04:34.785553:
230425-16:04:34,785 nipype.interface INFO:
	 stdout 2023-04-25T16:04:34.785553:Resampling
230425-16:04:34,785 nipype.interface INFO:
	 stdout 2023-04-25T16:04:34.785553:Output registration matrix is identity
230425-16:04:34,785 nipype.interface INFO:
	 stdout 2023-04-25T16:04:34.785553:
230425-16:04:34,785 nipype.interface INFO:
	 stdout 2023-04-25T16:04:34.785553:mri_vol2vol done
230425-16:08:08,414 nipype.workflow INFO:
	 [Node] Finished "bbregister", elapsed time 393.294275s.
230425-16:08:14,133 nipype.workflow INFO:
	 [Node] Setting-up "_lta_ras2ras0" in "/nesi/nobackup/uoa03264/fMRIpipeline_data/processed_gil/work/fmriprep_23_0_wf/single_subject_gil1_wf/func_preproc_ses_a_task_rest_run_001_wf/bold_reg_wf/bbreg_wf/lta_ras2ras/mapflow/_lta_ras2ras0".
230425-16:08:14,135 nipype.workflow INFO:
	 [Node] Setting-up "_lta_ras2ras1" in "/nesi/nobackup/uoa03264/fMRIpipeline_data/processed_gil/work/fmriprep_23_0_wf/single_subject_gil1_wf/func_preproc_ses_a_task_rest_run_001_wf/bold_reg_wf/bbreg_wf/lta_ras2ras/mapflow/_lta_ras2ras1".
230425-16:08:14,140 nipype.workflow INFO:
	 [Node] Executing "_lta_ras2ras1" <niworkflows.interfaces.freesurfer.PatchedLTAConvert>
230425-16:08:14,140 nipype.workflow INFO:
	 [Node] Executing "_lta_ras2ras0" <niworkflows.interfaces.freesurfer.PatchedLTAConvert>
230425-16:08:14,285 nipype.workflow INFO:
	 [Node] Finished "_lta_ras2ras0", elapsed time 0.143321s.
230425-16:08:14,319 nipype.workflow INFO:
	 [Node] Finished "_lta_ras2ras1", elapsed time 0.177315s.
230425-16:08:16,160 nipype.workflow INFO:
	 [Node] Setting-up "_lta_ras2ras0" in "/nesi/nobackup/uoa03264/fMRIpipeline_data/processed_gil/work/fmriprep_23_0_wf/single_subject_gil1_wf/func_preproc_ses_a_task_rest_run_001_wf/bold_reg_wf/bbreg_wf/lta_ras2ras/mapflow/_lta_ras2ras0".
230425-16:08:16,161 nipype.workflow INFO:
	 [Node] Cached "_lta_ras2ras0" - collecting precomputed outputs
230425-16:08:16,162 nipype.workflow INFO:
	 [Node] "_lta_ras2ras0" found cached.
230425-16:08:16,163 nipype.workflow INFO:
	 [Node] Setting-up "_lta_ras2ras1" in "/nesi/nobackup/uoa03264/fMRIpipeline_data/processed_gil/work/fmriprep_23_0_wf/single_subject_gil1_wf/func_preproc_ses_a_task_rest_run_001_wf/bold_reg_wf/bbreg_wf/lta_ras2ras/mapflow/_lta_ras2ras1".
230425-16:08:16,164 nipype.workflow INFO:
	 [Node] Cached "_lta_ras2ras1" - collecting precomputed outputs
230425-16:08:16,164 nipype.workflow INFO:
	 [Node] "_lta_ras2ras1" found cached.
230425-16:08:18,150 nipype.workflow INFO:
	 [Node] Setting-up "fmriprep_23_0_wf.single_subject_gil1_wf.func_preproc_ses_a_task_rest_run_001_wf.bold_reg_wf.bbreg_wf.compare_transforms" in "/nesi/nobackup/uoa03264/fMRIpipeline_data/processed_gil/work/fmriprep_23_0_wf/single_subject_gil1_wf/func_preproc_ses_a_task_rest_run_001_wf/bold_reg_wf/bbreg_wf/compare_transforms".
230425-16:08:18,158 nipype.workflow INFO:
	 [Node] Executing "compare_transforms" <nipype.interfaces.utility.wrappers.Function>
230425-16:08:18,168 nipype.workflow INFO:
	 [Node] Finished "compare_transforms", elapsed time 0.00919s.
230425-16:08:24,149 nipype.workflow INFO:
	 [Node] Setting-up "fmriprep_23_0_wf.single_subject_gil1_wf.func_preproc_ses_a_task_rest_run_001_wf.bold_reg_wf.bbreg_wf.concat_xfm" in "/nesi/nobackup/uoa03264/fMRIpipeline_data/processed_gil/work/fmriprep_23_0_wf/single_subject_gil1_wf/func_preproc_ses_a_task_rest_run_001_wf/bold_reg_wf/bbreg_wf/concat_xfm".
230425-16:08:24,157 nipype.workflow INFO:
	 [Node] Executing "concat_xfm" <niworkflows.interfaces.nitransforms.ConcatenateXFMs>
230425-16:08:24,378 nipype.workflow INFO:
	 [Node] Finished "concat_xfm", elapsed time 0.219272s.
230425-16:08:26,145 nipype.workflow INFO:
	 [Node] Setting-up "fmriprep_23_0_wf.single_subject_gil1_wf.func_preproc_ses_a_task_rest_run_001_wf.bold_t1_trans_wf.mask_t1w_tfm" in "/nesi/nobackup/uoa03264/fMRIpipeline_data/processed_gil/work/fmriprep_23_0_wf/single_subject_gil1_wf/func_preproc_ses_a_task_rest_run_001_wf/bold_t1_trans_wf/mask_t1w_tfm".
230425-16:08:26,165 nipype.workflow INFO:
	 [Node] Executing "mask_t1w_tfm" <niworkflows.interfaces.fixes.FixHeaderApplyTransforms>
230425-16:08:26,282 nipype.workflow INFO:
	 [Node] Setting-up "fmriprep_23_0_wf.single_subject_gil1_wf.func_preproc_ses_a_task_rest_run_001_wf.bold_confounds_wf.t1w_mask_tfm" in "/nesi/nobackup/uoa03264/fMRIpipeline_data/processed_gil/work/fmriprep_23_0_wf/single_subject_gil1_wf/func_preproc_ses_a_task_rest_run_001_wf/bold_confounds_wf/t1w_mask_tfm".
230425-16:08:26,299 nipype.workflow INFO:
	 [Node] Executing "t1w_mask_tfm" <niworkflows.interfaces.fixes.FixHeaderApplyTransforms>
230425-16:08:28,452 nipype.workflow INFO:
	 [Node] Finished "t1w_mask_tfm", elapsed time 1.9822410000000001s.
230425-16:08:28,660 nipype.workflow INFO:
	 [Node] Finished "mask_t1w_tfm", elapsed time 2.287457s.
230425-16:08:30,169 nipype.workflow INFO:
	 [Node] Setting-up "fmriprep_23_0_wf.single_subject_gil1_wf.func_preproc_ses_a_task_rest_run_001_wf.bold_confounds_wf.union_mask" in "/nesi/nobackup/uoa03264/fMRIpipeline_data/processed_gil/work/fmriprep_23_0_wf/single_subject_gil1_wf/func_preproc_ses_a_task_rest_run_001_wf/bold_confounds_wf/union_mask".
230425-16:08:30,175 nipype.workflow INFO:
	 [Node] Executing "union_mask" <nipype.interfaces.utility.wrappers.Function>
230425-16:08:30,209 nipype.workflow INFO:
	 [Node] Finished "union_mask", elapsed time 0.03302s.
230425-16:08:32,164 nipype.workflow INFO:
	 [Node] Setting-up "fmriprep_23_0_wf.single_subject_gil1_wf.func_preproc_ses_a_task_rest_run_001_wf.bold_confounds_wf.dilated_mask" in "/nesi/nobackup/uoa03264/fMRIpipeline_data/processed_gil/work/fmriprep_23_0_wf/single_subject_gil1_wf/func_preproc_ses_a_task_rest_run_001_wf/bold_confounds_wf/dilated_mask".
230425-16:08:32,170 nipype.workflow INFO:
	 [Node] Executing "dilated_mask" <niworkflows.interfaces.morphology.BinaryDilation>
230425-16:08:32,447 nipype.workflow INFO:
	 [Node] Finished "dilated_mask", elapsed time 0.276285s.
230425-16:08:34,164 nipype.workflow INFO:
	 [Node] Setting-up "fmriprep_23_0_wf.single_subject_gil1_wf.func_preproc_ses_a_task_rest_run_001_wf.bold_confounds_wf.subtract_mask" in "/nesi/nobackup/uoa03264/fMRIpipeline_data/processed_gil/work/fmriprep_23_0_wf/single_subject_gil1_wf/func_preproc_ses_a_task_rest_run_001_wf/bold_confounds_wf/subtract_mask".
230425-16:08:34,170 nipype.workflow INFO:
	 [Node] Executing "subtract_mask" <niworkflows.interfaces.morphology.BinarySubtraction>
230425-16:08:34,187 nipype.workflow INFO:
	 [Node] Finished "subtract_mask", elapsed time 0.015507s.
230425-16:08:36,181 nipype.workflow INFO:
	 [Node] Setting-up "fmriprep_23_0_wf.single_subject_gil1_wf.func_preproc_ses_a_task_rest_run_001_wf.bold_confounds_wf.crowncompcor" in "/nesi/nobackup/uoa03264/fMRIpipeline_data/processed_gil/work/fmriprep_23_0_wf/single_subject_gil1_wf/func_preproc_ses_a_task_rest_run_001_wf/bold_confounds_wf/crowncompcor".
230425-16:08:36,193 nipype.workflow INFO:
	 [Node] Executing "crowncompcor" <niworkflows.interfaces.patches.RobustACompCor>
230425-16:08:36,911 nipype.workflow INFO:
	 [Node] Finished "crowncompcor", elapsed time 0.717225s.
230425-16:08:38,171 nipype.workflow INFO:
	 [Node] Setting-up "fmriprep_23_0_wf.single_subject_gil1_wf.func_preproc_ses_a_task_rest_run_001_wf.bold_confounds_wf.crowncc_metadata_fmt" in "/nesi/nobackup/uoa03264/fMRIpipeline_data/processed_gil/work/fmriprep_23_0_wf/single_subject_gil1_wf/func_preproc_ses_a_task_rest_run_001_wf/bold_confounds_wf/crowncc_metadata_fmt".
230425-16:08:38,180 nipype.workflow INFO:
	 [Node] Executing "crowncc_metadata_fmt" <niworkflows.interfaces.utility.TSV2JSON>
230425-16:08:38,188 nipype.workflow INFO:
	 [Node] Finished "crowncc_metadata_fmt", elapsed time 0.006586s.
230425-16:13:39,210 nipype.workflow INFO:
	 [Node] Finished "t1w_dseg", elapsed time 1029.810273s.
230425-16:13:40,458 nipype.workflow INFO:
	 [Node] Setting-up "fmriprep_23_0_wf.single_subject_gil1_wf.anat_preproc_wf.lut_t1w_dseg" in "/nesi/nobackup/uoa03264/fMRIpipeline_data/processed_gil/work/fmriprep_23_0_wf/single_subject_gil1_wf/anat_preproc_wf/lut_t1w_dseg".
230425-16:13:40,466 nipype.workflow INFO:
	 [Node] Executing "lut_t1w_dseg" <nipype.interfaces.utility.wrappers.Function>
230425-16:13:42,97 nipype.workflow INFO:
	 [Node] Finished "lut_t1w_dseg", elapsed time 1.629553s.
230425-16:13:42,455 nipype.workflow INFO:
	 [Node] Setting-up "fmriprep_23_0_wf.single_subject_gil1_wf.anat_preproc_wf.anat_reports_wf.seg_rpt" in "/nesi/nobackup/uoa03264/fMRIpipeline_data/processed_gil/work/fmriprep_23_0_wf/single_subject_gil1_wf/anat_preproc_wf/anat_reports_wf/seg_rpt".
230425-16:13:42,471 nipype.workflow INFO:
	 [Node] Executing "seg_rpt" <niworkflows.interfaces.reportlets.masks.ROIsPlot>
230425-16:14:24,428 nipype.workflow INFO:
	 [Node] Setting-up "fmriprep_23_0_wf.single_subject_gil1_wf.func_preproc_ses_a_task_rest_run_001_wf.bold_confounds_wf.acc_masks" in "/nesi/nobackup/uoa03264/fMRIpipeline_data/processed_gil/work/fmriprep_23_0_wf/single_subject_gil1_wf/func_preproc_ses_a_task_rest_run_001_wf/bold_confounds_wf/acc_masks".
230425-16:14:24,445 nipype.workflow INFO:
	 [Node] Executing "acc_masks" <fmriprep.interfaces.confounds.aCompCorMasks>
230425-16:15:10,639 nipype.workflow INFO:
	 [Node] Finished "acc_masks", elapsed time 46.192463s.
230425-16:15:14,623 nipype.workflow INFO:
	 [Node] Setting-up "_acc_msk_tfm0" in "/nesi/nobackup/uoa03264/fMRIpipeline_data/processed_gil/work/fmriprep_23_0_wf/single_subject_gil1_wf/func_preproc_ses_a_task_rest_run_001_wf/bold_confounds_wf/acc_msk_tfm/mapflow/_acc_msk_tfm0".
230425-16:15:14,625 nipype.workflow INFO:
	 [Node] Setting-up "_acc_msk_tfm1" in "/nesi/nobackup/uoa03264/fMRIpipeline_data/processed_gil/work/fmriprep_23_0_wf/single_subject_gil1_wf/func_preproc_ses_a_task_rest_run_001_wf/bold_confounds_wf/acc_msk_tfm/mapflow/_acc_msk_tfm1".
230425-16:15:14,627 nipype.workflow INFO:
	 [Node] Setting-up "_acc_msk_tfm2" in "/nesi/nobackup/uoa03264/fMRIpipeline_data/processed_gil/work/fmriprep_23_0_wf/single_subject_gil1_wf/func_preproc_ses_a_task_rest_run_001_wf/bold_confounds_wf/acc_msk_tfm/mapflow/_acc_msk_tfm2".
230425-16:15:14,632 nipype.workflow INFO:
	 [Node] Executing "_acc_msk_tfm0" <niworkflows.interfaces.fixes.FixHeaderApplyTransforms>
230425-16:15:14,633 nipype.workflow INFO:
	 [Node] Executing "_acc_msk_tfm1" <niworkflows.interfaces.fixes.FixHeaderApplyTransforms>
230425-16:15:14,635 nipype.workflow INFO:
	 [Node] Executing "_acc_msk_tfm2" <niworkflows.interfaces.fixes.FixHeaderApplyTransforms>
230425-16:15:16,342 nipype.workflow INFO:
	 [Node] Finished "_acc_msk_tfm1", elapsed time 1.70796s.
230425-16:15:17,157 nipype.workflow INFO:
	 [Node] Finished "_acc_msk_tfm2", elapsed time 2.342644s.
230425-16:15:17,197 nipype.workflow INFO:
	 [Node] Finished "_acc_msk_tfm0", elapsed time 2.563565s.
230425-16:15:18,602 nipype.workflow INFO:
	 [Node] Setting-up "_acc_msk_tfm0" in "/nesi/nobackup/uoa03264/fMRIpipeline_data/processed_gil/work/fmriprep_23_0_wf/single_subject_gil1_wf/func_preproc_ses_a_task_rest_run_001_wf/bold_confounds_wf/acc_msk_tfm/mapflow/_acc_msk_tfm0".
230425-16:15:18,604 nipype.workflow INFO:
	 [Node] Cached "_acc_msk_tfm0" - collecting precomputed outputs
230425-16:15:18,604 nipype.workflow INFO:
	 [Node] "_acc_msk_tfm0" found cached.
230425-16:15:18,606 nipype.workflow INFO:
	 [Node] Setting-up "_acc_msk_tfm1" in "/nesi/nobackup/uoa03264/fMRIpipeline_data/processed_gil/work/fmriprep_23_0_wf/single_subject_gil1_wf/func_preproc_ses_a_task_rest_run_001_wf/bold_confounds_wf/acc_msk_tfm/mapflow/_acc_msk_tfm1".
230425-16:15:18,608 nipype.workflow INFO:
	 [Node] Cached "_acc_msk_tfm1" - collecting precomputed outputs
230425-16:15:18,608 nipype.workflow INFO:
	 [Node] "_acc_msk_tfm1" found cached.
230425-16:15:18,610 nipype.workflow INFO:
	 [Node] Setting-up "_acc_msk_tfm2" in "/nesi/nobackup/uoa03264/fMRIpipeline_data/processed_gil/work/fmriprep_23_0_wf/single_subject_gil1_wf/func_preproc_ses_a_task_rest_run_001_wf/bold_confounds_wf/acc_msk_tfm/mapflow/_acc_msk_tfm2".
230425-16:15:18,612 nipype.workflow INFO:
	 [Node] Cached "_acc_msk_tfm2" - collecting precomputed outputs
230425-16:15:18,612 nipype.workflow INFO:
	 [Node] "_acc_msk_tfm2" found cached.
230425-16:15:22,614 nipype.workflow INFO:
	 [Node] Setting-up "_acc_msk_brain0" in "/nesi/nobackup/uoa03264/fMRIpipeline_data/processed_gil/work/fmriprep_23_0_wf/single_subject_gil1_wf/func_preproc_ses_a_task_rest_run_001_wf/bold_confounds_wf/acc_msk_brain/mapflow/_acc_msk_brain0".
230425-16:15:22,617 nipype.workflow INFO:
	 [Node] Setting-up "_acc_msk_brain1" in "/nesi/nobackup/uoa03264/fMRIpipeline_data/processed_gil/work/fmriprep_23_0_wf/single_subject_gil1_wf/func_preproc_ses_a_task_rest_run_001_wf/bold_confounds_wf/acc_msk_brain/mapflow/_acc_msk_brain1".
230425-16:15:22,622 nipype.workflow INFO:
	 [Node] Executing "_acc_msk_brain0" <niworkflows.interfaces.nibabel.ApplyMask>
230425-16:15:22,624 nipype.workflow INFO:
	 [Node] Setting-up "_acc_msk_brain2" in "/nesi/nobackup/uoa03264/fMRIpipeline_data/processed_gil/work/fmriprep_23_0_wf/single_subject_gil1_wf/func_preproc_ses_a_task_rest_run_001_wf/bold_confounds_wf/acc_msk_brain/mapflow/_acc_msk_brain2".
230425-16:15:22,627 nipype.workflow INFO:
	 [Node] Executing "_acc_msk_brain1" <niworkflows.interfaces.nibabel.ApplyMask>
230425-16:15:22,631 nipype.workflow INFO:
	 [Node] Executing "_acc_msk_brain2" <niworkflows.interfaces.nibabel.ApplyMask>
230425-16:15:22,672 nipype.workflow INFO:
	 [Node] Finished "_acc_msk_brain1", elapsed time 0.044054s.
230425-16:15:22,731 nipype.workflow INFO:
	 [Node] Finished "_acc_msk_brain2", elapsed time 0.099842s.
230425-16:15:22,749 nipype.workflow INFO:
	 [Node] Finished "_acc_msk_brain0", elapsed time 0.125684s.
230425-16:15:24,608 nipype.workflow INFO:
	 [Node] Setting-up "_acc_msk_brain0" in "/nesi/nobackup/uoa03264/fMRIpipeline_data/processed_gil/work/fmriprep_23_0_wf/single_subject_gil1_wf/func_preproc_ses_a_task_rest_run_001_wf/bold_confounds_wf/acc_msk_brain/mapflow/_acc_msk_brain0".
230425-16:15:24,609 nipype.workflow INFO:
	 [Node] Cached "_acc_msk_brain0" - collecting precomputed outputs
230425-16:15:24,610 nipype.workflow INFO:
	 [Node] "_acc_msk_brain0" found cached.
230425-16:15:24,611 nipype.workflow INFO:
	 [Node] Setting-up "_acc_msk_brain1" in "/nesi/nobackup/uoa03264/fMRIpipeline_data/processed_gil/work/fmriprep_23_0_wf/single_subject_gil1_wf/func_preproc_ses_a_task_rest_run_001_wf/bold_confounds_wf/acc_msk_brain/mapflow/_acc_msk_brain1".
230425-16:15:24,612 nipype.workflow INFO:
	 [Node] Cached "_acc_msk_brain1" - collecting precomputed outputs
230425-16:15:24,612 nipype.workflow INFO:
	 [Node] "_acc_msk_brain1" found cached.
230425-16:15:24,613 nipype.workflow INFO:
	 [Node] Setting-up "_acc_msk_brain2" in "/nesi/nobackup/uoa03264/fMRIpipeline_data/processed_gil/work/fmriprep_23_0_wf/single_subject_gil1_wf/func_preproc_ses_a_task_rest_run_001_wf/bold_confounds_wf/acc_msk_brain/mapflow/_acc_msk_brain2".
230425-16:15:24,615 nipype.workflow INFO:
	 [Node] Cached "_acc_msk_brain2" - collecting precomputed outputs
230425-16:15:24,615 nipype.workflow INFO:
	 [Node] "_acc_msk_brain2" found cached.
230425-16:15:28,307 nipype.workflow INFO:
	 [Node] Finished "seg_rpt", elapsed time 105.834423s.
230425-16:15:28,730 nipype.workflow INFO:
	 [Node] Setting-up "_acc_msk_bin0" in "/nesi/nobackup/uoa03264/fMRIpipeline_data/processed_gil/work/fmriprep_23_0_wf/single_subject_gil1_wf/func_preproc_ses_a_task_rest_run_001_wf/bold_confounds_wf/acc_msk_bin/mapflow/_acc_msk_bin0".
230425-16:15:28,731 nipype.workflow INFO:
	 [Node] Setting-up "_acc_msk_bin1" in "/nesi/nobackup/uoa03264/fMRIpipeline_data/processed_gil/work/fmriprep_23_0_wf/single_subject_gil1_wf/func_preproc_ses_a_task_rest_run_001_wf/bold_confounds_wf/acc_msk_bin/mapflow/_acc_msk_bin1".
230425-16:15:28,732 nipype.workflow INFO:
	 [Node] Setting-up "_acc_msk_bin2" in "/nesi/nobackup/uoa03264/fMRIpipeline_data/processed_gil/work/fmriprep_23_0_wf/single_subject_gil1_wf/func_preproc_ses_a_task_rest_run_001_wf/bold_confounds_wf/acc_msk_bin/mapflow/_acc_msk_bin2".
230425-16:15:28,737 nipype.workflow INFO:
	 [Node] Executing "_acc_msk_bin0" <niworkflows.interfaces.nibabel.Binarize>
230425-16:15:28,738 nipype.workflow INFO:
	 [Node] Executing "_acc_msk_bin1" <niworkflows.interfaces.nibabel.Binarize>
230425-16:15:28,738 nipype.workflow INFO:
	 [Node] Executing "_acc_msk_bin2" <niworkflows.interfaces.nibabel.Binarize>
230425-16:15:28,777 nipype.workflow INFO:
	 [Node] Finished "_acc_msk_bin1", elapsed time 0.037988s.
230425-16:15:28,779 nipype.workflow INFO:
	 [Node] Finished "_acc_msk_bin0", elapsed time 0.041011s.
230425-16:15:28,783 nipype.workflow INFO:
	 [Node] Finished "_acc_msk_bin2", elapsed time 0.043594s.
230425-16:15:30,597 nipype.workflow INFO:
	 [Node] Setting-up "_acc_msk_bin0" in "/nesi/nobackup/uoa03264/fMRIpipeline_data/processed_gil/work/fmriprep_23_0_wf/single_subject_gil1_wf/func_preproc_ses_a_task_rest_run_001_wf/bold_confounds_wf/acc_msk_bin/mapflow/_acc_msk_bin0".
230425-16:15:30,599 nipype.workflow INFO:
	 [Node] Cached "_acc_msk_bin0" - collecting precomputed outputs
230425-16:15:30,600 nipype.workflow INFO:
	 [Node] "_acc_msk_bin0" found cached.
230425-16:15:30,601 nipype.workflow INFO:
	 [Node] Setting-up "_acc_msk_bin1" in "/nesi/nobackup/uoa03264/fMRIpipeline_data/processed_gil/work/fmriprep_23_0_wf/single_subject_gil1_wf/func_preproc_ses_a_task_rest_run_001_wf/bold_confounds_wf/acc_msk_bin/mapflow/_acc_msk_bin1".
230425-16:15:30,602 nipype.workflow INFO:
	 [Node] Cached "_acc_msk_bin1" - collecting precomputed outputs
230425-16:15:30,602 nipype.workflow INFO:
	 [Node] "_acc_msk_bin1" found cached.
230425-16:15:30,603 nipype.workflow INFO:
	 [Node] Setting-up "_acc_msk_bin2" in "/nesi/nobackup/uoa03264/fMRIpipeline_data/processed_gil/work/fmriprep_23_0_wf/single_subject_gil1_wf/func_preproc_ses_a_task_rest_run_001_wf/bold_confounds_wf/acc_msk_bin/mapflow/_acc_msk_bin2".
230425-16:15:30,605 nipype.workflow INFO:
	 [Node] Cached "_acc_msk_bin2" - collecting precomputed outputs
230425-16:15:30,605 nipype.workflow INFO:
	 [Node] "_acc_msk_bin2" found cached.
230425-16:15:32,593 nipype.workflow INFO:
	 [Node] Setting-up "fmriprep_23_0_wf.single_subject_gil1_wf.func_preproc_ses_a_task_rest_run_001_wf.bold_confounds_wf.acompcor" in "/nesi/nobackup/uoa03264/fMRIpipeline_data/processed_gil/work/fmriprep_23_0_wf/single_subject_gil1_wf/func_preproc_ses_a_task_rest_run_001_wf/bold_confounds_wf/acompcor".
230425-16:15:32,605 nipype.workflow INFO:
	 [Node] Executing "acompcor" <niworkflows.interfaces.patches.RobustACompCor>
230425-16:15:32,957 nipype.workflow INFO:
	 [Node] Finished "acompcor", elapsed time 0.350365s.
230425-16:15:34,588 nipype.workflow INFO:
	 [Node] Setting-up "fmriprep_23_0_wf.single_subject_gil1_wf.func_preproc_ses_a_task_rest_run_001_wf.bold_confounds_wf.signals" in "/nesi/nobackup/uoa03264/fMRIpipeline_data/processed_gil/work/fmriprep_23_0_wf/single_subject_gil1_wf/func_preproc_ses_a_task_rest_run_001_wf/bold_confounds_wf/signals".
230425-16:15:34,588 nipype.workflow INFO:
	 [Node] Setting-up "fmriprep_23_0_wf.single_subject_gil1_wf.func_preproc_ses_a_task_rest_run_001_wf.bold_confounds_wf.rename_acompcor" in "/nesi/nobackup/uoa03264/fMRIpipeline_data/processed_gil/work/fmriprep_23_0_wf/single_subject_gil1_wf/func_preproc_ses_a_task_rest_run_001_wf/bold_confounds_wf/rename_acompcor".
230425-16:15:34,597 nipype.workflow INFO:
	 [Node] Executing "rename_acompcor" <fmriprep.interfaces.confounds.RenameACompCor>
230425-16:15:34,652 nipype.workflow INFO:
	 [Node] Finished "rename_acompcor", elapsed time 0.05355s.
230425-16:15:34,725 nipype.workflow INFO:
	 [Node] Setting-up "fmriprep_23_0_wf.single_subject_gil1_wf.func_preproc_ses_a_task_rest_run_001_wf.bold_confounds_wf.rois_plot" in "/nesi/nobackup/uoa03264/fMRIpipeline_data/processed_gil/work/fmriprep_23_0_wf/single_subject_gil1_wf/func_preproc_ses_a_task_rest_run_001_wf/bold_confounds_wf/rois_plot".
230425-16:15:34,929 nipype.workflow INFO:
	 [Node] Executing "signals" <niworkflows.interfaces.images.SignalExtraction>
230425-16:15:34,992 nipype.workflow INFO:
	 [Node] Executing "rois_plot" <niworkflows.interfaces.reportlets.masks.ROIsPlot>
230425-16:15:35,350 nipype.workflow INFO:
	 [Node] Finished "signals", elapsed time 0.420064s.
230425-16:15:37,104 nipype.workflow INFO:
	 [Node] Setting-up "fmriprep_23_0_wf.single_subject_gil1_wf.func_preproc_ses_a_task_rest_run_001_wf.bold_confounds_wf.compcor_plot" in "/nesi/nobackup/uoa03264/fMRIpipeline_data/processed_gil/work/fmriprep_23_0_wf/single_subject_gil1_wf/func_preproc_ses_a_task_rest_run_001_wf/bold_confounds_wf/compcor_plot".
230425-16:15:37,112 nipype.workflow INFO:
	 [Node] Executing "compcor_plot" <niworkflows.interfaces.plotting.CompCorVariancePlot>
230425-16:15:37,637 nipype.workflow INFO:
	 [Node] Finished "compcor_plot", elapsed time 0.52337s.
230425-16:15:37,731 nipype.workflow INFO:
	 [Node] Setting-up "fmriprep_23_0_wf.single_subject_gil1_wf.func_preproc_ses_a_task_rest_run_001_wf.bold_confounds_wf.acc_metadata_filter" in "/nesi/nobackup/uoa03264/fMRIpipeline_data/processed_gil/work/fmriprep_23_0_wf/single_subject_gil1_wf/func_preproc_ses_a_task_rest_run_001_wf/bold_confounds_wf/acc_metadata_filter".
230425-16:15:37,738 nipype.workflow INFO:
	 [Node] Executing "acc_metadata_filter" <fmriprep.interfaces.confounds.FilterDropped>
230425-16:15:37,748 nipype.workflow INFO:
	 [Node] Finished "acc_metadata_filter", elapsed time 0.008707s.
230425-16:15:38,641 nipype.workflow INFO:
	 [Node] Setting-up "fmriprep_23_0_wf.single_subject_gil1_wf.func_preproc_ses_a_task_rest_run_001_wf.bold_confounds_wf.acc_metadata_fmt" in "/nesi/nobackup/uoa03264/fMRIpipeline_data/processed_gil/work/fmriprep_23_0_wf/single_subject_gil1_wf/func_preproc_ses_a_task_rest_run_001_wf/bold_confounds_wf/acc_metadata_fmt".
230425-16:15:38,641 nipype.workflow INFO:
	 [Node] Setting-up "fmriprep_23_0_wf.single_subject_gil1_wf.func_preproc_ses_a_task_rest_run_001_wf.bold_confounds_wf.model_expansion" in "/nesi/nobackup/uoa03264/fMRIpipeline_data/processed_gil/work/fmriprep_23_0_wf/single_subject_gil1_wf/func_preproc_ses_a_task_rest_run_001_wf/bold_confounds_wf/model_expansion".
230425-16:15:38,642 nipype.workflow INFO:
	 [Node] Setting-up "fmriprep_23_0_wf.single_subject_gil1_wf.func_preproc_ses_a_task_rest_run_001_wf.bold_confounds_wf.conf_corr_plot" in "/nesi/nobackup/uoa03264/fMRIpipeline_data/processed_gil/work/fmriprep_23_0_wf/single_subject_gil1_wf/func_preproc_ses_a_task_rest_run_001_wf/bold_confounds_wf/conf_corr_plot".
230425-16:15:38,652 nipype.workflow INFO:
	 [Node] Executing "model_expansion" <niworkflows.interfaces.confounds.ExpandModel>
230425-16:15:38,666 nipype.workflow INFO:
	 [Node] Executing "acc_metadata_fmt" <niworkflows.interfaces.utility.TSV2JSON>
230425-16:15:38,666 nipype.workflow INFO:
	 [Node] Executing "conf_corr_plot" <niworkflows.interfaces.plotting.ConfoundsCorrelationPlot>
230425-16:15:38,676 nipype.workflow INFO:
	 [Node] Finished "acc_metadata_fmt", elapsed time 0.008895s.
230425-16:15:38,767 nipype.workflow INFO:
	 [Node] Finished "model_expansion", elapsed time 0.113903s.
230425-16:15:39,660 nipype.workflow INFO:
	 [Node] Finished "conf_corr_plot", elapsed time 0.993374s.
230425-16:15:40,806 nipype.workflow INFO:
	 [Node] Setting-up "fmriprep_23_0_wf.single_subject_gil1_wf.func_preproc_ses_a_task_rest_run_001_wf.bold_confounds_wf.spike_regressors" in "/nesi/nobackup/uoa03264/fMRIpipeline_data/processed_gil/work/fmriprep_23_0_wf/single_subject_gil1_wf/func_preproc_ses_a_task_rest_run_001_wf/bold_confounds_wf/spike_regressors".
230425-16:15:40,813 nipype.workflow INFO:
	 [Node] Executing "spike_regressors" <niworkflows.interfaces.confounds.SpikeRegressors>
230425-16:15:40,880 nipype.workflow INFO:
	 [Node] Finished "spike_regressors", elapsed time 0.065917s.
230425-16:15:46,917 nipype.workflow INFO:
	 [Node] Finished "rois_plot", elapsed time 11.923986s.
slurmstepd: error: *** JOB 34850013 ON wmc011 CANCELLED AT 2023-04-25T17:18:33 DUE TO TIME LIMIT ***
