Building DAG of jobs...
Using shell: /usr/bin/bash
Provided cores: 2
Rules claiming more threads will be scaled down.
Select jobs to execute...

[Fri Dec  9 16:02:00 2022]
rule heudiconv:
    input: /nesi/nobackup/uoa03264/fMRIpipeline_data/processed_test/tidy/sub_rugby1/ses_b/.completed
    output: /nesi/nobackup/uoa03264/fMRIpipeline_data/processed_test/bids/sub-rugby1/ses-b, /nesi/nobackup/uoa03264/fMRIpipeline_data/processed_test/bids/.heudiconv/rugby1/ses-b
    jobid: 0
    wildcards: resultsdir=/nesi/nobackup/uoa03264/fMRIpipeline_data/processed_test, subject=rugby1, session=b
    resources: mem_mb=4000, disk_mb=1000, tmpdir=/dev/shm/jobs/31829896, cpus=2, time_min=60, gpu=0

heudiconv --dicom_dir_template '/nesi/nobackup/uoa03264/fMRIpipeline_data/processed_test/tidy/sub_{subject}/ses_{session}/*/*' --outdir /nesi/nobackup/uoa03264/fMRIpipeline_data/processed_test/bids --heuristic scripts/heuristic.py --subjects rugby1 --ses b --converter dcm2niix --bids --overwrite
Activating singularity image /scale_wlg_persistent/filesets/project/uoa03264/fmri_workflow/.snakemake/singularity/10b2306ed15c5efc917232958423bfe6.simg
INFO: Running heudiconv version 0.11.4.post18+g1fe815b.d20221025 latest 0.11.6
INFO: Need to process 1 study sessions
INFO: PROCESSING STARTS: {'subject': 'rugby1', 'outdir': '/nesi/nobackup/uoa03264/fMRIpipeline_data/processed_test/bids/', 'session': 'b'}
INFO: Processing 10700 dicoms
INFO: Analyzing 10700 dicoms
INFO: Generated sequence info for 2 studies with 10700 entries total
INFO: Doing conversion using dcm2niix
INFO: Converting /nesi/nobackup/uoa03264/fMRIpipeline_data/processed_test/bids/sub-rugby1/ses-b/anat/sub-rugby1_ses-b_run-001_T1w (300 DICOMs) -> /nesi/nobackup/uoa03264/fMRIpipeline_data/processed_test/bids/sub-rugby1/ses-b/anat . Converter: dcm2niix . Output types: ('nii.gz',)
221209-16:06:20,153 nipype.workflow INFO:
	 [Node] Setting-up "convert" in "/dev/shm/jobs/31829896/dcm2niixfn3tep3p/convert".
INFO: [Node] Setting-up "convert" in "/dev/shm/jobs/31829896/dcm2niixfn3tep3p/convert".
221209-16:06:20,275 nipype.workflow INFO:
	 [Node] Executing "convert" <nipype.interfaces.dcm2nii.Dcm2niix>
INFO: [Node] Executing "convert" <nipype.interfaces.dcm2nii.Dcm2niix>
221209-16:06:20,494 nipype.interface INFO:
	 stdout 2022-12-09T16:06:20.494508:Chris Rorden's dcm2niiX version v1.0.20220720  (JP2:OpenJPEG) (JP-LS:CharLS) GCC10.2.1 x86-64 (64-bit Linux)
INFO: stdout 2022-12-09T16:06:20.494508:Chris Rorden's dcm2niiX version v1.0.20220720  (JP2:OpenJPEG) (JP-LS:CharLS) GCC10.2.1 x86-64 (64-bit Linux)
221209-16:06:20,494 nipype.interface INFO:
	 stdout 2022-12-09T16:06:20.494508:Found 300 DICOM file(s)
INFO: stdout 2022-12-09T16:06:20.494508:Found 300 DICOM file(s)
221209-16:06:20,494 nipype.interface INFO:
	 stdout 2022-12-09T16:06:20.494508:Resolved discrepancy between tags (0020,1002; 0021,104F; 0054,0081)
INFO: stdout 2022-12-09T16:06:20.494508:Resolved discrepancy between tags (0020,1002; 0021,104F; 0054,0081)
221209-16:06:20,494 nipype.interface INFO:
	 stdout 2022-12-09T16:06:20.494508:Convert 300 DICOM as /nesi/nobackup/uoa03264/fMRIpipeline_data/processed_test/bids/sub-rugby1/ses-b/anat/sub-rugby1_ses-b_run-001_T1w_heudiconv809 (512x512x300x1)
INFO: stdout 2022-12-09T16:06:20.494508:Convert 300 DICOM as /nesi/nobackup/uoa03264/fMRIpipeline_data/processed_test/bids/sub-rugby1/ses-b/anat/sub-rugby1_ses-b_run-001_T1w_heudiconv809 (512x512x300x1)
221209-16:06:26,982 nipype.interface INFO:
	 stdout 2022-12-09T16:06:26.981989:Compress: "/usr/bin/pigz" -b 960 -n -f -6 "/nesi/nobackup/uoa03264/fMRIpipeline_data/processed_test/bids/sub-rugby1/ses-b/anat/sub-rugby1_ses-b_run-001_T1w_heudiconv809.nii"
INFO: stdout 2022-12-09T16:06:26.981989:Compress: "/usr/bin/pigz" -b 960 -n -f -6 "/nesi/nobackup/uoa03264/fMRIpipeline_data/processed_test/bids/sub-rugby1/ses-b/anat/sub-rugby1_ses-b_run-001_T1w_heudiconv809.nii"
221209-16:06:26,982 nipype.interface INFO:
	 stdout 2022-12-09T16:06:26.981989:Conversion required 6.634274 seconds (0.521685 for core code).
INFO: stdout 2022-12-09T16:06:26.981989:Conversion required 6.634274 seconds (0.521685 for core code).
221209-16:06:27,5 nipype.workflow INFO:
	 [Node] Finished "convert", elapsed time 6.671731s.
INFO: [Node] Finished "convert", elapsed time 6.671731s.
WARNING: Failed to find task field in /nesi/nobackup/uoa03264/fMRIpipeline_data/processed_test/bids/sub-rugby1/ses-b/anat/sub-rugby1_ses-b_run-001_T1w.json.
221209-16:06:27,31 nipype.workflow INFO:
	 [Node] Setting-up "embedder" in "/dev/shm/jobs/31829896/embedmeta6xxi5zue/embedder".
INFO: [Node] Setting-up "embedder" in "/dev/shm/jobs/31829896/embedmeta6xxi5zue/embedder".
221209-16:06:27,72 nipype.workflow INFO:
	 [Node] Executing "embedder" <nipype.interfaces.utility.wrappers.Function>
INFO: [Node] Executing "embedder" <nipype.interfaces.utility.wrappers.Function>
/opt/miniconda-py39_4.12.0/lib/python3.9/site-packages/pydicom/valuerep.py:290: UserWarning: The value length (32) exceeds the maximum length of 16 allowed for VR SH.
  warnings.warn(msg)
221209-16:06:32,29 nipype.workflow INFO:
	 [Node] Finished "embedder", elapsed time 4.955686s.
INFO: [Node] Finished "embedder", elapsed time 4.955686s.
INFO: Post-treating /nesi/nobackup/uoa03264/fMRIpipeline_data/processed_test/bids/sub-rugby1/ses-b/anat/sub-rugby1_ses-b_run-001_T1w.json file
INFO: Converting /nesi/nobackup/uoa03264/fMRIpipeline_data/processed_test/bids/sub-rugby1/ses-b/func/sub-rugby1_ses-b_task-rest_run-001_bold (10400 DICOMs) -> /nesi/nobackup/uoa03264/fMRIpipeline_data/processed_test/bids/sub-rugby1/ses-b/func . Converter: dcm2niix . Output types: ('nii.gz',)
221209-16:06:33,137 nipype.workflow INFO:
	 [Node] Setting-up "convert" in "/dev/shm/jobs/31829896/dcm2niix025y0999/convert".
INFO: [Node] Setting-up "convert" in "/dev/shm/jobs/31829896/dcm2niix025y0999/convert".
221209-16:06:37,364 nipype.workflow INFO:
	 [Node] Executing "convert" <nipype.interfaces.dcm2nii.Dcm2niix>
INFO: [Node] Executing "convert" <nipype.interfaces.dcm2nii.Dcm2niix>
slurmstepd: error: *** JOB 31829896 ON wmc019 CANCELLED AT 2022-12-09T03:06:37 ***
