Building DAG of jobs...
Your conda installation is not configured to use strict channel priorities. This is however crucial for having robust and correct environments (for details, see https://conda-forge.org/docs/user/tipsandtricks.html). Please consider to configure strict priorities by executing 'conda config --set channel_priority strict'.
Using shell: /usr/bin/bash
Provided cores: 2
Rules claiming more threads will be scaled down.
Provided resources: mem_mb=512, mem_mib=489, disk_mb=1000, disk_mib=954, cpus=1, time_min=5, gpu=0
Select jobs to execute...

[Thu Feb 23 12:22:20 2023]
rule first_level:
    input: /nesi/nobackup/uoa03264/fMRIpipeline_data/processed_test_josh/bids/derivatives/fmriprep/sub-rugby1
    output: /nesi/nobackup/uoa03264/fMRIpipeline_data/processed_test_josh/first_level_results/sub-rugby1/ses-b/sub-rugby1_ses-b_DMN_unthresholded_fc.nii.gz, /nesi/nobackup/uoa03264/fMRIpipeline_data/processed_test_josh/first_level_results/sub-rugby1/ses-b/sub-rugby1_ses-b_DMN_figure.png
    jobid: 0
    reason: Missing output files: /nesi/nobackup/uoa03264/fMRIpipeline_data/processed_test_josh/first_level_results/sub-rugby1/ses-b/sub-rugby1_ses-b_DMN_unthresholded_fc.nii.gz, /nesi/nobackup/uoa03264/fMRIpipeline_data/processed_test_josh/first_level_results/sub-rugby1/ses-b/sub-rugby1_ses-b_DMN_figure.png
    wildcards: resultsdir=/nesi/nobackup/uoa03264/fMRIpipeline_data/processed_test_josh, subject=rugby1, session=b, network=DMN
    resources: mem_mb=512, mem_mib=489, disk_mb=1000, disk_mib=954, tmpdir=/dev/shm/jobs/33121650, cpus=1, time_min=5, gpu=0

conda activate mri; python ./scripts/first_level_prob_atlas_hcp.py /nesi/nobackup/uoa03264/fMRIpipeline_data/processed_test_josh/bids/derivatives/fmriprep/sub-rugby1/ses-b/anat/sub-rugby1_ses-b_run-001_space-MNI152NLin2009cAsym_res-2_desc-brain_mask.nii.gz /nesi/nobackup/uoa03264/fMRIpipeline_data/processed_test_josh/bids/derivatives/fmriprep/sub-rugby1/ses-b/func/sub-rugby1_ses-b_task-rest_run-001_space-MNI152NLin2009cAsym_res-2_desc-preproc_bold.nii.gz /nesi/nobackup/uoa03264/fMRIpipeline_data/processed_test_josh/bids/derivatives/fmriprep/sub-rugby1/ses-b/func/sub-rugby1_ses-b_task-rest_run-001_desc-confounds_timeseries.tsv /nesi/nobackup/uoa03264/fMRIpipeline_data/processed_test_josh/first_level_results/sub-rugby1/ses-b/sub-rugby1_ses-b_DMN_unthresholded_fc.nii.gz /nesi/nobackup/uoa03264/fMRIpipeline_data/processed_test_josh/first_level_results/sub-rugby1/ses-b/sub-rugby1_ses-b_DMN_figure.png -tr 1.5 -ntwk DMN -hp 0.01 -lp 0.1 -fwhm 6 -fdr 0.01 -fc 0.25 
Activating conda environment: .snakemake/conda/cd0014f874fdf22d5db8ab2f41108c56_
Could not find conda environment: mri
You can list all discoverable environments with `conda info --envs`.

[Thu Feb 23 12:22:20 2023]
Error in rule first_level:
    jobid: 0
    input: /nesi/nobackup/uoa03264/fMRIpipeline_data/processed_test_josh/bids/derivatives/fmriprep/sub-rugby1
    output: /nesi/nobackup/uoa03264/fMRIpipeline_data/processed_test_josh/first_level_results/sub-rugby1/ses-b/sub-rugby1_ses-b_DMN_unthresholded_fc.nii.gz, /nesi/nobackup/uoa03264/fMRIpipeline_data/processed_test_josh/first_level_results/sub-rugby1/ses-b/sub-rugby1_ses-b_DMN_figure.png
    conda-env: /scale_wlg_persistent/filesets/project/uoa03264/fmri_workflow/.snakemake/conda/cd0014f874fdf22d5db8ab2f41108c56_
    shell:
        conda activate mri; python ./scripts/first_level_prob_atlas_hcp.py /nesi/nobackup/uoa03264/fMRIpipeline_data/processed_test_josh/bids/derivatives/fmriprep/sub-rugby1/ses-b/anat/sub-rugby1_ses-b_run-001_space-MNI152NLin2009cAsym_res-2_desc-brain_mask.nii.gz /nesi/nobackup/uoa03264/fMRIpipeline_data/processed_test_josh/bids/derivatives/fmriprep/sub-rugby1/ses-b/func/sub-rugby1_ses-b_task-rest_run-001_space-MNI152NLin2009cAsym_res-2_desc-preproc_bold.nii.gz /nesi/nobackup/uoa03264/fMRIpipeline_data/processed_test_josh/bids/derivatives/fmriprep/sub-rugby1/ses-b/func/sub-rugby1_ses-b_task-rest_run-001_desc-confounds_timeseries.tsv /nesi/nobackup/uoa03264/fMRIpipeline_data/processed_test_josh/first_level_results/sub-rugby1/ses-b/sub-rugby1_ses-b_DMN_unthresholded_fc.nii.gz /nesi/nobackup/uoa03264/fMRIpipeline_data/processed_test_josh/first_level_results/sub-rugby1/ses-b/sub-rugby1_ses-b_DMN_figure.png -tr 1.5 -ntwk DMN -hp 0.01 -lp 0.1 -fwhm 6 -fdr 0.01 -fc 0.25 
        (one of the commands exited with non-zero exit code; note that snakemake uses bash strict mode!)

Shutting down, this might take some time.
Exiting because a job execution failed. Look above for error message
