Building DAG of jobs...
Using shell: /usr/bin/bash
Provided cores: 2
Rules claiming more threads will be scaled down.
Select jobs to execute...

[Tue Nov  1 10:22:42 2022]
rule heudiconv:
    input: /nesi/nobackup/uoa03264/fMRIpipeline_data/processed_test/tidy/sub_ctrl18/ses_a/.completed
    output: /nesi/nobackup/uoa03264/fMRIpipeline_data/processed_test/bids/sub-ctrl18/ses-a, /nesi/nobackup/uoa03264/fMRIpipeline_data/processed_test/bids/.heudiconv/ctrl18/ses-a
    jobid: 0
    wildcards: resultsdir=/nesi/nobackup/uoa03264/fMRIpipeline_data/processed_test, subject=ctrl18, session=a
    resources: mem_mb=4000, disk_mb=1000, tmpdir=/dev/shm/jobs/31156319, cpus=2, time_min=60, gpu=0

heudiconv --dicom_dir_template '/nesi/nobackup/uoa03264/fMRIpipeline_data/processed_test/tidy/sub_{subject}/ses_{session}/*/*' --outdir /nesi/nobackup/uoa03264/fMRIpipeline_data/processed_test/bids --heuristic scripts/heuristic.py --subjects ctrl18 --ses a --converter dcm2niix --bids --overwrite
Activating singularity image /scale_wlg_persistent/filesets/project/uoa03264/fmri_workflow/.snakemake/singularity/10b2306ed15c5efc917232958423bfe6.simg
INFO: Running heudiconv version 0.11.4.post18+g1fe815b.d20221025 latest 0.11.4
INFO: Need to process 1 study sessions
INFO: PROCESSING STARTS: {'subject': 'ctrl18', 'outdir': '/nesi/nobackup/uoa03264/fMRIpipeline_data/processed_test/bids/', 'session': 'a'}
INFO: Processing 16516 dicoms
INFO: Analyzing 16516 dicoms
INFO: Generated sequence info for 5 studies with 16516 entries total
INFO: Doing conversion using dcm2niix
INFO: Converting /nesi/nobackup/uoa03264/fMRIpipeline_data/processed_test/bids/sub-ctrl18/ses-a/anat/sub-ctrl18_ses-a_run-001_T1w (320 DICOMs) -> /nesi/nobackup/uoa03264/fMRIpipeline_data/processed_test/bids/sub-ctrl18/ses-a/anat . Converter: dcm2niix . Output types: ('nii.gz',)
221101-10:32:28,572 nipype.workflow INFO:
	 [Node] Setting-up "convert" in "/dev/shm/jobs/31156319/dcm2niix4gqwb261/convert".
INFO: [Node] Setting-up "convert" in "/dev/shm/jobs/31156319/dcm2niix4gqwb261/convert".
221101-10:32:28,752 nipype.workflow INFO:
	 [Node] Executing "convert" <nipype.interfaces.dcm2nii.Dcm2niix>
INFO: [Node] Executing "convert" <nipype.interfaces.dcm2nii.Dcm2niix>
221101-10:32:48,109 nipype.interface INFO:
	 stdout 2022-11-01T10:32:48.108995:Chris Rorden's dcm2niiX version v1.0.20220720  (JP2:OpenJPEG) (JP-LS:CharLS) GCC10.2.1 x86-64 (64-bit Linux)
INFO: stdout 2022-11-01T10:32:48.108995:Chris Rorden's dcm2niiX version v1.0.20220720  (JP2:OpenJPEG) (JP-LS:CharLS) GCC10.2.1 x86-64 (64-bit Linux)
221101-10:32:48,109 nipype.interface INFO:
	 stdout 2022-11-01T10:32:48.108995:Found 320 DICOM file(s)
INFO: stdout 2022-11-01T10:32:48.108995:Found 320 DICOM file(s)
221101-10:32:48,109 nipype.interface INFO:
	 stdout 2022-11-01T10:32:48.108995:Image Decompression is new: please validate conversions
INFO: stdout 2022-11-01T10:32:48.108995:Image Decompression is new: please validate conversions
221101-10:32:48,109 nipype.interface INFO:
	 stdout 2022-11-01T10:32:48.108995:Convert 320 DICOM as /nesi/nobackup/uoa03264/fMRIpipeline_data/processed_test/bids/sub-ctrl18/ses-a/anat/sub-ctrl18_ses-a_run-001_T1w_heudiconv953 (512x512x320x1)
INFO: stdout 2022-11-01T10:32:48.108995:Convert 320 DICOM as /nesi/nobackup/uoa03264/fMRIpipeline_data/processed_test/bids/sub-ctrl18/ses-a/anat/sub-ctrl18_ses-a_run-001_T1w_heudiconv953 (512x512x320x1)
221101-10:32:57,468 nipype.interface INFO:
	 stdout 2022-11-01T10:32:57.468154:Compress: "/usr/bin/pigz" -b 960 -n -f -6 "/nesi/nobackup/uoa03264/fMRIpipeline_data/processed_test/bids/sub-ctrl18/ses-a/anat/sub-ctrl18_ses-a_run-001_T1w_heudiconv953.nii"
INFO: stdout 2022-11-01T10:32:57.468154:Compress: "/usr/bin/pigz" -b 960 -n -f -6 "/nesi/nobackup/uoa03264/fMRIpipeline_data/processed_test/bids/sub-ctrl18/ses-a/anat/sub-ctrl18_ses-a_run-001_T1w_heudiconv953.nii"
221101-10:32:57,468 nipype.interface INFO:
	 stdout 2022-11-01T10:32:57.468154:Conversion required 28.588005 seconds (12.975847 for core code).
INFO: stdout 2022-11-01T10:32:57.468154:Conversion required 28.588005 seconds (12.975847 for core code).
221101-10:32:57,492 nipype.workflow INFO:
	 [Node] Finished "convert", elapsed time 28.633458s.
INFO: [Node] Finished "convert", elapsed time 28.633458s.
WARNING: Failed to find task field in /nesi/nobackup/uoa03264/fMRIpipeline_data/processed_test/bids/sub-ctrl18/ses-a/anat/sub-ctrl18_ses-a_run-001_T1w.json.
221101-10:32:57,527 nipype.workflow INFO:
	 [Node] Setting-up "embedder" in "/dev/shm/jobs/31156319/embedmetaomj877fo/embedder".
INFO: [Node] Setting-up "embedder" in "/dev/shm/jobs/31156319/embedmetaomj877fo/embedder".
221101-10:32:57,579 nipype.workflow INFO:
	 [Node] Executing "embedder" <nipype.interfaces.utility.wrappers.Function>
INFO: [Node] Executing "embedder" <nipype.interfaces.utility.wrappers.Function>
221101-10:33:17,713 nipype.workflow INFO:
	 [Node] Finished "embedder", elapsed time 20.132108s.
INFO: [Node] Finished "embedder", elapsed time 20.132108s.
INFO: Post-treating /nesi/nobackup/uoa03264/fMRIpipeline_data/processed_test/bids/sub-ctrl18/ses-a/anat/sub-ctrl18_ses-a_run-001_T1w.json file
INFO: Converting /nesi/nobackup/uoa03264/fMRIpipeline_data/processed_test/bids/sub-ctrl18/ses-a/func/sub-ctrl18_ses-a_task-rest_run-001_bold (10400 DICOMs) -> /nesi/nobackup/uoa03264/fMRIpipeline_data/processed_test/bids/sub-ctrl18/ses-a/func . Converter: dcm2niix . Output types: ('nii.gz',)
221101-10:33:19,887 nipype.workflow INFO:
	 [Node] Setting-up "convert" in "/dev/shm/jobs/31156319/dcm2niixs_fl5nma/convert".
INFO: [Node] Setting-up "convert" in "/dev/shm/jobs/31156319/dcm2niixs_fl5nma/convert".
221101-10:33:26,871 nipype.workflow INFO:
	 [Node] Executing "convert" <nipype.interfaces.dcm2nii.Dcm2niix>
INFO: [Node] Executing "convert" <nipype.interfaces.dcm2nii.Dcm2niix>
221101-10:37:48,530 nipype.interface INFO:
	 stdout 2022-11-01T10:37:48.530089:Chris Rorden's dcm2niiX version v1.0.20220720  (JP2:OpenJPEG) (JP-LS:CharLS) GCC10.2.1 x86-64 (64-bit Linux)
INFO: stdout 2022-11-01T10:37:48.530089:Chris Rorden's dcm2niiX version v1.0.20220720  (JP2:OpenJPEG) (JP-LS:CharLS) GCC10.2.1 x86-64 (64-bit Linux)
221101-10:37:48,538 nipype.interface INFO:
	 stdout 2022-11-01T10:37:48.530089:Found 10400 DICOM file(s)
INFO: stdout 2022-11-01T10:37:48.530089:Found 10400 DICOM file(s)
221101-10:37:48,538 nipype.interface INFO:
	 stdout 2022-11-01T10:37:48.530089:Image Decompression is new: please validate conversions
INFO: stdout 2022-11-01T10:37:48.530089:Image Decompression is new: please validate conversions
221101-10:37:48,538 nipype.interface INFO:
	 stdout 2022-11-01T10:37:48.530089:Convert 10400 DICOM as /nesi/nobackup/uoa03264/fMRIpipeline_data/processed_test/bids/sub-ctrl18/ses-a/func/sub-ctrl18_ses-a_task-rest_run-001_bold_heudiconv094 (64x64x52x200)
INFO: stdout 2022-11-01T10:37:48.530089:Convert 10400 DICOM as /nesi/nobackup/uoa03264/fMRIpipeline_data/processed_test/bids/sub-ctrl18/ses-a/func/sub-ctrl18_ses-a_task-rest_run-001_bold_heudiconv094 (64x64x52x200)
221101-10:37:53,691 nipype.interface INFO:
	 stdout 2022-11-01T10:37:53.691264:Compress: "/usr/bin/pigz" -b 960 -n -f -6 "/nesi/nobackup/uoa03264/fMRIpipeline_data/processed_test/bids/sub-ctrl18/ses-a/func/sub-ctrl18_ses-a_task-rest_run-001_bold_heudiconv094.nii"
INFO: stdout 2022-11-01T10:37:53.691264:Compress: "/usr/bin/pigz" -b 960 -n -f -6 "/nesi/nobackup/uoa03264/fMRIpipeline_data/processed_test/bids/sub-ctrl18/ses-a/func/sub-ctrl18_ses-a_task-rest_run-001_bold_heudiconv094.nii"
221101-10:37:53,691 nipype.interface INFO:
	 stdout 2022-11-01T10:37:53.691264:Conversion required 266.755149 seconds (29.142015 for core code).
INFO: stdout 2022-11-01T10:37:53.691264:Conversion required 266.755149 seconds (29.142015 for core code).
221101-10:37:53,783 nipype.workflow INFO:
	 [Node] Finished "convert", elapsed time 266.909069s.
INFO: [Node] Finished "convert", elapsed time 266.909069s.
221101-10:37:54,276 nipype.workflow INFO:
	 [Node] Setting-up "embedder" in "/dev/shm/jobs/31156319/embedmetajc6tj06p/embedder".
INFO: [Node] Setting-up "embedder" in "/dev/shm/jobs/31156319/embedmetajc6tj06p/embedder".
221101-10:37:56,59 nipype.workflow INFO:
	 [Node] Executing "embedder" <nipype.interfaces.utility.wrappers.Function>
INFO: [Node] Executing "embedder" <nipype.interfaces.utility.wrappers.Function>
221101-10:43:44,987 nipype.workflow INFO:
	 [Node] Finished "embedder", elapsed time 348.924216s.
INFO: [Node] Finished "embedder", elapsed time 348.924216s.
INFO: Post-treating /nesi/nobackup/uoa03264/fMRIpipeline_data/processed_test/bids/sub-ctrl18/ses-a/func/sub-ctrl18_ses-a_task-rest_run-001_bold.json file
INFO: Converting /nesi/nobackup/uoa03264/fMRIpipeline_data/processed_test/bids/sub-ctrl18/ses-a/func/sub-ctrl18_ses-a_task-rest_run-002_bold (5460 DICOMs) -> /nesi/nobackup/uoa03264/fMRIpipeline_data/processed_test/bids/sub-ctrl18/ses-a/func . Converter: dcm2niix . Output types: ('nii.gz',)
221101-10:43:46,393 nipype.workflow INFO:
	 [Node] Setting-up "convert" in "/dev/shm/jobs/31156319/dcm2niixfgksh6hl/convert".
INFO: [Node] Setting-up "convert" in "/dev/shm/jobs/31156319/dcm2niixfgksh6hl/convert".
221101-10:43:49,540 nipype.workflow INFO:
	 [Node] Executing "convert" <nipype.interfaces.dcm2nii.Dcm2niix>
INFO: [Node] Executing "convert" <nipype.interfaces.dcm2nii.Dcm2niix>
221101-10:45:19,328 nipype.interface INFO:
	 stdout 2022-11-01T10:45:19.328412:Chris Rorden's dcm2niiX version v1.0.20220720  (JP2:OpenJPEG) (JP-LS:CharLS) GCC10.2.1 x86-64 (64-bit Linux)
INFO: stdout 2022-11-01T10:45:19.328412:Chris Rorden's dcm2niiX version v1.0.20220720  (JP2:OpenJPEG) (JP-LS:CharLS) GCC10.2.1 x86-64 (64-bit Linux)
221101-10:45:19,328 nipype.interface INFO:
	 stdout 2022-11-01T10:45:19.328412:Found 5460 DICOM file(s)
INFO: stdout 2022-11-01T10:45:19.328412:Found 5460 DICOM file(s)
221101-10:45:19,328 nipype.interface INFO:
	 stdout 2022-11-01T10:45:19.328412:Image Decompression is new: please validate conversions
INFO: stdout 2022-11-01T10:45:19.328412:Image Decompression is new: please validate conversions
221101-10:45:19,329 nipype.interface INFO:
	 stdout 2022-11-01T10:45:19.328412:Convert 5460 DICOM as /nesi/nobackup/uoa03264/fMRIpipeline_data/processed_test/bids/sub-ctrl18/ses-a/func/sub-ctrl18_ses-a_task-rest_run-002_bold_heudiconv339 (64x64x52x105)
INFO: stdout 2022-11-01T10:45:19.328412:Convert 5460 DICOM as /nesi/nobackup/uoa03264/fMRIpipeline_data/processed_test/bids/sub-ctrl18/ses-a/func/sub-ctrl18_ses-a_task-rest_run-002_bold_heudiconv339 (64x64x52x105)
221101-10:45:22,165 nipype.interface INFO:
	 stdout 2022-11-01T10:45:22.165374:Compress: "/usr/bin/pigz" -b 960 -n -f -6 "/nesi/nobackup/uoa03264/fMRIpipeline_data/processed_test/bids/sub-ctrl18/ses-a/func/sub-ctrl18_ses-a_task-rest_run-002_bold_heudiconv339.nii"
INFO: stdout 2022-11-01T10:45:22.165374:Compress: "/usr/bin/pigz" -b 960 -n -f -6 "/nesi/nobackup/uoa03264/fMRIpipeline_data/processed_test/bids/sub-ctrl18/ses-a/func/sub-ctrl18_ses-a_task-rest_run-002_bold_heudiconv339.nii"
221101-10:45:22,165 nipype.interface INFO:
	 stdout 2022-11-01T10:45:22.165374:Conversion required 92.411056 seconds (13.381700 for core code).
INFO: stdout 2022-11-01T10:45:22.165374:Conversion required 92.411056 seconds (13.381700 for core code).
221101-10:45:24,276 nipype.workflow INFO:
	 [Node] Finished "convert", elapsed time 94.734372s.
INFO: [Node] Finished "convert", elapsed time 94.734372s.
221101-10:45:24,566 nipype.workflow INFO:
	 [Node] Setting-up "embedder" in "/dev/shm/jobs/31156319/embedmetagwlkzrrx/embedder".
INFO: [Node] Setting-up "embedder" in "/dev/shm/jobs/31156319/embedmetagwlkzrrx/embedder".
221101-10:45:25,496 nipype.workflow INFO:
	 [Node] Executing "embedder" <nipype.interfaces.utility.wrappers.Function>
INFO: [Node] Executing "embedder" <nipype.interfaces.utility.wrappers.Function>
221101-10:48:09,984 nipype.workflow INFO:
	 [Node] Finished "embedder", elapsed time 164.485056s.
INFO: [Node] Finished "embedder", elapsed time 164.485056s.
INFO: Post-treating /nesi/nobackup/uoa03264/fMRIpipeline_data/processed_test/bids/sub-ctrl18/ses-a/func/sub-ctrl18_ses-a_task-rest_run-002_bold.json file
INFO: Populating template files under /nesi/nobackup/uoa03264/fMRIpipeline_data/processed_test/bids/
INFO: PROCESSING DONE: {'subject': 'ctrl18', 'outdir': '/nesi/nobackup/uoa03264/fMRIpipeline_data/processed_test/bids/', 'session': 'a'}
[Tue Nov  1 10:48:11 2022]
Finished job 0.
1 of 1 steps (100%) done
