Building DAG of jobs...
Using shell: /usr/bin/bash
Provided cores: 8
Rules claiming more threads will be scaled down.
Provided resources: mem_mb=25000, mem_mib=23842, disk_mb=1000, disk_mib=954, cpus=8, time_min=180, gpu=0
Select jobs to execute...

[Tue Mar 14 12:18:12 2023]
rule fmriprep:
    input: /nesi/nobackup/uoa03264/fMRIpipeline_data/processed_test_josh/bids/sub-control17/ses-a, /nesi/nobackup/uoa03264/fMRIpipeline_data/processed_test_josh/bids/derivatives/freesurfer_agg/sub-control17
    output: /nesi/nobackup/uoa03264/fMRIpipeline_data/processed_test_josh/bids/derivatives/fmriprep/sub-control17, /nesi/nobackup/uoa03264/fMRIpipeline_data/processed_test_josh/bids/derivatives/fmriprep/sub-control17.html
    jobid: 0
    reason: Missing output files: /nesi/nobackup/uoa03264/fMRIpipeline_data/processed_test_josh/bids/derivatives/fmriprep/sub-control17, /nesi/nobackup/uoa03264/fMRIpipeline_data/processed_test_josh/bids/derivatives/fmriprep/sub-control17.html
    wildcards: resultsdir=/nesi/nobackup/uoa03264/fMRIpipeline_data/processed_test_josh, subject=control17
    threads: 8
    resources: mem_mb=25000, mem_mib=23842, disk_mb=1000, disk_mib=954, tmpdir=/dev/shm/jobs/33432088, cpus=8, time_min=180, gpu=0

fmriprep /nesi/nobackup/uoa03264/fMRIpipeline_data/processed_test_josh/bids /nesi/nobackup/uoa03264/fMRIpipeline_data/processed_test_josh/bids/derivatives/fmriprep participant --participant-label control17 --skip-bids-validation --md-only-boilerplate --fs-subjects-dir /nesi/nobackup/uoa03264/fMRIpipeline_data/processed_test_josh/bids/derivatives/freesurfer_agg --output-spaces MNI152NLin2009cAsym:res-2 --stop-on-first-crash --low-mem --mem-mb 25000 --nprocs 8 -w /nesi/nobackup/uoa03264/fMRIpipeline_data/processed_test_josh/work --fs-license-file ./license.txt
Activating singularity image /scale_wlg_persistent/filesets/project/uoa03264/fmri_workflow/.snakemake/singularity/8ba2e11db7a36df6ed76807c131c9dc5.simg
You are using fMRIPrep-22.0.2, and a newer version of fMRIPrep is available: 22.1.1.
Please check out our documentation about how and when to upgrade:
https://fmriprep.readthedocs.io/en/latest/faq.html#upgrading
230313-23:19:01,976 nipype.workflow IMPORTANT:
	 Running fMRIPrep version 22.0.2

         License NOTICE ##################################################
         fMRIPrep 22.0.2
         Copyright 2022 The NiPreps Developers.
         
         This product includes software developed by
         the NiPreps Community (https://nipreps.org/).
         
         Portions of this software were developed at the Department of
         Psychology at Stanford University, Stanford, CA, US.
         
         This software redistributes the versioneer Python package, which is
         Public domain source code.
         
         This software is also distributed as a Docker container image.
         The bootstraping file for the image ("Dockerfile") is licensed
         under the MIT License.
         
         This software may be distributed through an add-on package called
         "Docker Wrapper" that is under the BSD 3-clause License.
         #################################################################
230313-23:19:01,981 nipype.workflow WARNING:
	 Previous output generated by version 0+unknown found.
230313-23:19:02,34 nipype.workflow IMPORTANT:
	 Building fMRIPrep's workflow:
           * BIDS dataset path: /nesi/nobackup/uoa03264/fMRIpipeline_data/processed_test_josh/bids.
           * Participant list: ['control17'].
           * Run identifier: 20230313-231839_68c89d27-f33e-4833-b0e3-fd441224fdbd.
           * Output spaces: MNI152NLin2009cAsym:res-2.
           * Pre-run FreeSurfer's SUBJECTS_DIR: /nesi/nobackup/uoa03264/fMRIpipeline_data/processed_test_josh/bids/derivatives/freesurfer_agg.
230313-23:19:04,246 nipype.workflow INFO:
	 No single-band-reference found for sub-control17_ses-a_task-rest_run-001_bold.nii.gz.
230313-23:19:04,666 nipype.workflow INFO:
	 No single-band-reference found for sub-control17_ses-a_task-rest_run-002_bold.nii.gz.
230313-23:19:04,762 nipype.workflow IMPORTANT:
	 BOLD series will be slice-timing corrected to an offset of 0.981s.
230313-23:19:08,159 nipype.workflow INFO:
	 fMRIPrep workflow graph with 579 nodes built successfully.
230313-23:19:21,635 nipype.workflow IMPORTANT:
	 fMRIPrep started!
230313-23:19:33,12 nipype.workflow INFO:
	 [Node] Setting-up "fmriprep_22_0_wf.single_subject_control17_wf.anat_preproc_wf.fs_isrunning" in "/nesi/nobackup/uoa03264/fMRIpipeline_data/processed_test_josh/work/fmriprep_22_0_wf/single_subject_control17_wf/anat_preproc_wf/fs_isrunning".
230313-23:19:33,37 nipype.workflow INFO:
	 [Node] Executing "fs_isrunning" <nipype.interfaces.utility.wrappers.Function>
230313-23:19:33,44 nipype.workflow INFO:
	 [Node] Finished "fs_isrunning", elapsed time 0.001818s.
230313-23:19:57,980 nipype.workflow INFO:
	 [Node] Setting-up "fmriprep_22_0_wf.single_subject_control17_wf.anat_preproc_wf.surface_recon_wf.autorecon1" in "/nesi/nobackup/uoa03264/fMRIpipeline_data/processed_test_josh/work/fmriprep_22_0_wf/single_subject_control17_wf/anat_preproc_wf/surface_recon_wf/autorecon1".
230313-23:19:58,14 nipype.workflow INFO:
	 [Node] Executing "autorecon1" <smriprep.interfaces.freesurfer.ReconAll>
230313-23:19:58,19 nipype.interface INFO:
	 recon-all complete : Not running
230313-23:19:58,21 nipype.interface INFO:
	 recon-all complete : Not running
230313-23:19:58,126 nipype.workflow INFO:
	 [Node] Finished "autorecon1", elapsed time 0.110646s.
230313-23:21:22,145 nipype.workflow INFO:
	 [Node] Setting-up "fmriprep_22_0_wf.single_subject_control17_wf.anat_preproc_wf.surface_recon_wf.skull_strip_extern" in "/nesi/nobackup/uoa03264/fMRIpipeline_data/processed_test_josh/work/fmriprep_22_0_wf/single_subject_control17_wf/anat_preproc_wf/surface_recon_wf/skull_strip_extern".
230313-23:21:22,168 nipype.workflow INFO:
	 [Node] Executing "skull_strip_extern" <niworkflows.interfaces.freesurfer.FSInjectBrainExtracted>
230313-23:21:22,822 nipype.workflow INFO:
	 [Node] Finished "skull_strip_extern", elapsed time 0.652243s.
230313-23:21:24,661 nipype.workflow INFO:
	 [Node] Setting-up "fmriprep_22_0_wf.single_subject_control17_wf.anat_preproc_wf.surface_recon_wf.autorecon_resume_wf.autorecon2_vol" in "/nesi/nobackup/uoa03264/fMRIpipeline_data/processed_test_josh/work/fmriprep_22_0_wf/single_subject_control17_wf/anat_preproc_wf/surface_recon_wf/autorecon_resume_wf/autorecon2_vol".
230313-23:21:24,704 nipype.workflow INFO:
	 [Node] Executing "autorecon2_vol" <smriprep.interfaces.freesurfer.ReconAll>
230313-23:21:24,709 nipype.interface INFO:
	 recon-all complete : Not running
230313-23:21:24,710 nipype.interface INFO:
	 recon-all complete : Not running
230313-23:21:24,817 nipype.workflow INFO:
	 [Node] Finished "autorecon2_vol", elapsed time 0.111294s.
230313-23:22:22,738 nipype.workflow INFO:
	 [Node] Setting-up "_autorecon_surfs0" in "/nesi/nobackup/uoa03264/fMRIpipeline_data/processed_test_josh/work/fmriprep_22_0_wf/single_subject_control17_wf/anat_preproc_wf/surface_recon_wf/autorecon_resume_wf/autorecon_surfs/mapflow/_autorecon_surfs0".
230313-23:22:22,770 nipype.workflow INFO:
	 [Node] Executing "_autorecon_surfs0" <smriprep.interfaces.freesurfer.ReconAll>
230313-23:22:22,779 nipype.interface INFO:
	 recon-all complete : Not running
230313-23:22:22,782 nipype.interface INFO:
	 recon-all complete : Not running
230313-23:22:22,876 nipype.workflow INFO:
	 [Node] Finished "_autorecon_surfs0", elapsed time 0.104241s.
230313-23:22:24,738 nipype.workflow INFO:
	 [Node] Setting-up "_autorecon_surfs1" in "/nesi/nobackup/uoa03264/fMRIpipeline_data/processed_test_josh/work/fmriprep_22_0_wf/single_subject_control17_wf/anat_preproc_wf/surface_recon_wf/autorecon_resume_wf/autorecon_surfs/mapflow/_autorecon_surfs1".
230313-23:22:24,771 nipype.workflow INFO:
	 [Node] Executing "_autorecon_surfs1" <smriprep.interfaces.freesurfer.ReconAll>
230313-23:22:24,781 nipype.interface INFO:
	 recon-all complete : Not running
230313-23:22:24,783 nipype.interface INFO:
	 recon-all complete : Not running
230313-23:22:24,877 nipype.workflow INFO:
	 [Node] Finished "_autorecon_surfs1", elapsed time 0.104897s.
230313-23:22:26,771 nipype.workflow INFO:
	 [Node] Setting-up "_autorecon_surfs0" in "/nesi/nobackup/uoa03264/fMRIpipeline_data/processed_test_josh/work/fmriprep_22_0_wf/single_subject_control17_wf/anat_preproc_wf/surface_recon_wf/autorecon_resume_wf/autorecon_surfs/mapflow/_autorecon_surfs0".
230313-23:22:26,783 nipype.workflow INFO:
	 [Node] Executing "_autorecon_surfs0" <smriprep.interfaces.freesurfer.ReconAll>
230313-23:22:26,787 nipype.interface INFO:
	 recon-all complete : Not running
230313-23:22:26,789 nipype.interface INFO:
	 recon-all complete : Not running
230313-23:22:26,881 nipype.workflow INFO:
	 [Node] Finished "_autorecon_surfs0", elapsed time 0.096737s.
230313-23:22:26,893 nipype.workflow INFO:
	 [Node] Setting-up "_autorecon_surfs1" in "/nesi/nobackup/uoa03264/fMRIpipeline_data/processed_test_josh/work/fmriprep_22_0_wf/single_subject_control17_wf/anat_preproc_wf/surface_recon_wf/autorecon_resume_wf/autorecon_surfs/mapflow/_autorecon_surfs1".
230313-23:22:26,901 nipype.workflow INFO:
	 [Node] Executing "_autorecon_surfs1" <smriprep.interfaces.freesurfer.ReconAll>
230313-23:22:26,905 nipype.interface INFO:
	 recon-all complete : Not running
230313-23:22:26,908 nipype.interface INFO:
	 recon-all complete : Not running
230313-23:22:26,995 nipype.workflow INFO:
	 [Node] Finished "_autorecon_surfs1", elapsed time 0.091919s.
230313-23:22:28,746 nipype.workflow INFO:
	 [Node] Setting-up "fmriprep_22_0_wf.single_subject_control17_wf.anat_preproc_wf.surface_recon_wf.autorecon_resume_wf.cortribbon" in "/nesi/nobackup/uoa03264/fMRIpipeline_data/processed_test_josh/work/fmriprep_22_0_wf/single_subject_control17_wf/anat_preproc_wf/surface_recon_wf/autorecon_resume_wf/cortribbon".
230313-23:22:28,787 nipype.workflow INFO:
	 [Node] Executing "cortribbon" <smriprep.interfaces.freesurfer.ReconAll>
230313-23:22:28,789 nipype.interface INFO:
	 recon-all complete : Not running
230313-23:22:28,790 nipype.interface INFO:
	 recon-all complete : Not running
230313-23:22:28,897 nipype.workflow INFO:
	 [Node] Finished "cortribbon", elapsed time 0.108384s.
230313-23:22:32,744 nipype.workflow INFO:
	 [Node] Setting-up "_parcstats0" in "/nesi/nobackup/uoa03264/fMRIpipeline_data/processed_test_josh/work/fmriprep_22_0_wf/single_subject_control17_wf/anat_preproc_wf/surface_recon_wf/autorecon_resume_wf/parcstats/mapflow/_parcstats0".
230313-23:22:32,767 nipype.workflow INFO:
	 [Node] Executing "_parcstats0" <smriprep.interfaces.freesurfer.ReconAll>
230313-23:22:32,772 nipype.interface INFO:
	 recon-all complete : Not running
230313-23:22:32,775 nipype.interface INFO:
	 recon-all complete : Not running
230313-23:22:32,867 nipype.workflow INFO:
	 [Node] Finished "_parcstats0", elapsed time 0.098892s.
230313-23:22:34,744 nipype.workflow INFO:
	 [Node] Setting-up "_parcstats1" in "/nesi/nobackup/uoa03264/fMRIpipeline_data/processed_test_josh/work/fmriprep_22_0_wf/single_subject_control17_wf/anat_preproc_wf/surface_recon_wf/autorecon_resume_wf/parcstats/mapflow/_parcstats1".
230313-23:22:34,764 nipype.workflow INFO:
	 [Node] Executing "_parcstats1" <smriprep.interfaces.freesurfer.ReconAll>
230313-23:22:34,768 nipype.interface INFO:
	 recon-all complete : Not running
230313-23:22:34,771 nipype.interface INFO:
	 recon-all complete : Not running
230313-23:22:34,864 nipype.workflow INFO:
	 [Node] Finished "_parcstats1", elapsed time 0.098728s.
230313-23:22:36,772 nipype.workflow INFO:
	 [Node] Setting-up "_parcstats0" in "/nesi/nobackup/uoa03264/fMRIpipeline_data/processed_test_josh/work/fmriprep_22_0_wf/single_subject_control17_wf/anat_preproc_wf/surface_recon_wf/autorecon_resume_wf/parcstats/mapflow/_parcstats0".
230313-23:22:36,781 nipype.workflow INFO:
	 [Node] Executing "_parcstats0" <smriprep.interfaces.freesurfer.ReconAll>
230313-23:22:36,785 nipype.interface INFO:
	 recon-all complete : Not running
230313-23:22:36,787 nipype.interface INFO:
	 recon-all complete : Not running
230313-23:22:36,880 nipype.workflow INFO:
	 [Node] Finished "_parcstats0", elapsed time 0.098064s.
230313-23:22:36,892 nipype.workflow INFO:
	 [Node] Setting-up "_parcstats1" in "/nesi/nobackup/uoa03264/fMRIpipeline_data/processed_test_josh/work/fmriprep_22_0_wf/single_subject_control17_wf/anat_preproc_wf/surface_recon_wf/autorecon_resume_wf/parcstats/mapflow/_parcstats1".
230313-23:22:36,900 nipype.workflow INFO:
	 [Node] Executing "_parcstats1" <smriprep.interfaces.freesurfer.ReconAll>
230313-23:22:36,904 nipype.interface INFO:
	 recon-all complete : Not running
230313-23:22:36,907 nipype.interface INFO:
	 recon-all complete : Not running
230313-23:22:36,994 nipype.workflow INFO:
	 [Node] Finished "_parcstats1", elapsed time 0.092307s.
230313-23:22:38,748 nipype.workflow INFO:
	 [Node] Setting-up "fmriprep_22_0_wf.single_subject_control17_wf.anat_preproc_wf.surface_recon_wf.autorecon_resume_wf.autorecon3" in "/nesi/nobackup/uoa03264/fMRIpipeline_data/processed_test_josh/work/fmriprep_22_0_wf/single_subject_control17_wf/anat_preproc_wf/surface_recon_wf/autorecon_resume_wf/autorecon3".
230313-23:22:38,769 nipype.workflow INFO:
	 [Node] Executing "autorecon3" <smriprep.interfaces.freesurfer.ReconAll>
230313-23:22:38,775 nipype.interface INFO:
	 resume recon-all : recon-all -autorecon3 -openmp 7 -subjid sub-control17 -sd /nesi/nobackup/uoa03264/fMRIpipeline_data/processed_test_josh/bids/derivatives/freesurfer_agg -nosphere -nosurfreg -nojacobian_white -noavgcurv -nocortparc -nopial -noparcstats -nocortparc2 -noparcstats2 -nocortparc3 -noparcstats3 -nopctsurfcon -nocortribbon -nohyporelabel -noaparc2aseg -nosegstats -nowmparc -nobalabels
230313-23:22:38,779 nipype.interface INFO:
	 resume recon-all : recon-all -autorecon3 -openmp 7 -subjid sub-control17 -sd /nesi/nobackup/uoa03264/fMRIpipeline_data/processed_test_josh/bids/derivatives/freesurfer_agg -nosphere -nosurfreg -nojacobian_white -noavgcurv -nocortparc -nopial -noparcstats -nocortparc2 -noparcstats2 -nocortparc3 -noparcstats3 -nopctsurfcon -nocortribbon -nohyporelabel -noaparc2aseg -nosegstats -nowmparc -nobalabels
230313-23:22:42,607 nipype.workflow INFO:
	 [Node] Finished "autorecon3", elapsed time 3.836808s.
230313-23:22:42,610 nipype.workflow WARNING:
	 [Node] Error on "fmriprep_22_0_wf.single_subject_control17_wf.anat_preproc_wf.surface_recon_wf.autorecon_resume_wf.autorecon3" (/nesi/nobackup/uoa03264/fMRIpipeline_data/processed_test_josh/work/fmriprep_22_0_wf/single_subject_control17_wf/anat_preproc_wf/surface_recon_wf/autorecon_resume_wf/autorecon3)
230313-23:22:42,659 nipype.workflow ERROR:
	 Node autorecon3 failed to run on host wmc005.
230313-23:22:42,664 nipype.workflow ERROR:
	 Saving crash info to /nesi/nobackup/uoa03264/fMRIpipeline_data/processed_test_josh/bids/derivatives/fmriprep/sub-control17/log/20230313-231839_68c89d27-f33e-4833-b0e3-fd441224fdbd/crash-20230313-232242-jmcg465-autorecon3-be1464d5-a561-451e-a70a-cfd5224be9be.txt
Traceback (most recent call last):
  File "/opt/conda/lib/python3.9/site-packages/nipype/pipeline/plugins/multiproc.py", line 67, in run_node
    result["result"] = node.run(updatehash=updatehash)
  File "/opt/conda/lib/python3.9/site-packages/nipype/pipeline/engine/nodes.py", line 527, in run
    result = self._run_interface(execute=True)
  File "/opt/conda/lib/python3.9/site-packages/nipype/pipeline/engine/nodes.py", line 645, in _run_interface
    return self._run_command(execute)
  File "/opt/conda/lib/python3.9/site-packages/nipype/pipeline/engine/nodes.py", line 771, in _run_command
    raise NodeExecutionError(msg)
nipype.pipeline.engine.nodes.NodeExecutionError: Exception raised while executing Node autorecon3.

Cmdline:
	recon-all -autorecon3 -openmp 7 -subjid sub-control17 -sd /nesi/nobackup/uoa03264/fMRIpipeline_data/processed_test_josh/bids/derivatives/freesurfer_agg -nosphere -nosurfreg -nojacobian_white -noavgcurv -nocortparc -nopial -noparcstats -nocortparc2 -noparcstats2 -nocortparc3 -noparcstats3 -nopctsurfcon -nocortribbon -nohyporelabel -noaparc2aseg -nosegstats -nowmparc -nobalabels
Stdout:
	INFO: FreeSurfer build stamps do not match
	Subject Stamp: freesurfer-Linux-centos6_x86_64-stable-pub-v6.0.1-f53a55a
	Current Stamp: freesurfer-linux-ubuntu18_x86_64-7.2.0-20210721-aa8f76b
	INFO: SUBJECTS_DIR is /nesi/nobackup/uoa03264/fMRIpipeline_data/processed_test_josh/bids/derivatives/freesurfer_agg
	Actual FREESURFER_HOME /opt/freesurfer
	-rw-rw----+ 1 jmcg465 uoa03264 1088196 Mar 13 23:00 /nesi/nobackup/uoa03264/fMRIpipeline_data/processed_test_josh/bids/derivatives/freesurfer_agg/sub-control17/scripts/recon-all.log
	Linux wmc005 4.18.0-348.23.1.el8_5.x86_64 #1 SMP Wed Apr 27 15:32:52 UTC 2022 x86_64 x86_64 x86_64 GNU/Linux
	/nesi/nobackup/uoa03264/fMRIpipeline_data/processed_test_josh/bids/derivatives/freesurfer_agg/sub-control17/mri/transforms /nesi/nobackup/uoa03264/fMRIpipeline_data/processed_test_josh/bids/derivatives/freesurfer_agg/sub-control17 
	/nesi/nobackup/uoa03264/fMRIpipeline_data/processed_test_josh/bids/derivatives/freesurfer_agg/sub-control17 
	#--------------------------------------------
	#@# WhiteSurfs lh Mon Mar 13 23:22:42 UTC 2023
	cd /nesi/nobackup/uoa03264/fMRIpipeline_data/processed_test_josh/bids/derivatives/freesurfer_agg/sub-control17/mri
	mris_place_surface --adgws-in ../surf/autodet.gw.stats.lh.dat --seg aseg.presurf.mgz --threads 7 --wm wm.mgz --invol brain.finalsurfs.mgz --lh --i ../surf/lh.white.preaparc --o ../surf/lh.white --white --nsmooth 0 --rip-label ../label/lh.cortex.label --rip-bg --rip-surf ../surf/lh.white.preaparc --aparc ../label/lh.aparc.annot
	ERROR: reading ../surf/autodet.gw.stats.lh.dat
	Linux wmc005 4.18.0-348.23.1.el8_5.x86_64 #1 SMP Wed Apr 27 15:32:52 UTC 2022 x86_64 x86_64 x86_64 GNU/Linux

	recon-all -s sub-control17 exited with ERRORS at Mon Mar 13 23:22:42 UTC 2023

	For more details, see the log file /nesi/nobackup/uoa03264/fMRIpipeline_data/processed_test_josh/bids/derivatives/freesurfer_agg/sub-control17/scripts/recon-all.log
	To report a problem, see http://surfer.nmr.mgh.harvard.edu/fswiki/BugReporting

Stderr:

Traceback:
	RuntimeError: subprocess exited with code 1.

230313-23:22:42,687 nipype.workflow CRITICAL:
	 fMRIPrep failed: Traceback (most recent call last):
  File "/opt/conda/lib/python3.9/site-packages/nipype/pipeline/plugins/multiproc.py", line 67, in run_node
    result["result"] = node.run(updatehash=updatehash)
  File "/opt/conda/lib/python3.9/site-packages/nipype/pipeline/engine/nodes.py", line 527, in run
    result = self._run_interface(execute=True)
  File "/opt/conda/lib/python3.9/site-packages/nipype/pipeline/engine/nodes.py", line 645, in _run_interface
    return self._run_command(execute)
  File "/opt/conda/lib/python3.9/site-packages/nipype/pipeline/engine/nodes.py", line 771, in _run_command
    raise NodeExecutionError(msg)
nipype.pipeline.engine.nodes.NodeExecutionError: Exception raised while executing Node autorecon3.

Cmdline:
	recon-all -autorecon3 -openmp 7 -subjid sub-control17 -sd /nesi/nobackup/uoa03264/fMRIpipeline_data/processed_test_josh/bids/derivatives/freesurfer_agg -nosphere -nosurfreg -nojacobian_white -noavgcurv -nocortparc -nopial -noparcstats -nocortparc2 -noparcstats2 -nocortparc3 -noparcstats3 -nopctsurfcon -nocortribbon -nohyporelabel -noaparc2aseg -nosegstats -nowmparc -nobalabels
Stdout:
	INFO: FreeSurfer build stamps do not match
	Subject Stamp: freesurfer-Linux-centos6_x86_64-stable-pub-v6.0.1-f53a55a
	Current Stamp: freesurfer-linux-ubuntu18_x86_64-7.2.0-20210721-aa8f76b
	INFO: SUBJECTS_DIR is /nesi/nobackup/uoa03264/fMRIpipeline_data/processed_test_josh/bids/derivatives/freesurfer_agg
	Actual FREESURFER_HOME /opt/freesurfer
	-rw-rw----+ 1 jmcg465 uoa03264 1088196 Mar 13 23:00 /nesi/nobackup/uoa03264/fMRIpipeline_data/processed_test_josh/bids/derivatives/freesurfer_agg/sub-control17/scripts/recon-all.log
	Linux wmc005 4.18.0-348.23.1.el8_5.x86_64 #1 SMP Wed Apr 27 15:32:52 UTC 2022 x86_64 x86_64 x86_64 GNU/Linux
	/nesi/nobackup/uoa03264/fMRIpipeline_data/processed_test_josh/bids/derivatives/freesurfer_agg/sub-control17/mri/transforms /nesi/nobackup/uoa03264/fMRIpipeline_data/processed_test_josh/bids/derivatives/freesurfer_agg/sub-control17 
	/nesi/nobackup/uoa03264/fMRIpipeline_data/processed_test_josh/bids/derivatives/freesurfer_agg/sub-control17 
	#--------------------------------------------
	#@# WhiteSurfs lh Mon Mar 13 23:22:42 UTC 2023
	cd /nesi/nobackup/uoa03264/fMRIpipeline_data/processed_test_josh/bids/derivatives/freesurfer_agg/sub-control17/mri
	mris_place_surface --adgws-in ../surf/autodet.gw.stats.lh.dat --seg aseg.presurf.mgz --threads 7 --wm wm.mgz --invol brain.finalsurfs.mgz --lh --i ../surf/lh.white.preaparc --o ../surf/lh.white --white --nsmooth 0 --rip-label ../label/lh.cortex.label --rip-bg --rip-surf ../surf/lh.white.preaparc --aparc ../label/lh.aparc.annot
	ERROR: reading ../surf/autodet.gw.stats.lh.dat
	Linux wmc005 4.18.0-348.23.1.el8_5.x86_64 #1 SMP Wed Apr 27 15:32:52 UTC 2022 x86_64 x86_64 x86_64 GNU/Linux

	recon-all -s sub-control17 exited with ERRORS at Mon Mar 13 23:22:42 UTC 2023

	For more details, see the log file /nesi/nobackup/uoa03264/fMRIpipeline_data/processed_test_josh/bids/derivatives/freesurfer_agg/sub-control17/scripts/recon-all.log
	To report a problem, see http://surfer.nmr.mgh.harvard.edu/fswiki/BugReporting

Stderr:

Traceback:
	RuntimeError: subprocess exited with code 1.

230313-23:22:43,629 cli ERROR:
	 Preprocessing did not finish successfully. Errors occurred while processing data from participants: control17 (1). Check the HTML reports for details.
230313-23:22:43,629 cli ERROR:
	 Preprocessing did not finish successfully. Errors occurred while processing data from participants: control17 (1). Check the HTML reports for details.
Sentry is attempting to send 4 pending error messages
Waiting up to 2 seconds
Press Ctrl-C to quit
[Tue Mar 14 12:22:44 2023]
Error in rule fmriprep:
    jobid: 0
    input: /nesi/nobackup/uoa03264/fMRIpipeline_data/processed_test_josh/bids/sub-control17/ses-a, /nesi/nobackup/uoa03264/fMRIpipeline_data/processed_test_josh/bids/derivatives/freesurfer_agg/sub-control17
    output: /nesi/nobackup/uoa03264/fMRIpipeline_data/processed_test_josh/bids/derivatives/fmriprep/sub-control17, /nesi/nobackup/uoa03264/fMRIpipeline_data/processed_test_josh/bids/derivatives/fmriprep/sub-control17.html
    shell:
        fmriprep /nesi/nobackup/uoa03264/fMRIpipeline_data/processed_test_josh/bids /nesi/nobackup/uoa03264/fMRIpipeline_data/processed_test_josh/bids/derivatives/fmriprep participant --participant-label control17 --skip-bids-validation --md-only-boilerplate --fs-subjects-dir /nesi/nobackup/uoa03264/fMRIpipeline_data/processed_test_josh/bids/derivatives/freesurfer_agg --output-spaces MNI152NLin2009cAsym:res-2 --stop-on-first-crash --low-mem --mem-mb 25000 --nprocs 8 -w /nesi/nobackup/uoa03264/fMRIpipeline_data/processed_test_josh/work --fs-license-file ./license.txt
        (one of the commands exited with non-zero exit code; note that snakemake uses bash strict mode!)

Removing output files of failed job fmriprep since they might be corrupted:
/nesi/nobackup/uoa03264/fMRIpipeline_data/processed_test_josh/bids/derivatives/fmriprep/sub-control17, /nesi/nobackup/uoa03264/fMRIpipeline_data/processed_test_josh/bids/derivatives/fmriprep/sub-control17.html
Shutting down, this might take some time.
Exiting because a job execution failed. Look above for error message
