Building DAG of jobs...
Using shell: /usr/bin/bash
Provided cores: 8
Rules claiming more threads will be scaled down.
Select jobs to execute...

[Fri Nov 18 06:50:05 2022]
rule freesurfer:
    input: /nesi/nobackup/uoa03264/fMRIpipeline_data/processed_test/bids/sub-ctrl18/ses-a
    output: /nesi/nobackup/uoa03264/fMRIpipeline_data/processed_test/bids/derivatives/freesurfer/sub-ctrl18-a
    jobid: 0
    wildcards: resultsdir=/nesi/nobackup/uoa03264/fMRIpipeline_data/processed_test, subject=ctrl18, session=a
    resources: mem_mb=20000, disk_mb=1000, tmpdir=/dev/shm/jobs/31390764, cpus=8, time_min=1200, gpu=0

export FS_LICENSE="/nesi/project/uoa03264/fmri_workflow/license.txt" ; recon-all -sd /nesi/nobackup/uoa03264/fMRIpipeline_data/processed_test/bids/derivatives/freesurfer -i /nesi/nobackup/uoa03264/fMRIpipeline_data/processed_test/bids/sub-ctrl18/ses-a/anat/sub-ctrl18_ses-a_run-001_T1w.nii.gz -subjid sub-ctrl18 -all -qcache -3T 
Activating singularity image /scale_wlg_persistent/filesets/project/uoa03264/fmri_workflow/.snakemake/singularity/b862ddfcead2bab5771175db9e31b12f.simg
Subject Stamp: freesurfer-Linux-centos6_x86_64-stable-pub-v6.0.1-f53a55a
Current Stamp: freesurfer-Linux-centos6_x86_64-stable-pub-v6.0.1-f53a55a
INFO: SUBJECTS_DIR is /nesi/nobackup/uoa03264/fMRIpipeline_data/processed_test/bids/derivatives/freesurfer
Actual FREESURFER_HOME /opt/freesurfer
Linux wbn232 3.10.0-693.2.2.el7.x86_64 #1 SMP Tue Sep 12 22:26:13 UTC 2017 x86_64 x86_64 x86_64 GNU/Linux
'/opt/freesurfer/bin/recon-all' -> '/nesi/nobackup/uoa03264/fMRIpipeline_data/processed_test/bids/derivatives/freesurfer/sub-ctrl18/scripts/recon-all.local-copy'
/nesi/nobackup/uoa03264/fMRIpipeline_data/processed_test/bids/derivatives/freesurfer/sub-ctrl18

 mri_convert /nesi/nobackup/uoa03264/fMRIpipeline_data/processed_test/bids/sub-ctrl18/ses-a/anat/sub-ctrl18_ses-a_run-001_T1w.nii.gz /nesi/nobackup/uoa03264/fMRIpipeline_data/processed_test/bids/derivatives/freesurfer/sub-ctrl18/mri/orig/001.mgz 

mri_convert.bin /nesi/nobackup/uoa03264/fMRIpipeline_data/processed_test/bids/sub-ctrl18/ses-a/anat/sub-ctrl18_ses-a_run-001_T1w.nii.gz /nesi/nobackup/uoa03264/fMRIpipeline_data/processed_test/bids/derivatives/freesurfer/sub-ctrl18/mri/orig/001.mgz 
$Id: mri_convert.c,v 1.226 2016/02/26 16:15:24 mreuter Exp $
reading from /nesi/nobackup/uoa03264/fMRIpipeline_data/processed_test/bids/sub-ctrl18/ses-a/anat/sub-ctrl18_ses-a_run-001_T1w.nii.gz...
TR=6.80, TE=0.00, TI=0.00, flip angle=0.00
i_ras = (0.99987, 0.00074297, -0.016124)
j_ras = (-0.00194138, 0.997224, -0.0744354)
k_ras = (0.0160239, 0.074457, 0.997095)
writing to /nesi/nobackup/uoa03264/fMRIpipeline_data/processed_test/bids/derivatives/freesurfer/sub-ctrl18/mri/orig/001.mgz...
#--------------------------------------------
#@# MotionCor Thu Nov 17 17:51:33  2022
Found 1 runs
/nesi/nobackup/uoa03264/fMRIpipeline_data/processed_test/bids/derivatives/freesurfer/sub-ctrl18/mri/orig/001.mgz
Checking for (invalid) multi-frame inputs...
WARNING: only one run found. This is OK, but motion
correction cannot be performed on one run, so I'll
copy the run to rawavg and continue.

 cp /nesi/nobackup/uoa03264/fMRIpipeline_data/processed_test/bids/derivatives/freesurfer/sub-ctrl18/mri/orig/001.mgz /nesi/nobackup/uoa03264/fMRIpipeline_data/processed_test/bids/derivatives/freesurfer/sub-ctrl18/mri/rawavg.mgz 

/nesi/nobackup/uoa03264/fMRIpipeline_data/processed_test/bids/derivatives/freesurfer/sub-ctrl18

 mri_convert /nesi/nobackup/uoa03264/fMRIpipeline_data/processed_test/bids/derivatives/freesurfer/sub-ctrl18/mri/rawavg.mgz /nesi/nobackup/uoa03264/fMRIpipeline_data/processed_test/bids/derivatives/freesurfer/sub-ctrl18/mri/orig.mgz --conform 

mri_convert.bin /nesi/nobackup/uoa03264/fMRIpipeline_data/processed_test/bids/derivatives/freesurfer/sub-ctrl18/mri/rawavg.mgz /nesi/nobackup/uoa03264/fMRIpipeline_data/processed_test/bids/derivatives/freesurfer/sub-ctrl18/mri/orig.mgz --conform 
$Id: mri_convert.c,v 1.226 2016/02/26 16:15:24 mreuter Exp $
reading from /nesi/nobackup/uoa03264/fMRIpipeline_data/processed_test/bids/derivatives/freesurfer/sub-ctrl18/mri/rawavg.mgz...
TR=6.80, TE=0.00, TI=0.00, flip angle=0.00
i_ras = (0.99987, 0.00074297, -0.016124)
j_ras = (-0.00194138, 0.997224, -0.0744354)
k_ras = (0.0160239, 0.074457, 0.997095)
changing data type from float to uchar (noscale = 0)...
MRIchangeType: Building histogram 
Reslicing using trilinear interpolation 
writing to /nesi/nobackup/uoa03264/fMRIpipeline_data/processed_test/bids/derivatives/freesurfer/sub-ctrl18/mri/orig.mgz...

 mri_add_xform_to_header -c /nesi/nobackup/uoa03264/fMRIpipeline_data/processed_test/bids/derivatives/freesurfer/sub-ctrl18/mri/transforms/talairach.xfm /nesi/nobackup/uoa03264/fMRIpipeline_data/processed_test/bids/derivatives/freesurfer/sub-ctrl18/mri/orig.mgz /nesi/nobackup/uoa03264/fMRIpipeline_data/processed_test/bids/derivatives/freesurfer/sub-ctrl18/mri/orig.mgz 

INFO: extension is mgz
#--------------------------------------------
#@# Talairach Thu Nov 17 17:52:18  2022
/nesi/nobackup/uoa03264/fMRIpipeline_data/processed_test/bids/derivatives/freesurfer/sub-ctrl18/mri

 mri_nu_correct.mni --no-rescale --i orig.mgz --o orig_nu.mgz --n 1 --proto-iters 1000 --distance 50 

/nesi/nobackup/uoa03264/fMRIpipeline_data/processed_test/bids/derivatives/freesurfer/sub-ctrl18/mri
/opt/freesurfer/bin/mri_nu_correct.mni
--no-rescale --i orig.mgz --o orig_nu.mgz --n 1 --proto-iters 1000 --distance 50
nIters 1
$Id: mri_nu_correct.mni,v 1.27 2016/02/26 16:19:49 mreuter Exp $
Linux wbn232 3.10.0-693.2.2.el7.x86_64 #1 SMP Tue Sep 12 22:26:13 UTC 2017 x86_64 x86_64 x86_64 GNU/Linux
Thu Nov 17 17:52:18  2022
Program nu_correct, built from:
Package MNI N3, version 1.12.0, compiled by nicks@terrier (x86_64-unknown-linux-gnu) on 2015-06-19 at 01:25:34
/usr/bin/bc
tmpdir is ./tmp.mri_nu_correct.mni.72153
/nesi/nobackup/uoa03264/fMRIpipeline_data/processed_test/bids/derivatives/freesurfer/sub-ctrl18/mri
mri_convert orig.mgz ./tmp.mri_nu_correct.mni.72153/nu0.mnc -odt float
mri_convert.bin orig.mgz ./tmp.mri_nu_correct.mni.72153/nu0.mnc -odt float 
$Id: mri_convert.c,v 1.226 2016/02/26 16:15:24 mreuter Exp $
reading from orig.mgz...
TR=6.80, TE=0.00, TI=0.00, flip angle=0.00
i_ras = (-1, 1.16415e-10, 0)
j_ras = (0, -7.45058e-09, -1)
k_ras = (-1.16415e-10, 1, 7.45058e-09)
changing data type from uchar to float (noscale = 0)...
writing to ./tmp.mri_nu_correct.mni.72153/nu0.mnc...
 
--------------------------------------------------------
Iteration 1 Thu Nov 17 17:52:19  2022
nu_correct -clobber ./tmp.mri_nu_correct.mni.72153/nu0.mnc ./tmp.mri_nu_correct.mni.72153/nu1.mnc -tmpdir ./tmp.mri_nu_correct.mni.72153/0/ -iterations 1000 -distance 50
[jmcg465@wbn232:/nesi/nobackup/uoa03264/fMRIpipeline_data/processed_test/bids/derivatives/freesurfer/sub-ctrl18/mri/] [2022-11-17 17:52:19] running:
  /opt/freesurfer/mni/bin/nu_estimate_np_and_em -parzen -log -sharpen 0.15 0.01 -iterations 1000 -stop 0.001 -shrink 4 -auto_mask -nonotify -b_spline 1.0e-7 -distance 50 -quiet -execute -clobber -nokeeptmp -tmpdir ./tmp.mri_nu_correct.mni.72153/0/ ./tmp.mri_nu_correct.mni.72153/nu0.mnc ./tmp.mri_nu_correct.mni.72153/nu1.imp

Processing:.................................................................Done
Processing:.................................................................Done
Processing:.................................................................Done
Processing:.................................................................Done
Processing:.................................................................Done
Processing:.................................................................Done
Processing:.................................................................Done
Processing:.................................................................Done
Processing:.................................................................Done
Processing:.................................................................Done
Processing:.................................................................Done
Processing:.................................................................Done
Processing:.................................................................Done
Processing:.................................................................Done
Processing:.................................................................Done
Processing:.................................................................Done
Processing:.................................................................Done
Processing:.................................................................Done
Processing:.................................................................Done
Processing:.................................................................Done
Processing:.................................................................Done
Processing:.................................................................Done
Processing:.................................................................Done
Processing:.................................................................Done
Processing:.................................................................Done
Processing:.................................................................Done
Processing:.................................................................Done
Processing:.................................................................Done
Processing:.................................................................Done
Processing:.................................................................Done
Processing:.................................................................Done
Processing:.................................................................Done
Processing:.................................................................Done
Processing:.................................................................Done
Processing:.................................................................Done
Processing:.................................................................Done
Processing:.................................................................Done
Number of iterations: 37 
CV of field change: 0.000969986
 
 
 
mri_convert ./tmp.mri_nu_correct.mni.72153/nu1.mnc orig_nu.mgz --like orig.mgz --conform
mri_convert.bin ./tmp.mri_nu_correct.mni.72153/nu1.mnc orig_nu.mgz --like orig.mgz --conform 
$Id: mri_convert.c,v 1.226 2016/02/26 16:15:24 mreuter Exp $
reading from ./tmp.mri_nu_correct.mni.72153/nu1.mnc...
TR=0.00, TE=0.00, TI=0.00, flip angle=0.00
i_ras = (-1, 1.16415e-10, 0)
j_ras = (0, -7.45058e-09, -1)
k_ras = (-1.16415e-10, 1, 7.45058e-09)
INFO: transform src into the like-volume: orig.mgz
changing data type from float to uchar (noscale = 0)...
MRIchangeType: Building histogram 
writing to orig_nu.mgz...
 
 
Thu Nov 17 17:53:39  2022
mri_nu_correct.mni done

 talairach_avi --i orig_nu.mgz --xfm transforms/talairach.auto.xfm --atlas 3T18yoSchwartzReactN32_as_orig 

talairach_avi log file is transforms/talairach_avi.log...
Started at Thu Nov 17 17:53:39 2022
Ended   at Thu Nov 17 17:54:04  2022
talairach_avi done

 cp transforms/talairach.auto.xfm transforms/talairach.xfm 

#--------------------------------------------
#@# Talairach Failure Detection Thu Nov 17 17:54:06  2022
/nesi/nobackup/uoa03264/fMRIpipeline_data/processed_test/bids/derivatives/freesurfer/sub-ctrl18/mri

 talairach_afd -T 0.005 -xfm transforms/talairach.xfm 

talairach_afd: Talairach Transform: transforms/talairach.xfm OK (p=0.6845, pval=0.4932 >= threshold=0.0050)

 awk -f /opt/freesurfer/bin/extract_talairach_avi_QA.awk /nesi/nobackup/uoa03264/fMRIpipeline_data/processed_test/bids/derivatives/freesurfer/sub-ctrl18/mri/transforms/talairach_avi.log 


 tal_QC_AZS /nesi/nobackup/uoa03264/fMRIpipeline_data/processed_test/bids/derivatives/freesurfer/sub-ctrl18/mri/transforms/talairach_avi.log 

TalAviQA: 0.96439
z-score: -3
#--------------------------------------------
#@# Nu Intensity Correction Thu Nov 17 17:54:06  2022

 mri_nu_correct.mni --i orig.mgz --o nu.mgz --uchar transforms/talairach.xfm --proto-iters 1000 --distance 50 --n 1 

/nesi/nobackup/uoa03264/fMRIpipeline_data/processed_test/bids/derivatives/freesurfer/sub-ctrl18/mri
/opt/freesurfer/bin/mri_nu_correct.mni
--i orig.mgz --o nu.mgz --uchar transforms/talairach.xfm --proto-iters 1000 --distance 50 --n 1
nIters 1
$Id: mri_nu_correct.mni,v 1.27 2016/02/26 16:19:49 mreuter Exp $
Linux wbn232 3.10.0-693.2.2.el7.x86_64 #1 SMP Tue Sep 12 22:26:13 UTC 2017 x86_64 x86_64 x86_64 GNU/Linux
Thu Nov 17 17:54:06  2022
Program nu_correct, built from:
Package MNI N3, version 1.12.0, compiled by nicks@terrier (x86_64-unknown-linux-gnu) on 2015-06-19 at 01:25:34
/usr/bin/bc
tmpdir is ./tmp.mri_nu_correct.mni.73670
/nesi/nobackup/uoa03264/fMRIpipeline_data/processed_test/bids/derivatives/freesurfer/sub-ctrl18/mri
mri_convert orig.mgz ./tmp.mri_nu_correct.mni.73670/nu0.mnc -odt float
mri_convert.bin orig.mgz ./tmp.mri_nu_correct.mni.73670/nu0.mnc -odt float 
$Id: mri_convert.c,v 1.226 2016/02/26 16:15:24 mreuter Exp $
reading from orig.mgz...
TR=6.80, TE=0.00, TI=0.00, flip angle=0.00
i_ras = (-1, 1.16415e-10, 0)
j_ras = (0, -7.45058e-09, -1)
k_ras = (-1.16415e-10, 1, 7.45058e-09)
changing data type from uchar to float (noscale = 0)...
writing to ./tmp.mri_nu_correct.mni.73670/nu0.mnc...
 
--------------------------------------------------------
Iteration 1 Thu Nov 17 17:54:11  2022
nu_correct -clobber ./tmp.mri_nu_correct.mni.73670/nu0.mnc ./tmp.mri_nu_correct.mni.73670/nu1.mnc -tmpdir ./tmp.mri_nu_correct.mni.73670/0/ -iterations 1000 -distance 50
[jmcg465@wbn232:/nesi/nobackup/uoa03264/fMRIpipeline_data/processed_test/bids/derivatives/freesurfer/sub-ctrl18/mri/] [2022-11-17 17:54:11] running:
  /opt/freesurfer/mni/bin/nu_estimate_np_and_em -parzen -log -sharpen 0.15 0.01 -iterations 1000 -stop 0.001 -shrink 4 -auto_mask -nonotify -b_spline 1.0e-7 -distance 50 -quiet -execute -clobber -nokeeptmp -tmpdir ./tmp.mri_nu_correct.mni.73670/0/ ./tmp.mri_nu_correct.mni.73670/nu0.mnc ./tmp.mri_nu_correct.mni.73670/nu1.imp

Processing:.................................................................Done
Processing:.................................................................Done
Processing:.................................................................Done
Processing:.................................................................Done
Processing:.................................................................Done
Processing:.................................................................Done
Processing:.................................................................Done
Processing:.................................................................Done
Processing:.................................................................Done
Processing:.................................................................Done
Processing:.................................................................Done
Processing:.................................................................Done
Processing:.................................................................Done
Processing:.................................................................Done
Processing:.................................................................Done
Processing:.................................................................Done
Processing:.................................................................Done
Processing:.................................................................Done
Processing:.................................................................Done
Processing:.................................................................Done
Processing:.................................................................Done
Processing:.................................................................Done
Processing:.................................................................Done
Processing:.................................................................Done
Processing:.................................................................Done
Processing:.................................................................Done
Processing:.................................................................Done
Processing:.................................................................Done
Processing:.................................................................Done
Processing:.................................................................Done
Processing:.................................................................Done
Processing:.................................................................Done
Processing:.................................................................Done
Processing:.................................................................Done
Processing:.................................................................Done
Processing:.................................................................Done
Processing:.................................................................Done
Number of iterations: 37 
CV of field change: 0.000969986
 
 
 
mri_binarize --i ./tmp.mri_nu_correct.mni.73670/nu1.mnc --min -1 --o ./tmp.mri_nu_correct.mni.73670/ones.mgz

$Id: mri_binarize.c,v 1.43 2016/06/09 20:46:21 greve Exp $
cwd /nesi/nobackup/uoa03264/fMRIpipeline_data/processed_test/bids/derivatives/freesurfer/sub-ctrl18/mri
cmdline mri_binarize.bin --i ./tmp.mri_nu_correct.mni.73670/nu1.mnc --min -1 --o ./tmp.mri_nu_correct.mni.73670/ones.mgz 
sysname  Linux
hostname wbn232
machine  x86_64
user     jmcg465

input      ./tmp.mri_nu_correct.mni.73670/nu1.mnc
frame      0
nErode3d   0
nErode2d   0
output     ./tmp.mri_nu_correct.mni.73670/ones.mgz
Binarizing based on threshold
min        -1
max        +infinity
binval        1
binvalnot     0
fstart = 0, fend = 0, nframes = 1
Found 16777216 values in range
Counting number of voxels in first frame
Found 16777216 voxels in final mask
Count: 16777216 16777216.000000 16777216 100.000000
mri_binarize done
mri_segstats --id 1 --seg ./tmp.mri_nu_correct.mni.73670/ones.mgz --i orig.mgz --sum ./tmp.mri_nu_correct.mni.73670/sum.junk --avgwf ./tmp.mri_nu_correct.mni.73670/input.mean.dat

$Id: mri_segstats.c,v 1.121 2016/05/31 17:27:11 greve Exp $
cwd 
cmdline mri_segstats --id 1 --seg ./tmp.mri_nu_correct.mni.73670/ones.mgz --i orig.mgz --sum ./tmp.mri_nu_correct.mni.73670/sum.junk --avgwf ./tmp.mri_nu_correct.mni.73670/input.mean.dat 
sysname  Linux
hostname wbn232
machine  x86_64
user     jmcg465
UseRobust  0
Loading ./tmp.mri_nu_correct.mni.73670/ones.mgz
Loading orig.mgz
Voxel Volume is 1 mm^3
Generating list of segmentation ids
Found   1 segmentations
Computing statistics for each segmentation

Reporting on   1 segmentations
Using PrintSegStat
Computing spatial average of each frame
  0
Writing to ./tmp.mri_nu_correct.mni.73670/input.mean.dat
mri_segstats done
mri_segstats --id 1 --seg ./tmp.mri_nu_correct.mni.73670/ones.mgz --i ./tmp.mri_nu_correct.mni.73670/nu1.mnc --sum ./tmp.mri_nu_correct.mni.73670/sum.junk --avgwf ./tmp.mri_nu_correct.mni.73670/output.mean.dat

$Id: mri_segstats.c,v 1.121 2016/05/31 17:27:11 greve Exp $
cwd 
cmdline mri_segstats --id 1 --seg ./tmp.mri_nu_correct.mni.73670/ones.mgz --i ./tmp.mri_nu_correct.mni.73670/nu1.mnc --sum ./tmp.mri_nu_correct.mni.73670/sum.junk --avgwf ./tmp.mri_nu_correct.mni.73670/output.mean.dat 
sysname  Linux
hostname wbn232
machine  x86_64
user     jmcg465
UseRobust  0
Loading ./tmp.mri_nu_correct.mni.73670/ones.mgz
Loading ./tmp.mri_nu_correct.mni.73670/nu1.mnc
Voxel Volume is 1 mm^3
Generating list of segmentation ids
Found   1 segmentations
Computing statistics for each segmentation

Reporting on   1 segmentations
Using PrintSegStat
Computing spatial average of each frame
  0
Writing to ./tmp.mri_nu_correct.mni.73670/output.mean.dat
mri_segstats done
mris_calc -o ./tmp.mri_nu_correct.mni.73670/nu1.mnc ./tmp.mri_nu_correct.mni.73670/nu1.mnc mul .96817912673523542182
Saving result to './tmp.mri_nu_correct.mni.73670/nu1.mnc' (type = MINC )                       [ ok ]
mri_convert ./tmp.mri_nu_correct.mni.73670/nu1.mnc nu.mgz --like orig.mgz
mri_convert.bin ./tmp.mri_nu_correct.mni.73670/nu1.mnc nu.mgz --like orig.mgz 
$Id: mri_convert.c,v 1.226 2016/02/26 16:15:24 mreuter Exp $
reading from ./tmp.mri_nu_correct.mni.73670/nu1.mnc...
TR=0.00, TE=0.00, TI=0.00, flip angle=0.00
i_ras = (-1, 1.16415e-10, 0)
j_ras = (0, -7.45058e-09, -1)
k_ras = (-1.16415e-10, 1, 7.45058e-09)
INFO: transform src into the like-volume: orig.mgz
writing to nu.mgz...
mri_make_uchar nu.mgz transforms/talairach.xfm nu.mgz
type change took 0 minutes and 8 seconds.
mapping ( 7, 112) to ( 3, 110)
 
 
Thu Nov 17 17:55:58  2022
mri_nu_correct.mni done

 mri_add_xform_to_header -c /nesi/nobackup/uoa03264/fMRIpipeline_data/processed_test/bids/derivatives/freesurfer/sub-ctrl18/mri/transforms/talairach.xfm nu.mgz nu.mgz 

INFO: extension is mgz
#--------------------------------------------
#@# Intensity Normalization Thu Nov 17 17:55:59  2022
/nesi/nobackup/uoa03264/fMRIpipeline_data/processed_test/bids/derivatives/freesurfer/sub-ctrl18/mri

 mri_normalize -g 1 -mprage nu.mgz T1.mgz 

using max gradient = 1.000
assuming input volume is MGH (Van der Kouwe) MP-RAGE
reading from nu.mgz...
normalizing image...
talairach transform
 0.95895  -0.01636  -0.03458   2.31374;
-0.01214   1.02424   0.07177  -29.47888;
 0.02715  -0.03836   1.09327  -29.08858;
 0.00000   0.00000   0.00000   1.00000;
processing without aseg, no1d=0
MRInormInit(): 
INFO: Modifying talairach volume c_(r,a,s) based on average_305
MRInormalize(): 
MRIsplineNormalize(): npeaks = 15
Starting OpenSpline(): npoints = 15
building Voronoi diagram...
performing soap bubble smoothing, sigma = 8...

Iterating 2 times
---------------------------------
3d normalization pass 1 of 2
white matter peak found at 110
white matter peak found at 109
gm peak at 84 (84), valley at 50 (50)
csf peak at 43, setting threshold to 70
building Voronoi diagram...
performing soap bubble smoothing, sigma = 8...
---------------------------------
3d normalization pass 2 of 2
white matter peak found at 110
white matter peak found at 110
gm peak at 83 (83), valley at 48 (48)
csf peak at 42, setting threshold to 69
building Voronoi diagram...
performing soap bubble smoothing, sigma = 8...
Done iterating ---------------------------------
writing output to T1.mgz
3D bias adjustment took 1 minutes and 55 seconds.
#--------------------------------------------
#@# Skull Stripping Thu Nov 17 17:57:55  2022
/nesi/nobackup/uoa03264/fMRIpipeline_data/processed_test/bids/derivatives/freesurfer/sub-ctrl18/mri

 mri_em_register -rusage /nesi/nobackup/uoa03264/fMRIpipeline_data/processed_test/bids/derivatives/freesurfer/sub-ctrl18/touch/rusage.mri_em_register.skull.dat -skull nu.mgz /opt/freesurfer/average/RB_all_withskull_2016-05-10.vc700.gca transforms/talairach_with_skull.lta 

aligning to atlas containing skull, setting unknown_nbr_spacing = 5

== Number of threads available to mri_em_register for OpenMP = 1 == 
reading 1 input volumes...
logging results to talairach_with_skull.log
reading '/opt/freesurfer/average/RB_all_withskull_2016-05-10.vc700.gca'...
average std = 22.9   using min determinant for regularization = 52.6
0 singular and 9002 ill-conditioned covariance matrices regularized
reading 'nu.mgz'...
freeing gibbs priors...done.
accounting for voxel sizes in initial transform
bounding unknown intensity as < 8.7 or > 569.1 
total sample mean = 77.6 (1399 zeros)
************************************************
spacing=8, using 3243 sample points, tol=1.00e-05...
************************************************
register_mri: find_optimal_transform
find_optimal_transform: nsamples 3243, passno 0, spacing 8
resetting wm mean[0]: 100 --> 108
resetting gm mean[0]: 61 --> 61
input volume #1 is the most T1-like
using real data threshold=12.0
skull bounding box = (40, 45, 18) --> (213, 209, 227)
using (98, 100, 123) as brain centroid...
mean wm in atlas = 108, using box (77,80,97) --> (119, 120,148) to find MRI wm
before smoothing, mri peak at 110
robust fit to distribution - 109 +- 4.7
after smoothing, mri peak at 110, scaling input intensities by 0.982
scaling channel 0 by 0.981818
initial log_p = -4.485
************************************************
First Search limited to translation only.
************************************************
max log p =    -4.416000 @ (-9.091, -9.091, -9.091)
max log p =    -4.230723 @ (4.545, 4.545, -4.545)
max log p =    -4.213151 @ (2.273, 2.273, 2.273)
max log p =    -4.178112 @ (1.136, -1.136, -1.136)
max log p =    -4.170313 @ (0.568, 0.568, 0.568)
max log p =    -4.170313 @ (0.000, 0.000, 0.000)
Found translation: (-0.6, -2.8, -11.9): log p = -4.170
****************************************
Nine parameter search.  iteration 0 nscales = 0 ...
****************************************
Result so far: scale 1.000: max_log_p=-4.170, old_max_log_p =-4.170 (thresh=-4.2)
 1.00000   0.00000   0.00000  -0.56818;
 0.00000   1.00000   0.00000  -2.84091;
 0.00000   0.00000   1.00000  -11.93182;
 0.00000   0.00000   0.00000   1.00000;
reducing scale to 0.2500
****************************************
Nine parameter search.  iteration 1 nscales = 1 ...
****************************************
Result so far: scale 0.250: max_log_p=-4.140, old_max_log_p =-4.170 (thresh=-4.2)
 0.98020  -0.03106  -0.03540   9.08035;
 0.03270   1.03480   0.06671  -21.93348;
 0.03211  -0.06655   1.01532  -11.98160;
 0.00000   0.00000   0.00000   1.00000;
****************************************
Nine parameter search.  iteration 2 nscales = 1 ...
****************************************
Result so far: scale 0.250: max_log_p=-4.135, old_max_log_p =-4.140 (thresh=-4.1)
 0.98023   0.02757   0.03929  -8.96373;
-0.02944   1.02863   0.13068  -19.34183;
-0.03492  -0.13424   1.02786   4.87587;
 0.00000   0.00000   0.00000   1.00000;
****************************************
Nine parameter search.  iteration 3 nscales = 1 ...
****************************************
Result so far: scale 0.250: max_log_p=-4.135, old_max_log_p =-4.135 (thresh=-4.1)
 0.98023   0.02757   0.03929  -8.96373;
-0.02944   1.02863   0.13068  -19.34183;
-0.03492  -0.13424   1.02786   4.87587;
 0.00000   0.00000   0.00000   1.00000;
reducing scale to 0.0625
****************************************
Nine parameter search.  iteration 4 nscales = 2 ...
****************************************
Result so far: scale 0.062: max_log_p=-4.121, old_max_log_p =-4.135 (thresh=-4.1)
 0.98163   0.02856   0.03093  -7.76097;
-0.02887   1.03068   0.11389  -18.05791;
-0.02724  -0.11671   1.02653   1.53036;
 0.00000   0.00000   0.00000   1.00000;
****************************************
Nine parameter search.  iteration 5 nscales = 2 ...
****************************************
Result so far: scale 0.062: max_log_p=-4.117, old_max_log_p =-4.121 (thresh=-4.1)
 0.97991   0.02634   0.04764  -8.86372;
-0.02931   1.02863   0.13067  -19.35757;
-0.04282  -0.13400   1.02389   6.35113;
 0.00000   0.00000   0.00000   1.00000;
min search scale 0.025000 reached
***********************************************
Computing MAP estimate using 3243 samples...
***********************************************
dt = 5.00e-06, momentum=0.80, tol=1.00e-05
l_intensity = 1.0000
Aligning input volume to GCA...
Transform matrix
 0.97991   0.02634   0.04764  -8.86372;
-0.02931   1.02863   0.13067  -19.35757;
-0.04282  -0.13400   1.02389   6.35113;
 0.00000   0.00000   0.00000   1.00000;
nsamples 3243
Quasinewton: input matrix
 0.97991   0.02634   0.04764  -8.86372;
-0.02931   1.02863   0.13067  -19.35757;
-0.04282  -0.13400   1.02389   6.35113;
 0.00000   0.00000   0.00000   1.00000;
outof QuasiNewtonEMA: 008: -log(p) =   -0.0  tol 0.000010
Resulting transform:
 0.97991   0.02634   0.04764  -8.86372;
-0.02931   1.02863   0.13067  -19.35757;
-0.04282  -0.13400   1.02389   6.35113;
 0.00000   0.00000   0.00000   1.00000;

pass 1, spacing 8: log(p) = -4.117 (old=-4.485)
transform before final EM align:
 0.97991   0.02634   0.04764  -8.86372;
-0.02931   1.02863   0.13067  -19.35757;
-0.04282  -0.13400   1.02389   6.35113;
 0.00000   0.00000   0.00000   1.00000;

**************************************************
 EM alignment process ...
 Computing final MAP estimate using 364799 samples. 
**************************************************
dt = 5.00e-06, momentum=0.80, tol=1.00e-07
l_intensity = 1.0000
Aligning input volume to GCA...
Transform matrix
 0.97991   0.02634   0.04764  -8.86372;
-0.02931   1.02863   0.13067  -19.35757;
-0.04282  -0.13400   1.02389   6.35113;
 0.00000   0.00000   0.00000   1.00000;
nsamples 364799
Quasinewton: input matrix
 0.97991   0.02634   0.04764  -8.86372;
-0.02931   1.02863   0.13067  -19.35757;
-0.04282  -0.13400   1.02389   6.35113;
 0.00000   0.00000   0.00000   1.00000;
outof QuasiNewtonEMA: 010: -log(p) =    4.5  tol 0.000000
final transform:
 0.97991   0.02634   0.04764  -8.86372;
-0.02931   1.02863   0.13067  -19.35757;
-0.04282  -0.13400   1.02389   6.35113;
 0.00000   0.00000   0.00000   1.00000;

writing output transformation to transforms/talairach_with_skull.lta...
mri_em_register utimesec    945.883850
mri_em_register stimesec    4.418961
mri_em_register ru_maxrss   610388
mri_em_register ru_ixrss    0
mri_em_register ru_idrss    0
mri_em_register ru_isrss    0
mri_em_register ru_minflt   904893
mri_em_register ru_majflt   4
mri_em_register ru_nswap    0
mri_em_register ru_inblock  33126
mri_em_register ru_oublock  0
mri_em_register ru_msgsnd   0
mri_em_register ru_msgrcv   0
mri_em_register ru_nsignals 0
mri_em_register ru_nvcsw    498
mri_em_register ru_nivcsw   640
registration took 15 minutes and 52 seconds.

 mri_watershed -rusage /nesi/nobackup/uoa03264/fMRIpipeline_data/processed_test/bids/derivatives/freesurfer/sub-ctrl18/touch/rusage.mri_watershed.dat -T1 -brain_atlas /opt/freesurfer/average/RB_all_withskull_2016-05-10.vc700.gca transforms/talairach_with_skull.lta T1.mgz brainmask.auto.mgz 


Mode:          T1 normalized volume
Mode:          Use the information of atlas (default parms, --help for details)

*********************************************************
The input file is T1.mgz
The output file is brainmask.auto.mgz
Weighting the input with atlas information before watershed

*************************WATERSHED**************************
Sorting...
      first estimation of the COG coord: x=128 y=122 z=122 r=77
      first estimation of the main basin volume: 1982051 voxels
      Looking for seedpoints 
        2 found in the cerebellum 
        18 found in the rest of the brain 
      global maximum in x=150, y=104, z=86, Imax=255
      CSF=18, WM_intensity=110, WM_VARIANCE=5
      WM_MIN=110, WM_HALF_MIN=110, WM_HALF_MAX=110, WM_MAX=110 
      preflooding height equal to 10 percent
done.
Analyze...

      main basin size=275256933 voxels, voxel volume =1.000 
                     = 275256933 mmm3 = 275256.928 cm3
done.
PostAnalyze...Basin Prior
 132 basins merged thanks to atlas 
      ***** 0 basin(s) merged in 1 iteration(s)
      ***** 0 voxel(s) added to the main basin
done.
Weighting the input with prior template 

****************TEMPLATE DEFORMATION****************

      second estimation of the COG coord: x=127,y=124, z=118, r=9760 iterations
^^^^^^^^ couldn't find WM with original limits - expanding ^^^^^^

   GLOBAL      CSF_MIN=1, CSF_intensity=2, CSF_MAX=40 , nb = 42165
  RIGHT_CER    CSF_MIN=1, CSF_intensity=2, CSF_MAX=57 , nb = -1039639981
  LEFT_CER     CSF_MIN=1, CSF_intensity=2, CSF_MAX=4 , nb = 1084715077
 RIGHT_BRAIN   CSF_MIN=0, CSF_intensity=9, CSF_MAX=40 , nb = 1044008372
 LEFT_BRAIN    CSF_MIN=1, CSF_intensity=2, CSF_MAX=34 , nb = 1076948176
    OTHER      CSF_MIN=0, CSF_intensity=17, CSF_MAX=45 , nb = 1075825808
 Problem with the least square interpolation in GM_MIN calculation.
   
                     CSF_MAX  TRANSITION  GM_MIN  GM
    GLOBAL     
  before analyzing :    40,      50,        56,   78
  after  analyzing :    40,      54,        56,   60
   RIGHT_CER   
  before analyzing :    57,      52,        50,   81
  after  analyzing :    32,      52,        52,   59
   LEFT_CER    
  before analyzing :    4,      6,        49,   78
  after  analyzing :    4,      34,        49,   45
  RIGHT_BRAIN  
  before analyzing :    40,      48,        54,   77
  after  analyzing :    40,      52,        54,   58
  LEFT_BRAIN   
  before analyzing :    34,      48,        58,   79
  after  analyzing :    34,      54,        58,   60
     OTHER     
  before analyzing :    45,      38,        27,   72
  after  analyzing :    32,      38,        38,   46
      mri_strip_skull: done peeling brain
      highly tesselated surface with 10242 vertices
      matching...63 iterations

*********************VALIDATION*********************
curvature mean = -0.013, std = 0.009
curvature mean = 74.968, std = 6.987

No Rigid alignment: -atlas Mode Off (basic atlas / no registration)
      before rotation: sse = 4.02, sigma = 6.11
      after  rotation: sse = 4.02, sigma = 6.11
Localization of inacurate regions: Erosion-Dilation steps
      the sse mean is  4.22, its var is  5.16   
      before Erosion-Dilatation  0.92% of inacurate vertices
      after  Erosion-Dilatation  0.00% of inacurate vertices
      Validation of the shape of the surface done.
Scaling of atlas fields onto current surface fields

********FINAL ITERATIVE TEMPLATE DEFORMATION********
Compute Local values csf/gray
Fine Segmentation...40 iterations

      mri_strip_skull: done peeling brain

Brain Size = 1976467 voxels, voxel volume = 1.000 mm3
           = 1976467 mmm3 = 1976.467 cm3


******************************
Saving brainmask.auto.mgz
done
mri_watershed utimesec    20.756861
mri_watershed stimesec    0.589024
mri_watershed ru_maxrss   828932
mri_watershed ru_ixrss    0
mri_watershed ru_idrss    0
mri_watershed ru_isrss    0
mri_watershed ru_minflt   421063
mri_watershed ru_majflt   4
mri_watershed ru_nswap    0
mri_watershed ru_inblock  4908
mri_watershed ru_oublock  0
mri_watershed ru_msgsnd   0
mri_watershed ru_msgrcv   0
mri_watershed ru_nsignals 0
mri_watershed ru_nvcsw    45
mri_watershed ru_nivcsw   21
mri_watershed done

 cp brainmask.auto.mgz brainmask.mgz 

#-------------------------------------
#@# EM Registration Thu Nov 17 18:14:09  2022
/nesi/nobackup/uoa03264/fMRIpipeline_data/processed_test/bids/derivatives/freesurfer/sub-ctrl18/mri

 mri_em_register -rusage /nesi/nobackup/uoa03264/fMRIpipeline_data/processed_test/bids/derivatives/freesurfer/sub-ctrl18/touch/rusage.mri_em_register.dat -uns 3 -mask brainmask.mgz nu.mgz /opt/freesurfer/average/RB_all_2016-05-10.vc700.gca transforms/talairach.lta 

setting unknown_nbr_spacing = 3
using MR volume brainmask.mgz to mask input volume...

== Number of threads available to mri_em_register for OpenMP = 1 == 
reading 1 input volumes...
logging results to talairach.log
reading '/opt/freesurfer/average/RB_all_2016-05-10.vc700.gca'...
average std = 7.3   using min determinant for regularization = 5.3
0 singular and 841 ill-conditioned covariance matrices regularized
reading 'nu.mgz'...
freeing gibbs priors...done.
accounting for voxel sizes in initial transform
bounding unknown intensity as < 6.3 or > 503.7 
total sample mean = 78.8 (1011 zeros)
************************************************
spacing=8, using 2830 sample points, tol=1.00e-05...
************************************************
register_mri: find_optimal_transform
find_optimal_transform: nsamples 2830, passno 0, spacing 8
resetting wm mean[0]: 98 --> 107
resetting gm mean[0]: 61 --> 61
input volume #1 is the most T1-like
using real data threshold=24.0
skull bounding box = (50, 57, 34) --> (202, 195, 213)
using (101, 103, 124) as brain centroid...
mean wm in atlas = 107, using box (82,86,102) --> (119, 119,146) to find MRI wm
before smoothing, mri peak at 110
robust fit to distribution - 109 +- 4.4
after smoothing, mri peak at 109, scaling input intensities by 0.982
scaling channel 0 by 0.981651
initial log_p = -4.205
************************************************
First Search limited to translation only.
************************************************
max log p =    -3.963111 @ (-9.091, -9.091, -9.091)
max log p =    -3.734216 @ (4.545, 4.545, -4.545)
max log p =    -3.734216 @ (0.000, 0.000, 0.000)
max log p =    -3.702729 @ (1.136, -1.136, 1.136)
max log p =    -3.686042 @ (-0.568, -0.568, -1.705)
max log p =    -3.686042 @ (0.000, 0.000, 0.000)
Found translation: (-4.0, -6.3, -14.2): log p = -3.686
****************************************
Nine parameter search.  iteration 0 nscales = 0 ...
****************************************
Result so far: scale 1.000: max_log_p=-3.622, old_max_log_p =-3.686 (thresh=-3.7)
 0.92500   0.00000   0.00000   5.82630;
 0.00000   1.00000   0.00000  -6.25000;
 0.00000   0.00000   1.00000  -14.20455;
 0.00000   0.00000   0.00000   1.00000;
****************************************
Nine parameter search.  iteration 1 nscales = 0 ...
****************************************
Result so far: scale 1.000: max_log_p=-3.622, old_max_log_p =-3.622 (thresh=-3.6)
 0.92500   0.00000   0.00000   5.82630;
 0.00000   1.00000   0.00000  -6.25000;
 0.00000   0.00000   1.00000  -14.20455;
 0.00000   0.00000   0.00000   1.00000;
reducing scale to 0.2500
****************************************
Nine parameter search.  iteration 2 nscales = 1 ...
****************************************
Result so far: scale 0.250: max_log_p=-3.548, old_max_log_p =-3.622 (thresh=-3.6)
 0.94133  -0.03644   0.02989   6.68528;
 0.02968   0.97590   0.09717  -16.73162;
-0.02970  -0.09613   0.97600   6.41731;
 0.00000   0.00000   0.00000   1.00000;
****************************************
Nine parameter search.  iteration 3 nscales = 1 ...
****************************************
Result so far: scale 0.250: max_log_p=-3.548, old_max_log_p =-3.548 (thresh=-3.5)
 0.94133  -0.03644   0.02989   6.68528;
 0.02968   0.97590   0.09717  -16.73162;
-0.02970  -0.09613   0.97600   6.41731;
 0.00000   0.00000   0.00000   1.00000;
reducing scale to 0.0625
****************************************
Nine parameter search.  iteration 4 nscales = 2 ...
****************************************
Result so far: scale 0.062: max_log_p=-3.532, old_max_log_p =-3.548 (thresh=-3.5)
 0.94155  -0.02846   0.03061   5.57803;
 0.02218   0.97577   0.08887  -15.71268;
-0.02956  -0.08841   0.98020   4.48926;
 0.00000   0.00000   0.00000   1.00000;
****************************************
Nine parameter search.  iteration 5 nscales = 2 ...
****************************************
Result so far: scale 0.062: max_log_p=-3.521, old_max_log_p =-3.532 (thresh=-3.5)
 0.94044  -0.02843   0.03058   5.72002;
 0.02220   0.97691   0.08897  -15.87052;
-0.02963  -0.08862   0.98250   4.25265;
 0.00000   0.00000   0.00000   1.00000;
****************************************
Nine parameter search.  iteration 6 nscales = 2 ...
****************************************
Result so far: scale 0.062: max_log_p=-3.521, old_max_log_p =-3.521 (thresh=-3.5)
 0.94044  -0.02843   0.03058   5.72002;
 0.02220   0.97691   0.08897  -15.87052;
-0.02963  -0.08862   0.98250   4.25265;
 0.00000   0.00000   0.00000   1.00000;
min search scale 0.025000 reached
***********************************************
Computing MAP estimate using 2830 samples...
***********************************************
dt = 5.00e-06, momentum=0.80, tol=1.00e-05
l_intensity = 1.0000
Aligning input volume to GCA...
Transform matrix
 0.94044  -0.02843   0.03058   5.72002;
 0.02220   0.97691   0.08897  -15.87052;
-0.02963  -0.08862   0.98250   4.25265;
 0.00000   0.00000   0.00000   1.00000;
nsamples 2830
Quasinewton: input matrix
 0.94044  -0.02843   0.03058   5.72002;
 0.02220   0.97691   0.08897  -15.87052;
-0.02963  -0.08862   0.98250   4.25265;
 0.00000   0.00000   0.00000   1.00000;
outof QuasiNewtonEMA: 009: -log(p) =   -0.0  tol 0.000010
Resulting transform:
 0.94044  -0.02843   0.03058   5.72002;
 0.02220   0.97691   0.08897  -15.87052;
-0.02963  -0.08862   0.98250   4.25265;
 0.00000   0.00000   0.00000   1.00000;

pass 1, spacing 8: log(p) = -3.521 (old=-4.205)
transform before final EM align:
 0.94044  -0.02843   0.03058   5.72002;
 0.02220   0.97691   0.08897  -15.87052;
-0.02963  -0.08862   0.98250   4.25265;
 0.00000   0.00000   0.00000   1.00000;

**************************************************
 EM alignment process ...
 Computing final MAP estimate using 315557 samples. 
**************************************************
dt = 5.00e-06, momentum=0.80, tol=1.00e-07
l_intensity = 1.0000
Aligning input volume to GCA...
Transform matrix
 0.94044  -0.02843   0.03058   5.72002;
 0.02220   0.97691   0.08897  -15.87052;
-0.02963  -0.08862   0.98250   4.25265;
 0.00000   0.00000   0.00000   1.00000;
nsamples 315557
Quasinewton: input matrix
 0.94044  -0.02843   0.03058   5.72002;
 0.02220   0.97691   0.08897  -15.87052;
-0.02963  -0.08862   0.98250   4.25265;
 0.00000   0.00000   0.00000   1.00000;
outof QuasiNewtonEMA: 011: -log(p) =    4.0  tol 0.000000
final transform:
 0.94044  -0.02843   0.03058   5.72002;
 0.02220   0.97691   0.08897  -15.87052;
-0.02963  -0.08862   0.98250   4.25265;
 0.00000   0.00000   0.00000   1.00000;

writing output transformation to transforms/talairach.lta...
mri_em_register utimesec    721.384649
mri_em_register stimesec    1.732003
mri_em_register ru_maxrss   597592
mri_em_register ru_ixrss    0
mri_em_register ru_idrss    0
mri_em_register ru_isrss    0
mri_em_register ru_minflt   629958
mri_em_register ru_majflt   0
mri_em_register ru_nswap    0
mri_em_register ru_inblock  26210
mri_em_register ru_oublock  0
mri_em_register ru_msgsnd   0
mri_em_register ru_msgrcv   0
mri_em_register ru_nsignals 0
mri_em_register ru_nvcsw    526
mri_em_register ru_nivcsw   378
registration took 12 minutes and 4 seconds.
#--------------------------------------
#@# CA Normalize Thu Nov 17 18:26:13  2022
/nesi/nobackup/uoa03264/fMRIpipeline_data/processed_test/bids/derivatives/freesurfer/sub-ctrl18/mri

 mri_ca_normalize -c ctrl_pts.mgz -mask brainmask.mgz nu.mgz /opt/freesurfer/average/RB_all_2016-05-10.vc700.gca transforms/talairach.lta norm.mgz 

writing control point volume to ctrl_pts.mgz
using MR volume brainmask.mgz to mask input volume...
reading 1 input volume
reading atlas from '/opt/freesurfer/average/RB_all_2016-05-10.vc700.gca'...
reading transform from 'transforms/talairach.lta'...
reading input volume from nu.mgz...
resetting wm mean[0]: 98 --> 107
resetting gm mean[0]: 61 --> 61
input volume #1 is the most T1-like
using real data threshold=23.1
skull bounding box = (50, 57, 34) --> (202, 195, 213)
using (101, 103, 124) as brain centroid...
mean wm in atlas = 107, using box (82,86,102) --> (119, 119,146) to find MRI wm
before smoothing, mri peak at 110
robust fit to distribution - 109 +- 4.4
after smoothing, mri peak at 109, scaling input intensities by 0.982
scaling channel 0 by 0.981651
using 246344 sample points...
INFO: compute sample coordinates transform
 0.94044  -0.02843   0.03058   5.72002;
 0.02220   0.97691   0.08897  -15.87052;
-0.02963  -0.08862   0.98250   4.25265;
 0.00000   0.00000   0.00000   1.00000;
INFO: transform used
finding control points in Left_Cerebral_White_Matter....
found 39915 control points for structure...
bounding box (128, 55, 39) --> (199, 175, 209)
Left_Cerebral_White_Matter: limiting intensities to 96.0 --> 132.0
1 of 2800 (0.0%) samples deleted
finding control points in Right_Cerebral_White_Matter....
found 39557 control points for structure...
bounding box (59, 58, 38) --> (129, 178, 208)
Right_Cerebral_White_Matter: limiting intensities to 97.0 --> 132.0
6 of 2304 (0.3%) samples deleted
finding control points in Left_Cerebellum_White_Matter....
found 3059 control points for structure...
bounding box (131, 146, 65) --> (183, 189, 119)
Left_Cerebellum_White_Matter: limiting intensities to 95.0 --> 132.0
0 of 12 (0.0%) samples deleted
finding control points in Right_Cerebellum_White_Matter....
found 2705 control points for structure...
bounding box (84, 147, 61) --> (130, 190, 120)
Right_Cerebellum_White_Matter: limiting intensities to 109.0 --> 132.0
6 of 8 (75.0%) samples deleted
finding control points in Brain_Stem....
found 3518 control points for structure...
bounding box (111, 136, 100) --> (148, 208, 131)
Brain_Stem: limiting intensities to 92.0 --> 132.0
0 of 83 (0.0%) samples deleted
using 5207 total control points for intensity normalization...
bias field = 0.978 +- 0.045
47 of 5194 control points discarded
finding control points in Left_Cerebral_White_Matter....
found 39915 control points for structure...
bounding box (128, 55, 39) --> (199, 175, 209)
Left_Cerebral_White_Matter: limiting intensities to 90.0 --> 132.0
1 of 3764 (0.0%) samples deleted
finding control points in Right_Cerebral_White_Matter....
found 39557 control points for structure...
bounding box (59, 58, 38) --> (129, 178, 208)
Right_Cerebral_White_Matter: limiting intensities to 91.0 --> 132.0
10 of 2766 (0.4%) samples deleted
finding control points in Left_Cerebellum_White_Matter....
found 3059 control points for structure...
bounding box (131, 146, 65) --> (183, 189, 119)
Left_Cerebellum_White_Matter: limiting intensities to 88.0 --> 132.0
5 of 67 (7.5%) samples deleted
finding control points in Right_Cerebellum_White_Matter....
found 2705 control points for structure...
bounding box (84, 147, 61) --> (130, 190, 120)
Right_Cerebellum_White_Matter: limiting intensities to 88.0 --> 132.0
22 of 66 (33.3%) samples deleted
finding control points in Brain_Stem....
found 3518 control points for structure...
bounding box (111, 136, 100) --> (148, 208, 131)
Brain_Stem: limiting intensities to 88.0 --> 132.0
2 of 128 (1.6%) samples deleted
using 6791 total control points for intensity normalization...
bias field = 1.033 +- 0.047
55 of 6696 control points discarded
finding control points in Left_Cerebral_White_Matter....
found 39915 control points for structure...
bounding box (128, 55, 39) --> (199, 175, 209)
Left_Cerebral_White_Matter: limiting intensities to 90.0 --> 132.0
9 of 3742 (0.2%) samples deleted
finding control points in Right_Cerebral_White_Matter....
found 39557 control points for structure...
bounding box (59, 58, 38) --> (129, 178, 208)
Right_Cerebral_White_Matter: limiting intensities to 90.0 --> 132.0
15 of 2775 (0.5%) samples deleted
finding control points in Left_Cerebellum_White_Matter....
found 3059 control points for structure...
bounding box (131, 146, 65) --> (183, 189, 119)
Left_Cerebellum_White_Matter: limiting intensities to 88.0 --> 132.0
40 of 101 (39.6%) samples deleted
finding control points in Right_Cerebellum_White_Matter....
found 2705 control points for structure...
bounding box (84, 147, 61) --> (130, 190, 120)
Right_Cerebellum_White_Matter: limiting intensities to 88.0 --> 132.0
51 of 77 (66.2%) samples deleted
finding control points in Brain_Stem....
found 3518 control points for structure...
bounding box (111, 136, 100) --> (148, 208, 131)
Brain_Stem: limiting intensities to 88.0 --> 132.0
16 of 155 (10.3%) samples deleted
using 6850 total control points for intensity normalization...
bias field = 1.026 +- 0.043
43 of 6585 control points discarded
writing normalized volume to norm.mgz...
writing control points to ctrl_pts.mgz
freeing GCA...done.
normalization took 1 minutes and 26 seconds.
#--------------------------------------
#@# CA Reg Thu Nov 17 18:27:39  2022
/nesi/nobackup/uoa03264/fMRIpipeline_data/processed_test/bids/derivatives/freesurfer/sub-ctrl18/mri

 mri_ca_register -rusage /nesi/nobackup/uoa03264/fMRIpipeline_data/processed_test/bids/derivatives/freesurfer/sub-ctrl18/touch/rusage.mri_ca_register.dat -nobigventricles -T transforms/talairach.lta -align-after -mask brainmask.mgz norm.mgz /opt/freesurfer/average/RB_all_2016-05-10.vc700.gca transforms/talairach.m3z 

not handling expanded ventricles...
using previously computed transform transforms/talairach.lta
renormalizing sequences with structure alignment, equivalent to:
	-renormalize
	-regularize_mean 0.500
	-regularize 0.500
using MR volume brainmask.mgz to mask input volume...

== Number of threads available to mri_ca_register for OpenMP = 1 == 
reading 1 input volumes...
logging results to talairach.log
reading input volume 'norm.mgz'...
reading GCA '/opt/freesurfer/average/RB_all_2016-05-10.vc700.gca'...
label assignment complete, 0 changed (0.00%)
det(m_affine) = 0.91 (predicted orig area = 8.8)
label assignment complete, 0 changed (0.00%)
freeing gibbs priors...done.
average std[0] = 5.0
**************** pass 1 of 1 ************************
enabling zero nodes
setting smoothness coefficient to 0.039
blurring input image with Gaussian with sigma=2.000...
0000: dt=0.000, rms=0.878, neg=0, invalid=762
0001: dt=324.752085, rms=0.798 (9.106%), neg=0, invalid=762
0002: dt=245.050674, rms=0.778 (2.493%), neg=0, invalid=762
0003: dt=186.469136, rms=0.772 (0.822%), neg=0, invalid=762
0004: dt=517.888000, rms=0.766 (0.787%), neg=0, invalid=762
0005: dt=153.600000, rms=0.762 (0.525%), neg=0, invalid=762
slurmstepd: error: *** JOB 31390764 ON wbn232 CANCELLED AT 2022-11-17T18:30:09 ***
