Building DAG of jobs...
Using shell: /usr/bin/bash
Provided cores: 2
Rules claiming more threads will be scaled down.
Provided resources: mem_mb=4000, mem_mib=3815, disk_mb=1000, disk_mib=954, cpus=2, time_min=60, gpu=0
Select jobs to execute...

[Fri Apr  7 08:01:56 2023]
rule heudiconv:
    input: /nesi/nobackup/uoa03264/fMRIpipeline_data/processed_test_cross/tidy/sub_rugby1/ses_b
    output: /nesi/nobackup/uoa03264/fMRIpipeline_data/processed_test_cross/bids/sub-rugby1/ses-b, /nesi/nobackup/uoa03264/fMRIpipeline_data/processed_test_cross/bids/.heudiconv/rugby1/ses-b
    jobid: 0
    reason: Missing output files: /nesi/nobackup/uoa03264/fMRIpipeline_data/processed_test_cross/bids/sub-rugby1/ses-b, /nesi/nobackup/uoa03264/fMRIpipeline_data/processed_test_cross/bids/.heudiconv/rugby1/ses-b
    wildcards: resultsdir=/nesi/nobackup/uoa03264/fMRIpipeline_data/processed_test_cross, subject=rugby1, session=b
    resources: mem_mb=4000, mem_mib=3815, disk_mb=1000, disk_mib=954, tmpdir=/dev/shm/jobs/33961881, cpus=2, time_min=60, gpu=0

heudiconv --dicom_dir_template '/nesi/nobackup/uoa03264/fMRIpipeline_data/processed_test_cross/tidy/sub_{subject}/ses_{session}/*/*' --outdir /nesi/nobackup/uoa03264/fMRIpipeline_data/processed_test_cross/bids --heuristic scripts/heuristic.py --subjects rugby1 --ses b --converter dcm2niix --bids --overwrite
Activating singularity image /scale_wlg_persistent/filesets/project/uoa03264/fmri_workflow/.snakemake/singularity/10b2306ed15c5efc917232958423bfe6.simg
INFO: Running heudiconv version 0.11.4.post18+g1fe815b.d20221025 latest 0.12.2
INFO: Need to process 1 study sessions
INFO: PROCESSING STARTS: {'subject': 'rugby1', 'outdir': '/nesi/nobackup/uoa03264/fMRIpipeline_data/processed_test_cross/bids/', 'session': 'b'}
INFO: Processing 10700 dicoms
INFO: Analyzing 10700 dicoms
INFO: Generated sequence info for 2 studies with 10700 entries total
INFO: Doing conversion using dcm2niix
INFO: Converting /nesi/nobackup/uoa03264/fMRIpipeline_data/processed_test_cross/bids/sub-rugby1/ses-b/anat/sub-rugby1_ses-b_run-001_T1w (300 DICOMs) -> /nesi/nobackup/uoa03264/fMRIpipeline_data/processed_test_cross/bids/sub-rugby1/ses-b/anat . Converter: dcm2niix . Output types: ('nii.gz',)
230406-20:06:26,43 nipype.workflow INFO:
	 [Node] Setting-up "convert" in "/tmp/dcm2niix1ncqo0gw/convert".
INFO: [Node] Setting-up "convert" in "/tmp/dcm2niix1ncqo0gw/convert".
230406-20:06:26,265 nipype.workflow INFO:
	 [Node] Executing "convert" <nipype.interfaces.dcm2nii.Dcm2niix>
INFO: [Node] Executing "convert" <nipype.interfaces.dcm2nii.Dcm2niix>
230406-20:06:28,865 nipype.interface INFO:
	 stdout 2023-04-06T20:06:28.865350:Chris Rorden's dcm2niiX version v1.0.20220720  (JP2:OpenJPEG) (JP-LS:CharLS) GCC10.2.1 x86-64 (64-bit Linux)
INFO: stdout 2023-04-06T20:06:28.865350:Chris Rorden's dcm2niiX version v1.0.20220720  (JP2:OpenJPEG) (JP-LS:CharLS) GCC10.2.1 x86-64 (64-bit Linux)
230406-20:06:28,865 nipype.interface INFO:
	 stdout 2023-04-06T20:06:28.865350:Found 300 DICOM file(s)
INFO: stdout 2023-04-06T20:06:28.865350:Found 300 DICOM file(s)
230406-20:06:28,865 nipype.interface INFO:
	 stdout 2023-04-06T20:06:28.865350:Resolved discrepancy between tags (0020,1002; 0021,104F; 0054,0081)
INFO: stdout 2023-04-06T20:06:28.865350:Resolved discrepancy between tags (0020,1002; 0021,104F; 0054,0081)
230406-20:06:28,865 nipype.interface INFO:
	 stdout 2023-04-06T20:06:28.865350:Convert 300 DICOM as /nesi/nobackup/uoa03264/fMRIpipeline_data/processed_test_cross/bids/sub-rugby1/ses-b/anat/sub-rugby1_ses-b_run-001_T1w_heudiconv089 (512x512x300x1)
INFO: stdout 2023-04-06T20:06:28.865350:Convert 300 DICOM as /nesi/nobackup/uoa03264/fMRIpipeline_data/processed_test_cross/bids/sub-rugby1/ses-b/anat/sub-rugby1_ses-b_run-001_T1w_heudiconv089 (512x512x300x1)
230406-20:06:35,216 nipype.interface INFO:
	 stdout 2023-04-06T20:06:35.216923:Compress: "/usr/bin/pigz" -b 960 -n -f -6 "/nesi/nobackup/uoa03264/fMRIpipeline_data/processed_test_cross/bids/sub-rugby1/ses-b/anat/sub-rugby1_ses-b_run-001_T1w_heudiconv089.nii"
INFO: stdout 2023-04-06T20:06:35.216923:Compress: "/usr/bin/pigz" -b 960 -n -f -6 "/nesi/nobackup/uoa03264/fMRIpipeline_data/processed_test_cross/bids/sub-rugby1/ses-b/anat/sub-rugby1_ses-b_run-001_T1w_heudiconv089.nii"
230406-20:06:35,218 nipype.interface INFO:
	 stdout 2023-04-06T20:06:35.216923:Conversion required 8.735315 seconds (0.574222 for core code).
INFO: stdout 2023-04-06T20:06:35.216923:Conversion required 8.735315 seconds (0.574222 for core code).
230406-20:06:35,240 nipype.workflow INFO:
	 [Node] Finished "convert", elapsed time 8.768804s.
INFO: [Node] Finished "convert", elapsed time 8.768804s.
WARNING: Failed to find task field in /nesi/nobackup/uoa03264/fMRIpipeline_data/processed_test_cross/bids/sub-rugby1/ses-b/anat/sub-rugby1_ses-b_run-001_T1w.json.
230406-20:06:35,283 nipype.workflow INFO:
	 [Node] Setting-up "embedder" in "/tmp/embedmetae9rrv6gu/embedder".
INFO: [Node] Setting-up "embedder" in "/tmp/embedmetae9rrv6gu/embedder".
230406-20:06:35,399 nipype.workflow INFO:
	 [Node] Executing "embedder" <nipype.interfaces.utility.wrappers.Function>
INFO: [Node] Executing "embedder" <nipype.interfaces.utility.wrappers.Function>
/opt/miniconda-py39_4.12.0/lib/python3.9/site-packages/pydicom/valuerep.py:290: UserWarning: The value length (32) exceeds the maximum length of 16 allowed for VR SH.
  warnings.warn(msg)
230406-20:06:40,607 nipype.workflow INFO:
	 [Node] Finished "embedder", elapsed time 5.207192s.
INFO: [Node] Finished "embedder", elapsed time 5.207192s.
INFO: Post-treating /nesi/nobackup/uoa03264/fMRIpipeline_data/processed_test_cross/bids/sub-rugby1/ses-b/anat/sub-rugby1_ses-b_run-001_T1w.json file
INFO: Converting /nesi/nobackup/uoa03264/fMRIpipeline_data/processed_test_cross/bids/sub-rugby1/ses-b/func/sub-rugby1_ses-b_task-rest_run-001_bold (10400 DICOMs) -> /nesi/nobackup/uoa03264/fMRIpipeline_data/processed_test_cross/bids/sub-rugby1/ses-b/func . Converter: dcm2niix . Output types: ('nii.gz',)
230406-20:06:42,197 nipype.workflow INFO:
	 [Node] Setting-up "convert" in "/tmp/dcm2niix9dhvd628/convert".
INFO: [Node] Setting-up "convert" in "/tmp/dcm2niix9dhvd628/convert".
230406-20:06:50,392 nipype.workflow INFO:
	 [Node] Executing "convert" <nipype.interfaces.dcm2nii.Dcm2niix>
INFO: [Node] Executing "convert" <nipype.interfaces.dcm2nii.Dcm2niix>
230406-20:06:59,89 nipype.interface INFO:
	 stdout 2023-04-06T20:06:59.089527:Chris Rorden's dcm2niiX version v1.0.20220720  (JP2:OpenJPEG) (JP-LS:CharLS) GCC10.2.1 x86-64 (64-bit Linux)
INFO: stdout 2023-04-06T20:06:59.089527:Chris Rorden's dcm2niiX version v1.0.20220720  (JP2:OpenJPEG) (JP-LS:CharLS) GCC10.2.1 x86-64 (64-bit Linux)
230406-20:06:59,89 nipype.interface INFO:
	 stdout 2023-04-06T20:06:59.089527:Found 10400 DICOM file(s)
INFO: stdout 2023-04-06T20:06:59.089527:Found 10400 DICOM file(s)
230406-20:06:59,89 nipype.interface INFO:
	 stdout 2023-04-06T20:06:59.089527:Warning: Unable to determine slice times for early GE HyperBand.
INFO: stdout 2023-04-06T20:06:59.089527:Warning: Unable to determine slice times for early GE HyperBand.
230406-20:06:59,89 nipype.interface INFO:
	 stdout 2023-04-06T20:06:59.089527:Convert 10400 DICOM as /nesi/nobackup/uoa03264/fMRIpipeline_data/processed_test_cross/bids/sub-rugby1/ses-b/func/sub-rugby1_ses-b_task-rest_run-001_bold_heudiconv122 (64x64x52x200)
INFO: stdout 2023-04-06T20:06:59.089527:Convert 10400 DICOM as /nesi/nobackup/uoa03264/fMRIpipeline_data/processed_test_cross/bids/sub-rugby1/ses-b/func/sub-rugby1_ses-b_task-rest_run-001_bold_heudiconv122 (64x64x52x200)
230406-20:07:02,814 nipype.interface INFO:
	 stdout 2023-04-06T20:07:02.814801:Compress: "/usr/bin/pigz" -b 960 -n -f -6 "/nesi/nobackup/uoa03264/fMRIpipeline_data/processed_test_cross/bids/sub-rugby1/ses-b/func/sub-rugby1_ses-b_task-rest_run-001_bold_heudiconv122.nii"
INFO: stdout 2023-04-06T20:07:02.814801:Compress: "/usr/bin/pigz" -b 960 -n -f -6 "/nesi/nobackup/uoa03264/fMRIpipeline_data/processed_test_cross/bids/sub-rugby1/ses-b/func/sub-rugby1_ses-b_task-rest_run-001_bold_heudiconv122.nii"
230406-20:07:02,815 nipype.interface INFO:
	 stdout 2023-04-06T20:07:02.814801:Conversion required 12.395109 seconds (4.210459 for core code).
INFO: stdout 2023-04-06T20:07:02.814801:Conversion required 12.395109 seconds (4.210459 for core code).
230406-20:07:02,872 nipype.workflow INFO:
	 [Node] Finished "convert", elapsed time 12.47817s.
INFO: [Node] Finished "convert", elapsed time 12.47817s.
230406-20:07:03,433 nipype.workflow INFO:
	 [Node] Setting-up "embedder" in "/tmp/embedmetarmld3xvo/embedder".
INFO: [Node] Setting-up "embedder" in "/tmp/embedmetarmld3xvo/embedder".
230406-20:07:05,597 nipype.workflow INFO:
	 [Node] Executing "embedder" <nipype.interfaces.utility.wrappers.Function>
INFO: [Node] Executing "embedder" <nipype.interfaces.utility.wrappers.Function>
230406-20:10:07,436 nipype.workflow INFO:
	 [Node] Finished "embedder", elapsed time 181.837603s.
INFO: [Node] Finished "embedder", elapsed time 181.837603s.
INFO: Post-treating /nesi/nobackup/uoa03264/fMRIpipeline_data/processed_test_cross/bids/sub-rugby1/ses-b/func/sub-rugby1_ses-b_task-rest_run-001_bold.json file
INFO: Populating template files under /nesi/nobackup/uoa03264/fMRIpipeline_data/processed_test_cross/bids/
INFO: PROCESSING DONE: {'subject': 'rugby1', 'outdir': '/nesi/nobackup/uoa03264/fMRIpipeline_data/processed_test_cross/bids/', 'session': 'b'}
[Fri Apr  7 08:10:09 2023]
Finished job 0.
1 of 1 steps (100%) done
