Building DAG of jobs...
Using shell: /usr/bin/bash
Provided cores: 2
Rules claiming more threads will be scaled down.
Select jobs to execute...

[Sun Dec 11 11:55:32 2022]
rule heudiconv:
    input: /nesi/nobackup/uoa03264/fMRIpipeline_data/processed_test_long/tidy/sub_rugby1/ses_b/.completed
    output: /nesi/nobackup/uoa03264/fMRIpipeline_data/processed_test_long/bids/sub-rugby1/ses-b, /nesi/nobackup/uoa03264/fMRIpipeline_data/processed_test_long/bids/.heudiconv/rugby1/ses-b
    jobid: 0
    wildcards: resultsdir=/nesi/nobackup/uoa03264/fMRIpipeline_data/processed_test_long, subject=rugby1, session=b
    resources: mem_mb=4000, disk_mb=1000, tmpdir=/dev/shm/jobs/31894145, cpus=2, time_min=60, gpu=0

heudiconv --dicom_dir_template '/nesi/nobackup/uoa03264/fMRIpipeline_data/processed_test_long/tidy/sub_{subject}/ses_{session}/*/*' --outdir /nesi/nobackup/uoa03264/fMRIpipeline_data/processed_test_long/bids --heuristic scripts/heuristic.py --subjects rugby1 --ses b --converter dcm2niix --bids --overwrite
Activating singularity image /scale_wlg_persistent/filesets/project/uoa03264/fmri_workflow/.snakemake/singularity/10b2306ed15c5efc917232958423bfe6.simg
INFO: Running heudiconv version 0.11.4.post18+g1fe815b.d20221025 latest 0.11.6
INFO: Need to process 1 study sessions
INFO: PROCESSING STARTS: {'subject': 'rugby1', 'outdir': '/nesi/nobackup/uoa03264/fMRIpipeline_data/processed_test_long/bids/', 'session': 'b'}
INFO: Processing 10700 dicoms
INFO: Analyzing 10700 dicoms
INFO: Generated sequence info for 2 studies with 10700 entries total
INFO: Doing conversion using dcm2niix
INFO: Converting /nesi/nobackup/uoa03264/fMRIpipeline_data/processed_test_long/bids/sub-rugby1/ses-b/anat/sub-rugby1_ses-b_run-001_T1w (300 DICOMs) -> /nesi/nobackup/uoa03264/fMRIpipeline_data/processed_test_long/bids/sub-rugby1/ses-b/anat . Converter: dcm2niix . Output types: ('nii.gz',)
221211-12:00:23,811 nipype.workflow INFO:
	 [Node] Setting-up "convert" in "/dev/shm/jobs/31894145/dcm2niix_woaklbf/convert".
INFO: [Node] Setting-up "convert" in "/dev/shm/jobs/31894145/dcm2niix_woaklbf/convert".
221211-12:00:23,952 nipype.workflow INFO:
	 [Node] Executing "convert" <nipype.interfaces.dcm2nii.Dcm2niix>
INFO: [Node] Executing "convert" <nipype.interfaces.dcm2nii.Dcm2niix>
221211-12:00:24,486 nipype.interface INFO:
	 stdout 2022-12-11T12:00:24.485926:Chris Rorden's dcm2niiX version v1.0.20220720  (JP2:OpenJPEG) (JP-LS:CharLS) GCC10.2.1 x86-64 (64-bit Linux)
INFO: stdout 2022-12-11T12:00:24.485926:Chris Rorden's dcm2niiX version v1.0.20220720  (JP2:OpenJPEG) (JP-LS:CharLS) GCC10.2.1 x86-64 (64-bit Linux)
221211-12:00:24,487 nipype.interface INFO:
	 stdout 2022-12-11T12:00:24.485926:Found 300 DICOM file(s)
INFO: stdout 2022-12-11T12:00:24.485926:Found 300 DICOM file(s)
221211-12:00:24,487 nipype.interface INFO:
	 stdout 2022-12-11T12:00:24.485926:Resolved discrepancy between tags (0020,1002; 0021,104F; 0054,0081)
INFO: stdout 2022-12-11T12:00:24.485926:Resolved discrepancy between tags (0020,1002; 0021,104F; 0054,0081)
221211-12:00:24,487 nipype.interface INFO:
	 stdout 2022-12-11T12:00:24.485926:Convert 300 DICOM as /nesi/nobackup/uoa03264/fMRIpipeline_data/processed_test_long/bids/sub-rugby1/ses-b/anat/sub-rugby1_ses-b_run-001_T1w_heudiconv066 (512x512x300x1)
INFO: stdout 2022-12-11T12:00:24.485926:Convert 300 DICOM as /nesi/nobackup/uoa03264/fMRIpipeline_data/processed_test_long/bids/sub-rugby1/ses-b/anat/sub-rugby1_ses-b_run-001_T1w_heudiconv066 (512x512x300x1)
221211-12:00:32,415 nipype.interface INFO:
	 stdout 2022-12-11T12:00:32.415000:Compress: "/usr/bin/pigz" -b 960 -n -f -6 "/nesi/nobackup/uoa03264/fMRIpipeline_data/processed_test_long/bids/sub-rugby1/ses-b/anat/sub-rugby1_ses-b_run-001_T1w_heudiconv066.nii"
INFO: stdout 2022-12-11T12:00:32.415000:Compress: "/usr/bin/pigz" -b 960 -n -f -6 "/nesi/nobackup/uoa03264/fMRIpipeline_data/processed_test_long/bids/sub-rugby1/ses-b/anat/sub-rugby1_ses-b_run-001_T1w_heudiconv066.nii"
221211-12:00:32,418 nipype.interface INFO:
	 stdout 2022-12-11T12:00:32.415000:Conversion required 8.191923 seconds (0.805489 for core code).
INFO: stdout 2022-12-11T12:00:32.415000:Conversion required 8.191923 seconds (0.805489 for core code).
221211-12:00:32,513 nipype.workflow INFO:
	 [Node] Finished "convert", elapsed time 8.329297s.
INFO: [Node] Finished "convert", elapsed time 8.329297s.
WARNING: Failed to find task field in /nesi/nobackup/uoa03264/fMRIpipeline_data/processed_test_long/bids/sub-rugby1/ses-b/anat/sub-rugby1_ses-b_run-001_T1w.json.
221211-12:00:32,553 nipype.workflow INFO:
	 [Node] Setting-up "embedder" in "/dev/shm/jobs/31894145/embedmetain0sx0g9/embedder".
INFO: [Node] Setting-up "embedder" in "/dev/shm/jobs/31894145/embedmetain0sx0g9/embedder".
221211-12:00:32,595 nipype.workflow INFO:
	 [Node] Executing "embedder" <nipype.interfaces.utility.wrappers.Function>
INFO: [Node] Executing "embedder" <nipype.interfaces.utility.wrappers.Function>
/opt/miniconda-py39_4.12.0/lib/python3.9/site-packages/pydicom/valuerep.py:290: UserWarning: The value length (32) exceeds the maximum length of 16 allowed for VR SH.
  warnings.warn(msg)
221211-12:00:40,290 nipype.workflow INFO:
	 [Node] Finished "embedder", elapsed time 7.691654s.
INFO: [Node] Finished "embedder", elapsed time 7.691654s.
INFO: Post-treating /nesi/nobackup/uoa03264/fMRIpipeline_data/processed_test_long/bids/sub-rugby1/ses-b/anat/sub-rugby1_ses-b_run-001_T1w.json file
INFO: Converting /nesi/nobackup/uoa03264/fMRIpipeline_data/processed_test_long/bids/sub-rugby1/ses-b/func/sub-rugby1_ses-b_task-rest_run-001_bold (10400 DICOMs) -> /nesi/nobackup/uoa03264/fMRIpipeline_data/processed_test_long/bids/sub-rugby1/ses-b/func . Converter: dcm2niix . Output types: ('nii.gz',)
221211-12:00:40,869 nipype.workflow INFO:
	 [Node] Setting-up "convert" in "/dev/shm/jobs/31894145/dcm2niixuuwkpepc/convert".
INFO: [Node] Setting-up "convert" in "/dev/shm/jobs/31894145/dcm2niixuuwkpepc/convert".
221211-12:00:45,694 nipype.workflow INFO:
	 [Node] Executing "convert" <nipype.interfaces.dcm2nii.Dcm2niix>
INFO: [Node] Executing "convert" <nipype.interfaces.dcm2nii.Dcm2niix>
221211-12:00:49,948 nipype.interface INFO:
	 stdout 2022-12-11T12:00:49.947735:Chris Rorden's dcm2niiX version v1.0.20220720  (JP2:OpenJPEG) (JP-LS:CharLS) GCC10.2.1 x86-64 (64-bit Linux)
INFO: stdout 2022-12-11T12:00:49.947735:Chris Rorden's dcm2niiX version v1.0.20220720  (JP2:OpenJPEG) (JP-LS:CharLS) GCC10.2.1 x86-64 (64-bit Linux)
221211-12:00:49,948 nipype.interface INFO:
	 stdout 2022-12-11T12:00:49.947735:Found 10400 DICOM file(s)
INFO: stdout 2022-12-11T12:00:49.947735:Found 10400 DICOM file(s)
221211-12:00:49,949 nipype.interface INFO:
	 stdout 2022-12-11T12:00:49.947735:Warning: Unable to determine slice times for early GE HyperBand.
INFO: stdout 2022-12-11T12:00:49.947735:Warning: Unable to determine slice times for early GE HyperBand.
221211-12:00:49,949 nipype.interface INFO:
	 stdout 2022-12-11T12:00:49.947735:Convert 10400 DICOM as /nesi/nobackup/uoa03264/fMRIpipeline_data/processed_test_long/bids/sub-rugby1/ses-b/func/sub-rugby1_ses-b_task-rest_run-001_bold_heudiconv769 (64x64x52x200)
INFO: stdout 2022-12-11T12:00:49.947735:Convert 10400 DICOM as /nesi/nobackup/uoa03264/fMRIpipeline_data/processed_test_long/bids/sub-rugby1/ses-b/func/sub-rugby1_ses-b_task-rest_run-001_bold_heudiconv769 (64x64x52x200)
221211-12:00:54,517 nipype.interface INFO:
	 stdout 2022-12-11T12:00:54.517708:Compress: "/usr/bin/pigz" -b 960 -n -f -6 "/nesi/nobackup/uoa03264/fMRIpipeline_data/processed_test_long/bids/sub-rugby1/ses-b/func/sub-rugby1_ses-b_task-rest_run-001_bold_heudiconv769.nii"
INFO: stdout 2022-12-11T12:00:54.517708:Compress: "/usr/bin/pigz" -b 960 -n -f -6 "/nesi/nobackup/uoa03264/fMRIpipeline_data/processed_test_long/bids/sub-rugby1/ses-b/func/sub-rugby1_ses-b_task-rest_run-001_bold_heudiconv769.nii"
221211-12:00:54,518 nipype.interface INFO:
	 stdout 2022-12-11T12:00:54.517708:Conversion required 8.735545 seconds (4.200282 for core code).
INFO: stdout 2022-12-11T12:00:54.517708:Conversion required 8.735545 seconds (4.200282 for core code).
221211-12:00:54,740 nipype.workflow INFO:
	 [Node] Finished "convert", elapsed time 9.043063s.
INFO: [Node] Finished "convert", elapsed time 9.043063s.
221211-12:00:55,195 nipype.workflow INFO:
	 [Node] Setting-up "embedder" in "/dev/shm/jobs/31894145/embedmetaxw0xalsz/embedder".
INFO: [Node] Setting-up "embedder" in "/dev/shm/jobs/31894145/embedmetaxw0xalsz/embedder".
221211-12:00:56,555 nipype.workflow INFO:
	 [Node] Executing "embedder" <nipype.interfaces.utility.wrappers.Function>
INFO: [Node] Executing "embedder" <nipype.interfaces.utility.wrappers.Function>
221211-12:05:18,822 nipype.workflow INFO:
	 [Node] Finished "embedder", elapsed time 262.264111s.
INFO: [Node] Finished "embedder", elapsed time 262.264111s.
INFO: Post-treating /nesi/nobackup/uoa03264/fMRIpipeline_data/processed_test_long/bids/sub-rugby1/ses-b/func/sub-rugby1_ses-b_task-rest_run-001_bold.json file
INFO: Populating template files under /nesi/nobackup/uoa03264/fMRIpipeline_data/processed_test_long/bids/
INFO: PROCESSING DONE: {'subject': 'rugby1', 'outdir': '/nesi/nobackup/uoa03264/fMRIpipeline_data/processed_test_long/bids/', 'session': 'b'}
[Sun Dec 11 12:05:23 2022]
Finished job 0.
1 of 1 steps (100%) done
