Building DAG of jobs...
Using shell: /usr/bin/bash
Provided cores: 2
Rules claiming more threads will be scaled down.
Provided resources: mem_mb=4000, mem_mib=3815, disk_mb=1000, disk_mib=954, cpus=2, time_min=60, gpu=0
Select jobs to execute...

[Sun Apr  2 10:58:33 2023]
rule heudiconv:
    input: /nesi/nobackup/uoa03264/fMRIpipeline_data/processed_test_cross/tidy/sub_ctrl18/ses_a
    output: /nesi/nobackup/uoa03264/fMRIpipeline_data/processed_test_cross/bids/sub-ctrl18/ses-a, /nesi/nobackup/uoa03264/fMRIpipeline_data/processed_test_cross/bids/.heudiconv/ctrl18/ses-a
    jobid: 0
    reason: Missing output files: /nesi/nobackup/uoa03264/fMRIpipeline_data/processed_test_cross/bids/.heudiconv/ctrl18/ses-a, /nesi/nobackup/uoa03264/fMRIpipeline_data/processed_test_cross/bids/sub-ctrl18/ses-a
    wildcards: resultsdir=/nesi/nobackup/uoa03264/fMRIpipeline_data/processed_test_cross, subject=ctrl18, session=a
    resources: mem_mb=4000, mem_mib=3815, disk_mb=1000, disk_mib=954, tmpdir=/dev/shm/jobs/33835282, cpus=2, time_min=60, gpu=0

heudiconv --dicom_dir_template '/nesi/nobackup/uoa03264/fMRIpipeline_data/processed_test_cross/tidy/sub_{subject}/ses_{session}/*/*' --outdir /nesi/nobackup/uoa03264/fMRIpipeline_data/processed_test_cross/bids --heuristic scripts/heuristic.py --subjects ctrl18 --ses a --converter dcm2niix --bids --overwrite
Activating singularity image /scale_wlg_persistent/filesets/project/uoa03264/fmri_workflow/.snakemake/singularity/10b2306ed15c5efc917232958423bfe6.simg
INFO: Running heudiconv version 0.11.4.post18+g1fe815b.d20221025 latest 0.12.2
INFO: Need to process 1 study sessions
INFO: PROCESSING STARTS: {'subject': 'ctrl18', 'outdir': '/nesi/nobackup/uoa03264/fMRIpipeline_data/processed_test_cross/bids/', 'session': 'a'}
INFO: Processing 16516 dicoms
INFO: Analyzing 16516 dicoms
INFO: Generated sequence info for 5 studies with 16516 entries total
INFO: Doing conversion using dcm2niix
INFO: Converting /nesi/nobackup/uoa03264/fMRIpipeline_data/processed_test_cross/bids/sub-ctrl18/ses-a/anat/sub-ctrl18_ses-a_run-001_T1w (320 DICOMs) -> /nesi/nobackup/uoa03264/fMRIpipeline_data/processed_test_cross/bids/sub-ctrl18/ses-a/anat . Converter: dcm2niix . Output types: ('nii.gz',)
230401-23:07:44,308 nipype.workflow INFO:
	 [Node] Setting-up "convert" in "/tmp/dcm2niixcz_as8jm/convert".
INFO: [Node] Setting-up "convert" in "/tmp/dcm2niixcz_as8jm/convert".
230401-23:07:44,594 nipype.workflow INFO:
	 [Node] Executing "convert" <nipype.interfaces.dcm2nii.Dcm2niix>
INFO: [Node] Executing "convert" <nipype.interfaces.dcm2nii.Dcm2niix>
230401-23:07:59,364 nipype.interface INFO:
	 stdout 2023-04-01T23:07:59.363916:Chris Rorden's dcm2niiX version v1.0.20220720  (JP2:OpenJPEG) (JP-LS:CharLS) GCC10.2.1 x86-64 (64-bit Linux)
INFO: stdout 2023-04-01T23:07:59.363916:Chris Rorden's dcm2niiX version v1.0.20220720  (JP2:OpenJPEG) (JP-LS:CharLS) GCC10.2.1 x86-64 (64-bit Linux)
230401-23:07:59,364 nipype.interface INFO:
	 stdout 2023-04-01T23:07:59.363916:Found 320 DICOM file(s)
INFO: stdout 2023-04-01T23:07:59.363916:Found 320 DICOM file(s)
230401-23:07:59,364 nipype.interface INFO:
	 stdout 2023-04-01T23:07:59.363916:Image Decompression is new: please validate conversions
INFO: stdout 2023-04-01T23:07:59.363916:Image Decompression is new: please validate conversions
230401-23:07:59,364 nipype.interface INFO:
	 stdout 2023-04-01T23:07:59.363916:Convert 320 DICOM as /nesi/nobackup/uoa03264/fMRIpipeline_data/processed_test_cross/bids/sub-ctrl18/ses-a/anat/sub-ctrl18_ses-a_run-001_T1w_heudiconv370 (512x512x320x1)
INFO: stdout 2023-04-01T23:07:59.363916:Convert 320 DICOM as /nesi/nobackup/uoa03264/fMRIpipeline_data/processed_test_cross/bids/sub-ctrl18/ses-a/anat/sub-ctrl18_ses-a_run-001_T1w_heudiconv370 (512x512x320x1)
230401-23:08:06,707 nipype.interface INFO:
	 stdout 2023-04-01T23:08:06.707915:Compress: "/usr/bin/pigz" -b 960 -n -f -6 "/nesi/nobackup/uoa03264/fMRIpipeline_data/processed_test_cross/bids/sub-ctrl18/ses-a/anat/sub-ctrl18_ses-a_run-001_T1w_heudiconv370.nii"
INFO: stdout 2023-04-01T23:08:06.707915:Compress: "/usr/bin/pigz" -b 960 -n -f -6 "/nesi/nobackup/uoa03264/fMRIpipeline_data/processed_test_cross/bids/sub-ctrl18/ses-a/anat/sub-ctrl18_ses-a_run-001_T1w_heudiconv370.nii"
230401-23:08:06,708 nipype.interface INFO:
	 stdout 2023-04-01T23:08:06.707915:Conversion required 22.017089 seconds (9.782641 for core code).
INFO: stdout 2023-04-01T23:08:06.707915:Conversion required 22.017089 seconds (9.782641 for core code).
230401-23:08:06,732 nipype.workflow INFO:
	 [Node] Finished "convert", elapsed time 22.055538s.
INFO: [Node] Finished "convert", elapsed time 22.055538s.
WARNING: Failed to find task field in /nesi/nobackup/uoa03264/fMRIpipeline_data/processed_test_cross/bids/sub-ctrl18/ses-a/anat/sub-ctrl18_ses-a_run-001_T1w.json.
230401-23:08:06,773 nipype.workflow INFO:
	 [Node] Setting-up "embedder" in "/tmp/embedmetafdxqjunw/embedder".
INFO: [Node] Setting-up "embedder" in "/tmp/embedmetafdxqjunw/embedder".
230401-23:08:06,885 nipype.workflow INFO:
	 [Node] Executing "embedder" <nipype.interfaces.utility.wrappers.Function>
INFO: [Node] Executing "embedder" <nipype.interfaces.utility.wrappers.Function>
230401-23:08:20,229 nipype.workflow INFO:
	 [Node] Finished "embedder", elapsed time 13.343115s.
INFO: [Node] Finished "embedder", elapsed time 13.343115s.
INFO: Post-treating /nesi/nobackup/uoa03264/fMRIpipeline_data/processed_test_cross/bids/sub-ctrl18/ses-a/anat/sub-ctrl18_ses-a_run-001_T1w.json file
INFO: Converting /nesi/nobackup/uoa03264/fMRIpipeline_data/processed_test_cross/bids/sub-ctrl18/ses-a/func/sub-ctrl18_ses-a_task-rest_run-001_bold (10400 DICOMs) -> /nesi/nobackup/uoa03264/fMRIpipeline_data/processed_test_cross/bids/sub-ctrl18/ses-a/func . Converter: dcm2niix . Output types: ('nii.gz',)
230401-23:08:25,637 nipype.workflow INFO:
	 [Node] Setting-up "convert" in "/tmp/dcm2niix142xu6b3/convert".
INFO: [Node] Setting-up "convert" in "/tmp/dcm2niix142xu6b3/convert".
230401-23:08:35,203 nipype.workflow INFO:
	 [Node] Executing "convert" <nipype.interfaces.dcm2nii.Dcm2niix>
INFO: [Node] Executing "convert" <nipype.interfaces.dcm2nii.Dcm2niix>
230401-23:12:20,583 nipype.interface INFO:
	 stdout 2023-04-01T23:12:20.582844:Chris Rorden's dcm2niiX version v1.0.20220720  (JP2:OpenJPEG) (JP-LS:CharLS) GCC10.2.1 x86-64 (64-bit Linux)
INFO: stdout 2023-04-01T23:12:20.582844:Chris Rorden's dcm2niiX version v1.0.20220720  (JP2:OpenJPEG) (JP-LS:CharLS) GCC10.2.1 x86-64 (64-bit Linux)
230401-23:12:20,583 nipype.interface INFO:
	 stdout 2023-04-01T23:12:20.582844:Found 10400 DICOM file(s)
INFO: stdout 2023-04-01T23:12:20.582844:Found 10400 DICOM file(s)
230401-23:12:20,583 nipype.interface INFO:
	 stdout 2023-04-01T23:12:20.582844:Image Decompression is new: please validate conversions
INFO: stdout 2023-04-01T23:12:20.582844:Image Decompression is new: please validate conversions
230401-23:12:20,583 nipype.interface INFO:
	 stdout 2023-04-01T23:12:20.582844:Convert 10400 DICOM as /nesi/nobackup/uoa03264/fMRIpipeline_data/processed_test_cross/bids/sub-ctrl18/ses-a/func/sub-ctrl18_ses-a_task-rest_run-001_bold_heudiconv621 (64x64x52x200)
INFO: stdout 2023-04-01T23:12:20.582844:Convert 10400 DICOM as /nesi/nobackup/uoa03264/fMRIpipeline_data/processed_test_cross/bids/sub-ctrl18/ses-a/func/sub-ctrl18_ses-a_task-rest_run-001_bold_heudiconv621 (64x64x52x200)
230401-23:12:24,549 nipype.interface INFO:
	 stdout 2023-04-01T23:12:24.549853:Compress: "/usr/bin/pigz" -b 960 -n -f -6 "/nesi/nobackup/uoa03264/fMRIpipeline_data/processed_test_cross/bids/sub-ctrl18/ses-a/func/sub-ctrl18_ses-a_task-rest_run-001_bold_heudiconv621.nii"
INFO: stdout 2023-04-01T23:12:24.549853:Compress: "/usr/bin/pigz" -b 960 -n -f -6 "/nesi/nobackup/uoa03264/fMRIpipeline_data/processed_test_cross/bids/sub-ctrl18/ses-a/func/sub-ctrl18_ses-a_task-rest_run-001_bold_heudiconv621.nii"
230401-23:12:24,550 nipype.interface INFO:
	 stdout 2023-04-01T23:12:24.549853:Conversion required 229.306105 seconds (19.873547 for core code).
INFO: stdout 2023-04-01T23:12:24.549853:Conversion required 229.306105 seconds (19.873547 for core code).
230401-23:12:24,627 nipype.workflow INFO:
	 [Node] Finished "convert", elapsed time 229.422723s.
INFO: [Node] Finished "convert", elapsed time 229.422723s.
230401-23:12:25,403 nipype.workflow INFO:
	 [Node] Setting-up "embedder" in "/tmp/embedmetap3jasu1j/embedder".
INFO: [Node] Setting-up "embedder" in "/tmp/embedmetap3jasu1j/embedder".
230401-23:12:27,755 nipype.workflow INFO:
	 [Node] Executing "embedder" <nipype.interfaces.utility.wrappers.Function>
INFO: [Node] Executing "embedder" <nipype.interfaces.utility.wrappers.Function>
230401-23:16:19,251 nipype.workflow INFO:
	 [Node] Finished "embedder", elapsed time 231.495339s.
INFO: [Node] Finished "embedder", elapsed time 231.495339s.
INFO: Post-treating /nesi/nobackup/uoa03264/fMRIpipeline_data/processed_test_cross/bids/sub-ctrl18/ses-a/func/sub-ctrl18_ses-a_task-rest_run-001_bold.json file
INFO: Converting /nesi/nobackup/uoa03264/fMRIpipeline_data/processed_test_cross/bids/sub-ctrl18/ses-a/func/sub-ctrl18_ses-a_task-rest_run-002_bold (5460 DICOMs) -> /nesi/nobackup/uoa03264/fMRIpipeline_data/processed_test_cross/bids/sub-ctrl18/ses-a/func . Converter: dcm2niix . Output types: ('nii.gz',)
230401-23:16:22,420 nipype.workflow INFO:
	 [Node] Setting-up "convert" in "/tmp/dcm2niix55a5wqzm/convert".
INFO: [Node] Setting-up "convert" in "/tmp/dcm2niix55a5wqzm/convert".
230401-23:16:28,70 nipype.workflow INFO:
	 [Node] Executing "convert" <nipype.interfaces.dcm2nii.Dcm2niix>
INFO: [Node] Executing "convert" <nipype.interfaces.dcm2nii.Dcm2niix>
230401-23:18:00,63 nipype.interface INFO:
	 stdout 2023-04-01T23:18:00.063659:Chris Rorden's dcm2niiX version v1.0.20220720  (JP2:OpenJPEG) (JP-LS:CharLS) GCC10.2.1 x86-64 (64-bit Linux)
INFO: stdout 2023-04-01T23:18:00.063659:Chris Rorden's dcm2niiX version v1.0.20220720  (JP2:OpenJPEG) (JP-LS:CharLS) GCC10.2.1 x86-64 (64-bit Linux)
230401-23:18:00,64 nipype.interface INFO:
	 stdout 2023-04-01T23:18:00.063659:Found 5460 DICOM file(s)
INFO: stdout 2023-04-01T23:18:00.063659:Found 5460 DICOM file(s)
230401-23:18:00,64 nipype.interface INFO:
	 stdout 2023-04-01T23:18:00.063659:Image Decompression is new: please validate conversions
INFO: stdout 2023-04-01T23:18:00.063659:Image Decompression is new: please validate conversions
230401-23:18:00,64 nipype.interface INFO:
	 stdout 2023-04-01T23:18:00.063659:Convert 5460 DICOM as /nesi/nobackup/uoa03264/fMRIpipeline_data/processed_test_cross/bids/sub-ctrl18/ses-a/func/sub-ctrl18_ses-a_task-rest_run-002_bold_heudiconv037 (64x64x52x105)
INFO: stdout 2023-04-01T23:18:00.063659:Convert 5460 DICOM as /nesi/nobackup/uoa03264/fMRIpipeline_data/processed_test_cross/bids/sub-ctrl18/ses-a/func/sub-ctrl18_ses-a_task-rest_run-002_bold_heudiconv037 (64x64x52x105)
230401-23:18:02,102 nipype.interface INFO:
	 stdout 2023-04-01T23:18:02.102387:Compress: "/usr/bin/pigz" -b 960 -n -f -6 "/nesi/nobackup/uoa03264/fMRIpipeline_data/processed_test_cross/bids/sub-ctrl18/ses-a/func/sub-ctrl18_ses-a_task-rest_run-002_bold_heudiconv037.nii"
INFO: stdout 2023-04-01T23:18:02.102387:Compress: "/usr/bin/pigz" -b 960 -n -f -6 "/nesi/nobackup/uoa03264/fMRIpipeline_data/processed_test_cross/bids/sub-ctrl18/ses-a/func/sub-ctrl18_ses-a_task-rest_run-002_bold_heudiconv037.nii"
230401-23:18:02,102 nipype.interface INFO:
	 stdout 2023-04-01T23:18:02.102387:Conversion required 93.901158 seconds (8.356092 for core code).
INFO: stdout 2023-04-01T23:18:02.102387:Conversion required 93.901158 seconds (8.356092 for core code).
230401-23:18:04,25 nipype.workflow INFO:
	 [Node] Finished "convert", elapsed time 95.953536s.
INFO: [Node] Finished "convert", elapsed time 95.953536s.
230401-23:18:04,365 nipype.workflow INFO:
	 [Node] Setting-up "embedder" in "/tmp/embedmeta52gtjhsd/embedder".
INFO: [Node] Setting-up "embedder" in "/tmp/embedmeta52gtjhsd/embedder".
230401-23:18:05,707 nipype.workflow INFO:
	 [Node] Executing "embedder" <nipype.interfaces.utility.wrappers.Function>
INFO: [Node] Executing "embedder" <nipype.interfaces.utility.wrappers.Function>
230401-23:19:55,231 nipype.workflow INFO:
	 [Node] Finished "embedder", elapsed time 109.523486s.
INFO: [Node] Finished "embedder", elapsed time 109.523486s.
INFO: Post-treating /nesi/nobackup/uoa03264/fMRIpipeline_data/processed_test_cross/bids/sub-ctrl18/ses-a/func/sub-ctrl18_ses-a_task-rest_run-002_bold.json file
INFO: Populating template files under /nesi/nobackup/uoa03264/fMRIpipeline_data/processed_test_cross/bids/
INFO: PROCESSING DONE: {'subject': 'ctrl18', 'outdir': '/nesi/nobackup/uoa03264/fMRIpipeline_data/processed_test_cross/bids/', 'session': 'a'}
[Sun Apr  2 11:19:56 2023]
Finished job 0.
1 of 1 steps (100%) done
