Building DAG of jobs...
Using shell: /usr/bin/bash
Provided cores: 2
Rules claiming more threads will be scaled down.
Select jobs to execute...

[Fri Dec  9 16:21:24 2022]
rule heudiconv:
    input: /nesi/nobackup/uoa03264/fMRIpipeline_data/processed_test_josh/tidy/sub_control17/ses_a/.completed
    output: /nesi/nobackup/uoa03264/fMRIpipeline_data/processed_test_josh/bids/sub-control17/ses-a, /nesi/nobackup/uoa03264/fMRIpipeline_data/processed_test_josh/bids/.heudiconv/control17/ses-a
    jobid: 0
    wildcards: resultsdir=/nesi/nobackup/uoa03264/fMRIpipeline_data/processed_test_josh, subject=control17, session=a
    resources: mem_mb=4000, disk_mb=1000, tmpdir=/dev/shm/jobs/31831366, cpus=2, time_min=60, gpu=0

heudiconv --dicom_dir_template '/nesi/nobackup/uoa03264/fMRIpipeline_data/processed_test_josh/tidy/sub_{subject}/ses_{session}/*/*' --outdir /nesi/nobackup/uoa03264/fMRIpipeline_data/processed_test_josh/bids --heuristic scripts/heuristic.py --subjects control17 --ses a --converter dcm2niix --bids --overwrite
Activating singularity image /scale_wlg_persistent/filesets/project/uoa03264/fmri_workflow/.snakemake/singularity/10b2306ed15c5efc917232958423bfe6.simg
INFO: Running heudiconv version 0.11.4.post18+g1fe815b.d20221025 latest 0.11.6
INFO: Need to process 1 study sessions
INFO: PROCESSING STARTS: {'subject': 'control17', 'outdir': '/nesi/nobackup/uoa03264/fMRIpipeline_data/processed_test_josh/bids/', 'session': 'a'}
INFO: Processing 16504 dicoms
INFO: Analyzing 16504 dicoms
INFO: Generated sequence info for 5 studies with 16504 entries total
INFO: Doing conversion using dcm2niix
INFO: Converting /nesi/nobackup/uoa03264/fMRIpipeline_data/processed_test_josh/bids/sub-control17/ses-a/anat/sub-control17_ses-a_run-001_T1w (320 DICOMs) -> /nesi/nobackup/uoa03264/fMRIpipeline_data/processed_test_josh/bids/sub-control17/ses-a/anat . Converter: dcm2niix . Output types: ('nii.gz',)
221209-16:30:05,347 nipype.workflow INFO:
	 [Node] Setting-up "convert" in "/dev/shm/jobs/31831366/dcm2niix2omv6mt3/convert".
INFO: [Node] Setting-up "convert" in "/dev/shm/jobs/31831366/dcm2niix2omv6mt3/convert".
221209-16:30:05,477 nipype.workflow INFO:
	 [Node] Executing "convert" <nipype.interfaces.dcm2nii.Dcm2niix>
INFO: [Node] Executing "convert" <nipype.interfaces.dcm2nii.Dcm2niix>
221209-16:30:17,755 nipype.interface INFO:
	 stdout 2022-12-09T16:30:17.755531:Chris Rorden's dcm2niiX version v1.0.20220720  (JP2:OpenJPEG) (JP-LS:CharLS) GCC10.2.1 x86-64 (64-bit Linux)
INFO: stdout 2022-12-09T16:30:17.755531:Chris Rorden's dcm2niiX version v1.0.20220720  (JP2:OpenJPEG) (JP-LS:CharLS) GCC10.2.1 x86-64 (64-bit Linux)
221209-16:30:17,755 nipype.interface INFO:
	 stdout 2022-12-09T16:30:17.755531:Found 320 DICOM file(s)
INFO: stdout 2022-12-09T16:30:17.755531:Found 320 DICOM file(s)
221209-16:30:17,755 nipype.interface INFO:
	 stdout 2022-12-09T16:30:17.755531:Image Decompression is new: please validate conversions
INFO: stdout 2022-12-09T16:30:17.755531:Image Decompression is new: please validate conversions
221209-16:30:17,756 nipype.interface INFO:
	 stdout 2022-12-09T16:30:17.755531:Resolved discrepancy between tags (0020,1002; 0021,104F; 0054,0081)
INFO: stdout 2022-12-09T16:30:17.755531:Resolved discrepancy between tags (0020,1002; 0021,104F; 0054,0081)
221209-16:30:17,756 nipype.interface INFO:
	 stdout 2022-12-09T16:30:17.755531:Convert 320 DICOM as /nesi/nobackup/uoa03264/fMRIpipeline_data/processed_test_josh/bids/sub-control17/ses-a/anat/sub-control17_ses-a_run-001_T1w_heudiconv393 (512x512x320x1)
INFO: stdout 2022-12-09T16:30:17.755531:Convert 320 DICOM as /nesi/nobackup/uoa03264/fMRIpipeline_data/processed_test_josh/bids/sub-control17/ses-a/anat/sub-control17_ses-a_run-001_T1w_heudiconv393 (512x512x320x1)
221209-16:30:23,666 nipype.interface INFO:
	 stdout 2022-12-09T16:30:23.666685:Compress: "/usr/bin/pigz" -b 960 -n -f -6 "/nesi/nobackup/uoa03264/fMRIpipeline_data/processed_test_josh/bids/sub-control17/ses-a/anat/sub-control17_ses-a_run-001_T1w_heudiconv393.nii"
INFO: stdout 2022-12-09T16:30:23.666685:Compress: "/usr/bin/pigz" -b 960 -n -f -6 "/nesi/nobackup/uoa03264/fMRIpipeline_data/processed_test_josh/bids/sub-control17/ses-a/anat/sub-control17_ses-a_run-001_T1w_heudiconv393.nii"
221209-16:30:23,667 nipype.interface INFO:
	 stdout 2022-12-09T16:30:23.666685:Conversion required 18.119934 seconds (9.242007 for core code).
INFO: stdout 2022-12-09T16:30:23.666685:Conversion required 18.119934 seconds (9.242007 for core code).
221209-16:30:23,689 nipype.workflow INFO:
	 [Node] Finished "convert", elapsed time 18.156404s.
INFO: [Node] Finished "convert", elapsed time 18.156404s.
WARNING: Failed to find task field in /nesi/nobackup/uoa03264/fMRIpipeline_data/processed_test_josh/bids/sub-control17/ses-a/anat/sub-control17_ses-a_run-001_T1w.json.
221209-16:30:23,714 nipype.workflow INFO:
	 [Node] Setting-up "embedder" in "/dev/shm/jobs/31831366/embedmetaght_8lbr/embedder".
INFO: [Node] Setting-up "embedder" in "/dev/shm/jobs/31831366/embedmetaght_8lbr/embedder".
221209-16:30:23,754 nipype.workflow INFO:
	 [Node] Executing "embedder" <nipype.interfaces.utility.wrappers.Function>
INFO: [Node] Executing "embedder" <nipype.interfaces.utility.wrappers.Function>
/opt/miniconda-py39_4.12.0/lib/python3.9/site-packages/pydicom/valuerep.py:290: UserWarning: The value length (32) exceeds the maximum length of 16 allowed for VR SH.
  warnings.warn(msg)
221209-16:30:36,83 nipype.workflow INFO:
	 [Node] Finished "embedder", elapsed time 12.328394s.
INFO: [Node] Finished "embedder", elapsed time 12.328394s.
INFO: Post-treating /nesi/nobackup/uoa03264/fMRIpipeline_data/processed_test_josh/bids/sub-control17/ses-a/anat/sub-control17_ses-a_run-001_T1w.json file
INFO: Converting /nesi/nobackup/uoa03264/fMRIpipeline_data/processed_test_josh/bids/sub-control17/ses-a/func/sub-control17_ses-a_task-rest_run-001_bold (10400 DICOMs) -> /nesi/nobackup/uoa03264/fMRIpipeline_data/processed_test_josh/bids/sub-control17/ses-a/func . Converter: dcm2niix . Output types: ('nii.gz',)
221209-16:30:37,642 nipype.workflow INFO:
	 [Node] Setting-up "convert" in "/dev/shm/jobs/31831366/dcm2niixu7diiw8m/convert".
INFO: [Node] Setting-up "convert" in "/dev/shm/jobs/31831366/dcm2niixu7diiw8m/convert".
221209-16:30:42,55 nipype.workflow INFO:
	 [Node] Executing "convert" <nipype.interfaces.dcm2nii.Dcm2niix>
INFO: [Node] Executing "convert" <nipype.interfaces.dcm2nii.Dcm2niix>
221209-16:31:54,736 nipype.interface INFO:
	 stdout 2022-12-09T16:31:54.736038:Chris Rorden's dcm2niiX version v1.0.20220720  (JP2:OpenJPEG) (JP-LS:CharLS) GCC10.2.1 x86-64 (64-bit Linux)
INFO: stdout 2022-12-09T16:31:54.736038:Chris Rorden's dcm2niiX version v1.0.20220720  (JP2:OpenJPEG) (JP-LS:CharLS) GCC10.2.1 x86-64 (64-bit Linux)
221209-16:31:54,736 nipype.interface INFO:
	 stdout 2022-12-09T16:31:54.736038:Found 10400 DICOM file(s)
INFO: stdout 2022-12-09T16:31:54.736038:Found 10400 DICOM file(s)
221209-16:31:54,736 nipype.interface INFO:
	 stdout 2022-12-09T16:31:54.736038:Image Decompression is new: please validate conversions
INFO: stdout 2022-12-09T16:31:54.736038:Image Decompression is new: please validate conversions
221209-16:31:54,736 nipype.interface INFO:
	 stdout 2022-12-09T16:31:54.736038:Warning: Unable to determine slice times for early GE HyperBand.
INFO: stdout 2022-12-09T16:31:54.736038:Warning: Unable to determine slice times for early GE HyperBand.
221209-16:31:54,736 nipype.interface INFO:
	 stdout 2022-12-09T16:31:54.736038:Convert 10400 DICOM as /nesi/nobackup/uoa03264/fMRIpipeline_data/processed_test_josh/bids/sub-control17/ses-a/func/sub-control17_ses-a_task-rest_run-001_bold_heudiconv993 (64x64x52x200)
INFO: stdout 2022-12-09T16:31:54.736038:Convert 10400 DICOM as /nesi/nobackup/uoa03264/fMRIpipeline_data/processed_test_josh/bids/sub-control17/ses-a/func/sub-control17_ses-a_task-rest_run-001_bold_heudiconv993 (64x64x52x200)
221209-16:31:58,753 nipype.interface INFO:
	 stdout 2022-12-09T16:31:58.753803:Compress: "/usr/bin/pigz" -b 960 -n -f -6 "/nesi/nobackup/uoa03264/fMRIpipeline_data/processed_test_josh/bids/sub-control17/ses-a/func/sub-control17_ses-a_task-rest_run-001_bold_heudiconv993.nii"
INFO: stdout 2022-12-09T16:31:58.753803:Compress: "/usr/bin/pigz" -b 960 -n -f -6 "/nesi/nobackup/uoa03264/fMRIpipeline_data/processed_test_josh/bids/sub-control17/ses-a/func/sub-control17_ses-a_task-rest_run-001_bold_heudiconv993.nii"
221209-16:31:58,754 nipype.interface INFO:
	 stdout 2022-12-09T16:31:58.753803:Conversion required 76.666123 seconds (11.172350 for core code).
INFO: stdout 2022-12-09T16:31:58.753803:Conversion required 76.666123 seconds (11.172350 for core code).
221209-16:31:58,805 nipype.workflow INFO:
	 [Node] Finished "convert", elapsed time 76.748364s.
INFO: [Node] Finished "convert", elapsed time 76.748364s.
221209-16:31:59,133 nipype.workflow INFO:
	 [Node] Setting-up "embedder" in "/dev/shm/jobs/31831366/embedmeta8k8_wt8v/embedder".
INFO: [Node] Setting-up "embedder" in "/dev/shm/jobs/31831366/embedmeta8k8_wt8v/embedder".
221209-16:32:00,319 nipype.workflow INFO:
	 [Node] Executing "embedder" <nipype.interfaces.utility.wrappers.Function>
INFO: [Node] Executing "embedder" <nipype.interfaces.utility.wrappers.Function>
221209-16:35:04,998 nipype.workflow INFO:
	 [Node] Finished "embedder", elapsed time 184.677739s.
INFO: [Node] Finished "embedder", elapsed time 184.677739s.
INFO: Post-treating /nesi/nobackup/uoa03264/fMRIpipeline_data/processed_test_josh/bids/sub-control17/ses-a/func/sub-control17_ses-a_task-rest_run-001_bold.json file
INFO: Converting /nesi/nobackup/uoa03264/fMRIpipeline_data/processed_test_josh/bids/sub-control17/ses-a/func/sub-control17_ses-a_task-rest_run-002_bold (5460 DICOMs) -> /nesi/nobackup/uoa03264/fMRIpipeline_data/processed_test_josh/bids/sub-control17/ses-a/func . Converter: dcm2niix . Output types: ('nii.gz',)
221209-16:35:06,54 nipype.workflow INFO:
	 [Node] Setting-up "convert" in "/dev/shm/jobs/31831366/dcm2niixdxkny999/convert".
INFO: [Node] Setting-up "convert" in "/dev/shm/jobs/31831366/dcm2niixdxkny999/convert".
221209-16:35:08,342 nipype.workflow INFO:
	 [Node] Executing "convert" <nipype.interfaces.dcm2nii.Dcm2niix>
INFO: [Node] Executing "convert" <nipype.interfaces.dcm2nii.Dcm2niix>
221209-16:36:03,950 nipype.interface INFO:
	 stdout 2022-12-09T16:36:03.950037:Chris Rorden's dcm2niiX version v1.0.20220720  (JP2:OpenJPEG) (JP-LS:CharLS) GCC10.2.1 x86-64 (64-bit Linux)
INFO: stdout 2022-12-09T16:36:03.950037:Chris Rorden's dcm2niiX version v1.0.20220720  (JP2:OpenJPEG) (JP-LS:CharLS) GCC10.2.1 x86-64 (64-bit Linux)
221209-16:36:03,950 nipype.interface INFO:
	 stdout 2022-12-09T16:36:03.950037:Found 5460 DICOM file(s)
INFO: stdout 2022-12-09T16:36:03.950037:Found 5460 DICOM file(s)
221209-16:36:03,950 nipype.interface INFO:
	 stdout 2022-12-09T16:36:03.950037:Image Decompression is new: please validate conversions
INFO: stdout 2022-12-09T16:36:03.950037:Image Decompression is new: please validate conversions
221209-16:36:03,950 nipype.interface INFO:
	 stdout 2022-12-09T16:36:03.950037:Convert 5460 DICOM as /nesi/nobackup/uoa03264/fMRIpipeline_data/processed_test_josh/bids/sub-control17/ses-a/func/sub-control17_ses-a_task-rest_run-002_bold_heudiconv463 (64x64x52x105)
INFO: stdout 2022-12-09T16:36:03.950037:Convert 5460 DICOM as /nesi/nobackup/uoa03264/fMRIpipeline_data/processed_test_josh/bids/sub-control17/ses-a/func/sub-control17_ses-a_task-rest_run-002_bold_heudiconv463 (64x64x52x105)
221209-16:36:06,79 nipype.interface INFO:
	 stdout 2022-12-09T16:36:06.079309:Compress: "/usr/bin/pigz" -b 960 -n -f -6 "/nesi/nobackup/uoa03264/fMRIpipeline_data/processed_test_josh/bids/sub-control17/ses-a/func/sub-control17_ses-a_task-rest_run-002_bold_heudiconv463.nii"
INFO: stdout 2022-12-09T16:36:06.079309:Compress: "/usr/bin/pigz" -b 960 -n -f -6 "/nesi/nobackup/uoa03264/fMRIpipeline_data/processed_test_josh/bids/sub-control17/ses-a/func/sub-control17_ses-a_task-rest_run-002_bold_heudiconv463.nii"
221209-16:36:06,79 nipype.interface INFO:
	 stdout 2022-12-09T16:36:06.079309:Conversion required 57.562435 seconds (6.499227 for core code).
INFO: stdout 2022-12-09T16:36:06.079309:Conversion required 57.562435 seconds (6.499227 for core code).
221209-16:36:07,499 nipype.workflow INFO:
	 [Node] Finished "convert", elapsed time 59.155553s.
INFO: [Node] Finished "convert", elapsed time 59.155553s.
221209-16:36:07,683 nipype.workflow INFO:
	 [Node] Setting-up "embedder" in "/dev/shm/jobs/31831366/embedmetaz8elc2t3/embedder".
INFO: [Node] Setting-up "embedder" in "/dev/shm/jobs/31831366/embedmetaz8elc2t3/embedder".
221209-16:36:08,311 nipype.workflow INFO:
	 [Node] Executing "embedder" <nipype.interfaces.utility.wrappers.Function>
INFO: [Node] Executing "embedder" <nipype.interfaces.utility.wrappers.Function>
221209-16:37:46,160 nipype.workflow INFO:
	 [Node] Finished "embedder", elapsed time 97.847292s.
INFO: [Node] Finished "embedder", elapsed time 97.847292s.
INFO: Post-treating /nesi/nobackup/uoa03264/fMRIpipeline_data/processed_test_josh/bids/sub-control17/ses-a/func/sub-control17_ses-a_task-rest_run-002_bold.json file
INFO: Populating template files under /nesi/nobackup/uoa03264/fMRIpipeline_data/processed_test_josh/bids/
INFO: PROCESSING DONE: {'subject': 'control17', 'outdir': '/nesi/nobackup/uoa03264/fMRIpipeline_data/processed_test_josh/bids/', 'session': 'a'}
[Fri Dec  9 16:37:47 2022]
Finished job 0.
1 of 1 steps (100%) done
