Building DAG of jobs...
Using shell: /usr/bin/bash
Provided cores: 16
Rules claiming more threads will be scaled down.
Select jobs to execute...

[Fri Dec  9 16:01:57 2022]
rule fmriprep:
    input: /nesi/nobackup/uoa03264/fMRIpipeline_data/processed_test/bids/sub-control17/ses-b, /nesi/nobackup/uoa03264/fMRIpipeline_data/processed_test/bids/derivatives/freesurfer_agg/sub-control17
    output: /nesi/nobackup/uoa03264/fMRIpipeline_data/processed_test/bids/derivatives/fmriprep/sub-control17
    jobid: 0
    wildcards: resultsdir=/nesi/nobackup/uoa03264/fMRIpipeline_data/processed_test, subject=control17
    threads: 16
    resources: mem_mb=20000, disk_mb=1000, tmpdir=/dev/shm/jobs/31829893, cpus=16, time_min=1440, gpu=0

fmriprep /nesi/nobackup/uoa03264/fMRIpipeline_data/processed_test/bids /nesi/nobackup/uoa03264/fMRIpipeline_data/processed_test/bids/derivatives/fmriprep participant --participant-label control17 --skip-bids-validation --md-only-boilerplate --fs-license-file license.txt --fs-subjects-dir /nesi/nobackup/uoa03264/fMRIpipeline_data/processed_test/bids/derivatives/freesurfer_agg --output-spaces MNI152NLin2009cAsym:res-2 --stop-on-first-crash --low-mem --mem-mb 20000 --nprocs 16 -w /nesi/nobackup/uoa03264/fMRIpipeline_data/processed_test/work
Activating singularity image /scale_wlg_persistent/filesets/project/uoa03264/fmri_workflow/.snakemake/singularity/8ba2e11db7a36df6ed76807c131c9dc5.simg
221209-03:02:14,539 nipype.workflow IMPORTANT:
	 Running fMRIPrep version 22.0.2

         License NOTICE ##################################################
         fMRIPrep 22.0.2
         Copyright 2022 The NiPreps Developers.
         
         This product includes software developed by
         the NiPreps Community (https://nipreps.org/).
         
         Portions of this software were developed at the Department of
         Psychology at Stanford University, Stanford, CA, US.
         
         This software redistributes the versioneer Python package, which is
         Public domain source code.
         
         This software is also distributed as a Docker container image.
         The bootstraping file for the image ("Dockerfile") is licensed
         under the MIT License.
         
         This software may be distributed through an add-on package called
         "Docker Wrapper" that is under the BSD 3-clause License.
         #################################################################
221209-03:02:14,575 nipype.workflow IMPORTANT:
	 Building fMRIPrep's workflow:
           * BIDS dataset path: /nesi/nobackup/uoa03264/fMRIpipeline_data/processed_test/bids.
           * Participant list: ['control17'].
           * Run identifier: 20221209-030201_aa8f3d70-e5e8-44ad-8462-19859cf501ab.
           * Output spaces: MNI152NLin2009cAsym:res-2.
           * Pre-run FreeSurfer's SUBJECTS_DIR: /nesi/nobackup/uoa03264/fMRIpipeline_data/processed_test/bids/derivatives/freesurfer_agg.
221209-03:02:15,924 nipype.workflow INFO:
	 No single-band-reference found for sub-control17_ses-b_task-rest_run-001_bold.nii.gz.
221209-03:02:16,243 nipype.workflow INFO:
	 No single-band-reference found for sub-control17_ses-b_task-rest_run-002_bold.nii.gz.
221209-03:02:16,336 nipype.workflow IMPORTANT:
	 BOLD series will be slice-timing corrected to an offset of 0.981s.
221209-03:02:19,255 nipype.workflow INFO:
	 fMRIPrep workflow graph with 579 nodes built successfully.
221209-03:02:31,430 nipype.workflow IMPORTANT:
	 fMRIPrep started!
221209-03:02:35,658 nipype.workflow WARNING:
	 Storing result file without outputs
221209-03:02:35,662 nipype.workflow WARNING:
	 [Node] Error on "fmriprep_22_0_wf.fsdir_run_20221209_030201_aa8f3d70_e5e8_44ad_8462_19859cf501ab" (/nesi/nobackup/uoa03264/fMRIpipeline_data/processed_test/work/fmriprep_22_0_wf/fsdir_run_20221209_030201_aa8f3d70_e5e8_44ad_8462_19859cf501ab)
221209-03:02:35,665 nipype.workflow ERROR:
	 Node fsdir_run_20221209_030201_aa8f3d70_e5e8_44ad_8462_19859cf501ab failed to run on host wmc019.
221209-03:02:35,670 nipype.workflow ERROR:
	 Saving crash info to /nesi/nobackup/uoa03264/fMRIpipeline_data/processed_test/bids/derivatives/fmriprep/logs/crash-20221209-030235-jmcg465-fsdir_run_20221209_030201_aa8f3d70_e5e8_44ad_8462_19859cf501ab-c963da5d-f8af-4532-9f26-37a4df230b0f.txt
Traceback (most recent call last):
  File "/opt/conda/lib/python3.9/site-packages/nipype/pipeline/plugins/multiproc.py", line 344, in _send_procs_to_workers
    self.procs[jobid].run(updatehash=updatehash)
  File "/opt/conda/lib/python3.9/site-packages/nipype/pipeline/engine/nodes.py", line 527, in run
    result = self._run_interface(execute=True)
  File "/opt/conda/lib/python3.9/site-packages/nipype/pipeline/engine/nodes.py", line 645, in _run_interface
    return self._run_command(execute)
  File "/opt/conda/lib/python3.9/site-packages/nipype/pipeline/engine/nodes.py", line 771, in _run_command
    raise NodeExecutionError(msg)
nipype.pipeline.engine.nodes.NodeExecutionError: Exception raised while executing Node fsdir_run_20221209_030201_aa8f3d70_e5e8_44ad_8462_19859cf501ab.

Traceback:
	Traceback (most recent call last):
	  File "/opt/conda/lib/python3.9/site-packages/nipype/interfaces/base/core.py", line 398, in run
	    runtime = self._run_interface(runtime)
	  File "/opt/conda/lib/python3.9/site-packages/niworkflows/interfaces/bids.py", line 935, in _run_interface
	    shutil.copytree(source, dest, copy_function=shutil.copy)
	  File "/opt/conda/lib/python3.9/shutil.py", line 566, in copytree
	    return _copytree(entries=entries, src=src, dst=dst, symlinks=symlinks,
	  File "/opt/conda/lib/python3.9/shutil.py", line 522, in _copytree
	    raise Error(errors)
	shutil.Error: [('/opt/freesurfer/subjects/fsaverage/label/lh.BA6_exvivo.label', '/nesi/nobackup/uoa03264/fMRIpipeline_data/processed_test/bids/derivatives/freesurfer_agg/fsaverage/label/lh.BA6_exvivo.label', "[Errno 2] No such file or directory: '/nesi/nobackup/uoa03264/fMRIpipeline_data/processed_test/bids/derivatives/freesurfer_agg/fsaverage/label/lh.BA6_exvivo.label'")]


221209-03:02:35,684 nipype.workflow CRITICAL:
	 fMRIPrep failed: Traceback (most recent call last):
  File "/opt/conda/lib/python3.9/site-packages/nipype/pipeline/plugins/multiproc.py", line 344, in _send_procs_to_workers
    self.procs[jobid].run(updatehash=updatehash)
  File "/opt/conda/lib/python3.9/site-packages/nipype/pipeline/engine/nodes.py", line 527, in run
    result = self._run_interface(execute=True)
  File "/opt/conda/lib/python3.9/site-packages/nipype/pipeline/engine/nodes.py", line 645, in _run_interface
    return self._run_command(execute)
  File "/opt/conda/lib/python3.9/site-packages/nipype/pipeline/engine/nodes.py", line 771, in _run_command
    raise NodeExecutionError(msg)
nipype.pipeline.engine.nodes.NodeExecutionError: Exception raised while executing Node fsdir_run_20221209_030201_aa8f3d70_e5e8_44ad_8462_19859cf501ab.

Traceback:
	Traceback (most recent call last):
	  File "/opt/conda/lib/python3.9/site-packages/nipype/interfaces/base/core.py", line 398, in run
	    runtime = self._run_interface(runtime)
	  File "/opt/conda/lib/python3.9/site-packages/niworkflows/interfaces/bids.py", line 935, in _run_interface
	    shutil.copytree(source, dest, copy_function=shutil.copy)
	  File "/opt/conda/lib/python3.9/shutil.py", line 566, in copytree
	    return _copytree(entries=entries, src=src, dst=dst, symlinks=symlinks,
	  File "/opt/conda/lib/python3.9/shutil.py", line 522, in _copytree
	    raise Error(errors)
	shutil.Error: [('/opt/freesurfer/subjects/fsaverage/label/lh.BA6_exvivo.label', '/nesi/nobackup/uoa03264/fMRIpipeline_data/processed_test/bids/derivatives/freesurfer_agg/fsaverage/label/lh.BA6_exvivo.label', "[Errno 2] No such file or directory: '/nesi/nobackup/uoa03264/fMRIpipeline_data/processed_test/bids/derivatives/freesurfer_agg/fsaverage/label/lh.BA6_exvivo.label'")]


Sentry is attempting to send 1 pending error messages
Waiting up to 2 seconds
Press Ctrl-C to quit
[Fri Dec  9 16:02:36 2022]
Error in rule fmriprep:
    jobid: 0
    output: /nesi/nobackup/uoa03264/fMRIpipeline_data/processed_test/bids/derivatives/fmriprep/sub-control17
    shell:
        fmriprep /nesi/nobackup/uoa03264/fMRIpipeline_data/processed_test/bids /nesi/nobackup/uoa03264/fMRIpipeline_data/processed_test/bids/derivatives/fmriprep participant --participant-label control17 --skip-bids-validation --md-only-boilerplate --fs-license-file license.txt --fs-subjects-dir /nesi/nobackup/uoa03264/fMRIpipeline_data/processed_test/bids/derivatives/freesurfer_agg --output-spaces MNI152NLin2009cAsym:res-2 --stop-on-first-crash --low-mem --mem-mb 20000 --nprocs 16 -w /nesi/nobackup/uoa03264/fMRIpipeline_data/processed_test/work
        (one of the commands exited with non-zero exit code; note that snakemake uses bash strict mode!)

Removing output files of failed job fmriprep since they might be corrupted:
/nesi/nobackup/uoa03264/fMRIpipeline_data/processed_test/bids/derivatives/fmriprep/sub-control17
Shutting down, this might take some time.
Exiting because a job execution failed. Look above for error message
