Building DAG of jobs...
Using shell: /usr/bin/bash
Provided cores: 2
Rules claiming more threads will be scaled down.
Provided resources: mem_mb=4000, mem_mib=3815, disk_mb=1000, disk_mib=954, cpus=2, time_min=60, gpu=0
Select jobs to execute...

[Thu Mar 23 12:02:09 2023]
rule heudiconv:
    input: /nesi/nobackup/uoa03264/fMRIpipeline_data/processed_test_long/tidy/sub_rugby1/ses_a
    output: /nesi/nobackup/uoa03264/fMRIpipeline_data/processed_test_long/bids/sub-rugby1/ses-a, /nesi/nobackup/uoa03264/fMRIpipeline_data/processed_test_long/bids/.heudiconv/rugby1/ses-a
    jobid: 0
    reason: Missing output files: /nesi/nobackup/uoa03264/fMRIpipeline_data/processed_test_long/bids/.heudiconv/rugby1/ses-a, /nesi/nobackup/uoa03264/fMRIpipeline_data/processed_test_long/bids/sub-rugby1/ses-a
    wildcards: resultsdir=/nesi/nobackup/uoa03264/fMRIpipeline_data/processed_test_long, subject=rugby1, session=a
    resources: mem_mb=4000, mem_mib=3815, disk_mb=1000, disk_mib=954, tmpdir=/dev/shm/jobs/33593728, cpus=2, time_min=60, gpu=0

heudiconv --dicom_dir_template '/nesi/nobackup/uoa03264/fMRIpipeline_data/processed_test_long/tidy/sub_{subject}/ses_{session}/*/*' --outdir /nesi/nobackup/uoa03264/fMRIpipeline_data/processed_test_long/bids --heuristic scripts/heuristic.py --subjects rugby1 --ses a --converter dcm2niix --bids --overwrite
Activating singularity image /scale_wlg_persistent/filesets/project/uoa03264/fmri_workflow/.snakemake/singularity/10b2306ed15c5efc917232958423bfe6.simg
INFO: Running heudiconv version 0.11.4.post18+g1fe815b.d20221025 latest 0.12.2
INFO: Need to process 1 study sessions
INFO: PROCESSING STARTS: {'subject': 'rugby1', 'outdir': '/nesi/nobackup/uoa03264/fMRIpipeline_data/processed_test_long/bids/', 'session': 'a'}
INFO: Processing 10599 dicoms
INFO: Analyzing 10599 dicoms
INFO: Generated sequence info for 2 studies with 10599 entries total
INFO: Doing conversion using dcm2niix
INFO: Converting /nesi/nobackup/uoa03264/fMRIpipeline_data/processed_test_long/bids/sub-rugby1/ses-a/anat/sub-rugby1_ses-a_run-001_T1w (199 DICOMs) -> /nesi/nobackup/uoa03264/fMRIpipeline_data/processed_test_long/bids/sub-rugby1/ses-a/anat . Converter: dcm2niix . Output types: ('nii.gz',)
230322-23:06:55,586 nipype.workflow INFO:
	 [Node] Setting-up "convert" in "/tmp/dcm2niixwpf85xtg/convert".
INFO: [Node] Setting-up "convert" in "/tmp/dcm2niixwpf85xtg/convert".
230322-23:06:55,752 nipype.workflow INFO:
	 [Node] Executing "convert" <nipype.interfaces.dcm2nii.Dcm2niix>
INFO: [Node] Executing "convert" <nipype.interfaces.dcm2nii.Dcm2niix>
230322-23:06:57,374 nipype.interface INFO:
	 stdout 2023-03-22T23:06:57.374110:Chris Rorden's dcm2niiX version v1.0.20220720  (JP2:OpenJPEG) (JP-LS:CharLS) GCC10.2.1 x86-64 (64-bit Linux)
INFO: stdout 2023-03-22T23:06:57.374110:Chris Rorden's dcm2niiX version v1.0.20220720  (JP2:OpenJPEG) (JP-LS:CharLS) GCC10.2.1 x86-64 (64-bit Linux)
230322-23:06:57,374 nipype.interface INFO:
	 stdout 2023-03-22T23:06:57.374110:Found 199 DICOM file(s)
INFO: stdout 2023-03-22T23:06:57.374110:Found 199 DICOM file(s)
230322-23:06:57,374 nipype.interface INFO:
	 stdout 2023-03-22T23:06:57.374110:DICOM images may be missing, expected 300 spatial locations per volume, but found 199 slices.
INFO: stdout 2023-03-22T23:06:57.374110:DICOM images may be missing, expected 300 spatial locations per volume, but found 199 slices.
230322-23:06:57,374 nipype.interface INFO:
	 stdout 2023-03-22T23:06:57.374110:Convert 199 DICOM as /nesi/nobackup/uoa03264/fMRIpipeline_data/processed_test_long/bids/sub-rugby1/ses-a/anat/sub-rugby1_ses-a_run-001_T1w_heudiconv946 (512x512x199x1)
INFO: stdout 2023-03-22T23:06:57.374110:Convert 199 DICOM as /nesi/nobackup/uoa03264/fMRIpipeline_data/processed_test_long/bids/sub-rugby1/ses-a/anat/sub-rugby1_ses-a_run-001_T1w_heudiconv946 (512x512x199x1)
230322-23:07:01,609 nipype.interface INFO:
	 stdout 2023-03-22T23:07:01.609664:Compress: "/usr/bin/pigz" -b 960 -n -f -6 "/nesi/nobackup/uoa03264/fMRIpipeline_data/processed_test_long/bids/sub-rugby1/ses-a/anat/sub-rugby1_ses-a_run-001_T1w_heudiconv946.nii"
INFO: stdout 2023-03-22T23:07:01.609664:Compress: "/usr/bin/pigz" -b 960 -n -f -6 "/nesi/nobackup/uoa03264/fMRIpipeline_data/processed_test_long/bids/sub-rugby1/ses-a/anat/sub-rugby1_ses-a_run-001_T1w_heudiconv946.nii"
230322-23:07:01,611 nipype.interface INFO:
	 stdout 2023-03-22T23:07:01.609664:Conversion required 5.572491 seconds (0.398521 for core code).
INFO: stdout 2023-03-22T23:07:01.609664:Conversion required 5.572491 seconds (0.398521 for core code).
230322-23:07:01,643 nipype.workflow INFO:
	 [Node] Finished "convert", elapsed time 5.617513s.
INFO: [Node] Finished "convert", elapsed time 5.617513s.
WARNING: Failed to find task field in /nesi/nobackup/uoa03264/fMRIpipeline_data/processed_test_long/bids/sub-rugby1/ses-a/anat/sub-rugby1_ses-a_run-001_T1w.json.
230322-23:07:01,673 nipype.workflow INFO:
	 [Node] Setting-up "embedder" in "/tmp/embedmeta2xbmyxqh/embedder".
INFO: [Node] Setting-up "embedder" in "/tmp/embedmeta2xbmyxqh/embedder".
230322-23:07:01,721 nipype.workflow INFO:
	 [Node] Executing "embedder" <nipype.interfaces.utility.wrappers.Function>
INFO: [Node] Executing "embedder" <nipype.interfaces.utility.wrappers.Function>
230322-23:07:05,487 nipype.workflow INFO:
	 [Node] Finished "embedder", elapsed time 3.765602s.
INFO: [Node] Finished "embedder", elapsed time 3.765602s.
INFO: Post-treating /nesi/nobackup/uoa03264/fMRIpipeline_data/processed_test_long/bids/sub-rugby1/ses-a/anat/sub-rugby1_ses-a_run-001_T1w.json file
INFO: Converting /nesi/nobackup/uoa03264/fMRIpipeline_data/processed_test_long/bids/sub-rugby1/ses-a/func/sub-rugby1_ses-a_task-rest_run-001_bold (10400 DICOMs) -> /nesi/nobackup/uoa03264/fMRIpipeline_data/processed_test_long/bids/sub-rugby1/ses-a/func . Converter: dcm2niix . Output types: ('nii.gz',)
230322-23:07:09,12 nipype.workflow INFO:
	 [Node] Setting-up "convert" in "/tmp/dcm2niix725qhoa3/convert".
INFO: [Node] Setting-up "convert" in "/tmp/dcm2niix725qhoa3/convert".
230322-23:07:18,382 nipype.workflow INFO:
	 [Node] Executing "convert" <nipype.interfaces.dcm2nii.Dcm2niix>
INFO: [Node] Executing "convert" <nipype.interfaces.dcm2nii.Dcm2niix>
230322-23:11:14,817 nipype.interface INFO:
	 stdout 2023-03-22T23:11:14.817296:Chris Rorden's dcm2niiX version v1.0.20220720  (JP2:OpenJPEG) (JP-LS:CharLS) GCC10.2.1 x86-64 (64-bit Linux)
INFO: stdout 2023-03-22T23:11:14.817296:Chris Rorden's dcm2niiX version v1.0.20220720  (JP2:OpenJPEG) (JP-LS:CharLS) GCC10.2.1 x86-64 (64-bit Linux)
230322-23:11:14,825 nipype.interface INFO:
	 stdout 2023-03-22T23:11:14.817296:Found 10400 DICOM file(s)
INFO: stdout 2023-03-22T23:11:14.817296:Found 10400 DICOM file(s)
230322-23:11:14,825 nipype.interface INFO:
	 stdout 2023-03-22T23:11:14.817296:Convert 10400 DICOM as /nesi/nobackup/uoa03264/fMRIpipeline_data/processed_test_long/bids/sub-rugby1/ses-a/func/sub-rugby1_ses-a_task-rest_run-001_bold_heudiconv209 (64x64x52x200)
INFO: stdout 2023-03-22T23:11:14.817296:Convert 10400 DICOM as /nesi/nobackup/uoa03264/fMRIpipeline_data/processed_test_long/bids/sub-rugby1/ses-a/func/sub-rugby1_ses-a_task-rest_run-001_bold_heudiconv209 (64x64x52x200)
230322-23:11:19,21 nipype.interface INFO:
	 stdout 2023-03-22T23:11:19.021881:Compress: "/usr/bin/pigz" -b 960 -n -f -6 "/nesi/nobackup/uoa03264/fMRIpipeline_data/processed_test_long/bids/sub-rugby1/ses-a/func/sub-rugby1_ses-a_task-rest_run-001_bold_heudiconv209.nii"
INFO: stdout 2023-03-22T23:11:19.021881:Compress: "/usr/bin/pigz" -b 960 -n -f -6 "/nesi/nobackup/uoa03264/fMRIpipeline_data/processed_test_long/bids/sub-rugby1/ses-a/func/sub-rugby1_ses-a_task-rest_run-001_bold_heudiconv209.nii"
230322-23:11:19,22 nipype.interface INFO:
	 stdout 2023-03-22T23:11:19.021881:Conversion required 240.615152 seconds (8.016891 for core code).
INFO: stdout 2023-03-22T23:11:19.021881:Conversion required 240.615152 seconds (8.016891 for core code).
230322-23:11:19,68 nipype.workflow INFO:
	 [Node] Finished "convert", elapsed time 240.685356s.
INFO: [Node] Finished "convert", elapsed time 240.685356s.
230322-23:11:22,369 nipype.workflow INFO:
	 [Node] Setting-up "embedder" in "/tmp/embedmetaqk71prbt/embedder".
INFO: [Node] Setting-up "embedder" in "/tmp/embedmetaqk71prbt/embedder".
230322-23:11:24,954 nipype.workflow INFO:
	 [Node] Executing "embedder" <nipype.interfaces.utility.wrappers.Function>
INFO: [Node] Executing "embedder" <nipype.interfaces.utility.wrappers.Function>
230322-23:15:06,465 nipype.workflow INFO:
	 [Node] Finished "embedder", elapsed time 221.509775s.
INFO: [Node] Finished "embedder", elapsed time 221.509775s.
INFO: Post-treating /nesi/nobackup/uoa03264/fMRIpipeline_data/processed_test_long/bids/sub-rugby1/ses-a/func/sub-rugby1_ses-a_task-rest_run-001_bold.json file
INFO: Populating template files under /nesi/nobackup/uoa03264/fMRIpipeline_data/processed_test_long/bids/
INFO: PROCESSING DONE: {'subject': 'rugby1', 'outdir': '/nesi/nobackup/uoa03264/fMRIpipeline_data/processed_test_long/bids/', 'session': 'a'}
[Thu Mar 23 12:15:08 2023]
Finished job 0.
1 of 1 steps (100%) done
