Building DAG of jobs...
Using shell: /usr/bin/bash
Provided cores: 2
Rules claiming more threads will be scaled down.
Provided resources: mem_mb=4000, mem_mib=3815, disk_mb=1000, disk_mib=954, cpus=2, time_min=60, gpu=0
Select jobs to execute...

[Tue Mar 28 14:30:22 2023]
rule heudiconv:
    input: /nesi/nobackup/uoa03264/fMRIpipeline_data/processed_test_long/tidy/sub_rugby1/ses_b
    output: /nesi/nobackup/uoa03264/fMRIpipeline_data/processed_test_long/bids/sub-rugby1/ses-b, /nesi/nobackup/uoa03264/fMRIpipeline_data/processed_test_long/bids/.heudiconv/rugby1/ses-b
    jobid: 0
    reason: Missing output files: /nesi/nobackup/uoa03264/fMRIpipeline_data/processed_test_long/bids/sub-rugby1/ses-b, /nesi/nobackup/uoa03264/fMRIpipeline_data/processed_test_long/bids/.heudiconv/rugby1/ses-b
    wildcards: resultsdir=/nesi/nobackup/uoa03264/fMRIpipeline_data/processed_test_long, subject=rugby1, session=b
    resources: mem_mb=4000, mem_mib=3815, disk_mb=1000, disk_mib=954, tmpdir=/dev/shm/jobs/33716584, cpus=2, time_min=60, gpu=0

heudiconv --dicom_dir_template '/nesi/nobackup/uoa03264/fMRIpipeline_data/processed_test_long/tidy/sub_{subject}/ses_{session}/*/*' --outdir /nesi/nobackup/uoa03264/fMRIpipeline_data/processed_test_long/bids --heuristic scripts/heuristic.py --subjects rugby1 --ses b --converter dcm2niix --bids --overwrite
Activating singularity image /scale_wlg_persistent/filesets/project/uoa03264/fmri_workflow/.snakemake/singularity/10b2306ed15c5efc917232958423bfe6.simg
INFO: Running heudiconv version 0.11.4.post18+g1fe815b.d20221025 latest 0.12.2
INFO: Need to process 1 study sessions
INFO: PROCESSING STARTS: {'subject': 'rugby1', 'outdir': '/nesi/nobackup/uoa03264/fMRIpipeline_data/processed_test_long/bids/', 'session': 'b'}
INFO: Processing 10700 dicoms
INFO: Analyzing 10700 dicoms
INFO: Generated sequence info for 2 studies with 10700 entries total
INFO: Doing conversion using dcm2niix
INFO: Converting /nesi/nobackup/uoa03264/fMRIpipeline_data/processed_test_long/bids/sub-rugby1/ses-b/anat/sub-rugby1_ses-b_run-001_T1w (300 DICOMs) -> /nesi/nobackup/uoa03264/fMRIpipeline_data/processed_test_long/bids/sub-rugby1/ses-b/anat . Converter: dcm2niix . Output types: ('nii.gz',)
230328-01:35:32,24 nipype.workflow INFO:
	 [Node] Setting-up "convert" in "/tmp/dcm2niixjsj4cgr6/convert".
INFO: [Node] Setting-up "convert" in "/tmp/dcm2niixjsj4cgr6/convert".
230328-01:35:32,258 nipype.workflow INFO:
	 [Node] Executing "convert" <nipype.interfaces.dcm2nii.Dcm2niix>
INFO: [Node] Executing "convert" <nipype.interfaces.dcm2nii.Dcm2niix>
230328-01:35:33,290 nipype.interface INFO:
	 stdout 2023-03-28T01:35:33.289973:Chris Rorden's dcm2niiX version v1.0.20220720  (JP2:OpenJPEG) (JP-LS:CharLS) GCC10.2.1 x86-64 (64-bit Linux)
INFO: stdout 2023-03-28T01:35:33.289973:Chris Rorden's dcm2niiX version v1.0.20220720  (JP2:OpenJPEG) (JP-LS:CharLS) GCC10.2.1 x86-64 (64-bit Linux)
230328-01:35:33,290 nipype.interface INFO:
	 stdout 2023-03-28T01:35:33.289973:Found 300 DICOM file(s)
INFO: stdout 2023-03-28T01:35:33.289973:Found 300 DICOM file(s)
230328-01:35:33,290 nipype.interface INFO:
	 stdout 2023-03-28T01:35:33.289973:Resolved discrepancy between tags (0020,1002; 0021,104F; 0054,0081)
INFO: stdout 2023-03-28T01:35:33.289973:Resolved discrepancy between tags (0020,1002; 0021,104F; 0054,0081)
230328-01:35:33,290 nipype.interface INFO:
	 stdout 2023-03-28T01:35:33.289973:Convert 300 DICOM as /nesi/nobackup/uoa03264/fMRIpipeline_data/processed_test_long/bids/sub-rugby1/ses-b/anat/sub-rugby1_ses-b_run-001_T1w_heudiconv856 (512x512x300x1)
INFO: stdout 2023-03-28T01:35:33.289973:Convert 300 DICOM as /nesi/nobackup/uoa03264/fMRIpipeline_data/processed_test_long/bids/sub-rugby1/ses-b/anat/sub-rugby1_ses-b_run-001_T1w_heudiconv856 (512x512x300x1)
230328-01:35:39,561 nipype.interface INFO:
	 stdout 2023-03-28T01:35:39.561165:Compress: "/usr/bin/pigz" -b 960 -n -f -6 "/nesi/nobackup/uoa03264/fMRIpipeline_data/processed_test_long/bids/sub-rugby1/ses-b/anat/sub-rugby1_ses-b_run-001_T1w_heudiconv856.nii"
INFO: stdout 2023-03-28T01:35:39.561165:Compress: "/usr/bin/pigz" -b 960 -n -f -6 "/nesi/nobackup/uoa03264/fMRIpipeline_data/processed_test_long/bids/sub-rugby1/ses-b/anat/sub-rugby1_ses-b_run-001_T1w_heudiconv856.nii"
230328-01:35:39,562 nipype.interface INFO:
	 stdout 2023-03-28T01:35:39.561165:Conversion required 7.244280 seconds (0.589697 for core code).
INFO: stdout 2023-03-28T01:35:39.561165:Conversion required 7.244280 seconds (0.589697 for core code).
230328-01:35:39,581 nipype.workflow INFO:
	 [Node] Finished "convert", elapsed time 7.27407s.
INFO: [Node] Finished "convert", elapsed time 7.27407s.
WARNING: Failed to find task field in /nesi/nobackup/uoa03264/fMRIpipeline_data/processed_test_long/bids/sub-rugby1/ses-b/anat/sub-rugby1_ses-b_run-001_T1w.json.
230328-01:35:39,611 nipype.workflow INFO:
	 [Node] Setting-up "embedder" in "/tmp/embedmetai_aim6t9/embedder".
INFO: [Node] Setting-up "embedder" in "/tmp/embedmetai_aim6t9/embedder".
230328-01:35:39,679 nipype.workflow INFO:
	 [Node] Executing "embedder" <nipype.interfaces.utility.wrappers.Function>
INFO: [Node] Executing "embedder" <nipype.interfaces.utility.wrappers.Function>
/opt/miniconda-py39_4.12.0/lib/python3.9/site-packages/pydicom/valuerep.py:290: UserWarning: The value length (32) exceeds the maximum length of 16 allowed for VR SH.
  warnings.warn(msg)
230328-01:35:44,631 nipype.workflow INFO:
	 [Node] Finished "embedder", elapsed time 4.95175s.
INFO: [Node] Finished "embedder", elapsed time 4.95175s.
INFO: Post-treating /nesi/nobackup/uoa03264/fMRIpipeline_data/processed_test_long/bids/sub-rugby1/ses-b/anat/sub-rugby1_ses-b_run-001_T1w.json file
INFO: Converting /nesi/nobackup/uoa03264/fMRIpipeline_data/processed_test_long/bids/sub-rugby1/ses-b/func/sub-rugby1_ses-b_task-rest_run-001_bold (10400 DICOMs) -> /nesi/nobackup/uoa03264/fMRIpipeline_data/processed_test_long/bids/sub-rugby1/ses-b/func . Converter: dcm2niix . Output types: ('nii.gz',)
230328-01:35:48,633 nipype.workflow INFO:
	 [Node] Setting-up "convert" in "/tmp/dcm2niixvui05ql2/convert".
INFO: [Node] Setting-up "convert" in "/tmp/dcm2niixvui05ql2/convert".
230328-01:35:57,600 nipype.workflow INFO:
	 [Node] Executing "convert" <nipype.interfaces.dcm2nii.Dcm2niix>
INFO: [Node] Executing "convert" <nipype.interfaces.dcm2nii.Dcm2niix>
230328-01:36:51,483 nipype.interface INFO:
	 stdout 2023-03-28T01:36:51.483515:Chris Rorden's dcm2niiX version v1.0.20220720  (JP2:OpenJPEG) (JP-LS:CharLS) GCC10.2.1 x86-64 (64-bit Linux)
INFO: stdout 2023-03-28T01:36:51.483515:Chris Rorden's dcm2niiX version v1.0.20220720  (JP2:OpenJPEG) (JP-LS:CharLS) GCC10.2.1 x86-64 (64-bit Linux)
230328-01:36:51,483 nipype.interface INFO:
	 stdout 2023-03-28T01:36:51.483515:Found 10400 DICOM file(s)
INFO: stdout 2023-03-28T01:36:51.483515:Found 10400 DICOM file(s)
230328-01:36:51,483 nipype.interface INFO:
	 stdout 2023-03-28T01:36:51.483515:Warning: Unable to determine slice times for early GE HyperBand.
INFO: stdout 2023-03-28T01:36:51.483515:Warning: Unable to determine slice times for early GE HyperBand.
230328-01:36:51,484 nipype.interface INFO:
	 stdout 2023-03-28T01:36:51.483515:Convert 10400 DICOM as /nesi/nobackup/uoa03264/fMRIpipeline_data/processed_test_long/bids/sub-rugby1/ses-b/func/sub-rugby1_ses-b_task-rest_run-001_bold_heudiconv741 (64x64x52x200)
INFO: stdout 2023-03-28T01:36:51.483515:Convert 10400 DICOM as /nesi/nobackup/uoa03264/fMRIpipeline_data/processed_test_long/bids/sub-rugby1/ses-b/func/sub-rugby1_ses-b_task-rest_run-001_bold_heudiconv741 (64x64x52x200)
230328-01:36:55,200 nipype.interface INFO:
	 stdout 2023-03-28T01:36:55.200923:Compress: "/usr/bin/pigz" -b 960 -n -f -6 "/nesi/nobackup/uoa03264/fMRIpipeline_data/processed_test_long/bids/sub-rugby1/ses-b/func/sub-rugby1_ses-b_task-rest_run-001_bold_heudiconv741.nii"
INFO: stdout 2023-03-28T01:36:55.200923:Compress: "/usr/bin/pigz" -b 960 -n -f -6 "/nesi/nobackup/uoa03264/fMRIpipeline_data/processed_test_long/bids/sub-rugby1/ses-b/func/sub-rugby1_ses-b_task-rest_run-001_bold_heudiconv741.nii"
230328-01:36:55,201 nipype.interface INFO:
	 stdout 2023-03-28T01:36:55.200923:Conversion required 57.578448 seconds (6.004395 for core code).
INFO: stdout 2023-03-28T01:36:55.200923:Conversion required 57.578448 seconds (6.004395 for core code).
230328-01:36:55,239 nipype.workflow INFO:
	 [Node] Finished "convert", elapsed time 57.638078s.
INFO: [Node] Finished "convert", elapsed time 57.638078s.
230328-01:36:55,810 nipype.workflow INFO:
	 [Node] Setting-up "embedder" in "/tmp/embedmetas4wdz3fg/embedder".
INFO: [Node] Setting-up "embedder" in "/tmp/embedmetas4wdz3fg/embedder".
230328-01:36:58,58 nipype.workflow INFO:
	 [Node] Executing "embedder" <nipype.interfaces.utility.wrappers.Function>
INFO: [Node] Executing "embedder" <nipype.interfaces.utility.wrappers.Function>
230328-01:40:42,702 nipype.workflow INFO:
	 [Node] Finished "embedder", elapsed time 224.64318600000001s.
INFO: [Node] Finished "embedder", elapsed time 224.64318600000001s.
INFO: Post-treating /nesi/nobackup/uoa03264/fMRIpipeline_data/processed_test_long/bids/sub-rugby1/ses-b/func/sub-rugby1_ses-b_task-rest_run-001_bold.json file
INFO: Populating template files under /nesi/nobackup/uoa03264/fMRIpipeline_data/processed_test_long/bids/
INFO: PROCESSING DONE: {'subject': 'rugby1', 'outdir': '/nesi/nobackup/uoa03264/fMRIpipeline_data/processed_test_long/bids/', 'session': 'b'}
[Tue Mar 28 14:40:44 2023]
Finished job 0.
1 of 1 steps (100%) done
