Building DAG of jobs...
Using shell: /usr/bin/bash
Provided cores: 2
Rules claiming more threads will be scaled down.
Select jobs to execute...

[Fri Dec  9 16:20:21 2022]
rule heudiconv:
    input: /nesi/nobackup/uoa03264/fMRIpipeline_data/processed_test_josh/tidy/sub_rugby1/ses_b/.completed
    output: /nesi/nobackup/uoa03264/fMRIpipeline_data/processed_test_josh/bids/sub-rugby1/ses-b, /nesi/nobackup/uoa03264/fMRIpipeline_data/processed_test_josh/bids/.heudiconv/rugby1/ses-b
    jobid: 0
    wildcards: resultsdir=/nesi/nobackup/uoa03264/fMRIpipeline_data/processed_test_josh, subject=rugby1, session=b
    resources: mem_mb=4000, disk_mb=1000, tmpdir=/dev/shm/jobs/31831280, cpus=2, time_min=60, gpu=0

heudiconv --dicom_dir_template '/nesi/nobackup/uoa03264/fMRIpipeline_data/processed_test_josh/tidy/sub_{subject}/ses_{session}/*/*' --outdir /nesi/nobackup/uoa03264/fMRIpipeline_data/processed_test_josh/bids --heuristic scripts/heuristic.py --subjects rugby1 --ses b --converter dcm2niix --bids --overwrite
Activating singularity image /scale_wlg_persistent/filesets/project/uoa03264/fmri_workflow/.snakemake/singularity/10b2306ed15c5efc917232958423bfe6.simg
INFO: Running heudiconv version 0.11.4.post18+g1fe815b.d20221025 latest 0.11.6
INFO: Need to process 1 study sessions
INFO: PROCESSING STARTS: {'subject': 'rugby1', 'outdir': '/nesi/nobackup/uoa03264/fMRIpipeline_data/processed_test_josh/bids/', 'session': 'b'}
INFO: Processing 10700 dicoms
INFO: Analyzing 10700 dicoms
INFO: Generated sequence info for 2 studies with 10700 entries total
INFO: Doing conversion using dcm2niix
INFO: Converting /nesi/nobackup/uoa03264/fMRIpipeline_data/processed_test_josh/bids/sub-rugby1/ses-b/anat/sub-rugby1_ses-b_run-001_T1w (300 DICOMs) -> /nesi/nobackup/uoa03264/fMRIpipeline_data/processed_test_josh/bids/sub-rugby1/ses-b/anat . Converter: dcm2niix . Output types: ('nii.gz',)
221209-16:25:23,754 nipype.workflow INFO:
	 [Node] Setting-up "convert" in "/dev/shm/jobs/31831280/dcm2niix7dasn_ui/convert".
INFO: [Node] Setting-up "convert" in "/dev/shm/jobs/31831280/dcm2niix7dasn_ui/convert".
221209-16:25:23,874 nipype.workflow INFO:
	 [Node] Executing "convert" <nipype.interfaces.dcm2nii.Dcm2niix>
INFO: [Node] Executing "convert" <nipype.interfaces.dcm2nii.Dcm2niix>
221209-16:25:27,56 nipype.interface INFO:
	 stdout 2022-12-09T16:25:27.056600:Chris Rorden's dcm2niiX version v1.0.20220720  (JP2:OpenJPEG) (JP-LS:CharLS) GCC10.2.1 x86-64 (64-bit Linux)
INFO: stdout 2022-12-09T16:25:27.056600:Chris Rorden's dcm2niiX version v1.0.20220720  (JP2:OpenJPEG) (JP-LS:CharLS) GCC10.2.1 x86-64 (64-bit Linux)
221209-16:25:27,56 nipype.interface INFO:
	 stdout 2022-12-09T16:25:27.056600:Found 300 DICOM file(s)
INFO: stdout 2022-12-09T16:25:27.056600:Found 300 DICOM file(s)
221209-16:25:27,57 nipype.interface INFO:
	 stdout 2022-12-09T16:25:27.056600:Resolved discrepancy between tags (0020,1002; 0021,104F; 0054,0081)
INFO: stdout 2022-12-09T16:25:27.056600:Resolved discrepancy between tags (0020,1002; 0021,104F; 0054,0081)
221209-16:25:27,57 nipype.interface INFO:
	 stdout 2022-12-09T16:25:27.056600:Convert 300 DICOM as /nesi/nobackup/uoa03264/fMRIpipeline_data/processed_test_josh/bids/sub-rugby1/ses-b/anat/sub-rugby1_ses-b_run-001_T1w_heudiconv286 (512x512x300x1)
INFO: stdout 2022-12-09T16:25:27.056600:Convert 300 DICOM as /nesi/nobackup/uoa03264/fMRIpipeline_data/processed_test_josh/bids/sub-rugby1/ses-b/anat/sub-rugby1_ses-b_run-001_T1w_heudiconv286 (512x512x300x1)
221209-16:25:33,445 nipype.interface INFO:
	 stdout 2022-12-09T16:25:33.445288:Compress: "/usr/bin/pigz" -b 960 -n -f -6 "/nesi/nobackup/uoa03264/fMRIpipeline_data/processed_test_josh/bids/sub-rugby1/ses-b/anat/sub-rugby1_ses-b_run-001_T1w_heudiconv286.nii"
INFO: stdout 2022-12-09T16:25:33.445288:Compress: "/usr/bin/pigz" -b 960 -n -f -6 "/nesi/nobackup/uoa03264/fMRIpipeline_data/processed_test_josh/bids/sub-rugby1/ses-b/anat/sub-rugby1_ses-b_run-001_T1w_heudiconv286.nii"
221209-16:25:33,445 nipype.interface INFO:
	 stdout 2022-12-09T16:25:33.445288:Conversion required 9.504621 seconds (0.520912 for core code).
INFO: stdout 2022-12-09T16:25:33.445288:Conversion required 9.504621 seconds (0.520912 for core code).
221209-16:25:33,466 nipype.workflow INFO:
	 [Node] Finished "convert", elapsed time 9.539484s.
INFO: [Node] Finished "convert", elapsed time 9.539484s.
WARNING: Failed to find task field in /nesi/nobackup/uoa03264/fMRIpipeline_data/processed_test_josh/bids/sub-rugby1/ses-b/anat/sub-rugby1_ses-b_run-001_T1w.json.
221209-16:25:33,491 nipype.workflow INFO:
	 [Node] Setting-up "embedder" in "/dev/shm/jobs/31831280/embedmetaly73_1g1/embedder".
INFO: [Node] Setting-up "embedder" in "/dev/shm/jobs/31831280/embedmetaly73_1g1/embedder".
221209-16:25:33,526 nipype.workflow INFO:
	 [Node] Executing "embedder" <nipype.interfaces.utility.wrappers.Function>
INFO: [Node] Executing "embedder" <nipype.interfaces.utility.wrappers.Function>
/opt/miniconda-py39_4.12.0/lib/python3.9/site-packages/pydicom/valuerep.py:290: UserWarning: The value length (32) exceeds the maximum length of 16 allowed for VR SH.
  warnings.warn(msg)
221209-16:25:38,509 nipype.workflow INFO:
	 [Node] Finished "embedder", elapsed time 4.981532s.
INFO: [Node] Finished "embedder", elapsed time 4.981532s.
INFO: Post-treating /nesi/nobackup/uoa03264/fMRIpipeline_data/processed_test_josh/bids/sub-rugby1/ses-b/anat/sub-rugby1_ses-b_run-001_T1w.json file
INFO: Converting /nesi/nobackup/uoa03264/fMRIpipeline_data/processed_test_josh/bids/sub-rugby1/ses-b/func/sub-rugby1_ses-b_task-rest_run-001_bold (10400 DICOMs) -> /nesi/nobackup/uoa03264/fMRIpipeline_data/processed_test_josh/bids/sub-rugby1/ses-b/func . Converter: dcm2niix . Output types: ('nii.gz',)
221209-16:25:39,71 nipype.workflow INFO:
	 [Node] Setting-up "convert" in "/dev/shm/jobs/31831280/dcm2niixh9wveyif/convert".
INFO: [Node] Setting-up "convert" in "/dev/shm/jobs/31831280/dcm2niixh9wveyif/convert".
221209-16:25:43,353 nipype.workflow INFO:
	 [Node] Executing "convert" <nipype.interfaces.dcm2nii.Dcm2niix>
INFO: [Node] Executing "convert" <nipype.interfaces.dcm2nii.Dcm2niix>
221209-16:26:02,745 nipype.interface INFO:
	 stdout 2022-12-09T16:26:02.745569:Chris Rorden's dcm2niiX version v1.0.20220720  (JP2:OpenJPEG) (JP-LS:CharLS) GCC10.2.1 x86-64 (64-bit Linux)
INFO: stdout 2022-12-09T16:26:02.745569:Chris Rorden's dcm2niiX version v1.0.20220720  (JP2:OpenJPEG) (JP-LS:CharLS) GCC10.2.1 x86-64 (64-bit Linux)
221209-16:26:02,745 nipype.interface INFO:
	 stdout 2022-12-09T16:26:02.745569:Found 10400 DICOM file(s)
INFO: stdout 2022-12-09T16:26:02.745569:Found 10400 DICOM file(s)
221209-16:26:02,745 nipype.interface INFO:
	 stdout 2022-12-09T16:26:02.745569:Warning: Unable to determine slice times for early GE HyperBand.
INFO: stdout 2022-12-09T16:26:02.745569:Warning: Unable to determine slice times for early GE HyperBand.
221209-16:26:02,746 nipype.interface INFO:
	 stdout 2022-12-09T16:26:02.745569:Convert 10400 DICOM as /nesi/nobackup/uoa03264/fMRIpipeline_data/processed_test_josh/bids/sub-rugby1/ses-b/func/sub-rugby1_ses-b_task-rest_run-001_bold_heudiconv072 (64x64x52x200)
INFO: stdout 2022-12-09T16:26:02.745569:Convert 10400 DICOM as /nesi/nobackup/uoa03264/fMRIpipeline_data/processed_test_josh/bids/sub-rugby1/ses-b/func/sub-rugby1_ses-b_task-rest_run-001_bold_heudiconv072 (64x64x52x200)
221209-16:26:06,452 nipype.interface INFO:
	 stdout 2022-12-09T16:26:06.452466:Compress: "/usr/bin/pigz" -b 960 -n -f -6 "/nesi/nobackup/uoa03264/fMRIpipeline_data/processed_test_josh/bids/sub-rugby1/ses-b/func/sub-rugby1_ses-b_task-rest_run-001_bold_heudiconv072.nii"
INFO: stdout 2022-12-09T16:26:06.452466:Compress: "/usr/bin/pigz" -b 960 -n -f -6 "/nesi/nobackup/uoa03264/fMRIpipeline_data/processed_test_josh/bids/sub-rugby1/ses-b/func/sub-rugby1_ses-b_task-rest_run-001_bold_heudiconv072.nii"
221209-16:26:06,452 nipype.interface INFO:
	 stdout 2022-12-09T16:26:06.452466:Conversion required 23.066335 seconds (3.359155 for core code).
INFO: stdout 2022-12-09T16:26:06.452466:Conversion required 23.066335 seconds (3.359155 for core code).
221209-16:26:06,514 nipype.workflow INFO:
	 [Node] Finished "convert", elapsed time 23.15893s.
INFO: [Node] Finished "convert", elapsed time 23.15893s.
221209-16:26:06,848 nipype.workflow INFO:
	 [Node] Setting-up "embedder" in "/dev/shm/jobs/31831280/embedmetaskt6kle_/embedder".
INFO: [Node] Setting-up "embedder" in "/dev/shm/jobs/31831280/embedmetaskt6kle_/embedder".
221209-16:26:08,79 nipype.workflow INFO:
	 [Node] Executing "embedder" <nipype.interfaces.utility.wrappers.Function>
INFO: [Node] Executing "embedder" <nipype.interfaces.utility.wrappers.Function>
221209-16:29:49,341 nipype.workflow INFO:
	 [Node] Finished "embedder", elapsed time 221.259937s.
INFO: [Node] Finished "embedder", elapsed time 221.259937s.
INFO: Post-treating /nesi/nobackup/uoa03264/fMRIpipeline_data/processed_test_josh/bids/sub-rugby1/ses-b/func/sub-rugby1_ses-b_task-rest_run-001_bold.json file
INFO: Populating template files under /nesi/nobackup/uoa03264/fMRIpipeline_data/processed_test_josh/bids/
INFO: PROCESSING DONE: {'subject': 'rugby1', 'outdir': '/nesi/nobackup/uoa03264/fMRIpipeline_data/processed_test_josh/bids/', 'session': 'b'}
[Fri Dec  9 16:29:50 2022]
Finished job 0.
1 of 1 steps (100%) done
