Building DAG of jobs...
Using shell: /usr/bin/bash
Provided cores: 8
Rules claiming more threads will be scaled down.
Select jobs to execute...

[Fri Nov 18 06:50:05 2022]
rule freesurfer:
    input: /nesi/nobackup/uoa03264/fMRIpipeline_data/processed_test/bids/sub-control17/ses-b
    output: /nesi/nobackup/uoa03264/fMRIpipeline_data/processed_test/bids/derivatives/freesurfer/sub-control17-b
    jobid: 0
    wildcards: resultsdir=/nesi/nobackup/uoa03264/fMRIpipeline_data/processed_test, subject=control17, session=b
    resources: mem_mb=20000, disk_mb=1000, tmpdir=/dev/shm/jobs/31390765, cpus=8, time_min=1200, gpu=0

export FS_LICENSE="/nesi/project/uoa03264/fmri_workflow/license.txt" ; recon-all -sd /nesi/nobackup/uoa03264/fMRIpipeline_data/processed_test/bids/derivatives/freesurfer -i /nesi/nobackup/uoa03264/fMRIpipeline_data/processed_test/bids/sub-control17/ses-b/anat/sub-control17_ses-b_run-001_T1w.nii.gz -subjid sub-control17 -all -qcache -3T 
Activating singularity image /scale_wlg_persistent/filesets/project/uoa03264/fmri_workflow/.snakemake/singularity/b862ddfcead2bab5771175db9e31b12f.simg
Subject Stamp: freesurfer-Linux-centos6_x86_64-stable-pub-v6.0.1-f53a55a
Current Stamp: freesurfer-Linux-centos6_x86_64-stable-pub-v6.0.1-f53a55a
INFO: SUBJECTS_DIR is /nesi/nobackup/uoa03264/fMRIpipeline_data/processed_test/bids/derivatives/freesurfer
Actual FREESURFER_HOME /opt/freesurfer
Linux wbn232 3.10.0-693.2.2.el7.x86_64 #1 SMP Tue Sep 12 22:26:13 UTC 2017 x86_64 x86_64 x86_64 GNU/Linux
'/opt/freesurfer/bin/recon-all' -> '/nesi/nobackup/uoa03264/fMRIpipeline_data/processed_test/bids/derivatives/freesurfer/sub-control17/scripts/recon-all.local-copy'
/nesi/nobackup/uoa03264/fMRIpipeline_data/processed_test/bids/derivatives/freesurfer/sub-control17

 mri_convert /nesi/nobackup/uoa03264/fMRIpipeline_data/processed_test/bids/sub-control17/ses-b/anat/sub-control17_ses-b_run-001_T1w.nii.gz /nesi/nobackup/uoa03264/fMRIpipeline_data/processed_test/bids/derivatives/freesurfer/sub-control17/mri/orig/001.mgz 

mri_convert.bin /nesi/nobackup/uoa03264/fMRIpipeline_data/processed_test/bids/sub-control17/ses-b/anat/sub-control17_ses-b_run-001_T1w.nii.gz /nesi/nobackup/uoa03264/fMRIpipeline_data/processed_test/bids/derivatives/freesurfer/sub-control17/mri/orig/001.mgz 
$Id: mri_convert.c,v 1.226 2016/02/26 16:15:24 mreuter Exp $
reading from /nesi/nobackup/uoa03264/fMRIpipeline_data/processed_test/bids/sub-control17/ses-b/anat/sub-control17_ses-b_run-001_T1w.nii.gz...
TR=6.80, TE=0.00, TI=0.00, flip angle=0.00
i_ras = (0.996926, 0.078169, -0.005339)
j_ras = (-0.0782756, 0.996641, -0.0240791)
k_ras = (0.00343883, 0.024423, 0.999696)
writing to /nesi/nobackup/uoa03264/fMRIpipeline_data/processed_test/bids/derivatives/freesurfer/sub-control17/mri/orig/001.mgz...
#--------------------------------------------
#@# MotionCor Thu Nov 17 17:51:24  2022
Found 1 runs
/nesi/nobackup/uoa03264/fMRIpipeline_data/processed_test/bids/derivatives/freesurfer/sub-control17/mri/orig/001.mgz
Checking for (invalid) multi-frame inputs...
WARNING: only one run found. This is OK, but motion
correction cannot be performed on one run, so I'll
copy the run to rawavg and continue.

 cp /nesi/nobackup/uoa03264/fMRIpipeline_data/processed_test/bids/derivatives/freesurfer/sub-control17/mri/orig/001.mgz /nesi/nobackup/uoa03264/fMRIpipeline_data/processed_test/bids/derivatives/freesurfer/sub-control17/mri/rawavg.mgz 

/nesi/nobackup/uoa03264/fMRIpipeline_data/processed_test/bids/derivatives/freesurfer/sub-control17

 mri_convert /nesi/nobackup/uoa03264/fMRIpipeline_data/processed_test/bids/derivatives/freesurfer/sub-control17/mri/rawavg.mgz /nesi/nobackup/uoa03264/fMRIpipeline_data/processed_test/bids/derivatives/freesurfer/sub-control17/mri/orig.mgz --conform 

mri_convert.bin /nesi/nobackup/uoa03264/fMRIpipeline_data/processed_test/bids/derivatives/freesurfer/sub-control17/mri/rawavg.mgz /nesi/nobackup/uoa03264/fMRIpipeline_data/processed_test/bids/derivatives/freesurfer/sub-control17/mri/orig.mgz --conform 
$Id: mri_convert.c,v 1.226 2016/02/26 16:15:24 mreuter Exp $
reading from /nesi/nobackup/uoa03264/fMRIpipeline_data/processed_test/bids/derivatives/freesurfer/sub-control17/mri/rawavg.mgz...
TR=6.80, TE=0.00, TI=0.00, flip angle=0.00
i_ras = (0.996926, 0.078169, -0.005339)
j_ras = (-0.0782756, 0.996641, -0.0240791)
k_ras = (0.00343883, 0.024423, 0.999696)
changing data type from float to uchar (noscale = 0)...
MRIchangeType: Building histogram 
Reslicing using trilinear interpolation 
writing to /nesi/nobackup/uoa03264/fMRIpipeline_data/processed_test/bids/derivatives/freesurfer/sub-control17/mri/orig.mgz...

 mri_add_xform_to_header -c /nesi/nobackup/uoa03264/fMRIpipeline_data/processed_test/bids/derivatives/freesurfer/sub-control17/mri/transforms/talairach.xfm /nesi/nobackup/uoa03264/fMRIpipeline_data/processed_test/bids/derivatives/freesurfer/sub-control17/mri/orig.mgz /nesi/nobackup/uoa03264/fMRIpipeline_data/processed_test/bids/derivatives/freesurfer/sub-control17/mri/orig.mgz 

INFO: extension is mgz
#--------------------------------------------
#@# Talairach Thu Nov 17 17:52:08  2022
/nesi/nobackup/uoa03264/fMRIpipeline_data/processed_test/bids/derivatives/freesurfer/sub-control17/mri

 mri_nu_correct.mni --no-rescale --i orig.mgz --o orig_nu.mgz --n 1 --proto-iters 1000 --distance 50 

/nesi/nobackup/uoa03264/fMRIpipeline_data/processed_test/bids/derivatives/freesurfer/sub-control17/mri
/opt/freesurfer/bin/mri_nu_correct.mni
--no-rescale --i orig.mgz --o orig_nu.mgz --n 1 --proto-iters 1000 --distance 50
nIters 1
$Id: mri_nu_correct.mni,v 1.27 2016/02/26 16:19:49 mreuter Exp $
Linux wbn232 3.10.0-693.2.2.el7.x86_64 #1 SMP Tue Sep 12 22:26:13 UTC 2017 x86_64 x86_64 x86_64 GNU/Linux
Thu Nov 17 17:52:09  2022
Program nu_correct, built from:
Package MNI N3, version 1.12.0, compiled by nicks@terrier (x86_64-unknown-linux-gnu) on 2015-06-19 at 01:25:34
/usr/bin/bc
tmpdir is ./tmp.mri_nu_correct.mni.72014
/nesi/nobackup/uoa03264/fMRIpipeline_data/processed_test/bids/derivatives/freesurfer/sub-control17/mri
mri_convert orig.mgz ./tmp.mri_nu_correct.mni.72014/nu0.mnc -odt float
mri_convert.bin orig.mgz ./tmp.mri_nu_correct.mni.72014/nu0.mnc -odt float 
$Id: mri_convert.c,v 1.226 2016/02/26 16:15:24 mreuter Exp $
reading from orig.mgz...
TR=6.80, TE=0.00, TI=0.00, flip angle=0.00
i_ras = (-1, -3.50701e-09, 4.65661e-10)
j_ras = (4.65661e-10, 0, -1)
k_ras = (-3.93629e-09, 1, 0)
changing data type from uchar to float (noscale = 0)...
writing to ./tmp.mri_nu_correct.mni.72014/nu0.mnc...
 
--------------------------------------------------------
Iteration 1 Thu Nov 17 17:52:14  2022
nu_correct -clobber ./tmp.mri_nu_correct.mni.72014/nu0.mnc ./tmp.mri_nu_correct.mni.72014/nu1.mnc -tmpdir ./tmp.mri_nu_correct.mni.72014/0/ -iterations 1000 -distance 50
[jmcg465@wbn232:/nesi/nobackup/uoa03264/fMRIpipeline_data/processed_test/bids/derivatives/freesurfer/sub-control17/mri/] [2022-11-17 17:52:15] running:
  /opt/freesurfer/mni/bin/nu_estimate_np_and_em -parzen -log -sharpen 0.15 0.01 -iterations 1000 -stop 0.001 -shrink 4 -auto_mask -nonotify -b_spline 1.0e-7 -distance 50 -quiet -execute -clobber -nokeeptmp -tmpdir ./tmp.mri_nu_correct.mni.72014/0/ ./tmp.mri_nu_correct.mni.72014/nu0.mnc ./tmp.mri_nu_correct.mni.72014/nu1.imp

Processing:.................................................................Done
Processing:.................................................................Done
Processing:.................................................................Done
Processing:.................................................................Done
Processing:.................................................................Done
Processing:.................................................................Done
Processing:.................................................................Done
Processing:.................................................................Done
Processing:.................................................................Done
Processing:.................................................................Done
Processing:.................................................................Done
Processing:.................................................................Done
Processing:.................................................................Done
Processing:.................................................................Done
Processing:.................................................................Done
Processing:.................................................................Done
Processing:.................................................................Done
Processing:.................................................................Done
Processing:.................................................................Done
Processing:.................................................................Done
Processing:.................................................................Done
Processing:.................................................................Done
Processing:.................................................................Done
Processing:.................................................................Done
Processing:.................................................................Done
Processing:.................................................................Done
Processing:.................................................................Done
Processing:.................................................................Done
Processing:.................................................................Done
Processing:.................................................................Done
Processing:.................................................................Done
Processing:.................................................................Done
Processing:.................................................................Done
Processing:.................................................................Done
Processing:.................................................................Done
Processing:.................................................................Done
Processing:.................................................................Done
Processing:.................................................................Done
Number of iterations: 38 
CV of field change: 0.000999658
 
 
 
mri_convert ./tmp.mri_nu_correct.mni.72014/nu1.mnc orig_nu.mgz --like orig.mgz --conform
mri_convert.bin ./tmp.mri_nu_correct.mni.72014/nu1.mnc orig_nu.mgz --like orig.mgz --conform 
$Id: mri_convert.c,v 1.226 2016/02/26 16:15:24 mreuter Exp $
reading from ./tmp.mri_nu_correct.mni.72014/nu1.mnc...
TR=0.00, TE=0.00, TI=0.00, flip angle=0.00
i_ras = (-1, -3.50701e-09, 4.65661e-10)
j_ras = (4.65661e-10, 0, -1)
k_ras = (-3.93629e-09, 1, 0)
INFO: transform src into the like-volume: orig.mgz
changing data type from float to uchar (noscale = 0)...
MRIchangeType: Building histogram 
writing to orig_nu.mgz...
 
 
Thu Nov 17 17:53:22  2022
mri_nu_correct.mni done

 talairach_avi --i orig_nu.mgz --xfm transforms/talairach.auto.xfm --atlas 3T18yoSchwartzReactN32_as_orig 

talairach_avi log file is transforms/talairach_avi.log...
Started at Thu Nov 17 17:53:22 2022
Ended   at Thu Nov 17 17:53:56  2022
talairach_avi done

 cp transforms/talairach.auto.xfm transforms/talairach.xfm 

#--------------------------------------------
#@# Talairach Failure Detection Thu Nov 17 17:53:58  2022
/nesi/nobackup/uoa03264/fMRIpipeline_data/processed_test/bids/derivatives/freesurfer/sub-control17/mri

 talairach_afd -T 0.005 -xfm transforms/talairach.xfm 

talairach_afd: Talairach Transform: transforms/talairach.xfm OK (p=0.6812, pval=0.4932 >= threshold=0.0050)

 awk -f /opt/freesurfer/bin/extract_talairach_avi_QA.awk /nesi/nobackup/uoa03264/fMRIpipeline_data/processed_test/bids/derivatives/freesurfer/sub-control17/mri/transforms/talairach_avi.log 


 tal_QC_AZS /nesi/nobackup/uoa03264/fMRIpipeline_data/processed_test/bids/derivatives/freesurfer/sub-control17/mri/transforms/talairach_avi.log 

TalAviQA: 0.96557
z-score: -2
#--------------------------------------------
#@# Nu Intensity Correction Thu Nov 17 17:54:00  2022

 mri_nu_correct.mni --i orig.mgz --o nu.mgz --uchar transforms/talairach.xfm --proto-iters 1000 --distance 50 --n 1 

/nesi/nobackup/uoa03264/fMRIpipeline_data/processed_test/bids/derivatives/freesurfer/sub-control17/mri
/opt/freesurfer/bin/mri_nu_correct.mni
--i orig.mgz --o nu.mgz --uchar transforms/talairach.xfm --proto-iters 1000 --distance 50 --n 1
nIters 1
$Id: mri_nu_correct.mni,v 1.27 2016/02/26 16:19:49 mreuter Exp $
Linux wbn232 3.10.0-693.2.2.el7.x86_64 #1 SMP Tue Sep 12 22:26:13 UTC 2017 x86_64 x86_64 x86_64 GNU/Linux
Thu Nov 17 17:54:00  2022
Program nu_correct, built from:
Package MNI N3, version 1.12.0, compiled by nicks@terrier (x86_64-unknown-linux-gnu) on 2015-06-19 at 01:25:34
/usr/bin/bc
tmpdir is ./tmp.mri_nu_correct.mni.73463
/nesi/nobackup/uoa03264/fMRIpipeline_data/processed_test/bids/derivatives/freesurfer/sub-control17/mri
mri_convert orig.mgz ./tmp.mri_nu_correct.mni.73463/nu0.mnc -odt float
mri_convert.bin orig.mgz ./tmp.mri_nu_correct.mni.73463/nu0.mnc -odt float 
$Id: mri_convert.c,v 1.226 2016/02/26 16:15:24 mreuter Exp $
reading from orig.mgz...
TR=6.80, TE=0.00, TI=0.00, flip angle=0.00
i_ras = (-1, -3.50701e-09, 4.65661e-10)
j_ras = (4.65661e-10, 0, -1)
k_ras = (-3.93629e-09, 1, 0)
changing data type from uchar to float (noscale = 0)...
writing to ./tmp.mri_nu_correct.mni.73463/nu0.mnc...
 
--------------------------------------------------------
Iteration 1 Thu Nov 17 17:54:03  2022
nu_correct -clobber ./tmp.mri_nu_correct.mni.73463/nu0.mnc ./tmp.mri_nu_correct.mni.73463/nu1.mnc -tmpdir ./tmp.mri_nu_correct.mni.73463/0/ -iterations 1000 -distance 50
[jmcg465@wbn232:/nesi/nobackup/uoa03264/fMRIpipeline_data/processed_test/bids/derivatives/freesurfer/sub-control17/mri/] [2022-11-17 17:54:03] running:
  /opt/freesurfer/mni/bin/nu_estimate_np_and_em -parzen -log -sharpen 0.15 0.01 -iterations 1000 -stop 0.001 -shrink 4 -auto_mask -nonotify -b_spline 1.0e-7 -distance 50 -quiet -execute -clobber -nokeeptmp -tmpdir ./tmp.mri_nu_correct.mni.73463/0/ ./tmp.mri_nu_correct.mni.73463/nu0.mnc ./tmp.mri_nu_correct.mni.73463/nu1.imp

Processing:.................................................................Done
Processing:.................................................................Done
Processing:.................................................................Done
Processing:.................................................................Done
Processing:.................................................................Done
Processing:.................................................................Done
Processing:.................................................................Done
Processing:.................................................................Done
Processing:.................................................................Done
Processing:.................................................................Done
Processing:.................................................................Done
Processing:.................................................................Done
Processing:.................................................................Done
Processing:.................................................................Done
Processing:.................................................................Done
Processing:.................................................................Done
Processing:.................................................................Done
Processing:.................................................................Done
Processing:.................................................................Done
Processing:.................................................................Done
Processing:.................................................................Done
Processing:.................................................................Done
Processing:.................................................................Done
Processing:.................................................................Done
Processing:.................................................................Done
Processing:.................................................................Done
Processing:.................................................................Done
Processing:.................................................................Done
Processing:.................................................................Done
Processing:.................................................................Done
Processing:.................................................................Done
Processing:.................................................................Done
Processing:.................................................................Done
Processing:.................................................................Done
Processing:.................................................................Done
Processing:.................................................................Done
Processing:.................................................................Done
Processing:.................................................................Done
Number of iterations: 38 
CV of field change: 0.000999658
 
 
 
mri_binarize --i ./tmp.mri_nu_correct.mni.73463/nu1.mnc --min -1 --o ./tmp.mri_nu_correct.mni.73463/ones.mgz

$Id: mri_binarize.c,v 1.43 2016/06/09 20:46:21 greve Exp $
cwd /nesi/nobackup/uoa03264/fMRIpipeline_data/processed_test/bids/derivatives/freesurfer/sub-control17/mri
cmdline mri_binarize.bin --i ./tmp.mri_nu_correct.mni.73463/nu1.mnc --min -1 --o ./tmp.mri_nu_correct.mni.73463/ones.mgz 
sysname  Linux
hostname wbn232
machine  x86_64
user     jmcg465

input      ./tmp.mri_nu_correct.mni.73463/nu1.mnc
frame      0
nErode3d   0
nErode2d   0
output     ./tmp.mri_nu_correct.mni.73463/ones.mgz
Binarizing based on threshold
min        -1
max        +infinity
binval        1
binvalnot     0
fstart = 0, fend = 0, nframes = 1
Found 16777216 values in range
Counting number of voxels in first frame
Found 16777216 voxels in final mask
Count: 16777216 16777216.000000 16777216 100.000000
mri_binarize done
mri_segstats --id 1 --seg ./tmp.mri_nu_correct.mni.73463/ones.mgz --i orig.mgz --sum ./tmp.mri_nu_correct.mni.73463/sum.junk --avgwf ./tmp.mri_nu_correct.mni.73463/input.mean.dat

$Id: mri_segstats.c,v 1.121 2016/05/31 17:27:11 greve Exp $
cwd 
cmdline mri_segstats --id 1 --seg ./tmp.mri_nu_correct.mni.73463/ones.mgz --i orig.mgz --sum ./tmp.mri_nu_correct.mni.73463/sum.junk --avgwf ./tmp.mri_nu_correct.mni.73463/input.mean.dat 
sysname  Linux
hostname wbn232
machine  x86_64
user     jmcg465
UseRobust  0
Loading ./tmp.mri_nu_correct.mni.73463/ones.mgz
Loading orig.mgz
Voxel Volume is 1 mm^3
Generating list of segmentation ids
Found   1 segmentations
Computing statistics for each segmentation

Reporting on   1 segmentations
Using PrintSegStat
Computing spatial average of each frame
  0
Writing to ./tmp.mri_nu_correct.mni.73463/input.mean.dat
mri_segstats done
mri_segstats --id 1 --seg ./tmp.mri_nu_correct.mni.73463/ones.mgz --i ./tmp.mri_nu_correct.mni.73463/nu1.mnc --sum ./tmp.mri_nu_correct.mni.73463/sum.junk --avgwf ./tmp.mri_nu_correct.mni.73463/output.mean.dat

$Id: mri_segstats.c,v 1.121 2016/05/31 17:27:11 greve Exp $
cwd 
cmdline mri_segstats --id 1 --seg ./tmp.mri_nu_correct.mni.73463/ones.mgz --i ./tmp.mri_nu_correct.mni.73463/nu1.mnc --sum ./tmp.mri_nu_correct.mni.73463/sum.junk --avgwf ./tmp.mri_nu_correct.mni.73463/output.mean.dat 
sysname  Linux
hostname wbn232
machine  x86_64
user     jmcg465
UseRobust  0
Loading ./tmp.mri_nu_correct.mni.73463/ones.mgz
Loading ./tmp.mri_nu_correct.mni.73463/nu1.mnc
Voxel Volume is 1 mm^3
Generating list of segmentation ids
Found   1 segmentations
Computing statistics for each segmentation

Reporting on   1 segmentations
Using PrintSegStat
Computing spatial average of each frame
  0
Writing to ./tmp.mri_nu_correct.mni.73463/output.mean.dat
mri_segstats done
mris_calc -o ./tmp.mri_nu_correct.mni.73463/nu1.mnc ./tmp.mri_nu_correct.mni.73463/nu1.mnc mul .95208462345627374504
Saving result to './tmp.mri_nu_correct.mni.73463/nu1.mnc' (type = MINC )                       [ ok ]
mri_convert ./tmp.mri_nu_correct.mni.73463/nu1.mnc nu.mgz --like orig.mgz
mri_convert.bin ./tmp.mri_nu_correct.mni.73463/nu1.mnc nu.mgz --like orig.mgz 
$Id: mri_convert.c,v 1.226 2016/02/26 16:15:24 mreuter Exp $
reading from ./tmp.mri_nu_correct.mni.73463/nu1.mnc...
TR=0.00, TE=0.00, TI=0.00, flip angle=0.00
i_ras = (-1, -3.50701e-09, 4.65661e-10)
j_ras = (4.65661e-10, 0, -1)
k_ras = (-3.93629e-09, 1, 0)
INFO: transform src into the like-volume: orig.mgz
writing to nu.mgz...
mri_make_uchar nu.mgz transforms/talairach.xfm nu.mgz
type change took 0 minutes and 8 seconds.
mapping ( 8, 113) to ( 3, 110)
 
 
Thu Nov 17 17:55:52  2022
mri_nu_correct.mni done

 mri_add_xform_to_header -c /nesi/nobackup/uoa03264/fMRIpipeline_data/processed_test/bids/derivatives/freesurfer/sub-control17/mri/transforms/talairach.xfm nu.mgz nu.mgz 

INFO: extension is mgz
#--------------------------------------------
#@# Intensity Normalization Thu Nov 17 17:55:53  2022
/nesi/nobackup/uoa03264/fMRIpipeline_data/processed_test/bids/derivatives/freesurfer/sub-control17/mri

 mri_normalize -g 1 -mprage nu.mgz T1.mgz 

using max gradient = 1.000
assuming input volume is MGH (Van der Kouwe) MP-RAGE
reading from nu.mgz...
normalizing image...
talairach transform
 0.96904   0.08780   0.00580   1.33514;
-0.06064   1.04471   0.11669  -26.43629;
-0.01500  -0.09824   1.05053  -30.77940;
 0.00000   0.00000   0.00000   1.00000;
processing without aseg, no1d=0
MRInormInit(): 
INFO: Modifying talairach volume c_(r,a,s) based on average_305
MRInormalize(): 
MRIsplineNormalize(): npeaks = 16
Starting OpenSpline(): npoints = 16
building Voronoi diagram...
performing soap bubble smoothing, sigma = 8...

Iterating 2 times
---------------------------------
3d normalization pass 1 of 2
white matter peak found at 110
white matter peak found at 109
gm peak at 83 (83), valley at 56 (56)
csf peak at 33, setting threshold to 66
building Voronoi diagram...
performing soap bubble smoothing, sigma = 8...
---------------------------------
3d normalization pass 2 of 2
white matter peak found at 110
white matter peak found at 110
gm peak at 81 (81), valley at 39 (39)
csf peak at 10, setting threshold to 57
building Voronoi diagram...
performing soap bubble smoothing, sigma = 8...
Done iterating ---------------------------------
writing output to T1.mgz
3D bias adjustment took 2 minutes and 0 seconds.
#--------------------------------------------
#@# Skull Stripping Thu Nov 17 17:57:54  2022
/nesi/nobackup/uoa03264/fMRIpipeline_data/processed_test/bids/derivatives/freesurfer/sub-control17/mri

 mri_em_register -rusage /nesi/nobackup/uoa03264/fMRIpipeline_data/processed_test/bids/derivatives/freesurfer/sub-control17/touch/rusage.mri_em_register.skull.dat -skull nu.mgz /opt/freesurfer/average/RB_all_withskull_2016-05-10.vc700.gca transforms/talairach_with_skull.lta 

aligning to atlas containing skull, setting unknown_nbr_spacing = 5

== Number of threads available to mri_em_register for OpenMP = 1 == 
reading 1 input volumes...
logging results to talairach_with_skull.log
reading '/opt/freesurfer/average/RB_all_withskull_2016-05-10.vc700.gca'...
average std = 22.9   using min determinant for regularization = 52.6
0 singular and 9002 ill-conditioned covariance matrices regularized
reading 'nu.mgz'...
freeing gibbs priors...done.
accounting for voxel sizes in initial transform
bounding unknown intensity as < 8.7 or > 569.1 
total sample mean = 77.6 (1399 zeros)
************************************************
spacing=8, using 3243 sample points, tol=1.00e-05...
************************************************
register_mri: find_optimal_transform
find_optimal_transform: nsamples 3243, passno 0, spacing 8
resetting wm mean[0]: 100 --> 108
resetting gm mean[0]: 61 --> 61
input volume #1 is the most T1-like
using real data threshold=12.0
skull bounding box = (40, 45, 18) --> (213, 202, 218)
using (98, 97, 118) as brain centroid...
mean wm in atlas = 108, using box (77,78,93) --> (119, 116,142) to find MRI wm
before smoothing, mri peak at 108
robust fit to distribution - 108 +- 3.9
after smoothing, mri peak at 108, scaling input intensities by 1.000
scaling channel 0 by 1
initial log_p = -4.328
************************************************
First Search limited to translation only.
************************************************
max log p =    -4.328120 @ (0.000, 0.000, 0.000)
max log p =    -4.224345 @ (-4.545, -4.545, -4.545)
max log p =    -4.187810 @ (2.273, -2.273, -2.273)
max log p =    -4.187810 @ (0.000, 0.000, 0.000)
max log p =    -4.175053 @ (0.568, 2.841, -0.568)
max log p =    -4.171328 @ (-0.284, -1.420, -0.852)
Found translation: (-2.0, -5.4, -8.2): log p = -4.171
****************************************
Nine parameter search.  iteration 0 nscales = 0 ...
****************************************
Result so far: scale 1.000: max_log_p=-4.164, old_max_log_p =-4.171 (thresh=-4.2)
 1.00000   0.00000   0.00000  -1.98864;
 0.00000   1.06580   0.14032  -24.32871;
 0.00000  -0.14032   1.06580   4.62677;
 0.00000   0.00000   0.00000   1.00000;
****************************************
Nine parameter search.  iteration 1 nscales = 0 ...
****************************************
Result so far: scale 1.000: max_log_p=-4.141, old_max_log_p =-4.164 (thresh=-4.2)
 0.99144   0.01831  -0.13912   12.97116;
 0.00000   1.14574   0.15084  -36.81643;
 0.12074  -0.12868   0.97743  -1.87696;
 0.00000   0.00000   0.00000   1.00000;
****************************************
Nine parameter search.  iteration 2 nscales = 0 ...
****************************************
Result so far: scale 1.000: max_log_p=-4.128, old_max_log_p =-4.141 (thresh=-4.1)
 0.99859   0.02103  -0.00887  -3.71838;
-0.01576   1.15273   0.02197  -20.56177;
-0.01073   0.01939   0.99846  -8.51185;
 0.00000   0.00000   0.00000   1.00000;
****************************************
Nine parameter search.  iteration 3 nscales = 0 ...
****************************************
Result so far: scale 1.000: max_log_p=-4.128, old_max_log_p =-4.128 (thresh=-4.1)
 0.99859   0.02103  -0.00887  -3.71838;
-0.01576   1.15273   0.02197  -20.56177;
-0.01073   0.01939   0.99846  -8.51185;
 0.00000   0.00000   0.00000   1.00000;
reducing scale to 0.2500
****************************************
Nine parameter search.  iteration 4 nscales = 1 ...
****************************************
Result so far: scale 0.250: max_log_p=-4.056, old_max_log_p =-4.128 (thresh=-4.1)
 0.95864   0.06139  -0.06825   4.57000;
-0.04692   1.12858   0.08783  -22.87323;
 0.05774  -0.05659   1.02938  -8.29251;
 0.00000   0.00000   0.00000   1.00000;
****************************************
Nine parameter search.  iteration 5 nscales = 1 ...
****************************************
Result so far: scale 0.250: max_log_p=-4.056, old_max_log_p =-4.056 (thresh=-4.1)
 0.95864   0.06139  -0.06825   4.57000;
-0.04692   1.12858   0.08783  -22.87323;
 0.05774  -0.05659   1.02938  -8.29251;
 0.00000   0.00000   0.00000   1.00000;
reducing scale to 0.0625
****************************************
Nine parameter search.  iteration 6 nscales = 2 ...
****************************************
Result so far: scale 0.062: max_log_p=-4.041, old_max_log_p =-4.056 (thresh=-4.1)
 0.96258   0.03281  -0.05346   5.00114;
-0.02341   1.13106   0.08629  -25.53338;
 0.04156  -0.05719   1.02678  -6.80754;
 0.00000   0.00000   0.00000   1.00000;
****************************************
Nine parameter search.  iteration 7 nscales = 2 ...
****************************************
Result so far: scale 0.062: max_log_p=-4.036, old_max_log_p =-4.041 (thresh=-4.0)
 0.96258   0.03281  -0.05346   5.00114;
-0.02338   1.12973   0.08619  -25.33638;
 0.04152  -0.05712   1.02557  -6.66957;
 0.00000   0.00000   0.00000   1.00000;
****************************************
Nine parameter search.  iteration 8 nscales = 2 ...
****************************************
Result so far: scale 0.062: max_log_p=-4.035, old_max_log_p =-4.036 (thresh=-4.0)
 0.96483   0.03288  -0.05359   4.72018;
-0.02338   1.12973   0.08619  -25.33638;
 0.04152  -0.05712   1.02557  -6.66957;
 0.00000   0.00000   0.00000   1.00000;
min search scale 0.025000 reached
***********************************************
Computing MAP estimate using 3243 samples...
***********************************************
dt = 5.00e-06, momentum=0.80, tol=1.00e-05
l_intensity = 1.0000
Aligning input volume to GCA...
Transform matrix
 0.96483   0.03288  -0.05359   4.72018;
-0.02338   1.12973   0.08619  -25.33638;
 0.04152  -0.05712   1.02557  -6.66957;
 0.00000   0.00000   0.00000   1.00000;
nsamples 3243
Quasinewton: input matrix
 0.96483   0.03288  -0.05359   4.72018;
-0.02338   1.12973   0.08619  -25.33638;
 0.04152  -0.05712   1.02557  -6.66957;
 0.00000   0.00000   0.00000   1.00000;
outof QuasiNewtonEMA: 011: -log(p) =   -0.0  tol 0.000010
Resulting transform:
 0.96483   0.03288  -0.05359   4.72018;
-0.02338   1.12973   0.08619  -25.33638;
 0.04152  -0.05712   1.02557  -6.66957;
 0.00000   0.00000   0.00000   1.00000;

pass 1, spacing 8: log(p) = -4.035 (old=-4.328)
transform before final EM align:
 0.96483   0.03288  -0.05359   4.72018;
-0.02338   1.12973   0.08619  -25.33638;
 0.04152  -0.05712   1.02557  -6.66957;
 0.00000   0.00000   0.00000   1.00000;

**************************************************
 EM alignment process ...
 Computing final MAP estimate using 364799 samples. 
**************************************************
dt = 5.00e-06, momentum=0.80, tol=1.00e-07
l_intensity = 1.0000
Aligning input volume to GCA...
Transform matrix
 0.96483   0.03288  -0.05359   4.72018;
-0.02338   1.12973   0.08619  -25.33638;
 0.04152  -0.05712   1.02557  -6.66957;
 0.00000   0.00000   0.00000   1.00000;
nsamples 364799
Quasinewton: input matrix
 0.96483   0.03288  -0.05359   4.72018;
-0.02338   1.12973   0.08619  -25.33638;
 0.04152  -0.05712   1.02557  -6.66957;
 0.00000   0.00000   0.00000   1.00000;
outof QuasiNewtonEMA: 013: -log(p) =    4.4  tol 0.000000
final transform:
 0.96483   0.03288  -0.05359   4.72018;
-0.02338   1.12973   0.08619  -25.33638;
 0.04152  -0.05712   1.02557  -6.66957;
 0.00000   0.00000   0.00000   1.00000;

writing output transformation to transforms/talairach_with_skull.lta...
mri_em_register utimesec    1294.136960
mri_em_register stimesec    2.636026
mri_em_register ru_maxrss   610388
mri_em_register ru_ixrss    0
mri_em_register ru_idrss    0
mri_em_register ru_isrss    0
mri_em_register ru_minflt   959755
mri_em_register ru_majflt   4
mri_em_register ru_nswap    0
mri_em_register ru_inblock  33126
mri_em_register ru_oublock  0
mri_em_register ru_msgsnd   0
mri_em_register ru_msgrcv   0
mri_em_register ru_nsignals 0
mri_em_register ru_nvcsw    570
mri_em_register ru_nivcsw   360
registration took 21 minutes and 39 seconds.

 mri_watershed -rusage /nesi/nobackup/uoa03264/fMRIpipeline_data/processed_test/bids/derivatives/freesurfer/sub-control17/touch/rusage.mri_watershed.dat -T1 -brain_atlas /opt/freesurfer/average/RB_all_withskull_2016-05-10.vc700.gca transforms/talairach_with_skull.lta T1.mgz brainmask.auto.mgz 


Mode:          T1 normalized volume
Mode:          Use the information of atlas (default parms, --help for details)

*********************************************************
The input file is T1.mgz
The output file is brainmask.auto.mgz
Weighting the input with atlas information before watershed

*************************WATERSHED**************************
Sorting...
      first estimation of the COG coord: x=129 y=119 z=115 r=72
      first estimation of the main basin volume: 1624537 voxels
      Looking for seedpoints 
        2 found in the cerebellum 
        18 found in the rest of the brain 
      global maximum in x=148, y=103, z=81, Imax=255
      CSF=18, WM_intensity=110, WM_VARIANCE=5
      WM_MIN=110, WM_HALF_MIN=110, WM_HALF_MAX=110, WM_MAX=110 
      preflooding height equal to 10 percent
done.
Analyze...

      main basin size=275239951 voxels, voxel volume =1.000 
                     = 275239951 mmm3 = 275239.936 cm3
done.
PostAnalyze...Basin Prior
 77 basins merged thanks to atlas 
      ***** 0 basin(s) merged in 1 iteration(s)
      ***** 0 voxel(s) added to the main basin
done.
Weighting the input with prior template 

****************TEMPLATE DEFORMATION****************

      second estimation of the COG coord: x=126,y=122, z=110, r=9953 iterations
^^^^^^^^ couldn't find WM with original limits - expanding ^^^^^^

   GLOBAL      CSF_MIN=1, CSF_intensity=2, CSF_MAX=27 , nb = 44144
  RIGHT_CER    CSF_MIN=1, CSF_intensity=2, CSF_MAX=22 , nb = -1043745346
  LEFT_CER     CSF_MIN=1, CSF_intensity=2, CSF_MAX=19 , nb = -1072664105
 RIGHT_BRAIN   CSF_MIN=0, CSF_intensity=5, CSF_MAX=28 , nb = -1097058054
 LEFT_BRAIN    CSF_MIN=1, CSF_intensity=2, CSF_MAX=29 , nb = 1076314356
    OTHER      CSF_MIN=5, CSF_intensity=32, CSF_MAX=66 , nb = 1073928873
 Problem with the least square interpolation in GM_MIN calculation.
   
                     CSF_MAX  TRANSITION  GM_MIN  GM
    GLOBAL     
  before analyzing :    27,      43,        56,   75
  after  analyzing :    27,      51,        56,   57
   RIGHT_CER   
  before analyzing :    22,      32,        52,   90
  after  analyzing :    22,      45,        52,   56
   LEFT_CER    
  before analyzing :    19,      32,        55,   84
  after  analyzing :    19,      47,        55,   56
  RIGHT_BRAIN  
  before analyzing :    28,      43,        55,   73
  after  analyzing :    28,      51,        55,   56
  LEFT_BRAIN   
  before analyzing :    29,      45,        57,   75
  after  analyzing :    29,      53,        57,   58
     OTHER     
  before analyzing :    66,      59,        51,   92
  after  analyzing :    50,      59,        59,   67
      mri_strip_skull: done peeling brain
      highly tesselated surface with 10242 vertices
      matching...65 iterations

*********************VALIDATION*********************
curvature mean = -0.012, std = 0.010
curvature mean = 73.484, std = 7.895

No Rigid alignment: -atlas Mode Off (basic atlas / no registration)
      before rotation: sse = 4.61, sigma = 6.57
      after  rotation: sse = 4.61, sigma = 6.57
Localization of inacurate regions: Erosion-Dilation steps
      the sse mean is  5.05, its var is  6.00   
      before Erosion-Dilatation  1.38% of inacurate vertices
      after  Erosion-Dilatation  0.00% of inacurate vertices
      Validation of the shape of the surface done.
Scaling of atlas fields onto current surface fields

********FINAL ITERATIVE TEMPLATE DEFORMATION********
Compute Local values csf/gray
Fine Segmentation...48 iterations

      mri_strip_skull: done peeling brain

Brain Size = 1926585 voxels, voxel volume = 1.000 mm3
           = 1926585 mmm3 = 1926.585 cm3


******************************
Saving brainmask.auto.mgz
done
mri_watershed utimesec    15.409162
mri_watershed stimesec    0.494037
mri_watershed ru_maxrss   824924
mri_watershed ru_ixrss    0
mri_watershed ru_idrss    0
mri_watershed ru_isrss    0
mri_watershed ru_minflt   364600
mri_watershed ru_majflt   4
mri_watershed ru_nswap    0
mri_watershed ru_inblock  4908
mri_watershed ru_oublock  0
mri_watershed ru_msgsnd   0
mri_watershed ru_msgrcv   0
mri_watershed ru_nsignals 0
mri_watershed ru_nvcsw    24
mri_watershed ru_nivcsw   12
mri_watershed done

 cp brainmask.auto.mgz brainmask.mgz 

#-------------------------------------
#@# EM Registration Thu Nov 17 18:19:50  2022
/nesi/nobackup/uoa03264/fMRIpipeline_data/processed_test/bids/derivatives/freesurfer/sub-control17/mri

 mri_em_register -rusage /nesi/nobackup/uoa03264/fMRIpipeline_data/processed_test/bids/derivatives/freesurfer/sub-control17/touch/rusage.mri_em_register.dat -uns 3 -mask brainmask.mgz nu.mgz /opt/freesurfer/average/RB_all_2016-05-10.vc700.gca transforms/talairach.lta 

setting unknown_nbr_spacing = 3
using MR volume brainmask.mgz to mask input volume...

== Number of threads available to mri_em_register for OpenMP = 1 == 
reading 1 input volumes...
logging results to talairach.log
reading '/opt/freesurfer/average/RB_all_2016-05-10.vc700.gca'...
average std = 7.3   using min determinant for regularization = 5.3
0 singular and 841 ill-conditioned covariance matrices regularized
reading 'nu.mgz'...
freeing gibbs priors...done.
accounting for voxel sizes in initial transform
bounding unknown intensity as < 6.3 or > 503.7 
total sample mean = 78.8 (1011 zeros)
************************************************
spacing=8, using 2830 sample points, tol=1.00e-05...
************************************************
register_mri: find_optimal_transform
find_optimal_transform: nsamples 2830, passno 0, spacing 8
resetting wm mean[0]: 98 --> 107
resetting gm mean[0]: 61 --> 61
input volume #1 is the most T1-like
using real data threshold=26.0
skull bounding box = (50, 54, 29) --> (202, 179, 205)
using (101, 96, 117) as brain centroid...
mean wm in atlas = 107, using box (82,81,95) --> (119, 111,138) to find MRI wm
before smoothing, mri peak at 108
robust fit to distribution - 108 +- 3.8
after smoothing, mri peak at 108, scaling input intensities by 0.991
scaling channel 0 by 0.990741
initial log_p = -3.922
************************************************
First Search limited to translation only.
************************************************
max log p =    -3.882901 @ (0.000, 0.000, 0.000)
max log p =    -3.803962 @ (-4.545, -4.545, -4.545)
max log p =    -3.740180 @ (2.273, 2.273, -2.273)
max log p =    -3.740180 @ (0.000, 0.000, 0.000)
max log p =    -3.715718 @ (-0.568, -1.705, -1.705)
max log p =    -3.715718 @ (0.000, 0.000, 0.000)
Found translation: (-2.8, -4.0, -8.5): log p = -3.716
****************************************
Nine parameter search.  iteration 0 nscales = 0 ...
****************************************
Result so far: scale 1.000: max_log_p=-3.658, old_max_log_p =-3.716 (thresh=-3.7)
 0.91709   0.01576  -0.11970   19.60253;
 0.00000   0.99144   0.13053  -17.79840;
 0.13053  -0.12941   0.98296  -0.04243;
 0.00000   0.00000   0.00000   1.00000;
****************************************
Nine parameter search.  iteration 1 nscales = 0 ...
****************************************
Result so far: scale 1.000: max_log_p=-3.647, old_max_log_p =-3.658 (thresh=-3.7)
 0.91709   0.01576  -0.11970   19.60253;
-0.01704   0.99985   0.00111  -2.85680;
 0.12941   0.00111   0.99159  -24.53361;
 0.00000   0.00000   0.00000   1.00000;
****************************************
Nine parameter search.  iteration 2 nscales = 0 ...
****************************************
Result so far: scale 1.000: max_log_p=-3.614, old_max_log_p =-3.647 (thresh=-3.6)
 0.91709   0.01576  -0.11970   19.60253;
 0.00000   1.06580   0.14032  -29.13241;
 0.13053  -0.12941   0.98296  -7.47827;
 0.00000   0.00000   0.00000   1.00000;
****************************************
Nine parameter search.  iteration 3 nscales = 0 ...
****************************************
Result so far: scale 1.000: max_log_p=-3.614, old_max_log_p =-3.614 (thresh=-3.6)
 0.91709   0.01576  -0.11970   19.60253;
 0.00000   1.06580   0.14032  -29.13241;
 0.13053  -0.12941   0.98296  -7.47827;
 0.00000   0.00000   0.00000   1.00000;
reducing scale to 0.2500
****************************************
Nine parameter search.  iteration 4 nscales = 1 ...
****************************************
Result so far: scale 0.250: max_log_p=-3.545, old_max_log_p =-3.614 (thresh=-3.6)
 0.90367   0.01460  -0.08432   17.32959;
-0.00633   1.06951   0.10704  -22.98144;
 0.09962  -0.09441   0.97098  -2.64052;
 0.00000   0.00000   0.00000   1.00000;
****************************************
Nine parameter search.  iteration 5 nscales = 1 ...
****************************************
slurmstepd: error: *** JOB 31390765 ON wbn232 CANCELLED AT 2022-11-17T18:30:09 ***
