Building DAG of jobs...
Using shell: /usr/bin/bash
Provided cores: 8
Rules claiming more threads will be scaled down.
Provided resources: mem_mb=25000, mem_mib=23842, disk_mb=1000, disk_mib=954, cpus=8, time_min=180, gpu=0
Select jobs to execute...

[Mon Apr 10 07:41:13 2023]
rule fmriprep:
    input: /nesi/nobackup/uoa03264/fMRIpipeline_data/processed_gil/bids/sub-gil1/ses-a, /nesi/nobackup/uoa03264/fMRIpipeline_data/processed_gil/bids/derivatives/freesurfer_agg/sub-gil1
    output: /nesi/nobackup/uoa03264/fMRIpipeline_data/processed_gil/bids/derivatives/fmriprep/sub-gil1
    log: /nesi/nobackup/uoa03264/fMRIpipeline_data/processed_gil/bids/derivatives/fmriprep/sub-gil1.html
    jobid: 0
    reason: Missing output files: /nesi/nobackup/uoa03264/fMRIpipeline_data/processed_gil/bids/derivatives/fmriprep/sub-gil1
    wildcards: resultsdir=/nesi/nobackup/uoa03264/fMRIpipeline_data/processed_gil, subject=gil1
    threads: 8
    resources: mem_mb=25000, mem_mib=23842, disk_mb=1000, disk_mib=954, tmpdir=/dev/shm/jobs/34094976, cpus=8, time_min=180, gpu=0

fmriprep /nesi/nobackup/uoa03264/fMRIpipeline_data/processed_gil/bids /nesi/nobackup/uoa03264/fMRIpipeline_data/processed_gil/bids/derivatives/fmriprep participant --participant-label gil1 --skip-bids-validation --md-only-boilerplate --fs-subjects-dir /nesi/nobackup/uoa03264/fMRIpipeline_data/processed_gil/bids/derivatives/freesurfer_agg --output-spaces MNI152NLin2009cAsym:res-2 --low-mem --mem-mb 25000 --nprocs 8 -w /nesi/nobackup/uoa03264/fMRIpipeline_data/processed_gil/work --fs-license-file ./license.txt
Activating singularity image /scale_wlg_persistent/filesets/project/uoa03264/fmri_workflow/.snakemake/singularity/8ba2e11db7a36df6ed76807c131c9dc5.simg
You are using fMRIPrep-22.0.2, and a newer version of fMRIPrep is available: 23.0.1.
Please check out our documentation about how and when to upgrade:
https://fmriprep.readthedocs.io/en/latest/faq.html#upgrading
230409-19:41:46,390 nipype.workflow IMPORTANT:
	 Running fMRIPrep version 22.0.2

         License NOTICE ##################################################
         fMRIPrep 22.0.2
         Copyright 2022 The NiPreps Developers.
         
         This product includes software developed by
         the NiPreps Community (https://nipreps.org/).
         
         Portions of this software were developed at the Department of
         Psychology at Stanford University, Stanford, CA, US.
         
         This software redistributes the versioneer Python package, which is
         Public domain source code.
         
         This software is also distributed as a Docker container image.
         The bootstraping file for the image ("Dockerfile") is licensed
         under the MIT License.
         
         This software may be distributed through an add-on package called
         "Docker Wrapper" that is under the BSD 3-clause License.
         #################################################################
230409-19:41:46,393 nipype.workflow WARNING:
	 Previous output generated by version 0+unknown found.
230409-19:41:46,414 nipype.workflow IMPORTANT:
	 Building fMRIPrep's workflow:
           * BIDS dataset path: /nesi/nobackup/uoa03264/fMRIpipeline_data/processed_gil/bids.
           * Participant list: ['gil1'].
           * Run identifier: 20230409-194130_f3c3ee7a-814f-489e-9616-e117fd1a27b3.
           * Output spaces: MNI152NLin2009cAsym:res-2.
           * Pre-run FreeSurfer's SUBJECTS_DIR: /nesi/nobackup/uoa03264/fMRIpipeline_data/processed_gil/bids/derivatives/freesurfer_agg.
230409-19:41:48,580 nipype.workflow INFO:
	 No single-band-reference found for sub-gil1_ses-a_task-rest_run-001_bold.nii.gz.
230409-19:41:48,680 nipype.workflow IMPORTANT:
	 BOLD series will be slice-timing corrected to an offset of 0.721s.
230409-19:41:51,348 nipype.workflow INFO:
	 fMRIPrep workflow graph with 374 nodes built successfully.
230409-19:42:03,937 nipype.workflow IMPORTANT:
	 fMRIPrep started!
230409-19:42:12,896 nipype.workflow INFO:
	 [Node] Setting-up "fmriprep_22_0_wf.single_subject_gil1_wf.anat_preproc_wf.fs_isrunning" in "/nesi/nobackup/uoa03264/fMRIpipeline_data/processed_gil/work/fmriprep_22_0_wf/single_subject_gil1_wf/anat_preproc_wf/fs_isrunning".
230409-19:42:12,899 nipype.workflow INFO:
	 [Node] Outdated cache found for "fmriprep_22_0_wf.single_subject_gil1_wf.anat_preproc_wf.fs_isrunning".
230409-19:42:12,903 nipype.workflow INFO:
	 [Node] Executing "fs_isrunning" <nipype.interfaces.utility.wrappers.Function>
230409-19:42:12,909 nipype.workflow INFO:
	 [Node] Finished "fs_isrunning", elapsed time 0.001101s.
230409-19:42:27,759 nipype.workflow INFO:
	 [Node] Setting-up "fmriprep_22_0_wf.single_subject_gil1_wf.anat_preproc_wf.surface_recon_wf.autorecon1" in "/nesi/nobackup/uoa03264/fMRIpipeline_data/processed_gil/work/fmriprep_22_0_wf/single_subject_gil1_wf/anat_preproc_wf/surface_recon_wf/autorecon1".
230409-19:42:27,797 nipype.workflow INFO:
	 [Node] Executing "autorecon1" <smriprep.interfaces.freesurfer.ReconAll>
230409-19:42:27,799 nipype.interface INFO:
	 recon-all complete : Not running
230409-19:42:27,800 nipype.interface INFO:
	 recon-all complete : Not running
230409-19:42:27,865 nipype.workflow INFO:
	 [Node] Finished "autorecon1", elapsed time 0.06656s.
230409-19:43:39,259 nipype.workflow INFO:
	 [Node] Setting-up "fmriprep_22_0_wf.single_subject_gil1_wf.anat_preproc_wf.surface_recon_wf.skull_strip_extern" in "/nesi/nobackup/uoa03264/fMRIpipeline_data/processed_gil/work/fmriprep_22_0_wf/single_subject_gil1_wf/anat_preproc_wf/surface_recon_wf/skull_strip_extern".
230409-19:43:39,264 nipype.workflow INFO:
	 [Node] Executing "skull_strip_extern" <niworkflows.interfaces.freesurfer.FSInjectBrainExtracted>
230409-19:43:39,661 nipype.workflow INFO:
	 [Node] Finished "skull_strip_extern", elapsed time 0.395845s.
230409-19:43:40,196 nipype.workflow INFO:
	 [Node] Setting-up "fmriprep_22_0_wf.single_subject_gil1_wf.anat_preproc_wf.surface_recon_wf.autorecon_resume_wf.autorecon2_vol" in "/nesi/nobackup/uoa03264/fMRIpipeline_data/processed_gil/work/fmriprep_22_0_wf/single_subject_gil1_wf/anat_preproc_wf/surface_recon_wf/autorecon_resume_wf/autorecon2_vol".
230409-19:43:40,200 nipype.workflow INFO:
	 [Node] Executing "autorecon2_vol" <smriprep.interfaces.freesurfer.ReconAll>
230409-19:43:40,202 nipype.interface INFO:
	 recon-all complete : Not running
230409-19:43:40,202 nipype.interface INFO:
	 recon-all complete : Not running
230409-19:43:40,296 nipype.workflow INFO:
	 [Node] Finished "autorecon2_vol", elapsed time 0.094588s.
230409-19:43:52,275 nipype.workflow INFO:
	 [Node] Setting-up "_autorecon_surfs0" in "/nesi/nobackup/uoa03264/fMRIpipeline_data/processed_gil/work/fmriprep_22_0_wf/single_subject_gil1_wf/anat_preproc_wf/surface_recon_wf/autorecon_resume_wf/autorecon_surfs/mapflow/_autorecon_surfs0".
230409-19:43:52,280 nipype.workflow INFO:
	 [Node] Executing "_autorecon_surfs0" <smriprep.interfaces.freesurfer.ReconAll>
230409-19:43:52,282 nipype.interface INFO:
	 recon-all complete : Not running
230409-19:43:52,284 nipype.interface INFO:
	 recon-all complete : Not running
230409-19:43:52,387 nipype.workflow INFO:
	 [Node] Finished "_autorecon_surfs0", elapsed time 0.106385s.
230409-19:43:54,303 nipype.workflow INFO:
	 [Node] Setting-up "_autorecon_surfs1" in "/nesi/nobackup/uoa03264/fMRIpipeline_data/processed_gil/work/fmriprep_22_0_wf/single_subject_gil1_wf/anat_preproc_wf/surface_recon_wf/autorecon_resume_wf/autorecon_surfs/mapflow/_autorecon_surfs1".
230409-19:43:54,308 nipype.workflow INFO:
	 [Node] Executing "_autorecon_surfs1" <smriprep.interfaces.freesurfer.ReconAll>
230409-19:43:54,310 nipype.interface INFO:
	 recon-all complete : Not running
230409-19:43:54,311 nipype.interface INFO:
	 recon-all complete : Not running
230409-19:43:54,404 nipype.workflow INFO:
	 [Node] Finished "_autorecon_surfs1", elapsed time 0.095171s.
230409-19:44:04,366 nipype.workflow INFO:
	 [Node] Setting-up "_autorecon_surfs0" in "/nesi/nobackup/uoa03264/fMRIpipeline_data/processed_gil/work/fmriprep_22_0_wf/single_subject_gil1_wf/anat_preproc_wf/surface_recon_wf/autorecon_resume_wf/autorecon_surfs/mapflow/_autorecon_surfs0".
230409-19:44:04,371 nipype.workflow INFO:
	 [Node] Executing "_autorecon_surfs0" <smriprep.interfaces.freesurfer.ReconAll>
230409-19:44:04,374 nipype.interface INFO:
	 recon-all complete : Not running
230409-19:44:04,375 nipype.interface INFO:
	 recon-all complete : Not running
230409-19:44:04,553 nipype.workflow INFO:
	 [Node] Finished "_autorecon_surfs0", elapsed time 0.18013s.
230409-19:44:04,559 nipype.workflow INFO:
	 [Node] Setting-up "_autorecon_surfs1" in "/nesi/nobackup/uoa03264/fMRIpipeline_data/processed_gil/work/fmriprep_22_0_wf/single_subject_gil1_wf/anat_preproc_wf/surface_recon_wf/autorecon_resume_wf/autorecon_surfs/mapflow/_autorecon_surfs1".
230409-19:44:04,564 nipype.workflow INFO:
	 [Node] Executing "_autorecon_surfs1" <smriprep.interfaces.freesurfer.ReconAll>
230409-19:44:04,567 nipype.interface INFO:
	 recon-all complete : Not running
230409-19:44:04,568 nipype.interface INFO:
	 recon-all complete : Not running
230409-19:44:04,756 nipype.workflow INFO:
	 [Node] Finished "_autorecon_surfs1", elapsed time 0.191212s.
230409-19:44:06,311 nipype.workflow INFO:
	 [Node] Setting-up "fmriprep_22_0_wf.single_subject_gil1_wf.anat_preproc_wf.surface_recon_wf.autorecon_resume_wf.cortribbon" in "/nesi/nobackup/uoa03264/fMRIpipeline_data/processed_gil/work/fmriprep_22_0_wf/single_subject_gil1_wf/anat_preproc_wf/surface_recon_wf/autorecon_resume_wf/cortribbon".
230409-19:44:06,324 nipype.workflow INFO:
	 [Node] Executing "cortribbon" <smriprep.interfaces.freesurfer.ReconAll>
230409-19:44:06,325 nipype.interface INFO:
	 recon-all complete : Not running
230409-19:44:06,326 nipype.interface INFO:
	 recon-all complete : Not running
230409-19:44:06,498 nipype.workflow INFO:
	 [Node] Finished "cortribbon", elapsed time 0.172571s.
230409-19:44:10,369 nipype.workflow INFO:
	 [Node] Setting-up "_parcstats0" in "/nesi/nobackup/uoa03264/fMRIpipeline_data/processed_gil/work/fmriprep_22_0_wf/single_subject_gil1_wf/anat_preproc_wf/surface_recon_wf/autorecon_resume_wf/parcstats/mapflow/_parcstats0".
230409-19:44:10,376 nipype.workflow INFO:
	 [Node] Executing "_parcstats0" <smriprep.interfaces.freesurfer.ReconAll>
230409-19:44:10,378 nipype.interface INFO:
	 recon-all complete : Not running
230409-19:44:10,380 nipype.interface INFO:
	 recon-all complete : Not running
230409-19:44:10,605 nipype.workflow INFO:
	 [Node] Finished "_parcstats0", elapsed time 0.228617s.
230409-19:44:12,239 nipype.workflow INFO:
	 [Node] Setting-up "_parcstats1" in "/nesi/nobackup/uoa03264/fMRIpipeline_data/processed_gil/work/fmriprep_22_0_wf/single_subject_gil1_wf/anat_preproc_wf/surface_recon_wf/autorecon_resume_wf/parcstats/mapflow/_parcstats1".
230409-19:44:12,244 nipype.workflow INFO:
	 [Node] Executing "_parcstats1" <smriprep.interfaces.freesurfer.ReconAll>
230409-19:44:12,246 nipype.interface INFO:
	 recon-all complete : Not running
230409-19:44:12,247 nipype.interface INFO:
	 recon-all complete : Not running
230409-19:44:12,343 nipype.workflow INFO:
	 [Node] Finished "_parcstats1", elapsed time 0.098389s.
230409-19:44:14,250 nipype.workflow INFO:
	 [Node] Setting-up "_parcstats0" in "/nesi/nobackup/uoa03264/fMRIpipeline_data/processed_gil/work/fmriprep_22_0_wf/single_subject_gil1_wf/anat_preproc_wf/surface_recon_wf/autorecon_resume_wf/parcstats/mapflow/_parcstats0".
230409-19:44:14,254 nipype.workflow INFO:
	 [Node] Executing "_parcstats0" <smriprep.interfaces.freesurfer.ReconAll>
230409-19:44:14,257 nipype.interface INFO:
	 recon-all complete : Not running
230409-19:44:14,259 nipype.interface INFO:
	 recon-all complete : Not running
230409-19:44:14,352 nipype.workflow INFO:
	 [Node] Finished "_parcstats0", elapsed time 0.097168s.
230409-19:44:14,357 nipype.workflow INFO:
	 [Node] Setting-up "_parcstats1" in "/nesi/nobackup/uoa03264/fMRIpipeline_data/processed_gil/work/fmriprep_22_0_wf/single_subject_gil1_wf/anat_preproc_wf/surface_recon_wf/autorecon_resume_wf/parcstats/mapflow/_parcstats1".
230409-19:44:14,361 nipype.workflow INFO:
	 [Node] Executing "_parcstats1" <smriprep.interfaces.freesurfer.ReconAll>
230409-19:44:14,363 nipype.interface INFO:
	 recon-all complete : Not running
230409-19:44:14,365 nipype.interface INFO:
	 recon-all complete : Not running
230409-19:44:14,456 nipype.workflow INFO:
	 [Node] Finished "_parcstats1", elapsed time 0.094664s.
230409-19:44:16,222 nipype.workflow INFO:
	 [Node] Setting-up "fmriprep_22_0_wf.single_subject_gil1_wf.anat_preproc_wf.surface_recon_wf.autorecon_resume_wf.autorecon3" in "/nesi/nobackup/uoa03264/fMRIpipeline_data/processed_gil/work/fmriprep_22_0_wf/single_subject_gil1_wf/anat_preproc_wf/surface_recon_wf/autorecon_resume_wf/autorecon3".
230409-19:44:16,226 nipype.workflow INFO:
	 [Node] Executing "autorecon3" <smriprep.interfaces.freesurfer.ReconAll>
230409-19:44:16,230 nipype.interface INFO:
	 resume recon-all : recon-all -autorecon3 -openmp 7 -subjid sub-gil1 -sd /nesi/nobackup/uoa03264/fMRIpipeline_data/processed_gil/bids/derivatives/freesurfer_agg -nosphere -nosurfreg -nojacobian_white -noavgcurv -nocortparc -nopial -noparcstats -nocortparc2 -noparcstats2 -nocortparc3 -noparcstats3 -nopctsurfcon -nocortribbon -nohyporelabel -noaparc2aseg -nosegstats -nowmparc -nobalabels
230409-19:44:16,232 nipype.interface INFO:
	 resume recon-all : recon-all -autorecon3 -openmp 7 -subjid sub-gil1 -sd /nesi/nobackup/uoa03264/fMRIpipeline_data/processed_gil/bids/derivatives/freesurfer_agg -nosphere -nosurfreg -nojacobian_white -noavgcurv -nocortparc -nopial -noparcstats -nocortparc2 -noparcstats2 -nocortparc3 -noparcstats3 -nopctsurfcon -nocortribbon -nohyporelabel -noaparc2aseg -nosegstats -nowmparc -nobalabels
230409-19:44:20,152 nipype.workflow INFO:
	 [Node] Finished "autorecon3", elapsed time 3.925036s.
230409-19:44:20,155 nipype.workflow WARNING:
	 [Node] Error on "fmriprep_22_0_wf.single_subject_gil1_wf.anat_preproc_wf.surface_recon_wf.autorecon_resume_wf.autorecon3" (/nesi/nobackup/uoa03264/fMRIpipeline_data/processed_gil/work/fmriprep_22_0_wf/single_subject_gil1_wf/anat_preproc_wf/surface_recon_wf/autorecon_resume_wf/autorecon3)
230409-19:44:22,161 nipype.workflow ERROR:
	 Node autorecon3 failed to run on host wmc005.
230409-19:44:22,164 nipype.workflow ERROR:
	 Saving crash info to /nesi/nobackup/uoa03264/fMRIpipeline_data/processed_gil/bids/derivatives/fmriprep/sub-gil1/log/20230409-194130_f3c3ee7a-814f-489e-9616-e117fd1a27b3/crash-20230409-194422-jmcg465-autorecon3-812e33c6-8932-4df9-afa0-4eb29ebcd4cf.txt
Traceback (most recent call last):
  File "/opt/conda/lib/python3.9/site-packages/nipype/pipeline/plugins/multiproc.py", line 67, in run_node
    result["result"] = node.run(updatehash=updatehash)
  File "/opt/conda/lib/python3.9/site-packages/nipype/pipeline/engine/nodes.py", line 527, in run
    result = self._run_interface(execute=True)
  File "/opt/conda/lib/python3.9/site-packages/nipype/pipeline/engine/nodes.py", line 645, in _run_interface
    return self._run_command(execute)
  File "/opt/conda/lib/python3.9/site-packages/nipype/pipeline/engine/nodes.py", line 771, in _run_command
    raise NodeExecutionError(msg)
nipype.pipeline.engine.nodes.NodeExecutionError: Exception raised while executing Node autorecon3.

Cmdline:
	recon-all -autorecon3 -openmp 7 -subjid sub-gil1 -sd /nesi/nobackup/uoa03264/fMRIpipeline_data/processed_gil/bids/derivatives/freesurfer_agg -nosphere -nosurfreg -nojacobian_white -noavgcurv -nocortparc -nopial -noparcstats -nocortparc2 -noparcstats2 -nocortparc3 -noparcstats3 -nopctsurfcon -nocortribbon -nohyporelabel -noaparc2aseg -nosegstats -nowmparc -nobalabels
Stdout:
	INFO: FreeSurfer build stamps do not match
	Subject Stamp: freesurfer-Linux-centos6_x86_64-stable-pub-v6.0.1-f53a55a
	Current Stamp: freesurfer-linux-ubuntu18_x86_64-7.2.0-20210721-aa8f76b
	INFO: SUBJECTS_DIR is /nesi/nobackup/uoa03264/fMRIpipeline_data/processed_gil/bids/derivatives/freesurfer_agg
	Actual FREESURFER_HOME /opt/freesurfer
	-rw-rw----+ 1 jmcg465 uoa03264 832168 Apr  9 11:42 /nesi/nobackup/uoa03264/fMRIpipeline_data/processed_gil/bids/derivatives/freesurfer_agg/sub-gil1/scripts/recon-all.log
	Linux wmc005 4.18.0-348.23.1.el8_5.x86_64 #1 SMP Wed Apr 27 15:32:52 UTC 2022 x86_64 x86_64 x86_64 GNU/Linux
	/nesi/nobackup/uoa03264/fMRIpipeline_data/processed_gil/bids/derivatives/freesurfer_agg/sub-gil1/mri/transforms /nesi/nobackup/uoa03264/fMRIpipeline_data/processed_gil/bids/derivatives/freesurfer_agg/sub-gil1 
	/nesi/nobackup/uoa03264/fMRIpipeline_data/processed_gil/bids/derivatives/freesurfer_agg/sub-gil1 
	#--------------------------------------------
	#@# WhiteSurfs lh Sun Apr  9 19:44:20 UTC 2023
	cd /nesi/nobackup/uoa03264/fMRIpipeline_data/processed_gil/bids/derivatives/freesurfer_agg/sub-gil1/mri
	mris_place_surface --adgws-in ../surf/autodet.gw.stats.lh.dat --seg aseg.presurf.mgz --threads 7 --wm wm.mgz --invol brain.finalsurfs.mgz --lh --i ../surf/lh.white.preaparc --o ../surf/lh.white --white --nsmooth 0 --rip-label ../label/lh.cortex.label --rip-bg --rip-surf ../surf/lh.white.preaparc --aparc ../label/lh.aparc.annot
	ERROR: reading ../surf/autodet.gw.stats.lh.dat
	Linux wmc005 4.18.0-348.23.1.el8_5.x86_64 #1 SMP Wed Apr 27 15:32:52 UTC 2022 x86_64 x86_64 x86_64 GNU/Linux

	recon-all -s sub-gil1 exited with ERRORS at Sun Apr  9 19:44:20 UTC 2023

	For more details, see the log file /nesi/nobackup/uoa03264/fMRIpipeline_data/processed_gil/bids/derivatives/freesurfer_agg/sub-gil1/scripts/recon-all.log
	To report a problem, see http://surfer.nmr.mgh.harvard.edu/fswiki/BugReporting

Stderr:

Traceback:
	RuntimeError: subprocess exited with code 1.

230409-19:44:32,156 nipype.workflow ERROR:
	 could not run node: fmriprep_22_0_wf.single_subject_gil1_wf.anat_preproc_wf.surface_recon_wf.autorecon_resume_wf.autorecon3
230409-19:44:32,190 nipype.workflow CRITICAL:
	 fMRIPrep failed: Traceback (most recent call last):
  File "/opt/conda/lib/python3.9/site-packages/nipype/pipeline/plugins/multiproc.py", line 67, in run_node
    result["result"] = node.run(updatehash=updatehash)
  File "/opt/conda/lib/python3.9/site-packages/nipype/pipeline/engine/nodes.py", line 527, in run
    result = self._run_interface(execute=True)
  File "/opt/conda/lib/python3.9/site-packages/nipype/pipeline/engine/nodes.py", line 645, in _run_interface
    return self._run_command(execute)
  File "/opt/conda/lib/python3.9/site-packages/nipype/pipeline/engine/nodes.py", line 771, in _run_command
    raise NodeExecutionError(msg)
nipype.pipeline.engine.nodes.NodeExecutionError: Exception raised while executing Node autorecon3.

Cmdline:
	recon-all -autorecon3 -openmp 7 -subjid sub-gil1 -sd /nesi/nobackup/uoa03264/fMRIpipeline_data/processed_gil/bids/derivatives/freesurfer_agg -nosphere -nosurfreg -nojacobian_white -noavgcurv -nocortparc -nopial -noparcstats -nocortparc2 -noparcstats2 -nocortparc3 -noparcstats3 -nopctsurfcon -nocortribbon -nohyporelabel -noaparc2aseg -nosegstats -nowmparc -nobalabels
Stdout:
	INFO: FreeSurfer build stamps do not match
	Subject Stamp: freesurfer-Linux-centos6_x86_64-stable-pub-v6.0.1-f53a55a
	Current Stamp: freesurfer-linux-ubuntu18_x86_64-7.2.0-20210721-aa8f76b
	INFO: SUBJECTS_DIR is /nesi/nobackup/uoa03264/fMRIpipeline_data/processed_gil/bids/derivatives/freesurfer_agg
	Actual FREESURFER_HOME /opt/freesurfer
	-rw-rw----+ 1 jmcg465 uoa03264 832168 Apr  9 11:42 /nesi/nobackup/uoa03264/fMRIpipeline_data/processed_gil/bids/derivatives/freesurfer_agg/sub-gil1/scripts/recon-all.log
	Linux wmc005 4.18.0-348.23.1.el8_5.x86_64 #1 SMP Wed Apr 27 15:32:52 UTC 2022 x86_64 x86_64 x86_64 GNU/Linux
	/nesi/nobackup/uoa03264/fMRIpipeline_data/processed_gil/bids/derivatives/freesurfer_agg/sub-gil1/mri/transforms /nesi/nobackup/uoa03264/fMRIpipeline_data/processed_gil/bids/derivatives/freesurfer_agg/sub-gil1 
	/nesi/nobackup/uoa03264/fMRIpipeline_data/processed_gil/bids/derivatives/freesurfer_agg/sub-gil1 
	#--------------------------------------------
	#@# WhiteSurfs lh Sun Apr  9 19:44:20 UTC 2023
	cd /nesi/nobackup/uoa03264/fMRIpipeline_data/processed_gil/bids/derivatives/freesurfer_agg/sub-gil1/mri
	mris_place_surface --adgws-in ../surf/autodet.gw.stats.lh.dat --seg aseg.presurf.mgz --threads 7 --wm wm.mgz --invol brain.finalsurfs.mgz --lh --i ../surf/lh.white.preaparc --o ../surf/lh.white --white --nsmooth 0 --rip-label ../label/lh.cortex.label --rip-bg --rip-surf ../surf/lh.white.preaparc --aparc ../label/lh.aparc.annot
	ERROR: reading ../surf/autodet.gw.stats.lh.dat
	Linux wmc005 4.18.0-348.23.1.el8_5.x86_64 #1 SMP Wed Apr 27 15:32:52 UTC 2022 x86_64 x86_64 x86_64 GNU/Linux

	recon-all -s sub-gil1 exited with ERRORS at Sun Apr  9 19:44:20 UTC 2023

	For more details, see the log file /nesi/nobackup/uoa03264/fMRIpipeline_data/processed_gil/bids/derivatives/freesurfer_agg/sub-gil1/scripts/recon-all.log
	To report a problem, see http://surfer.nmr.mgh.harvard.edu/fswiki/BugReporting

Stderr:

Traceback:
	RuntimeError: subprocess exited with code 1.

230409-19:44:32,902 cli ERROR:
	 Preprocessing did not finish successfully. Errors occurred while processing data from participants: gil1 (1). Check the HTML reports for details.
230409-19:44:32,902 cli ERROR:
	 Preprocessing did not finish successfully. Errors occurred while processing data from participants: gil1 (1). Check the HTML reports for details.
Sentry is attempting to send 5 pending error messages
Waiting up to 2 seconds
Press Ctrl-C to quit
[Mon Apr 10 07:44:34 2023]
Error in rule fmriprep:
    jobid: 0
    input: /nesi/nobackup/uoa03264/fMRIpipeline_data/processed_gil/bids/sub-gil1/ses-a, /nesi/nobackup/uoa03264/fMRIpipeline_data/processed_gil/bids/derivatives/freesurfer_agg/sub-gil1
    output: /nesi/nobackup/uoa03264/fMRIpipeline_data/processed_gil/bids/derivatives/fmriprep/sub-gil1
    log: /nesi/nobackup/uoa03264/fMRIpipeline_data/processed_gil/bids/derivatives/fmriprep/sub-gil1.html (check log file(s) for error details)
    shell:
        fmriprep /nesi/nobackup/uoa03264/fMRIpipeline_data/processed_gil/bids /nesi/nobackup/uoa03264/fMRIpipeline_data/processed_gil/bids/derivatives/fmriprep participant --participant-label gil1 --skip-bids-validation --md-only-boilerplate --fs-subjects-dir /nesi/nobackup/uoa03264/fMRIpipeline_data/processed_gil/bids/derivatives/freesurfer_agg --output-spaces MNI152NLin2009cAsym:res-2 --low-mem --mem-mb 25000 --nprocs 8 -w /nesi/nobackup/uoa03264/fMRIpipeline_data/processed_gil/work --fs-license-file ./license.txt
        (one of the commands exited with non-zero exit code; note that snakemake uses bash strict mode!)

Removing output files of failed job fmriprep since they might be corrupted:
/nesi/nobackup/uoa03264/fMRIpipeline_data/processed_gil/bids/derivatives/fmriprep/sub-gil1
Shutting down, this might take some time.
Exiting because a job execution failed. Look above for error message
