Building DAG of jobs...
Using shell: /usr/bin/bash
Provided cores: 2
Rules claiming more threads will be scaled down.
Provided resources: mem_mb=4000, mem_mib=3815, disk_mb=1000, disk_mib=954, cpus=2, time_min=60, gpu=0
Select jobs to execute...

[Thu Mar 23 12:02:11 2023]
rule heudiconv:
    input: /nesi/nobackup/uoa03264/fMRIpipeline_data/processed_test_long/tidy/sub_rugby1/ses_b
    output: /nesi/nobackup/uoa03264/fMRIpipeline_data/processed_test_long/bids/sub-rugby1/ses-b, /nesi/nobackup/uoa03264/fMRIpipeline_data/processed_test_long/bids/.heudiconv/rugby1/ses-b
    jobid: 0
    reason: Missing output files: /nesi/nobackup/uoa03264/fMRIpipeline_data/processed_test_long/bids/.heudiconv/rugby1/ses-b, /nesi/nobackup/uoa03264/fMRIpipeline_data/processed_test_long/bids/sub-rugby1/ses-b
    wildcards: resultsdir=/nesi/nobackup/uoa03264/fMRIpipeline_data/processed_test_long, subject=rugby1, session=b
    resources: mem_mb=4000, mem_mib=3815, disk_mb=1000, disk_mib=954, tmpdir=/dev/shm/jobs/33593729, cpus=2, time_min=60, gpu=0

heudiconv --dicom_dir_template '/nesi/nobackup/uoa03264/fMRIpipeline_data/processed_test_long/tidy/sub_{subject}/ses_{session}/*/*' --outdir /nesi/nobackup/uoa03264/fMRIpipeline_data/processed_test_long/bids --heuristic scripts/heuristic.py --subjects rugby1 --ses b --converter dcm2niix --bids --overwrite
Activating singularity image /scale_wlg_persistent/filesets/project/uoa03264/fmri_workflow/.snakemake/singularity/10b2306ed15c5efc917232958423bfe6.simg
INFO: Running heudiconv version 0.11.4.post18+g1fe815b.d20221025 latest 0.12.2
INFO: Need to process 1 study sessions
INFO: PROCESSING STARTS: {'subject': 'rugby1', 'outdir': '/nesi/nobackup/uoa03264/fMRIpipeline_data/processed_test_long/bids/', 'session': 'b'}
INFO: Processing 10700 dicoms
INFO: Analyzing 10700 dicoms
INFO: Generated sequence info for 2 studies with 10700 entries total
INFO: Doing conversion using dcm2niix
INFO: Converting /nesi/nobackup/uoa03264/fMRIpipeline_data/processed_test_long/bids/sub-rugby1/ses-b/anat/sub-rugby1_ses-b_run-001_T1w (300 DICOMs) -> /nesi/nobackup/uoa03264/fMRIpipeline_data/processed_test_long/bids/sub-rugby1/ses-b/anat . Converter: dcm2niix . Output types: ('nii.gz',)
230322-23:07:01,337 nipype.workflow INFO:
	 [Node] Setting-up "convert" in "/tmp/dcm2niixis3e54sz/convert".
INFO: [Node] Setting-up "convert" in "/tmp/dcm2niixis3e54sz/convert".
230322-23:07:01,585 nipype.workflow INFO:
	 [Node] Executing "convert" <nipype.interfaces.dcm2nii.Dcm2niix>
INFO: [Node] Executing "convert" <nipype.interfaces.dcm2nii.Dcm2niix>
230322-23:07:02,404 nipype.interface INFO:
	 stdout 2023-03-22T23:07:02.404623:Chris Rorden's dcm2niiX version v1.0.20220720  (JP2:OpenJPEG) (JP-LS:CharLS) GCC10.2.1 x86-64 (64-bit Linux)
INFO: stdout 2023-03-22T23:07:02.404623:Chris Rorden's dcm2niiX version v1.0.20220720  (JP2:OpenJPEG) (JP-LS:CharLS) GCC10.2.1 x86-64 (64-bit Linux)
230322-23:07:02,405 nipype.interface INFO:
	 stdout 2023-03-22T23:07:02.404623:Found 300 DICOM file(s)
INFO: stdout 2023-03-22T23:07:02.404623:Found 300 DICOM file(s)
230322-23:07:02,405 nipype.interface INFO:
	 stdout 2023-03-22T23:07:02.404623:Resolved discrepancy between tags (0020,1002; 0021,104F; 0054,0081)
INFO: stdout 2023-03-22T23:07:02.404623:Resolved discrepancy between tags (0020,1002; 0021,104F; 0054,0081)
230322-23:07:02,405 nipype.interface INFO:
	 stdout 2023-03-22T23:07:02.404623:Convert 300 DICOM as /nesi/nobackup/uoa03264/fMRIpipeline_data/processed_test_long/bids/sub-rugby1/ses-b/anat/sub-rugby1_ses-b_run-001_T1w_heudiconv922 (512x512x300x1)
INFO: stdout 2023-03-22T23:07:02.404623:Convert 300 DICOM as /nesi/nobackup/uoa03264/fMRIpipeline_data/processed_test_long/bids/sub-rugby1/ses-b/anat/sub-rugby1_ses-b_run-001_T1w_heudiconv922 (512x512x300x1)
230322-23:07:09,546 nipype.interface INFO:
	 stdout 2023-03-22T23:07:09.546229:Compress: "/usr/bin/pigz" -b 960 -n -f -6 "/nesi/nobackup/uoa03264/fMRIpipeline_data/processed_test_long/bids/sub-rugby1/ses-b/anat/sub-rugby1_ses-b_run-001_T1w_heudiconv922.nii"
INFO: stdout 2023-03-22T23:07:09.546229:Compress: "/usr/bin/pigz" -b 960 -n -f -6 "/nesi/nobackup/uoa03264/fMRIpipeline_data/processed_test_long/bids/sub-rugby1/ses-b/anat/sub-rugby1_ses-b_run-001_T1w_heudiconv922.nii"
230322-23:07:09,547 nipype.interface INFO:
	 stdout 2023-03-22T23:07:09.546229:Conversion required 7.877286 seconds (0.617682 for core code).
INFO: stdout 2023-03-22T23:07:09.546229:Conversion required 7.877286 seconds (0.617682 for core code).
230322-23:07:09,572 nipype.workflow INFO:
	 [Node] Finished "convert", elapsed time 7.915041s.
INFO: [Node] Finished "convert", elapsed time 7.915041s.
WARNING: Failed to find task field in /nesi/nobackup/uoa03264/fMRIpipeline_data/processed_test_long/bids/sub-rugby1/ses-b/anat/sub-rugby1_ses-b_run-001_T1w.json.
230322-23:07:09,606 nipype.workflow INFO:
	 [Node] Setting-up "embedder" in "/tmp/embedmetakqw2hdhf/embedder".
INFO: [Node] Setting-up "embedder" in "/tmp/embedmetakqw2hdhf/embedder".
230322-23:07:09,678 nipype.workflow INFO:
	 [Node] Executing "embedder" <nipype.interfaces.utility.wrappers.Function>
INFO: [Node] Executing "embedder" <nipype.interfaces.utility.wrappers.Function>
/opt/miniconda-py39_4.12.0/lib/python3.9/site-packages/pydicom/valuerep.py:290: UserWarning: The value length (32) exceeds the maximum length of 16 allowed for VR SH.
  warnings.warn(msg)
230322-23:07:15,210 nipype.workflow INFO:
	 [Node] Finished "embedder", elapsed time 5.531833s.
INFO: [Node] Finished "embedder", elapsed time 5.531833s.
INFO: Post-treating /nesi/nobackup/uoa03264/fMRIpipeline_data/processed_test_long/bids/sub-rugby1/ses-b/anat/sub-rugby1_ses-b_run-001_T1w.json file
INFO: Converting /nesi/nobackup/uoa03264/fMRIpipeline_data/processed_test_long/bids/sub-rugby1/ses-b/func/sub-rugby1_ses-b_task-rest_run-001_bold (10400 DICOMs) -> /nesi/nobackup/uoa03264/fMRIpipeline_data/processed_test_long/bids/sub-rugby1/ses-b/func . Converter: dcm2niix . Output types: ('nii.gz',)
230322-23:07:20,449 nipype.workflow INFO:
	 [Node] Setting-up "convert" in "/tmp/dcm2niixesw2ewh4/convert".
INFO: [Node] Setting-up "convert" in "/tmp/dcm2niixesw2ewh4/convert".
230322-23:07:30,885 nipype.workflow INFO:
	 [Node] Executing "convert" <nipype.interfaces.dcm2nii.Dcm2niix>
INFO: [Node] Executing "convert" <nipype.interfaces.dcm2nii.Dcm2niix>
230322-23:08:13,356 nipype.interface INFO:
	 stdout 2023-03-22T23:08:13.356393:Chris Rorden's dcm2niiX version v1.0.20220720  (JP2:OpenJPEG) (JP-LS:CharLS) GCC10.2.1 x86-64 (64-bit Linux)
INFO: stdout 2023-03-22T23:08:13.356393:Chris Rorden's dcm2niiX version v1.0.20220720  (JP2:OpenJPEG) (JP-LS:CharLS) GCC10.2.1 x86-64 (64-bit Linux)
230322-23:08:13,356 nipype.interface INFO:
	 stdout 2023-03-22T23:08:13.356393:Found 10400 DICOM file(s)
INFO: stdout 2023-03-22T23:08:13.356393:Found 10400 DICOM file(s)
230322-23:08:13,356 nipype.interface INFO:
	 stdout 2023-03-22T23:08:13.356393:Warning: Unable to determine slice times for early GE HyperBand.
INFO: stdout 2023-03-22T23:08:13.356393:Warning: Unable to determine slice times for early GE HyperBand.
230322-23:08:13,357 nipype.interface INFO:
	 stdout 2023-03-22T23:08:13.356393:Convert 10400 DICOM as /nesi/nobackup/uoa03264/fMRIpipeline_data/processed_test_long/bids/sub-rugby1/ses-b/func/sub-rugby1_ses-b_task-rest_run-001_bold_heudiconv215 (64x64x52x200)
INFO: stdout 2023-03-22T23:08:13.356393:Convert 10400 DICOM as /nesi/nobackup/uoa03264/fMRIpipeline_data/processed_test_long/bids/sub-rugby1/ses-b/func/sub-rugby1_ses-b_task-rest_run-001_bold_heudiconv215 (64x64x52x200)
230322-23:08:17,397 nipype.interface INFO:
	 stdout 2023-03-22T23:08:17.397840:Compress: "/usr/bin/pigz" -b 960 -n -f -6 "/nesi/nobackup/uoa03264/fMRIpipeline_data/processed_test_long/bids/sub-rugby1/ses-b/func/sub-rugby1_ses-b_task-rest_run-001_bold_heudiconv215.nii"
INFO: stdout 2023-03-22T23:08:17.397840:Compress: "/usr/bin/pigz" -b 960 -n -f -6 "/nesi/nobackup/uoa03264/fMRIpipeline_data/processed_test_long/bids/sub-rugby1/ses-b/func/sub-rugby1_ses-b_task-rest_run-001_bold_heudiconv215.nii"
230322-23:08:17,398 nipype.interface INFO:
	 stdout 2023-03-22T23:08:17.397840:Conversion required 46.483299 seconds (6.354082 for core code).
INFO: stdout 2023-03-22T23:08:17.397840:Conversion required 46.483299 seconds (6.354082 for core code).
230322-23:08:17,473 nipype.workflow INFO:
	 [Node] Finished "convert", elapsed time 46.587055s.
INFO: [Node] Finished "convert", elapsed time 46.587055s.
230322-23:08:18,79 nipype.workflow INFO:
	 [Node] Setting-up "embedder" in "/tmp/embedmetak94n38jp/embedder".
INFO: [Node] Setting-up "embedder" in "/tmp/embedmetak94n38jp/embedder".
230322-23:08:20,464 nipype.workflow INFO:
	 [Node] Executing "embedder" <nipype.interfaces.utility.wrappers.Function>
INFO: [Node] Executing "embedder" <nipype.interfaces.utility.wrappers.Function>
230322-23:12:46,186 nipype.workflow INFO:
	 [Node] Finished "embedder", elapsed time 265.721025s.
INFO: [Node] Finished "embedder", elapsed time 265.721025s.
INFO: Post-treating /nesi/nobackup/uoa03264/fMRIpipeline_data/processed_test_long/bids/sub-rugby1/ses-b/func/sub-rugby1_ses-b_task-rest_run-001_bold.json file
INFO: Populating template files under /nesi/nobackup/uoa03264/fMRIpipeline_data/processed_test_long/bids/
INFO: PROCESSING DONE: {'subject': 'rugby1', 'outdir': '/nesi/nobackup/uoa03264/fMRIpipeline_data/processed_test_long/bids/', 'session': 'b'}
[Thu Mar 23 12:12:48 2023]
Finished job 0.
1 of 1 steps (100%) done
