Building DAG of jobs...
Using shell: /usr/bin/bash
Provided cores: 2
Rules claiming more threads will be scaled down.
Select jobs to execute...

[Wed Mar 15 12:43:40 2023]
rule heudiconv:
    input: /nesi/nobackup/uoa03264/fMRIpipeline_data/processed_long/tidy/sub_rugby1/ses_a/.completed
    output: /nesi/nobackup/uoa03264/fMRIpipeline_data/processed_long/bids/sub-rugby1/ses-a, /nesi/nobackup/uoa03264/fMRIpipeline_data/processed_long/bids/.heudiconv/rugby1/ses-a
    jobid: 0
    wildcards: resultsdir=/nesi/nobackup/uoa03264/fMRIpipeline_data/processed_long, subject=rugby1, session=a
    resources: mem_mb=4000, disk_mb=1000, tmpdir=/dev/shm/jobs/33464621, cpus=2, time_min=60, gpu=0

heudiconv --dicom_dir_template '/nesi/nobackup/uoa03264/fMRIpipeline_data/processed_long/tidy/sub_{subject}/ses_{session}/*/*' --outdir /nesi/nobackup/uoa03264/fMRIpipeline_data/processed_long/bids --heuristic scripts/heuristic.py --subjects rugby1 --ses a --converter dcm2niix --bids --overwrite
Activating singularity image /scale_wlg_persistent/filesets/project/uoa03264/fmri_workflow/.snakemake/singularity/10b2306ed15c5efc917232958423bfe6.simg
INFO: Running heudiconv version 0.11.4.post18+g1fe815b.d20221025 latest 0.12.2
INFO: Need to process 1 study sessions
INFO: PROCESSING STARTS: {'subject': 'rugby1', 'outdir': '/nesi/nobackup/uoa03264/fMRIpipeline_data/processed_long/bids/', 'session': 'a'}
INFO: Processing 10599 dicoms
INFO: Analyzing 10599 dicoms
INFO: Generated sequence info for 2 studies with 10599 entries total
INFO: Doing conversion using dcm2niix
INFO: Converting /nesi/nobackup/uoa03264/fMRIpipeline_data/processed_long/bids/sub-rugby1/ses-a/anat/sub-rugby1_ses-a_run-001_T1w (199 DICOMs) -> /nesi/nobackup/uoa03264/fMRIpipeline_data/processed_long/bids/sub-rugby1/ses-a/anat . Converter: dcm2niix . Output types: ('nii.gz',)
230315-12:47:47,387 nipype.workflow INFO:
	 [Node] Setting-up "convert" in "/dev/shm/jobs/33464621/dcm2niixrk7sgdo7/convert".
INFO: [Node] Setting-up "convert" in "/dev/shm/jobs/33464621/dcm2niixrk7sgdo7/convert".
230315-12:47:47,459 nipype.workflow INFO:
	 [Node] Executing "convert" <nipype.interfaces.dcm2nii.Dcm2niix>
INFO: [Node] Executing "convert" <nipype.interfaces.dcm2nii.Dcm2niix>
230315-12:47:47,811 nipype.interface INFO:
	 stdout 2023-03-15T12:47:47.811107:Chris Rorden's dcm2niiX version v1.0.20220720  (JP2:OpenJPEG) (JP-LS:CharLS) GCC10.2.1 x86-64 (64-bit Linux)
INFO: stdout 2023-03-15T12:47:47.811107:Chris Rorden's dcm2niiX version v1.0.20220720  (JP2:OpenJPEG) (JP-LS:CharLS) GCC10.2.1 x86-64 (64-bit Linux)
230315-12:47:47,811 nipype.interface INFO:
	 stdout 2023-03-15T12:47:47.811107:Found 199 DICOM file(s)
INFO: stdout 2023-03-15T12:47:47.811107:Found 199 DICOM file(s)
230315-12:47:47,811 nipype.interface INFO:
	 stdout 2023-03-15T12:47:47.811107:DICOM images may be missing, expected 300 spatial locations per volume, but found 199 slices.
INFO: stdout 2023-03-15T12:47:47.811107:DICOM images may be missing, expected 300 spatial locations per volume, but found 199 slices.
230315-12:47:47,811 nipype.interface INFO:
	 stdout 2023-03-15T12:47:47.811107:Convert 199 DICOM as /nesi/nobackup/uoa03264/fMRIpipeline_data/processed_long/bids/sub-rugby1/ses-a/anat/sub-rugby1_ses-a_run-001_T1w_heudiconv332 (512x512x199x1)
INFO: stdout 2023-03-15T12:47:47.811107:Convert 199 DICOM as /nesi/nobackup/uoa03264/fMRIpipeline_data/processed_long/bids/sub-rugby1/ses-a/anat/sub-rugby1_ses-a_run-001_T1w_heudiconv332 (512x512x199x1)
230315-12:47:51,685 nipype.interface INFO:
	 stdout 2023-03-15T12:47:51.685572:Compress: "/usr/bin/pigz" -b 960 -n -f -6 "/nesi/nobackup/uoa03264/fMRIpipeline_data/processed_long/bids/sub-rugby1/ses-a/anat/sub-rugby1_ses-a_run-001_T1w_heudiconv332.nii"
INFO: stdout 2023-03-15T12:47:51.685572:Compress: "/usr/bin/pigz" -b 960 -n -f -6 "/nesi/nobackup/uoa03264/fMRIpipeline_data/processed_long/bids/sub-rugby1/ses-a/anat/sub-rugby1_ses-a_run-001_T1w_heudiconv332.nii"
230315-12:47:51,685 nipype.interface INFO:
	 stdout 2023-03-15T12:47:51.685572:Conversion required 3.968178 seconds (0.328050 for core code).
INFO: stdout 2023-03-15T12:47:51.685572:Conversion required 3.968178 seconds (0.328050 for core code).
230315-12:47:51,708 nipype.workflow INFO:
	 [Node] Finished "convert", elapsed time 4.004024s.
INFO: [Node] Finished "convert", elapsed time 4.004024s.
WARNING: Failed to find task field in /nesi/nobackup/uoa03264/fMRIpipeline_data/processed_long/bids/sub-rugby1/ses-a/anat/sub-rugby1_ses-a_run-001_T1w.json.
230315-12:47:51,729 nipype.workflow INFO:
	 [Node] Setting-up "embedder" in "/dev/shm/jobs/33464621/embedmetak1lbbr9w/embedder".
INFO: [Node] Setting-up "embedder" in "/dev/shm/jobs/33464621/embedmetak1lbbr9w/embedder".
230315-12:47:51,754 nipype.workflow INFO:
	 [Node] Executing "embedder" <nipype.interfaces.utility.wrappers.Function>
INFO: [Node] Executing "embedder" <nipype.interfaces.utility.wrappers.Function>
230315-12:47:55,247 nipype.workflow INFO:
	 [Node] Finished "embedder", elapsed time 3.492104s.
INFO: [Node] Finished "embedder", elapsed time 3.492104s.
INFO: Post-treating /nesi/nobackup/uoa03264/fMRIpipeline_data/processed_long/bids/sub-rugby1/ses-a/anat/sub-rugby1_ses-a_run-001_T1w.json file
INFO: Converting /nesi/nobackup/uoa03264/fMRIpipeline_data/processed_long/bids/sub-rugby1/ses-a/func/sub-rugby1_ses-a_task-rest_run-001_bold (10400 DICOMs) -> /nesi/nobackup/uoa03264/fMRIpipeline_data/processed_long/bids/sub-rugby1/ses-a/func . Converter: dcm2niix . Output types: ('nii.gz',)
230315-12:47:55,740 nipype.workflow INFO:
	 [Node] Setting-up "convert" in "/dev/shm/jobs/33464621/dcm2niixq102qi5e/convert".
INFO: [Node] Setting-up "convert" in "/dev/shm/jobs/33464621/dcm2niixq102qi5e/convert".
230315-12:48:00,74 nipype.workflow INFO:
	 [Node] Executing "convert" <nipype.interfaces.dcm2nii.Dcm2niix>
INFO: [Node] Executing "convert" <nipype.interfaces.dcm2nii.Dcm2niix>
230315-12:48:03,268 nipype.interface INFO:
	 stdout 2023-03-15T12:48:03.268592:Chris Rorden's dcm2niiX version v1.0.20220720  (JP2:OpenJPEG) (JP-LS:CharLS) GCC10.2.1 x86-64 (64-bit Linux)
INFO: stdout 2023-03-15T12:48:03.268592:Chris Rorden's dcm2niiX version v1.0.20220720  (JP2:OpenJPEG) (JP-LS:CharLS) GCC10.2.1 x86-64 (64-bit Linux)
230315-12:48:03,268 nipype.interface INFO:
	 stdout 2023-03-15T12:48:03.268592:Found 10400 DICOM file(s)
INFO: stdout 2023-03-15T12:48:03.268592:Found 10400 DICOM file(s)
230315-12:48:03,268 nipype.interface INFO:
	 stdout 2023-03-15T12:48:03.268592:Convert 10400 DICOM as /nesi/nobackup/uoa03264/fMRIpipeline_data/processed_long/bids/sub-rugby1/ses-a/func/sub-rugby1_ses-a_task-rest_run-001_bold_heudiconv960 (64x64x52x200)
INFO: stdout 2023-03-15T12:48:03.268592:Convert 10400 DICOM as /nesi/nobackup/uoa03264/fMRIpipeline_data/processed_long/bids/sub-rugby1/ses-a/func/sub-rugby1_ses-a_task-rest_run-001_bold_heudiconv960 (64x64x52x200)
230315-12:48:07,100 nipype.interface INFO:
	 stdout 2023-03-15T12:48:07.100567:Compress: "/usr/bin/pigz" -b 960 -n -f -6 "/nesi/nobackup/uoa03264/fMRIpipeline_data/processed_long/bids/sub-rugby1/ses-a/func/sub-rugby1_ses-a_task-rest_run-001_bold_heudiconv960.nii"
INFO: stdout 2023-03-15T12:48:07.100567:Compress: "/usr/bin/pigz" -b 960 -n -f -6 "/nesi/nobackup/uoa03264/fMRIpipeline_data/processed_long/bids/sub-rugby1/ses-a/func/sub-rugby1_ses-a_task-rest_run-001_bold_heudiconv960.nii"
230315-12:48:07,100 nipype.interface INFO:
	 stdout 2023-03-15T12:48:07.100567:Conversion required 6.997315 seconds (3.164759 for core code).
INFO: stdout 2023-03-15T12:48:07.100567:Conversion required 6.997315 seconds (3.164759 for core code).
230315-12:48:07,143 nipype.workflow INFO:
	 [Node] Finished "convert", elapsed time 7.068081s.
INFO: [Node] Finished "convert", elapsed time 7.068081s.
230315-12:48:07,480 nipype.workflow INFO:
	 [Node] Setting-up "embedder" in "/dev/shm/jobs/33464621/embedmetatymg0p3b/embedder".
INFO: [Node] Setting-up "embedder" in "/dev/shm/jobs/33464621/embedmetatymg0p3b/embedder".
230315-12:48:08,771 nipype.workflow INFO:
	 [Node] Executing "embedder" <nipype.interfaces.utility.wrappers.Function>
INFO: [Node] Executing "embedder" <nipype.interfaces.utility.wrappers.Function>
230315-12:51:08,354 nipype.workflow INFO:
	 [Node] Finished "embedder", elapsed time 179.580857s.
INFO: [Node] Finished "embedder", elapsed time 179.580857s.
INFO: Post-treating /nesi/nobackup/uoa03264/fMRIpipeline_data/processed_long/bids/sub-rugby1/ses-a/func/sub-rugby1_ses-a_task-rest_run-001_bold.json file
INFO: Populating template files under /nesi/nobackup/uoa03264/fMRIpipeline_data/processed_long/bids/
INFO: PROCESSING DONE: {'subject': 'rugby1', 'outdir': '/nesi/nobackup/uoa03264/fMRIpipeline_data/processed_long/bids/', 'session': 'a'}
[Wed Mar 15 12:51:10 2023]
Finished job 0.
1 of 1 steps (100%) done
